<?xml version="1.0" encoding="UTF-8"?>
<testsuites name="Appco_test_suite" time="777" tests="4" failures="6" errors="0">
   <testsuite name="Appco_test_suite" tests="4" failures="6" errors="0" time="777" timestamp="2018-12-19 11:20:03" hostname="Snekalatha R - IIA-DES-021" id="Test Suites/Appco_test_suite">
      <properties>
         <property name="deviceName" value=""/>
         <property name="devicePlatform" value=""/>
         <property name="logFolder" value="C:\\Users\\Snekalatha R\\git\\QA-KatalonNew\\Reports\\Appco_test_suite\\20181219_112001"/>
         <property name="logFiles" value="C:\\Users\\Snekalatha R\\git\\QA-KatalonNew\\Reports\\Appco_test_suite\\20181219_112001\\execution0.log"/>
         <property name="attachments" value="C:\\Users\\Snekalatha R\\git\\QA-KatalonNew\\Reports\\Appco_test_suite\\20181219_112001\\1545198723880.png, C:\\Users\\Snekalatha R\\git\\QA-KatalonNew\\Reports\\Appco_test_suite\\20181219_112001\\1545198801048.png, C:\\Users\\Snekalatha R\\git\\QA-KatalonNew\\Reports\\Appco_test_suite\\20181219_112001\\1545199126098.png, C:\\Users\\Snekalatha R\\git\\QA-KatalonNew\\Reports\\Appco_test_suite\\20181219_112001\\1545199126433.png, C:\\Users\\Snekalatha R\\git\\QA-KatalonNew\\Reports\\Appco_test_suite\\20181219_112001\\1545199191272.png, C:\\Users\\Snekalatha R\\git\\QA-KatalonNew\\Reports\\Appco_test_suite\\20181219_112001\\1545199321475.png, C:\\Users\\Snekalatha R\\git\\QA-KatalonNew\\Reports\\Appco_test_suite\\20181219_112001\\1545199321821.png, C:\\Users\\Snekalatha R\\git\\QA-KatalonNew\\Reports\\Appco_test_suite\\20181219_112001\\1545199379213.png, C:\\Users\\Snekalatha R\\git\\QA-KatalonNew\\Reports\\Appco_test_suite\\20181219_112001\\1545199379597.png"/>
         <property name="hostName" value="Snekalatha R - IIA-DES-021"/>
         <property name="os" value="Windows 8.1 64bit"/>
         <property name="katalonVersion" value="5.7.1.1"/>
         <property name="browser" value="Chrome 70.0.3538.110"/>
         <property name="hostAddress" value="192.168.1.86"/>
         <property name="sessionId" value="d4971eadd073c0ffe50923d6fab86b8e"/>
         <property name="seleniumVersion" value="3.7.1"/>
         <property name="proxyInformation" value="ProxyInformation{proxyOption=NO_PROXY, proxyServerType=HTTP, password=, proxyServerAddress=, proxyServerPort=0}"/>
         <property name="platform" value="Windows 8.1"/>
      </properties>
      <testcase name="Test Cases/AppcoAdmin/add_RA_MultipleDistributor" classname="Test Cases/AppcoAdmin/add_RA_MultipleDistributor" status="FAILED">
         <failure type="FAILED" message="(Stack trace: com.kms.katalon.core.exception.StepFailedException: com.kms.katalon.core.webui.exception.WebElementNotFoundException: Web element with id: 'Object Repository/Retailer creation/inventory_object repo/h5_Success  Congratulations Yo' located by 'By.xpath: //h5[@id = 'exactmsg' and (text() = 'Success:  Congratulations!! You have successfully added retailer. Email has been sent to his email id!' or . = 'Success:  Congratulations!! You have successfully added retailer. Email has been sent to his email id!')]' not found
	at com.kms.katalon.core.keyword.internal.KeywordMain.stepFailed(KeywordMain.groovy:32)
	at com.kms.katalon.core.webui.keyword.internal.WebUIKeywordMain.stepFailed(WebUIKeywordMain.groovy:65)
	at com.kms.katalon.core.webui.keyword.builtin.VerifyElementTextKeyword$_verifyElementText_closure1.doCall(VerifyElementTextKeyword.groovy:64)
	at com.kms.katalon.core.webui.keyword.builtin.VerifyElementTextKeyword$_verifyElementText_closure1.call(VerifyElementTextKeyword.groovy)
	at com.kms.katalon.core.webui.keyword.internal.WebUIKeywordMain.runKeyword(WebUIKeywordMain.groovy:21)
	at com.kms.katalon.core.webui.keyword.builtin.VerifyElementTextKeyword.verifyElementText(VerifyElementTextKeyword.groovy:72)
	at com.kms.katalon.core.webui.keyword.builtin.VerifyElementTextKeyword.execute(VerifyElementTextKeyword.groovy:40)
	at com.kms.katalon.core.keyword.internal.KeywordExecutor.executeKeywordForPlatform(KeywordExecutor.groovy:53)
	at com.kms.katalon.core.webui.keyword.WebUiBuiltInKeywords.verifyElementText(WebUiBuiltInKeywords.groovy:3647)
	at com.kms.katalon.core.webui.keyword.WebUiBuiltInKeywords$verifyElementText$8.call(Unknown Source)
	at org.codehaus.groovy.runtime.callsite.CallSiteArray.defaultCall(CallSiteArray.java:48)
	at org.codehaus.groovy.runtime.callsite.AbstractCallSite.call(AbstractCallSite.java:113)
	at org.codehaus.groovy.runtime.callsite.AbstractCallSite.call(AbstractCallSite.java:141)
	at Script1544605049842.run(Script1544605049842.groovy:370)
	at com.kms.katalon.core.main.ScriptEngine.run(ScriptEngine.java:183)
	at com.kms.katalon.core.main.ScriptEngine.runScriptAsRawText(ScriptEngine.java:108)
	at com.kms.katalon.core.main.TestCaseExecutor.runScript(TestCaseExecutor.java:294)
	at com.kms.katalon.core.main.TestCaseExecutor.doExecute(TestCaseExecutor.java:285)
	at com.kms.katalon.core.main.TestCaseExecutor.processExecutionPhase(TestCaseExecutor.java:264)
	at com.kms.katalon.core.main.TestCaseExecutor.accessMainPhase(TestCaseExecutor.java:256)
	at com.kms.katalon.core.main.TestCaseExecutor.execute(TestCaseExecutor.java:200)
	at com.kms.katalon.core.main.TestSuiteExecutor.accessTestCaseMainPhase(TestSuiteExecutor.java:129)
	at com.kms.katalon.core.main.TestSuiteExecutor.accessTestSuiteMainPhase(TestSuiteExecutor.java:112)
	at com.kms.katalon.core.main.TestSuiteExecutor.execute(TestSuiteExecutor.java:81)
	at com.kms.katalon.core.main.TestCaseMain.startTestSuite(TestCaseMain.java:142)
	at com.kms.katalon.core.main.TestCaseMain$startTestSuite$0.call(Unknown Source)
	at org.codehaus.groovy.runtime.callsite.CallSiteArray.defaultCall(CallSiteArray.java:48)
	at org.codehaus.groovy.runtime.callsite.AbstractCallSite.call(AbstractCallSite.java:113)
	at org.codehaus.groovy.runtime.callsite.AbstractCallSite.call(AbstractCallSite.java:141)
	at TempTestSuite1545198601642.run(TempTestSuite1545198601642.groovy:36)
	at groovy.lang.GroovyShell.runScriptOrMainOrTestOrRunnable(GroovyShell.java:263)
	at groovy.lang.GroovyShell.run(GroovyShell.java:518)
	at groovy.lang.GroovyShell.run(GroovyShell.java:507)
	at groovy.ui.GroovyMain.processOnce(GroovyMain.java:653)
	at groovy.ui.GroovyMain.run(GroovyMain.java:384)
	at groovy.ui.GroovyMain.process(GroovyMain.java:370)
	at groovy.ui.GroovyMain.processArgs(GroovyMain.java:129)
	at groovy.ui.GroovyMain.main(GroovyMain.java:109)
	at sun.reflect.NativeMethodAccessorImpl.invoke0(Native Method)
	at sun.reflect.NativeMethodAccessorImpl.invoke(NativeMethodAccessorImpl.java:62)
	at sun.reflect.DelegatingMethodAccessorImpl.invoke(DelegatingMethodAccessorImpl.java:43)
	at java.lang.reflect.Method.invoke(Method.java:498)
	at org.codehaus.groovy.tools.GroovyStarter.rootLoader(GroovyStarter.java:109)
	at org.codehaus.groovy.tools.GroovyStarter.main(GroovyStarter.java:131)
)"/>
         <system-out><![CDATA[2018-12-19 11:20:03 - [TEST_CASE][FAILED] - Test Cases/AppcoAdmin/add_RA_MultipleDistributor: Test Cases/AppcoAdmin/add_RA_MultipleDistributor FAILED because (of) (Stack trace: com.kms.katalon.core.exception.StepFailedException: com.kms.katalon.core.webui.exception.WebElementNotFoundException: Web element with id: 'Object Repository/Retailer creation/inventory_object repo/h5_Success  Congratulations Yo' located by 'By.xpath: //h5[@id = 'exactmsg' and (text() = 'Success:  Congratulations!! You have successfully added retailer. Email has been sent to his email id!' or . = 'Success:  Congratulations!! You have successfully added retailer. Email has been sent to his email id!')]' not found
	at com.kms.katalon.core.keyword.internal.KeywordMain.stepFailed(KeywordMain.groovy:32)
	at com.kms.katalon.core.webui.keyword.internal.WebUIKeywordMain.stepFailed(WebUIKeywordMain.groovy:65)
	at com.kms.katalon.core.webui.keyword.builtin.VerifyElementTextKeyword$_verifyElementText_closure1.doCall(VerifyElementTextKeyword.groovy:64)
	at com.kms.katalon.core.webui.keyword.builtin.VerifyElementTextKeyword$_verifyElementText_closure1.call(VerifyElementTextKeyword.groovy)
	at com.kms.katalon.core.webui.keyword.internal.WebUIKeywordMain.runKeyword(WebUIKeywordMain.groovy:21)
	at com.kms.katalon.core.webui.keyword.builtin.VerifyElementTextKeyword.verifyElementText(VerifyElementTextKeyword.groovy:72)
	at com.kms.katalon.core.webui.keyword.builtin.VerifyElementTextKeyword.execute(VerifyElementTextKeyword.groovy:40)
	at com.kms.katalon.core.keyword.internal.KeywordExecutor.executeKeywordForPlatform(KeywordExecutor.groovy:53)
	at com.kms.katalon.core.webui.keyword.WebUiBuiltInKeywords.verifyElementText(WebUiBuiltInKeywords.groovy:3647)
	at com.kms.katalon.core.webui.keyword.WebUiBuiltInKeywords$verifyElementText$8.call(Unknown Source)
	at org.codehaus.groovy.runtime.callsite.CallSiteArray.defaultCall(CallSiteArray.java:48)
	at org.codehaus.groovy.runtime.callsite.AbstractCallSite.call(AbstractCallSite.java:113)
	at org.codehaus.groovy.runtime.callsite.AbstractCallSite.call(AbstractCallSite.java:141)
	at Script1544605049842.run(Script1544605049842.groovy:370)
	at com.kms.katalon.core.main.ScriptEngine.run(ScriptEngine.java:183)
	at com.kms.katalon.core.main.ScriptEngine.runScriptAsRawText(ScriptEngine.java:108)
	at com.kms.katalon.core.main.TestCaseExecutor.runScript(TestCaseExecutor.java:294)
	at com.kms.katalon.core.main.TestCaseExecutor.doExecute(TestCaseExecutor.java:285)
	at com.kms.katalon.core.main.TestCaseExecutor.processExecutionPhase(TestCaseExecutor.java:264)
	at com.kms.katalon.core.main.TestCaseExecutor.accessMainPhase(TestCaseExecutor.java:256)
	at com.kms.katalon.core.main.TestCaseExecutor.execute(TestCaseExecutor.java:200)
	at com.kms.katalon.core.main.TestSuiteExecutor.accessTestCaseMainPhase(TestSuiteExecutor.java:129)
	at com.kms.katalon.core.main.TestSuiteExecutor.accessTestSuiteMainPhase(TestSuiteExecutor.java:112)
	at com.kms.katalon.core.main.TestSuiteExecutor.execute(TestSuiteExecutor.java:81)
	at com.kms.katalon.core.main.TestCaseMain.startTestSuite(TestCaseMain.java:142)
	at com.kms.katalon.core.main.TestCaseMain$startTestSuite$0.call(Unknown Source)
	at org.codehaus.groovy.runtime.callsite.CallSiteArray.defaultCall(CallSiteArray.java:48)
	at org.codehaus.groovy.runtime.callsite.AbstractCallSite.call(AbstractCallSite.java:113)
	at org.codehaus.groovy.runtime.callsite.AbstractCallSite.call(AbstractCallSite.java:141)
	at TempTestSuite1545198601642.run(TempTestSuite1545198601642.groovy:36)
	at groovy.lang.GroovyShell.runScriptOrMainOrTestOrRunnable(GroovyShell.java:263)
	at groovy.lang.GroovyShell.run(GroovyShell.java:518)
	at groovy.lang.GroovyShell.run(GroovyShell.java:507)
	at groovy.ui.GroovyMain.processOnce(GroovyMain.java:653)
	at groovy.ui.GroovyMain.run(GroovyMain.java:384)
	at groovy.ui.GroovyMain.process(GroovyMain.java:370)
	at groovy.ui.GroovyMain.processArgs(GroovyMain.java:129)
	at groovy.ui.GroovyMain.main(GroovyMain.java:109)
	at sun.reflect.NativeMethodAccessorImpl.invoke0(Native Method)
	at sun.reflect.NativeMethodAccessorImpl.invoke(NativeMethodAccessorImpl.java:62)
	at sun.reflect.DelegatingMethodAccessorImpl.invoke(DelegatingMethodAccessorImpl.java:43)
	at java.lang.reflect.Method.invoke(Method.java:498)
	at org.codehaus.groovy.tools.GroovyStarter.rootLoader(GroovyStarter.java:109)
	at org.codehaus.groovy.tools.GroovyStarter.main(GroovyStarter.java:131)
)

2018-12-19 11:20:03 - [TEST_STEP][PASSED] - callTestCase: Call Test Case 'Test Cases/Call Test Case/Login_Appco_testcase' successfully

2018-12-19 11:20:03 - [TEST_CASE][PASSED] - Test Cases/Call Test Case/Login_Appco_testcase: Test Cases/Call Test Case/Login_Appco_testcase

2018-12-19 11:20:03 - [TEST_STEP][PASSED] - openBrowser: Browser is opened with url: ''

2018-12-19 11:20:06 - [MESSAGE][PASSED] - Browser is opened with url: ''

2018-12-19 11:20:06 - [TEST_STEP][PASSED] - navigateToUrl: Navigate to 'https://app-qa.appcohesion.io/' successfully

2018-12-19 11:20:11 - [MESSAGE][PASSED] - Navigate to 'https://app-qa.appcohesion.io/' successfully

2018-12-19 11:20:11 - [TEST_STEP][PASSED] - maximizeWindow: Current window maximized

2018-12-19 11:20:12 - [MESSAGE][PASSED] - Current window maximized

2018-12-19 11:20:12 - [TEST_STEP][PASSED] - setText: Text 'surunewadmin' is set on object 'Object Repository/add_retailer_gmail/Page_AppCohesion/input_User Name_ac_username'

2018-12-19 11:20:12 - [MESSAGE][PASSED] - Text 'surunewadmin' is set on object 'Object Repository/add_retailer_gmail/Page_AppCohesion/input_User Name_ac_username'

2018-12-19 11:20:12 - [TEST_STEP][PASSED] - setText: Text '9tlTx3@y' is set on object 'Object Repository/Retailer creation/Page_AppCohesion/input_Password_ac_password'

2018-12-19 11:20:12 - [MESSAGE][PASSED] - Text '9tlTx3@y' is set on object 'Object Repository/Retailer creation/Page_AppCohesion/input_Password_ac_password'

2018-12-19 11:20:12 - [TEST_STEP][PASSED] - click: Object: 'Object Repository/Login_OR/Page_AppCohesion/button_Login Now' is clicked on

2018-12-19 11:20:13 - [MESSAGE][PASSED] - Object: 'Object Repository/Login_OR/Page_AppCohesion/button_Login Now' is clicked on

2018-12-19 11:20:13 - [TEST_STEP][PASSED] - delay: Delayed 10 second(s)

2018-12-19 11:20:23 - [MESSAGE][PASSED] - Delayed 10 second(s)

2018-12-19 11:20:23 - [MESSAGE][PASSED] - Call Test Case 'Test Cases/Call Test Case/Login_Appco_testcase' successfully

2018-12-19 11:20:23 - [TEST_STEP][PASSED] - click: Object: 'Object Repository/add_retailer_gmail/Page_AppCohesion/a_Retailers              Retai' is clicked on

2018-12-19 11:20:23 - [MESSAGE][PASSED] - Object: 'Object Repository/add_retailer_gmail/Page_AppCohesion/a_Retailers              Retai' is clicked on

2018-12-19 11:20:23 - [TEST_STEP][PASSED] - delay: Delayed 5 second(s)

2018-12-19 11:20:28 - [MESSAGE][PASSED] - Delayed 5 second(s)

2018-12-19 11:20:28 - [TEST_STEP][PASSED] - click: Object: 'Object Repository/add_retailer_gmail/Page_AppCohesion/a_ADD RETAILER' is clicked on

2018-12-19 11:20:28 - [MESSAGE][PASSED] - Object: 'Object Repository/add_retailer_gmail/Page_AppCohesion/a_ADD RETAILER' is clicked on

2018-12-19 11:20:28 - [TEST_STEP][PASSED] - verifyElementVisible: Object 'Object Repository/Retailer creation/Page_AppCohesion/select_Appco Retailer' is visible

2018-12-19 11:20:28 - [MESSAGE][PASSED] - Object 'Object Repository/Retailer creation/Page_AppCohesion/select_Appco Retailer' is visible

2018-12-19 11:20:28 - [TEST_STEP][PASSED] - selectOptionByLabel: All options with label 'Appco Retailer' are selected in object 'Object Repository/Retailer creation/Page_AppCohesion/select_Appco Retailer'  using regular expression

2018-12-19 11:20:28 - [MESSAGE][PASSED] - All options with label 'Appco Retailer' are selected in object 'Object Repository/Retailer creation/Page_AppCohesion/select_Appco Retailer'  using regular expression

2018-12-19 11:20:28 - [TEST_STEP][PASSED] - setText: Text 'AAA Retailer MD' is set on object 'Object Repository/add_retailer_gmail/Page_AppCohesion/input_RETAILER NAME_retailerNa'

2018-12-19 11:20:28 - [MESSAGE][PASSED] - Text 'AAA Retailer MD' is set on object 'Object Repository/add_retailer_gmail/Page_AppCohesion/input_RETAILER NAME_retailerNa'

2018-12-19 11:20:28 - [TEST_STEP][NOT_RUN] - Statement - rn_uname = <not implemented yet for class: org.codehaus.groovy.ast.expr.EmptyExpression>: NOT_RUN: Statement - rn_uname = <not implemented yet for class: org.codehaus.groovy.ast.expr.EmptyExpression>

2018-12-19 11:20:28 - [MESSAGE][NOT_RUN] - NOT_RUN: Statement - rn_uname = <not implemented yet for class: org.codehaus.groovy.ast.expr.EmptyExpression>

2018-12-19 11:20:28 - [TEST_STEP][NOT_RUN] - Statement - rn_uname = java.lang.Math.random() * 500: NOT_RUN: Statement - rn_uname = java.lang.Math.random() * 500

2018-12-19 11:20:28 - [MESSAGE][NOT_RUN] - NOT_RUN: Statement - rn_uname = java.lang.Math.random() * 500

2018-12-19 11:20:28 - [TEST_STEP][PASSED] - setText: Text 'AAARetailerMD@17_12' is set on object 'Object Repository/add_retailer_gmail/Page_AppCohesion/input_USER NAME_userName'

2018-12-19 11:20:29 - [MESSAGE][PASSED] - Text 'AAARetailerMD@17_12' is set on object 'Object Repository/add_retailer_gmail/Page_AppCohesion/input_USER NAME_userName'

2018-12-19 11:20:29 - [TEST_STEP][PASSED] - setText: Text 'AAARetailerMD17_12@getnada.com' is set on object 'Object Repository/add_retailer_gmail/Page_AppCohesion/input_EMAIL ID_emailId'

2018-12-19 11:20:29 - [MESSAGE][PASSED] - Text 'AAARetailerMD17_12@getnada.com' is set on object 'Object Repository/add_retailer_gmail/Page_AppCohesion/input_EMAIL ID_emailId'

2018-12-19 11:20:29 - [TEST_STEP][PASSED] - setText: Text 'AAARetailerMD' is set on object 'Object Repository/add_retailer_gmail/Page_AppCohesion/input_FIRST NAME_firstName'

2018-12-19 11:20:29 - [MESSAGE][PASSED] - Text 'AAARetailerMD' is set on object 'Object Repository/add_retailer_gmail/Page_AppCohesion/input_FIRST NAME_firstName'

2018-12-19 11:20:29 - [TEST_STEP][PASSED] - setText: Text 'AAA Retailer MD' is set on object 'Object Repository/add_retailer_gmail/Page_AppCohesion/input_LAST NAME_lastName'

2018-12-19 11:20:30 - [MESSAGE][PASSED] - Text 'AAA Retailer MD' is set on object 'Object Repository/add_retailer_gmail/Page_AppCohesion/input_LAST NAME_lastName'

2018-12-19 11:20:30 - [TEST_STEP][PASSED] - setText: Text '9/10, New QA Build11' is set on object 'Object Repository/add_retailer_gmail/Page_AppCohesion/input_RETAILER ADDRESS 1_retai'

2018-12-19 11:20:30 - [MESSAGE][PASSED] - Text '9/10, New QA Build11' is set on object 'Object Repository/add_retailer_gmail/Page_AppCohesion/input_RETAILER ADDRESS 1_retai'

2018-12-19 11:20:30 - [TEST_STEP][PASSED] - setText: Text '11/28, New Street lane' is set on object 'Object Repository/add_retailer_gmail/Page_AppCohesion/input_RETAILER ADDRESS 2_retai'

2018-12-19 11:20:30 - [MESSAGE][PASSED] - Text '11/28, New Street lane' is set on object 'Object Repository/add_retailer_gmail/Page_AppCohesion/input_RETAILER ADDRESS 2_retai'

2018-12-19 11:20:30 - [TEST_STEP][PASSED] - setText: Text '(446) 626-2462' is set on object 'Object Repository/add_retailer_gmail/Page_AppCohesion/input_PHONE NUMBER_phoneNumber'

2018-12-19 11:20:31 - [MESSAGE][PASSED] - Text '(446) 626-2462' is set on object 'Object Repository/add_retailer_gmail/Page_AppCohesion/input_PHONE NUMBER_phoneNumber'

2018-12-19 11:20:31 - [TEST_STEP][PASSED] - setText: Text '75444' is set on object 'Object Repository/add_retailer_gmail/Page_AppCohesion/input_ZIP CODE_zip'

2018-12-19 11:20:31 - [MESSAGE][PASSED] - Text '75444' is set on object 'Object Repository/add_retailer_gmail/Page_AppCohesion/input_ZIP CODE_zip'

2018-12-19 11:20:31 - [TEST_STEP][PASSED] - setText: Text 'Golden' is set on object 'Object Repository/add_retailer_gmail/Page_AppCohesion/input_CITY_city'

2018-12-19 11:20:31 - [MESSAGE][PASSED] - Text 'Golden' is set on object 'Object Repository/add_retailer_gmail/Page_AppCohesion/input_CITY_city'

2018-12-19 11:20:31 - [TEST_STEP][PASSED] - setText: Text 'Texas' is set on object 'Object Repository/add_retailer_gmail/Page_AppCohesion/input_STATE_state'

2018-12-19 11:20:31 - [MESSAGE][PASSED] - Text 'Texas' is set on object 'Object Repository/add_retailer_gmail/Page_AppCohesion/input_STATE_state'

2018-12-19 11:20:31 - [TEST_STEP][PASSED] - setText: Text '574846848468' is set on object 'Object Repository/add_retailer_gmail/Page_AppCohesion/input_BANK ROUTING ID_bankId'

2018-12-19 11:20:31 - [MESSAGE][PASSED] - Text '574846848468' is set on object 'Object Repository/add_retailer_gmail/Page_AppCohesion/input_BANK ROUTING ID_bankId'

2018-12-19 11:20:31 - [TEST_STEP][PASSED] - setText: Text 'bb bank' is set on object 'Object Repository/add_retailer_gmail/Page_AppCohesion/input_BANK NAME_bankName'

2018-12-19 11:20:31 - [MESSAGE][PASSED] - Text 'bb bank' is set on object 'Object Repository/add_retailer_gmail/Page_AppCohesion/input_BANK NAME_bankName'

2018-12-19 11:20:31 - [TEST_STEP][PASSED] - setText: Text '45747467468468' is set on object 'Object Repository/add_retailer_gmail/Page_AppCohesion/input_BANK AC NUMBER_accountNu'

2018-12-19 11:20:32 - [MESSAGE][PASSED] - Text '45747467468468' is set on object 'Object Repository/add_retailer_gmail/Page_AppCohesion/input_BANK AC NUMBER_accountNu'

2018-12-19 11:20:32 - [TEST_STEP][PASSED] - delay: Delayed 5 second(s)

2018-12-19 11:20:37 - [MESSAGE][PASSED] - Delayed 5 second(s)

2018-12-19 11:20:37 - [TEST_STEP][PASSED] - verifyElementVisible: Object 'Object Repository/Retailer creation/inventory_object repo/all_distributor_RA_MD_creation/div_INVENTORY' is visible

2018-12-19 11:20:37 - [MESSAGE][PASSED] - Object 'Object Repository/Retailer creation/inventory_object repo/all_distributor_RA_MD_creation/div_INVENTORY' is visible

2018-12-19 11:20:37 - [TEST_STEP][PASSED] - selectOptionByLabel: All options with label 'SS' are selected in object 'Object Repository/Retailer creation/inventory_object repo/all_distributor_RA_MD_creation/select_AppCoSSGreen SupplyDavi'  using regular expression

2018-12-19 11:20:37 - [MESSAGE][PASSED] - All options with label 'SS' are selected in object 'Object Repository/Retailer creation/inventory_object repo/all_distributor_RA_MD_creation/select_AppCoSSGreen SupplyDavi'  using regular expression

2018-12-19 11:20:37 - [TEST_STEP][NOT_RUN] - selectOptionByValue: NOT_RUN: selectOptionByValue

2018-12-19 11:20:37 - [MESSAGE][NOT_RUN] - NOT_RUN: selectOptionByValue

2018-12-19 11:20:37 - [TEST_STEP][PASSED] - delay: Delayed 5 second(s)

2018-12-19 11:20:42 - [MESSAGE][PASSED] - Delayed 5 second(s)

2018-12-19 11:20:42 - [TEST_STEP][PASSED] - verifyElementVisible: Object 'Object Repository/Retailer creation/inventory_object repo/all_distributor_RA_MD_creation/h5_Orders' is visible

2018-12-19 11:20:42 - [MESSAGE][PASSED] - Object 'Object Repository/Retailer creation/inventory_object repo/all_distributor_RA_MD_creation/h5_Orders' is visible

2018-12-19 11:20:42 - [TEST_STEP][PASSED] - verifyElementVisible: Object 'Object Repository/Retailer creation/inventory_object repo/all_distributor_RA_MD_creation/input_UserName_inv_input_0_Ord' is visible

2018-12-19 11:20:42 - [MESSAGE][PASSED] - Object 'Object Repository/Retailer creation/inventory_object repo/all_distributor_RA_MD_creation/input_UserName_inv_input_0_Ord' is visible

2018-12-19 11:20:42 - [TEST_STEP][PASSED] - setText: Text '99994' is set on object 'Object Repository/Retailer creation/inventory_object repo/all_distributor_RA_MD_creation/input_UserName_inv_input_0_Ord'

2018-12-19 11:20:42 - [MESSAGE][PASSED] - Text '99994' is set on object 'Object Repository/Retailer creation/inventory_object repo/all_distributor_RA_MD_creation/input_UserName_inv_input_0_Ord'

2018-12-19 11:20:42 - [TEST_STEP][PASSED] - verifyElementVisible: Object 'Object Repository/Retailer creation/inventory_object repo/all_distributor_RA_MD_creation/input_CustomerNumber_inv_input' is visible

2018-12-19 11:20:42 - [MESSAGE][PASSED] - Object 'Object Repository/Retailer creation/inventory_object repo/all_distributor_RA_MD_creation/input_CustomerNumber_inv_input' is visible

2018-12-19 11:20:42 - [TEST_STEP][PASSED] - setText: Text '99994' is set on object 'Object Repository/Retailer creation/inventory_object repo/all_distributor_RA_MD_creation/input_CustomerNumber_inv_input'

2018-12-19 11:20:42 - [MESSAGE][PASSED] - Text '99994' is set on object 'Object Repository/Retailer creation/inventory_object repo/all_distributor_RA_MD_creation/input_CustomerNumber_inv_input'

2018-12-19 11:20:42 - [TEST_STEP][PASSED] - verifyElementVisible: Object 'Object Repository/Retailer creation/inventory_object repo/all_distributor_RA_MD_creation/input_API Endpoint_inv_input_0' is visible

2018-12-19 11:20:43 - [MESSAGE][PASSED] - Object 'Object Repository/Retailer creation/inventory_object repo/all_distributor_RA_MD_creation/input_API Endpoint_inv_input_0' is visible

2018-12-19 11:20:43 - [TEST_STEP][PASSED] - setText: Text 'http://webservices.theshootingwarehouse.com' is set on object 'Object Repository/Retailer creation/inventory_object repo/all_distributor_RA_MD_creation/input_API Endpoint_inv_input_0'

2018-12-19 11:20:43 - [MESSAGE][PASSED] - Text 'http://webservices.theshootingwarehouse.com' is set on object 'Object Repository/Retailer creation/inventory_object repo/all_distributor_RA_MD_creation/input_API Endpoint_inv_input_0'

2018-12-19 11:20:43 - [TEST_STEP][PASSED] - verifyElementVisible: Object 'Object Repository/Retailer creation/inventory_object repo/all_distributor_RA_MD_creation/input_Source_inv_input_0_Order' is visible

2018-12-19 11:20:43 - [MESSAGE][PASSED] - Object 'Object Repository/Retailer creation/inventory_object repo/all_distributor_RA_MD_creation/input_Source_inv_input_0_Order' is visible

2018-12-19 11:20:43 - [TEST_STEP][PASSED] - setText: Text '44494' is set on object 'Object Repository/Retailer creation/inventory_object repo/all_distributor_RA_MD_creation/input_Source_inv_input_0_Order'

2018-12-19 11:20:43 - [MESSAGE][PASSED] - Text '44494' is set on object 'Object Repository/Retailer creation/inventory_object repo/all_distributor_RA_MD_creation/input_Source_inv_input_0_Order'

2018-12-19 11:20:43 - [TEST_STEP][PASSED] - setText: Text '99998' is set on object 'Object Repository/Retailer creation/inventory_object repo/all_distributor_RA_MD_creation/input_Password_inv_input_0_Ord'

2018-12-19 11:20:43 - [MESSAGE][PASSED] - Text '99998' is set on object 'Object Repository/Retailer creation/inventory_object repo/all_distributor_RA_MD_creation/input_Password_inv_input_0_Ord'

2018-12-19 11:20:43 - [TEST_STEP][PASSED] - verifyElementVisible: Object 'Object Repository/Retailer creation/inventory_object repo/all_distributor_RA_MD_creation/h5_Tracking' is visible

2018-12-19 11:20:43 - [MESSAGE][PASSED] - Object 'Object Repository/Retailer creation/inventory_object repo/all_distributor_RA_MD_creation/h5_Tracking' is visible

2018-12-19 11:20:43 - [TEST_STEP][PASSED] - setText: Text '99994' is set on object 'Object Repository/Retailer creation/inventory_object repo/all_distributor_RA_MD_creation/input_UserName_inv_input_0_Tra'

2018-12-19 11:20:43 - [MESSAGE][PASSED] - Text '99994' is set on object 'Object Repository/Retailer creation/inventory_object repo/all_distributor_RA_MD_creation/input_UserName_inv_input_0_Tra'

2018-12-19 11:20:43 - [TEST_STEP][PASSED] - setText: Text '99994' is set on object 'Object Repository/Retailer creation/inventory_object repo/all_distributor_RA_MD_creation/input_CustomerNumber_inv_input_1'

2018-12-19 11:20:43 - [MESSAGE][PASSED] - Text '99994' is set on object 'Object Repository/Retailer creation/inventory_object repo/all_distributor_RA_MD_creation/input_CustomerNumber_inv_input_1'

2018-12-19 11:20:43 - [TEST_STEP][PASSED] - setText: Text '99994' is set on object 'Object Repository/Retailer creation/inventory_object repo/all_distributor_RA_MD_creation/input_CustomerNumber_inv_input_2'

2018-12-19 11:20:44 - [MESSAGE][PASSED] - Text '99994' is set on object 'Object Repository/Retailer creation/inventory_object repo/all_distributor_RA_MD_creation/input_CustomerNumber_inv_input_2'

2018-12-19 11:20:44 - [TEST_STEP][PASSED] - setText: Text 'http://webservices.theshootingwarehouse.com' is set on object 'Object Repository/Retailer creation/inventory_object repo/all_distributor_RA_MD_creation/input_API Endpoint_inv_input_0_1'

2018-12-19 11:20:44 - [MESSAGE][PASSED] - Text 'http://webservices.theshootingwarehouse.com' is set on object 'Object Repository/Retailer creation/inventory_object repo/all_distributor_RA_MD_creation/input_API Endpoint_inv_input_0_1'

2018-12-19 11:20:44 - [TEST_STEP][PASSED] - setText: Text 'http://webservices.theshootingwarehouse.com' is set on object 'Object Repository/Retailer creation/inventory_object repo/all_distributor_RA_MD_creation/input_API Endpoint_inv_input_0_2'

2018-12-19 11:20:44 - [MESSAGE][PASSED] - Text 'http://webservices.theshootingwarehouse.com' is set on object 'Object Repository/Retailer creation/inventory_object repo/all_distributor_RA_MD_creation/input_API Endpoint_inv_input_0_2'

2018-12-19 11:20:44 - [TEST_STEP][PASSED] - setText: Text '44494' is set on object 'Object Repository/Retailer creation/inventory_object repo/all_distributor_RA_MD_creation/input_Source_inv_input_0_Track'

2018-12-19 11:20:44 - [MESSAGE][PASSED] - Text '44494' is set on object 'Object Repository/Retailer creation/inventory_object repo/all_distributor_RA_MD_creation/input_Source_inv_input_0_Track'

2018-12-19 11:20:44 - [TEST_STEP][PASSED] - setText: Text '99998' is set on object 'Object Repository/Retailer creation/inventory_object repo/all_distributor_RA_MD_creation/input_Password_inv_input_0_Tra'

2018-12-19 11:20:44 - [MESSAGE][PASSED] - Text '99998' is set on object 'Object Repository/Retailer creation/inventory_object repo/all_distributor_RA_MD_creation/input_Password_inv_input_0_Tra'

2018-12-19 11:20:44 - [TEST_STEP][PASSED] - verifyElementVisible: Object 'Object Repository/Retailer creation/inventory_object repo/all_distributor_RA_MD_creation/h5_Catalog' is visible

2018-12-19 11:20:44 - [MESSAGE][PASSED] - Object 'Object Repository/Retailer creation/inventory_object repo/all_distributor_RA_MD_creation/h5_Catalog' is visible

2018-12-19 11:20:44 - [TEST_STEP][PASSED] - setText: Text 'ecomdash-ftp.cloudapp.net' is set on object 'Object Repository/Retailer creation/inventory_object repo/all_distributor_RA_MD_creation/input_FTP Host_inv_input_0_Cat'

2018-12-19 11:20:45 - [MESSAGE][PASSED] - Text 'ecomdash-ftp.cloudapp.net' is set on object 'Object Repository/Retailer creation/inventory_object repo/all_distributor_RA_MD_creation/input_FTP Host_inv_input_0_Cat'

2018-12-19 11:20:45 - [TEST_STEP][PASSED] - setText: Text 'SSAutomation' is set on object 'Object Repository/Retailer creation/inventory_object repo/all_distributor_RA_MD_creation/input_UserName_inv_input_0_Cat'

2018-12-19 11:20:45 - [MESSAGE][PASSED] - Text 'SSAutomation' is set on object 'Object Repository/Retailer creation/inventory_object repo/all_distributor_RA_MD_creation/input_UserName_inv_input_0_Cat'

2018-12-19 11:20:45 - [TEST_STEP][PASSED] - setText: Text 'password' is set on object 'Object Repository/Retailer creation/inventory_object repo/all_distributor_RA_MD_creation/input_Password_inv_input_0_Cat'

2018-12-19 11:20:45 - [MESSAGE][PASSED] - Text 'password' is set on object 'Object Repository/Retailer creation/inventory_object repo/all_distributor_RA_MD_creation/input_Password_inv_input_0_Cat'

2018-12-19 11:20:45 - [TEST_STEP][PASSED] - verifyElementVisible: Object 'Object Repository/Retailer creation/inventory_object repo/all_distributor_RA_MD_creation/h5_Inventory' is visible

2018-12-19 11:20:45 - [MESSAGE][PASSED] - Object 'Object Repository/Retailer creation/inventory_object repo/all_distributor_RA_MD_creation/h5_Inventory' is visible

2018-12-19 11:20:45 - [TEST_STEP][PASSED] - setText: Text 'ecomdash-ftp.cloudapp.net' is set on object 'Object Repository/Retailer creation/inventory_object repo/all_distributor_RA_MD_creation/input_FTP Host_inv_input_0_Inv'

2018-12-19 11:20:45 - [MESSAGE][PASSED] - Text 'ecomdash-ftp.cloudapp.net' is set on object 'Object Repository/Retailer creation/inventory_object repo/all_distributor_RA_MD_creation/input_FTP Host_inv_input_0_Inv'

2018-12-19 11:20:45 - [TEST_STEP][PASSED] - setText: Text 'SSAutomation' is set on object 'Object Repository/Retailer creation/inventory_object repo/all_distributor_RA_MD_creation/input_UserName_inv_input_0_Inv'

2018-12-19 11:20:45 - [MESSAGE][PASSED] - Text 'SSAutomation' is set on object 'Object Repository/Retailer creation/inventory_object repo/all_distributor_RA_MD_creation/input_UserName_inv_input_0_Inv'

2018-12-19 11:20:45 - [TEST_STEP][PASSED] - setText: Text 'password' is set on object 'Object Repository/Retailer creation/inventory_object repo/all_distributor_RA_MD_creation/input_Password_inv_input_0_Inv'

2018-12-19 11:20:45 - [MESSAGE][PASSED] - Text 'password' is set on object 'Object Repository/Retailer creation/inventory_object repo/all_distributor_RA_MD_creation/input_Password_inv_input_0_Inv'

2018-12-19 11:20:45 - [TEST_STEP][PASSED] - delay: Delayed 5 second(s)

2018-12-19 11:20:50 - [MESSAGE][PASSED] - Delayed 5 second(s)

2018-12-19 11:20:50 - [TEST_STEP][PASSED] - click: Object: 'Object Repository/Retailer creation/inventory_object repo/all_distributor_RA_MD_creation/button_Add Distributor Invento' is clicked on

2018-12-19 11:20:50 - [MESSAGE][PASSED] - Object: 'Object Repository/Retailer creation/inventory_object repo/all_distributor_RA_MD_creation/button_Add Distributor Invento' is clicked on

2018-12-19 11:20:50 - [TEST_STEP][PASSED] - selectOptionByLabel: All options with label 'Green Supply' are selected in object 'Object Repository/Retailer creation/inventory_object repo/all_distributor_RA_MD_creation/select_AppCoSSGreen SupplyDavi_1'  using regular expression

2018-12-19 11:20:51 - [MESSAGE][PASSED] - All options with label 'Green Supply' are selected in object 'Object Repository/Retailer creation/inventory_object repo/all_distributor_RA_MD_creation/select_AppCoSSGreen SupplyDavi_1'  using regular expression

2018-12-19 11:20:51 - [TEST_STEP][NOT_RUN] - selectOptionByValue: NOT_RUN: selectOptionByValue

2018-12-19 11:20:51 - [MESSAGE][NOT_RUN] - NOT_RUN: selectOptionByValue

2018-12-19 11:20:51 - [TEST_STEP][PASSED] - delay: Delayed 5 second(s)

2018-12-19 11:20:56 - [MESSAGE][PASSED] - Delayed 5 second(s)

2018-12-19 11:20:56 - [TEST_STEP][PASSED] - verifyElementVisible: Object 'Object Repository/Retailer creation/inventory_object repo/all_distributor_RA_MD_creation/h5_Orders' is visible

2018-12-19 11:20:56 - [MESSAGE][PASSED] - Object 'Object Repository/Retailer creation/inventory_object repo/all_distributor_RA_MD_creation/h5_Orders' is visible

2018-12-19 11:20:56 - [TEST_STEP][PASSED] - setText: Text 'ftp.drivehq.com' is set on object 'Object Repository/Retailer creation/inventory_object repo/all_distributor_RA_MD_creation/input_FTP Host_inv_input_1_Ord'

2018-12-19 11:20:56 - [MESSAGE][PASSED] - Text 'ftp.drivehq.com' is set on object 'Object Repository/Retailer creation/inventory_object repo/all_distributor_RA_MD_creation/input_FTP Host_inv_input_1_Ord'

2018-12-19 11:20:56 - [TEST_STEP][PASSED] - setText: Text 'eenu@getnada.com' is set on object 'Object Repository/Retailer creation/inventory_object repo/all_distributor_RA_MD_creation/input_UserName_inv_input_1_Ord'

2018-12-19 11:20:56 - [MESSAGE][PASSED] - Text 'eenu@getnada.com' is set on object 'Object Repository/Retailer creation/inventory_object repo/all_distributor_RA_MD_creation/input_UserName_inv_input_1_Ord'

2018-12-19 11:20:56 - [TEST_STEP][PASSED] - setText: Text 'eenu@getnada.com' is set on object 'Object Repository/Retailer creation/inventory_object repo/all_distributor_RA_MD_creation/input_Password_inv_input_1_Ord'

2018-12-19 11:20:56 - [MESSAGE][PASSED] - Text 'eenu@getnada.com' is set on object 'Object Repository/Retailer creation/inventory_object repo/all_distributor_RA_MD_creation/input_Password_inv_input_1_Ord'

2018-12-19 11:20:56 - [TEST_STEP][PASSED] - verifyElementVisible: Object 'Object Repository/Retailer creation/inventory_object repo/all_distributor_RA_MD_creation/h5_Tracking' is visible

2018-12-19 11:20:56 - [MESSAGE][PASSED] - Object 'Object Repository/Retailer creation/inventory_object repo/all_distributor_RA_MD_creation/h5_Tracking' is visible

2018-12-19 11:20:56 - [TEST_STEP][PASSED] - setText: Text 'ec2-18-188-197-73.us-east-2.compute.amazonaws.com' is set on object 'Object Repository/Retailer creation/inventory_object repo/all_distributor_RA_MD_creation/input_FTP Host_inv_input_1_Tra'

2018-12-19 11:20:57 - [MESSAGE][PASSED] - Text 'ec2-18-188-197-73.us-east-2.compute.amazonaws.com' is set on object 'Object Repository/Retailer creation/inventory_object repo/all_distributor_RA_MD_creation/input_FTP Host_inv_input_1_Tra'

2018-12-19 11:20:57 - [TEST_STEP][PASSED] - setText: Text 'ubuntu' is set on object 'Object Repository/Retailer creation/inventory_object repo/all_distributor_RA_MD_creation/input_UserName_inv_input_1_Tra'

2018-12-19 11:20:57 - [MESSAGE][PASSED] - Text 'ubuntu' is set on object 'Object Repository/Retailer creation/inventory_object repo/all_distributor_RA_MD_creation/input_UserName_inv_input_1_Tra'

2018-12-19 11:20:57 - [TEST_STEP][PASSED] - setText: Text 'ubuntu' is set on object 'Object Repository/Retailer creation/inventory_object repo/all_distributor_RA_MD_creation/input_Password_inv_input_1_Tra'

2018-12-19 11:20:57 - [MESSAGE][PASSED] - Text 'ubuntu' is set on object 'Object Repository/Retailer creation/inventory_object repo/all_distributor_RA_MD_creation/input_Password_inv_input_1_Tra'

2018-12-19 11:20:57 - [TEST_STEP][PASSED] - verifyElementVisible: Object 'Object Repository/Retailer creation/inventory_object repo/all_distributor_RA_MD_creation/h5_Catalog' is visible

2018-12-19 11:20:57 - [MESSAGE][PASSED] - Object 'Object Repository/Retailer creation/inventory_object repo/all_distributor_RA_MD_creation/h5_Catalog' is visible

2018-12-19 11:20:57 - [TEST_STEP][PASSED] - setText: Text 'ftp://ftp.dealerease.net' is set on object 'Object Repository/Retailer creation/inventory_object repo/all_distributor_RA_MD_creation/input_FTP Host_inv_input_1_Cat'

2018-12-19 11:20:57 - [MESSAGE][PASSED] - Text 'ftp://ftp.dealerease.net' is set on object 'Object Repository/Retailer creation/inventory_object repo/all_distributor_RA_MD_creation/input_FTP Host_inv_input_1_Cat'

2018-12-19 11:20:57 - [TEST_STEP][PASSED] - setText: Text 'gsdealer' is set on object 'Object Repository/Retailer creation/inventory_object repo/all_distributor_RA_MD_creation/input_UserName_inv_input_1_Cat'

2018-12-19 11:20:57 - [MESSAGE][PASSED] - Text 'gsdealer' is set on object 'Object Repository/Retailer creation/inventory_object repo/all_distributor_RA_MD_creation/input_UserName_inv_input_1_Cat'

2018-12-19 11:20:57 - [TEST_STEP][PASSED] - setText: Text 'ftp2pass' is set on object 'Object Repository/Retailer creation/inventory_object repo/all_distributor_RA_MD_creation/input_Password_inv_input_1_Cat'

2018-12-19 11:20:57 - [MESSAGE][PASSED] - Text 'ftp2pass' is set on object 'Object Repository/Retailer creation/inventory_object repo/all_distributor_RA_MD_creation/input_Password_inv_input_1_Cat'

2018-12-19 11:20:57 - [TEST_STEP][PASSED] - verifyElementVisible: Object 'Object Repository/Retailer creation/inventory_object repo/all_distributor_RA_MD_creation/h5_Inventory' is visible

2018-12-19 11:20:57 - [MESSAGE][PASSED] - Object 'Object Repository/Retailer creation/inventory_object repo/all_distributor_RA_MD_creation/h5_Inventory' is visible

2018-12-19 11:20:57 - [TEST_STEP][PASSED] - setText: Text 'ftp://ftp.dealerease.net' is set on object 'Object Repository/Retailer creation/inventory_object repo/all_distributor_RA_MD_creation/input_FTP Host_inv_input_1_Inv'

2018-12-19 11:20:58 - [MESSAGE][PASSED] - Text 'ftp://ftp.dealerease.net' is set on object 'Object Repository/Retailer creation/inventory_object repo/all_distributor_RA_MD_creation/input_FTP Host_inv_input_1_Inv'

2018-12-19 11:20:58 - [TEST_STEP][PASSED] - setText: Text 'gsdealer' is set on object 'Object Repository/Retailer creation/inventory_object repo/all_distributor_RA_MD_creation/input_UserName_inv_input_1_Inv'

2018-12-19 11:20:58 - [MESSAGE][PASSED] - Text 'gsdealer' is set on object 'Object Repository/Retailer creation/inventory_object repo/all_distributor_RA_MD_creation/input_UserName_inv_input_1_Inv'

2018-12-19 11:20:58 - [TEST_STEP][PASSED] - setText: Text 'ftp2pass' is set on object 'Object Repository/Retailer creation/inventory_object repo/all_distributor_RA_MD_creation/input_Password_inv_input_1_Inv'

2018-12-19 11:20:58 - [MESSAGE][PASSED] - Text 'ftp2pass' is set on object 'Object Repository/Retailer creation/inventory_object repo/all_distributor_RA_MD_creation/input_Password_inv_input_1_Inv'

2018-12-19 11:20:58 - [TEST_STEP][PASSED] - delay: Delayed 5 second(s)

2018-12-19 11:21:03 - [MESSAGE][PASSED] - Delayed 5 second(s)

2018-12-19 11:21:03 - [TEST_STEP][PASSED] - click: Object: 'Object Repository/Retailer creation/inventory_object repo/all_distributor_RA_MD_creation/button_Add Distributor Invento' is clicked on

2018-12-19 11:21:03 - [MESSAGE][PASSED] - Object: 'Object Repository/Retailer creation/inventory_object repo/all_distributor_RA_MD_creation/button_Add Distributor Invento' is clicked on

2018-12-19 11:21:03 - [TEST_STEP][PASSED] - delay: Delayed 5 second(s)

2018-12-19 11:21:08 - [MESSAGE][PASSED] - Delayed 5 second(s)

2018-12-19 11:21:08 - [TEST_STEP][PASSED] - selectOptionByLabel: All options with label 'Davidson' are selected in object 'Object Repository/Retailer creation/inventory_object repo/all_distributor_RA_MD_creation/select_AppCoSSGreen SupplyDavi_2'  using regular expression

2018-12-19 11:21:08 - [MESSAGE][PASSED] - All options with label 'Davidson' are selected in object 'Object Repository/Retailer creation/inventory_object repo/all_distributor_RA_MD_creation/select_AppCoSSGreen SupplyDavi_2'  using regular expression

2018-12-19 11:21:08 - [TEST_STEP][NOT_RUN] - selectOptionByValue: NOT_RUN: selectOptionByValue

2018-12-19 11:21:08 - [MESSAGE][NOT_RUN] - NOT_RUN: selectOptionByValue

2018-12-19 11:21:08 - [TEST_STEP][PASSED] - delay: Delayed 5 second(s)

2018-12-19 11:21:13 - [MESSAGE][PASSED] - Delayed 5 second(s)

2018-12-19 11:21:13 - [TEST_STEP][PASSED] - verifyElementVisible: Object 'Object Repository/Retailer creation/inventory_object repo/all_distributor_RA_MD_creation/h5_Orders' is visible

2018-12-19 11:21:13 - [MESSAGE][PASSED] - Object 'Object Repository/Retailer creation/inventory_object repo/all_distributor_RA_MD_creation/h5_Orders' is visible

2018-12-19 11:21:13 - [TEST_STEP][PASSED] - setText: Text '027805' is set on object 'Object Repository/Retailer creation/inventory_object repo/all_distributor_RA_MD_creation/input_CustomerNumber_inv_input_3'

2018-12-19 11:21:13 - [MESSAGE][PASSED] - Text '027805' is set on object 'Object Repository/Retailer creation/inventory_object repo/all_distributor_RA_MD_creation/input_CustomerNumber_inv_input_3'

2018-12-19 11:21:13 - [TEST_STEP][PASSED] - setText: Text '027805' is set on object 'Object Repository/Retailer creation/inventory_object repo/all_distributor_RA_MD_creation/input_CustomerNumber_inv_input_4'

2018-12-19 11:21:13 - [MESSAGE][PASSED] - Text '027805' is set on object 'Object Repository/Retailer creation/inventory_object repo/all_distributor_RA_MD_creation/input_CustomerNumber_inv_input_4'

2018-12-19 11:21:13 - [TEST_STEP][PASSED] - setText: Text 'ID12345' is set on object 'Object Repository/Retailer creation/inventory_object repo/all_distributor_RA_MD_creation/input_ReferenceNumber_inv_inpu'

2018-12-19 11:21:14 - [MESSAGE][PASSED] - Text 'ID12345' is set on object 'Object Repository/Retailer creation/inventory_object repo/all_distributor_RA_MD_creation/input_ReferenceNumber_inv_inpu'

2018-12-19 11:21:14 - [TEST_STEP][PASSED] - setText: Text 'https://dealernetwork.davidsonsinc.com/testapi/orderservice.asmx?WSDL' is set on object 'Object Repository/Retailer creation/inventory_object repo/all_distributor_RA_MD_creation/input_API Endpoint_inv_input_2'

2018-12-19 11:21:14 - [MESSAGE][PASSED] - Text 'https://dealernetwork.davidsonsinc.com/testapi/orderservice.asmx?WSDL' is set on object 'Object Repository/Retailer creation/inventory_object repo/all_distributor_RA_MD_creation/input_API Endpoint_inv_input_2'

2018-12-19 11:21:14 - [TEST_STEP][PASSED] - setText: Text 'tWUlibp4YoIDteR0AY95TsriJ5CZdHDQdbP4dSZk3pk=' is set on object 'Object Repository/Retailer creation/inventory_object repo/all_distributor_RA_MD_creation/input_Token_inv_input_2_Orders'

2018-12-19 11:21:14 - [MESSAGE][PASSED] - Text 'tWUlibp4YoIDteR0AY95TsriJ5CZdHDQdbP4dSZk3pk=' is set on object 'Object Repository/Retailer creation/inventory_object repo/all_distributor_RA_MD_creation/input_Token_inv_input_2_Orders'

2018-12-19 11:21:14 - [TEST_STEP][PASSED] - verifyElementVisible: Object 'Object Repository/Retailer creation/inventory_object repo/all_distributor_RA_MD_creation/h5_Tracking' is visible

2018-12-19 11:21:14 - [MESSAGE][PASSED] - Object 'Object Repository/Retailer creation/inventory_object repo/all_distributor_RA_MD_creation/h5_Tracking' is visible

2018-12-19 11:21:14 - [TEST_STEP][PASSED] - setText: Text '027805' is set on object 'Object Repository/Retailer creation/inventory_object repo/all_distributor_RA_MD_creation/input_CustomerNumber_inv_input_5'

2018-12-19 11:21:15 - [MESSAGE][PASSED] - Text '027805' is set on object 'Object Repository/Retailer creation/inventory_object repo/all_distributor_RA_MD_creation/input_CustomerNumber_inv_input_5'

2018-12-19 11:21:15 - [TEST_STEP][PASSED] - setText: Text '027805' is set on object 'Object Repository/Retailer creation/inventory_object repo/all_distributor_RA_MD_creation/input_CustomerNumber_inv_input_6'

2018-12-19 11:21:15 - [MESSAGE][PASSED] - Text '027805' is set on object 'Object Repository/Retailer creation/inventory_object repo/all_distributor_RA_MD_creation/input_CustomerNumber_inv_input_6'

2018-12-19 11:21:15 - [TEST_STEP][PASSED] - setText: Text 'ID12345' is set on object 'Object Repository/Retailer creation/inventory_object repo/all_distributor_RA_MD_creation/input_ReferenceNumber_inv_inpu_1'

2018-12-19 11:21:15 - [MESSAGE][PASSED] - Text 'ID12345' is set on object 'Object Repository/Retailer creation/inventory_object repo/all_distributor_RA_MD_creation/input_ReferenceNumber_inv_inpu_1'

2018-12-19 11:21:15 - [TEST_STEP][PASSED] - setText: Text 'ID12345' is set on object 'Object Repository/Retailer creation/inventory_object repo/all_distributor_RA_MD_creation/input_ReferenceNumber_inv_inpu_2'

2018-12-19 11:21:15 - [MESSAGE][PASSED] - Text 'ID12345' is set on object 'Object Repository/Retailer creation/inventory_object repo/all_distributor_RA_MD_creation/input_ReferenceNumber_inv_inpu_2'

2018-12-19 11:21:15 - [TEST_STEP][PASSED] - setText: Text 'https://dealernetwork.davidsonsinc.com/testapi/orderservice.asmx?WSDL' is set on object 'Object Repository/Retailer creation/inventory_object repo/all_distributor_RA_MD_creation/input_API Endpoint_inv_input_2_1'

2018-12-19 11:21:15 - [MESSAGE][PASSED] - Text 'https://dealernetwork.davidsonsinc.com/testapi/orderservice.asmx?WSDL' is set on object 'Object Repository/Retailer creation/inventory_object repo/all_distributor_RA_MD_creation/input_API Endpoint_inv_input_2_1'

2018-12-19 11:21:15 - [TEST_STEP][PASSED] - setText: Text 'https://dealernetwork.davidsonsinc.com/testapi/orderservice.asmx?WSDL' is set on object 'Object Repository/Retailer creation/inventory_object repo/all_distributor_RA_MD_creation/input_API Endpoint_inv_input_2_2'

2018-12-19 11:21:16 - [MESSAGE][PASSED] - Text 'https://dealernetwork.davidsonsinc.com/testapi/orderservice.asmx?WSDL' is set on object 'Object Repository/Retailer creation/inventory_object repo/all_distributor_RA_MD_creation/input_API Endpoint_inv_input_2_2'

2018-12-19 11:21:16 - [TEST_STEP][PASSED] - setText: Text 'tWUlibp4YoIDteR0AY95TsriJ5CZdHDQdbP4dSZk3pk=' is set on object 'Object Repository/Retailer creation/inventory_object repo/all_distributor_RA_MD_creation/input_Token_inv_input_2_Tracki'

2018-12-19 11:21:16 - [MESSAGE][PASSED] - Text 'tWUlibp4YoIDteR0AY95TsriJ5CZdHDQdbP4dSZk3pk=' is set on object 'Object Repository/Retailer creation/inventory_object repo/all_distributor_RA_MD_creation/input_Token_inv_input_2_Tracki'

2018-12-19 11:21:16 - [TEST_STEP][PASSED] - verifyElementVisible: Object 'Object Repository/Retailer creation/inventory_object repo/all_distributor_RA_MD_creation/h5_Catalog' is visible

2018-12-19 11:21:16 - [MESSAGE][PASSED] - Object 'Object Repository/Retailer creation/inventory_object repo/all_distributor_RA_MD_creation/h5_Catalog' is visible

2018-12-19 11:21:16 - [TEST_STEP][PASSED] - setText: Text 'ftp.davidsonsinventory.com' is set on object 'Object Repository/Retailer creation/inventory_object repo/all_distributor_RA_MD_creation/input_FTP Host_inv_input_2_Cat'

2018-12-19 11:21:16 - [MESSAGE][PASSED] - Text 'ftp.davidsonsinventory.com' is set on object 'Object Repository/Retailer creation/inventory_object repo/all_distributor_RA_MD_creation/input_FTP Host_inv_input_2_Cat'

2018-12-19 11:21:16 - [TEST_STEP][PASSED] - setText: Text 'ftp58074930-1' is set on object 'Object Repository/Retailer creation/inventory_object repo/all_distributor_RA_MD_creation/input_UserName_inv_input_2_Cat'

2018-12-19 11:21:17 - [MESSAGE][PASSED] - Text 'ftp58074930-1' is set on object 'Object Repository/Retailer creation/inventory_object repo/all_distributor_RA_MD_creation/input_UserName_inv_input_2_Cat'

2018-12-19 11:21:17 - [TEST_STEP][PASSED] - setText: Text 'DavDealerInv' is set on object 'Object Repository/Retailer creation/inventory_object repo/all_distributor_RA_MD_creation/input_Password_inv_input_2_Cat'

2018-12-19 11:21:17 - [MESSAGE][PASSED] - Text 'DavDealerInv' is set on object 'Object Repository/Retailer creation/inventory_object repo/all_distributor_RA_MD_creation/input_Password_inv_input_2_Cat'

2018-12-19 11:21:17 - [TEST_STEP][PASSED] - verifyElementVisible: Object 'Object Repository/Retailer creation/inventory_object repo/all_distributor_RA_MD_creation/h5_Inventory' is visible

2018-12-19 11:21:17 - [MESSAGE][PASSED] - Object 'Object Repository/Retailer creation/inventory_object repo/all_distributor_RA_MD_creation/h5_Inventory' is visible

2018-12-19 11:21:17 - [TEST_STEP][PASSED] - setText: Text 'ftp.davidsonsinventory.com' is set on object 'Object Repository/Retailer creation/inventory_object repo/all_distributor_RA_MD_creation/input_FTP Host_inv_input_2_Inv'

2018-12-19 11:21:17 - [MESSAGE][PASSED] - Text 'ftp.davidsonsinventory.com' is set on object 'Object Repository/Retailer creation/inventory_object repo/all_distributor_RA_MD_creation/input_FTP Host_inv_input_2_Inv'

2018-12-19 11:21:17 - [TEST_STEP][PASSED] - setText: Text 'ftp58074930-1' is set on object 'Object Repository/Retailer creation/inventory_object repo/all_distributor_RA_MD_creation/input_UserName_inv_input_2_Inv'

2018-12-19 11:21:17 - [MESSAGE][PASSED] - Text 'ftp58074930-1' is set on object 'Object Repository/Retailer creation/inventory_object repo/all_distributor_RA_MD_creation/input_UserName_inv_input_2_Inv'

2018-12-19 11:21:17 - [TEST_STEP][PASSED] - setText: Text 'DavDealerInv' is set on object 'Object Repository/Retailer creation/inventory_object repo/all_distributor_RA_MD_creation/input_Password_inv_input_2_Inv'

2018-12-19 11:21:17 - [MESSAGE][PASSED] - Text 'DavDealerInv' is set on object 'Object Repository/Retailer creation/inventory_object repo/all_distributor_RA_MD_creation/input_Password_inv_input_2_Inv'

2018-12-19 11:21:17 - [TEST_STEP][PASSED] - delay: Delayed 5 second(s)

2018-12-19 11:21:22 - [MESSAGE][PASSED] - Delayed 5 second(s)

2018-12-19 11:21:22 - [TEST_STEP][PASSED] - click: Object: 'Object Repository/Retailer creation/inventory_object repo/all_distributor_RA_MD_creation/button_Add Distributor Invento' is clicked on

2018-12-19 11:21:22 - [MESSAGE][PASSED] - Object: 'Object Repository/Retailer creation/inventory_object repo/all_distributor_RA_MD_creation/button_Add Distributor Invento' is clicked on

2018-12-19 11:21:22 - [TEST_STEP][PASSED] - delay: Delayed 3 second(s)

2018-12-19 11:21:25 - [MESSAGE][PASSED] - Delayed 3 second(s)

2018-12-19 11:21:25 - [TEST_STEP][PASSED] - selectOptionByLabel: All options with label 'Ellet' are selected in object 'Object Repository/Retailer creation/inventory_object repo/all_distributor_RA_MD_creation/select_AppCoSSGreen SupplyDavi_3'  using regular expression

2018-12-19 11:21:26 - [MESSAGE][PASSED] - All options with label 'Ellet' are selected in object 'Object Repository/Retailer creation/inventory_object repo/all_distributor_RA_MD_creation/select_AppCoSSGreen SupplyDavi_3'  using regular expression

2018-12-19 11:21:26 - [TEST_STEP][NOT_RUN] - selectOptionByValue: NOT_RUN: selectOptionByValue

2018-12-19 11:21:26 - [MESSAGE][NOT_RUN] - NOT_RUN: selectOptionByValue

2018-12-19 11:21:26 - [TEST_STEP][PASSED] - verifyElementVisible: Object 'Object Repository/Retailer creation/inventory_object repo/all_distributor_RA_MD_creation/h5_Orders' is visible

2018-12-19 11:21:26 - [MESSAGE][PASSED] - Object 'Object Repository/Retailer creation/inventory_object repo/all_distributor_RA_MD_creation/h5_Orders' is visible

2018-12-19 11:21:26 - [TEST_STEP][PASSED] - setText: Text 'ftp.unitedsportingco.com' is set on object 'Object Repository/Retailer creation/inventory_object repo/all_distributor_RA_MD_creation/input_FTP Host_inv_input_3_Ord'

2018-12-19 11:21:26 - [MESSAGE][PASSED] - Text 'ftp.unitedsportingco.com' is set on object 'Object Repository/Retailer creation/inventory_object repo/all_distributor_RA_MD_creation/input_FTP Host_inv_input_3_Ord'

2018-12-19 11:21:26 - [TEST_STEP][PASSED] - setText: Text 'EF' is set on object 'Object Repository/Retailer creation/inventory_object repo/all_distributor_RA_MD_creation/input_SourceCode_inv_input_3_O'

2018-12-19 11:21:26 - [MESSAGE][PASSED] - Text 'EF' is set on object 'Object Repository/Retailer creation/inventory_object repo/all_distributor_RA_MD_creation/input_SourceCode_inv_input_3_O'

2018-12-19 11:21:26 - [TEST_STEP][PASSED] - setText: Text 'Broker' is set on object 'Object Repository/Retailer creation/inventory_object repo/all_distributor_RA_MD_creation/input_UserName_inv_input_3_Ord'

2018-12-19 11:21:26 - [MESSAGE][PASSED] - Text 'Broker' is set on object 'Object Repository/Retailer creation/inventory_object repo/all_distributor_RA_MD_creation/input_UserName_inv_input_3_Ord'

2018-12-19 11:21:26 - [TEST_STEP][PASSED] - setText: Text '19929685' is set on object 'Object Repository/Retailer creation/inventory_object repo/all_distributor_RA_MD_creation/input_CustomerNumber_inv_input_7'

2018-12-19 11:21:27 - [MESSAGE][PASSED] - Text '19929685' is set on object 'Object Repository/Retailer creation/inventory_object repo/all_distributor_RA_MD_creation/input_CustomerNumber_inv_input_7'

2018-12-19 11:21:27 - [TEST_STEP][PASSED] - setText: Text '19929685' is set on object 'Object Repository/Retailer creation/inventory_object repo/all_distributor_RA_MD_creation/input_CustomerNumber_inv_input_8'

2018-12-19 11:21:27 - [MESSAGE][PASSED] - Text '19929685' is set on object 'Object Repository/Retailer creation/inventory_object repo/all_distributor_RA_MD_creation/input_CustomerNumber_inv_input_8'

2018-12-19 11:21:27 - [TEST_STEP][PASSED] - setText: Text '0000001' is set on object 'Object Repository/Retailer creation/inventory_object repo/all_distributor_RA_MD_creation/input_AddrCode_inv_input_3_Ord'

2018-12-19 11:21:27 - [MESSAGE][PASSED] - Text '0000001' is set on object 'Object Repository/Retailer creation/inventory_object repo/all_distributor_RA_MD_creation/input_AddrCode_inv_input_3_Ord'

2018-12-19 11:21:27 - [TEST_STEP][PASSED] - setText: Text '01' is set on object 'Object Repository/Retailer creation/inventory_object repo/all_distributor_RA_MD_creation/input_WhseID_inv_input_3_Order'

2018-12-19 11:21:27 - [MESSAGE][PASSED] - Text '01' is set on object 'Object Repository/Retailer creation/inventory_object repo/all_distributor_RA_MD_creation/input_WhseID_inv_input_3_Order'

2018-12-19 11:21:27 - [TEST_STEP][PASSED] - setText: Text 'Outdoor Liquidators' is set on object 'Object Repository/Retailer creation/inventory_object repo/all_distributor_RA_MD_creation/input_DealerName_inv_input_3_O'

2018-12-19 11:21:27 - [MESSAGE][PASSED] - Text 'Outdoor Liquidators' is set on object 'Object Repository/Retailer creation/inventory_object repo/all_distributor_RA_MD_creation/input_DealerName_inv_input_3_O'

2018-12-19 11:21:27 - [TEST_STEP][PASSED] - setText: Text '4AoN8KUK' is set on object 'Object Repository/Retailer creation/inventory_object repo/all_distributor_RA_MD_creation/input_Password_inv_input_3_Ord'

2018-12-19 11:21:27 - [MESSAGE][PASSED] - Text '4AoN8KUK' is set on object 'Object Repository/Retailer creation/inventory_object repo/all_distributor_RA_MD_creation/input_Password_inv_input_3_Ord'

2018-12-19 11:21:27 - [TEST_STEP][PASSED] - verifyElementVisible: Object 'Object Repository/Retailer creation/inventory_object repo/all_distributor_RA_MD_creation/h5_Tracking' is visible

2018-12-19 11:21:27 - [MESSAGE][PASSED] - Object 'Object Repository/Retailer creation/inventory_object repo/all_distributor_RA_MD_creation/h5_Tracking' is visible

2018-12-19 11:21:27 - [TEST_STEP][PASSED] - setText: Text 'ftp.unitedsportingco.com' is set on object 'Object Repository/Retailer creation/inventory_object repo/all_distributor_RA_MD_creation/input_FTP Host_inv_input_3_Tra'

2018-12-19 11:21:28 - [MESSAGE][PASSED] - Text 'ftp.unitedsportingco.com' is set on object 'Object Repository/Retailer creation/inventory_object repo/all_distributor_RA_MD_creation/input_FTP Host_inv_input_3_Tra'

2018-12-19 11:21:28 - [TEST_STEP][PASSED] - setText: Text 'Broker' is set on object 'Object Repository/Retailer creation/inventory_object repo/all_distributor_RA_MD_creation/input_UserName_inv_input_3_Tra'

2018-12-19 11:21:28 - [MESSAGE][PASSED] - Text 'Broker' is set on object 'Object Repository/Retailer creation/inventory_object repo/all_distributor_RA_MD_creation/input_UserName_inv_input_3_Tra'

2018-12-19 11:21:28 - [TEST_STEP][PASSED] - setText: Text '4AoN8KUK' is set on object 'Object Repository/Retailer creation/inventory_object repo/all_distributor_RA_MD_creation/input_Password_inv_input_3_Tra'

2018-12-19 11:21:28 - [MESSAGE][PASSED] - Text '4AoN8KUK' is set on object 'Object Repository/Retailer creation/inventory_object repo/all_distributor_RA_MD_creation/input_Password_inv_input_3_Tra'

2018-12-19 11:21:28 - [TEST_STEP][PASSED] - verifyElementVisible: Object 'Object Repository/Retailer creation/inventory_object repo/all_distributor_RA_MD_creation/h5_Catalog' is visible

2018-12-19 11:21:28 - [MESSAGE][PASSED] - Object 'Object Repository/Retailer creation/inventory_object repo/all_distributor_RA_MD_creation/h5_Catalog' is visible

2018-12-19 11:21:28 - [TEST_STEP][PASSED] - setText: Text 'ftp.unitedsportingco.com' is set on object 'Object Repository/Retailer creation/inventory_object repo/all_distributor_RA_MD_creation/input_FTP Host_inv_input_3_Cat'

2018-12-19 11:21:28 - [MESSAGE][PASSED] - Text 'ftp.unitedsportingco.com' is set on object 'Object Repository/Retailer creation/inventory_object repo/all_distributor_RA_MD_creation/input_FTP Host_inv_input_3_Cat'

2018-12-19 11:21:28 - [TEST_STEP][PASSED] - setText: Text 'Broker' is set on object 'Object Repository/Retailer creation/inventory_object repo/all_distributor_RA_MD_creation/input_UserName_inv_input_3_Cat'

2018-12-19 11:21:28 - [MESSAGE][PASSED] - Text 'Broker' is set on object 'Object Repository/Retailer creation/inventory_object repo/all_distributor_RA_MD_creation/input_UserName_inv_input_3_Cat'

2018-12-19 11:21:28 - [TEST_STEP][PASSED] - setText: Text '4AoN8KUK' is set on object 'Object Repository/Retailer creation/inventory_object repo/all_distributor_RA_MD_creation/input_Password_inv_input_3_Cat'

2018-12-19 11:21:28 - [MESSAGE][PASSED] - Text '4AoN8KUK' is set on object 'Object Repository/Retailer creation/inventory_object repo/all_distributor_RA_MD_creation/input_Password_inv_input_3_Cat'

2018-12-19 11:21:28 - [TEST_STEP][PASSED] - verifyElementVisible: Object 'Object Repository/Retailer creation/inventory_object repo/all_distributor_RA_MD_creation/h5_Inventory' is visible

2018-12-19 11:21:28 - [MESSAGE][PASSED] - Object 'Object Repository/Retailer creation/inventory_object repo/all_distributor_RA_MD_creation/h5_Inventory' is visible

2018-12-19 11:21:28 - [TEST_STEP][PASSED] - setText: Text 'ftp.unitedsportingco.com' is set on object 'Object Repository/Retailer creation/inventory_object repo/all_distributor_RA_MD_creation/input_FTP Host_inv_input_3_Inv'

2018-12-19 11:21:29 - [MESSAGE][PASSED] - Text 'ftp.unitedsportingco.com' is set on object 'Object Repository/Retailer creation/inventory_object repo/all_distributor_RA_MD_creation/input_FTP Host_inv_input_3_Inv'

2018-12-19 11:21:29 - [TEST_STEP][PASSED] - setText: Text 'Broker' is set on object 'Object Repository/Retailer creation/inventory_object repo/all_distributor_RA_MD_creation/input_UserName_inv_input_3_Inv'

2018-12-19 11:21:29 - [MESSAGE][PASSED] - Text 'Broker' is set on object 'Object Repository/Retailer creation/inventory_object repo/all_distributor_RA_MD_creation/input_UserName_inv_input_3_Inv'

2018-12-19 11:21:29 - [TEST_STEP][PASSED] - setText: Text '4AoN8KUK' is set on object 'Object Repository/Retailer creation/inventory_object repo/all_distributor_RA_MD_creation/input_Password_inv_input_3_Inv'

2018-12-19 11:21:29 - [MESSAGE][PASSED] - Text '4AoN8KUK' is set on object 'Object Repository/Retailer creation/inventory_object repo/all_distributor_RA_MD_creation/input_Password_inv_input_3_Inv'

2018-12-19 11:21:29 - [TEST_STEP][PASSED] - verifyElementVisible: Object 'Object Repository/Retailer creation/inventory_object repo/all_distributor_RA_MD_creation/button_Add Retailer' is visible

2018-12-19 11:21:29 - [MESSAGE][PASSED] - Object 'Object Repository/Retailer creation/inventory_object repo/all_distributor_RA_MD_creation/button_Add Retailer' is visible

2018-12-19 11:21:29 - [TEST_STEP][PASSED] - verifyElementVisible: Object 'Object Repository/Retailer creation/inventory_object repo/all_distributor_RA_MD_creation/button_Cancel' is visible

2018-12-19 11:21:29 - [MESSAGE][PASSED] - Object 'Object Repository/Retailer creation/inventory_object repo/all_distributor_RA_MD_creation/button_Cancel' is visible

2018-12-19 11:21:29 - [TEST_STEP][PASSED] - click: Object: 'Object Repository/Retailer creation/inventory_object repo/all_distributor_RA_MD_creation/button_Add Retailer' is clicked on

2018-12-19 11:21:29 - [MESSAGE][PASSED] - Object: 'Object Repository/Retailer creation/inventory_object repo/all_distributor_RA_MD_creation/button_Add Retailer' is clicked on

2018-12-19 11:21:29 - [TEST_STEP][PASSED] - delay: Delayed 3 second(s)

2018-12-19 11:21:32 - [MESSAGE][PASSED] - Delayed 3 second(s)

2018-12-19 11:21:32 - [TEST_STEP][FAILED] - verifyElementText: com.kms.katalon.core.webui.exception.WebElementNotFoundException: Web element with id: 'Object Repository/Retailer creation/inventory_object repo/h5_Success  Congratulations Yo' located by 'By.xpath: //h5[@id = 'exactmsg' and (text() = 'Success:  Congratulations!! You have successfully added retailer. Email has been sent to his email id!' or . = 'Success:  Congratulations!! You have successfully added retailer. Email has been sent to his email id!')]' not found

2018-12-19 11:22:04 - [MESSAGE][FAILED] - com.kms.katalon.core.webui.exception.WebElementNotFoundException: Web element with id: 'Object Repository/Retailer creation/inventory_object repo/h5_Success  Congratulations Yo' located by 'By.xpath: //h5[@id = 'exactmsg' and (text() = 'Success:  Congratulations!! You have successfully added retailer. Email has been sent to his email id!' or . = 'Success:  Congratulations!! You have successfully added retailer. Email has been sent to his email id!')]' not found
[[ATTACHMENT|C:\\Users\\Snekalatha R\\git\\QA-KatalonNew\\Reports\\Appco_test_suite\\20181219_112001\\1545198723880.png]]]]></system-out>
         <system-err><![CDATA[2018-12-19 11:20:03 - [TEST_CASE][FAILED] - Test Cases/AppcoAdmin/add_RA_MultipleDistributor: Test Cases/AppcoAdmin/add_RA_MultipleDistributor FAILED because (of) (Stack trace: com.kms.katalon.core.exception.StepFailedException: com.kms.katalon.core.webui.exception.WebElementNotFoundException: Web element with id: 'Object Repository/Retailer creation/inventory_object repo/h5_Success  Congratulations Yo' located by 'By.xpath: //h5[@id = 'exactmsg' and (text() = 'Success:  Congratulations!! You have successfully added retailer. Email has been sent to his email id!' or . = 'Success:  Congratulations!! You have successfully added retailer. Email has been sent to his email id!')]' not found
	at com.kms.katalon.core.keyword.internal.KeywordMain.stepFailed(KeywordMain.groovy:32)
	at com.kms.katalon.core.webui.keyword.internal.WebUIKeywordMain.stepFailed(WebUIKeywordMain.groovy:65)
	at com.kms.katalon.core.webui.keyword.builtin.VerifyElementTextKeyword$_verifyElementText_closure1.doCall(VerifyElementTextKeyword.groovy:64)
	at com.kms.katalon.core.webui.keyword.builtin.VerifyElementTextKeyword$_verifyElementText_closure1.call(VerifyElementTextKeyword.groovy)
	at com.kms.katalon.core.webui.keyword.internal.WebUIKeywordMain.runKeyword(WebUIKeywordMain.groovy:21)
	at com.kms.katalon.core.webui.keyword.builtin.VerifyElementTextKeyword.verifyElementText(VerifyElementTextKeyword.groovy:72)
	at com.kms.katalon.core.webui.keyword.builtin.VerifyElementTextKeyword.execute(VerifyElementTextKeyword.groovy:40)
	at com.kms.katalon.core.keyword.internal.KeywordExecutor.executeKeywordForPlatform(KeywordExecutor.groovy:53)
	at com.kms.katalon.core.webui.keyword.WebUiBuiltInKeywords.verifyElementText(WebUiBuiltInKeywords.groovy:3647)
	at com.kms.katalon.core.webui.keyword.WebUiBuiltInKeywords$verifyElementText$8.call(Unknown Source)
	at org.codehaus.groovy.runtime.callsite.CallSiteArray.defaultCall(CallSiteArray.java:48)
	at org.codehaus.groovy.runtime.callsite.AbstractCallSite.call(AbstractCallSite.java:113)
	at org.codehaus.groovy.runtime.callsite.AbstractCallSite.call(AbstractCallSite.java:141)
	at Script1544605049842.run(Script1544605049842.groovy:370)
	at com.kms.katalon.core.main.ScriptEngine.run(ScriptEngine.java:183)
	at com.kms.katalon.core.main.ScriptEngine.runScriptAsRawText(ScriptEngine.java:108)
	at com.kms.katalon.core.main.TestCaseExecutor.runScript(TestCaseExecutor.java:294)
	at com.kms.katalon.core.main.TestCaseExecutor.doExecute(TestCaseExecutor.java:285)
	at com.kms.katalon.core.main.TestCaseExecutor.processExecutionPhase(TestCaseExecutor.java:264)
	at com.kms.katalon.core.main.TestCaseExecutor.accessMainPhase(TestCaseExecutor.java:256)
	at com.kms.katalon.core.main.TestCaseExecutor.execute(TestCaseExecutor.java:200)
	at com.kms.katalon.core.main.TestSuiteExecutor.accessTestCaseMainPhase(TestSuiteExecutor.java:129)
	at com.kms.katalon.core.main.TestSuiteExecutor.accessTestSuiteMainPhase(TestSuiteExecutor.java:112)
	at com.kms.katalon.core.main.TestSuiteExecutor.execute(TestSuiteExecutor.java:81)
	at com.kms.katalon.core.main.TestCaseMain.startTestSuite(TestCaseMain.java:142)
	at com.kms.katalon.core.main.TestCaseMain$startTestSuite$0.call(Unknown Source)
	at org.codehaus.groovy.runtime.callsite.CallSiteArray.defaultCall(CallSiteArray.java:48)
	at org.codehaus.groovy.runtime.callsite.AbstractCallSite.call(AbstractCallSite.java:113)
	at org.codehaus.groovy.runtime.callsite.AbstractCallSite.call(AbstractCallSite.java:141)
	at TempTestSuite1545198601642.run(TempTestSuite1545198601642.groovy:36)
	at groovy.lang.GroovyShell.runScriptOrMainOrTestOrRunnable(GroovyShell.java:263)
	at groovy.lang.GroovyShell.run(GroovyShell.java:518)
	at groovy.lang.GroovyShell.run(GroovyShell.java:507)
	at groovy.ui.GroovyMain.processOnce(GroovyMain.java:653)
	at groovy.ui.GroovyMain.run(GroovyMain.java:384)
	at groovy.ui.GroovyMain.process(GroovyMain.java:370)
	at groovy.ui.GroovyMain.processArgs(GroovyMain.java:129)
	at groovy.ui.GroovyMain.main(GroovyMain.java:109)
	at sun.reflect.NativeMethodAccessorImpl.invoke0(Native Method)
	at sun.reflect.NativeMethodAccessorImpl.invoke(NativeMethodAccessorImpl.java:62)
	at sun.reflect.DelegatingMethodAccessorImpl.invoke(DelegatingMethodAccessorImpl.java:43)
	at java.lang.reflect.Method.invoke(Method.java:498)
	at org.codehaus.groovy.tools.GroovyStarter.rootLoader(GroovyStarter.java:109)
	at org.codehaus.groovy.tools.GroovyStarter.main(GroovyStarter.java:131)
)]]></system-err>
      </testcase>
      <testcase name="Test Cases/AppcoAdmin/add_retailer_Appco" classname="Test Cases/AppcoAdmin/add_retailer_Appco" status="FAILED">
         <failure type="FAILED" message="(Stack trace: com.kms.katalon.core.exception.StepFailedException: com.kms.katalon.core.webui.exception.WebElementNotFoundException: Web element with id: 'Object Repository/Retailer creation/inventory_object repo/h5_Success  Congratulations Yo' located by 'By.xpath: //h5[@id = 'exactmsg' and (text() = 'Success:  Congratulations!! You have successfully added retailer. Email has been sent to his email id!' or . = 'Success:  Congratulations!! You have successfully added retailer. Email has been sent to his email id!')]' not found
	at com.kms.katalon.core.keyword.internal.KeywordMain.stepFailed(KeywordMain.groovy:32)
	at com.kms.katalon.core.webui.keyword.internal.WebUIKeywordMain.stepFailed(WebUIKeywordMain.groovy:65)
	at com.kms.katalon.core.webui.keyword.builtin.VerifyElementTextKeyword$_verifyElementText_closure1.doCall(VerifyElementTextKeyword.groovy:64)
	at com.kms.katalon.core.webui.keyword.builtin.VerifyElementTextKeyword$_verifyElementText_closure1.call(VerifyElementTextKeyword.groovy)
	at com.kms.katalon.core.webui.keyword.internal.WebUIKeywordMain.runKeyword(WebUIKeywordMain.groovy:21)
	at com.kms.katalon.core.webui.keyword.builtin.VerifyElementTextKeyword.verifyElementText(VerifyElementTextKeyword.groovy:72)
	at com.kms.katalon.core.webui.keyword.builtin.VerifyElementTextKeyword.execute(VerifyElementTextKeyword.groovy:40)
	at com.kms.katalon.core.keyword.internal.KeywordExecutor.executeKeywordForPlatform(KeywordExecutor.groovy:53)
	at com.kms.katalon.core.webui.keyword.WebUiBuiltInKeywords.verifyElementText(WebUiBuiltInKeywords.groovy:3647)
	at com.kms.katalon.core.webui.keyword.WebUiBuiltInKeywords$verifyElementText$8.call(Unknown Source)
	at org.codehaus.groovy.runtime.callsite.CallSiteArray.defaultCall(CallSiteArray.java:48)
	at org.codehaus.groovy.runtime.callsite.AbstractCallSite.call(AbstractCallSite.java:113)
	at org.codehaus.groovy.runtime.callsite.AbstractCallSite.call(AbstractCallSite.java:141)
	at Script1544080169223.run(Script1544080169223.groovy:80)
	at com.kms.katalon.core.main.ScriptEngine.run(ScriptEngine.java:183)
	at com.kms.katalon.core.main.ScriptEngine.runScriptAsRawText(ScriptEngine.java:108)
	at com.kms.katalon.core.main.TestCaseExecutor.runScript(TestCaseExecutor.java:294)
	at com.kms.katalon.core.main.TestCaseExecutor.doExecute(TestCaseExecutor.java:285)
	at com.kms.katalon.core.main.TestCaseExecutor.processExecutionPhase(TestCaseExecutor.java:264)
	at com.kms.katalon.core.main.TestCaseExecutor.accessMainPhase(TestCaseExecutor.java:256)
	at com.kms.katalon.core.main.TestCaseExecutor.execute(TestCaseExecutor.java:200)
	at com.kms.katalon.core.main.TestSuiteExecutor.accessTestCaseMainPhase(TestSuiteExecutor.java:129)
	at com.kms.katalon.core.main.TestSuiteExecutor.accessTestSuiteMainPhase(TestSuiteExecutor.java:112)
	at com.kms.katalon.core.main.TestSuiteExecutor.execute(TestSuiteExecutor.java:81)
	at com.kms.katalon.core.main.TestCaseMain.startTestSuite(TestCaseMain.java:142)
	at com.kms.katalon.core.main.TestCaseMain$startTestSuite$0.call(Unknown Source)
	at org.codehaus.groovy.runtime.callsite.CallSiteArray.defaultCall(CallSiteArray.java:48)
	at org.codehaus.groovy.runtime.callsite.AbstractCallSite.call(AbstractCallSite.java:113)
	at org.codehaus.groovy.runtime.callsite.AbstractCallSite.call(AbstractCallSite.java:141)
	at TempTestSuite1545198601642.run(TempTestSuite1545198601642.groovy:36)
	at groovy.lang.GroovyShell.runScriptOrMainOrTestOrRunnable(GroovyShell.java:263)
	at groovy.lang.GroovyShell.run(GroovyShell.java:518)
	at groovy.lang.GroovyShell.run(GroovyShell.java:507)
	at groovy.ui.GroovyMain.processOnce(GroovyMain.java:653)
	at groovy.ui.GroovyMain.run(GroovyMain.java:384)
	at groovy.ui.GroovyMain.process(GroovyMain.java:370)
	at groovy.ui.GroovyMain.processArgs(GroovyMain.java:129)
	at groovy.ui.GroovyMain.main(GroovyMain.java:109)
	at sun.reflect.NativeMethodAccessorImpl.invoke0(Native Method)
	at sun.reflect.NativeMethodAccessorImpl.invoke(NativeMethodAccessorImpl.java:62)
	at sun.reflect.DelegatingMethodAccessorImpl.invoke(DelegatingMethodAccessorImpl.java:43)
	at java.lang.reflect.Method.invoke(Method.java:498)
	at org.codehaus.groovy.tools.GroovyStarter.rootLoader(GroovyStarter.java:109)
	at org.codehaus.groovy.tools.GroovyStarter.main(GroovyStarter.java:131)
)"/>
         <system-out><![CDATA[2018-12-19 11:22:04 - [TEST_CASE][FAILED] - Test Cases/AppcoAdmin/add_retailer_Appco: Test Cases/AppcoAdmin/add_retailer_Appco FAILED because (of) (Stack trace: com.kms.katalon.core.exception.StepFailedException: com.kms.katalon.core.webui.exception.WebElementNotFoundException: Web element with id: 'Object Repository/Retailer creation/inventory_object repo/h5_Success  Congratulations Yo' located by 'By.xpath: //h5[@id = 'exactmsg' and (text() = 'Success:  Congratulations!! You have successfully added retailer. Email has been sent to his email id!' or . = 'Success:  Congratulations!! You have successfully added retailer. Email has been sent to his email id!')]' not found
	at com.kms.katalon.core.keyword.internal.KeywordMain.stepFailed(KeywordMain.groovy:32)
	at com.kms.katalon.core.webui.keyword.internal.WebUIKeywordMain.stepFailed(WebUIKeywordMain.groovy:65)
	at com.kms.katalon.core.webui.keyword.builtin.VerifyElementTextKeyword$_verifyElementText_closure1.doCall(VerifyElementTextKeyword.groovy:64)
	at com.kms.katalon.core.webui.keyword.builtin.VerifyElementTextKeyword$_verifyElementText_closure1.call(VerifyElementTextKeyword.groovy)
	at com.kms.katalon.core.webui.keyword.internal.WebUIKeywordMain.runKeyword(WebUIKeywordMain.groovy:21)
	at com.kms.katalon.core.webui.keyword.builtin.VerifyElementTextKeyword.verifyElementText(VerifyElementTextKeyword.groovy:72)
	at com.kms.katalon.core.webui.keyword.builtin.VerifyElementTextKeyword.execute(VerifyElementTextKeyword.groovy:40)
	at com.kms.katalon.core.keyword.internal.KeywordExecutor.executeKeywordForPlatform(KeywordExecutor.groovy:53)
	at com.kms.katalon.core.webui.keyword.WebUiBuiltInKeywords.verifyElementText(WebUiBuiltInKeywords.groovy:3647)
	at com.kms.katalon.core.webui.keyword.WebUiBuiltInKeywords$verifyElementText$8.call(Unknown Source)
	at org.codehaus.groovy.runtime.callsite.CallSiteArray.defaultCall(CallSiteArray.java:48)
	at org.codehaus.groovy.runtime.callsite.AbstractCallSite.call(AbstractCallSite.java:113)
	at org.codehaus.groovy.runtime.callsite.AbstractCallSite.call(AbstractCallSite.java:141)
	at Script1544080169223.run(Script1544080169223.groovy:80)
	at com.kms.katalon.core.main.ScriptEngine.run(ScriptEngine.java:183)
	at com.kms.katalon.core.main.ScriptEngine.runScriptAsRawText(ScriptEngine.java:108)
	at com.kms.katalon.core.main.TestCaseExecutor.runScript(TestCaseExecutor.java:294)
	at com.kms.katalon.core.main.TestCaseExecutor.doExecute(TestCaseExecutor.java:285)
	at com.kms.katalon.core.main.TestCaseExecutor.processExecutionPhase(TestCaseExecutor.java:264)
	at com.kms.katalon.core.main.TestCaseExecutor.accessMainPhase(TestCaseExecutor.java:256)
	at com.kms.katalon.core.main.TestCaseExecutor.execute(TestCaseExecutor.java:200)
	at com.kms.katalon.core.main.TestSuiteExecutor.accessTestCaseMainPhase(TestSuiteExecutor.java:129)
	at com.kms.katalon.core.main.TestSuiteExecutor.accessTestSuiteMainPhase(TestSuiteExecutor.java:112)
	at com.kms.katalon.core.main.TestSuiteExecutor.execute(TestSuiteExecutor.java:81)
	at com.kms.katalon.core.main.TestCaseMain.startTestSuite(TestCaseMain.java:142)
	at com.kms.katalon.core.main.TestCaseMain$startTestSuite$0.call(Unknown Source)
	at org.codehaus.groovy.runtime.callsite.CallSiteArray.defaultCall(CallSiteArray.java:48)
	at org.codehaus.groovy.runtime.callsite.AbstractCallSite.call(AbstractCallSite.java:113)
	at org.codehaus.groovy.runtime.callsite.AbstractCallSite.call(AbstractCallSite.java:141)
	at TempTestSuite1545198601642.run(TempTestSuite1545198601642.groovy:36)
	at groovy.lang.GroovyShell.runScriptOrMainOrTestOrRunnable(GroovyShell.java:263)
	at groovy.lang.GroovyShell.run(GroovyShell.java:518)
	at groovy.lang.GroovyShell.run(GroovyShell.java:507)
	at groovy.ui.GroovyMain.processOnce(GroovyMain.java:653)
	at groovy.ui.GroovyMain.run(GroovyMain.java:384)
	at groovy.ui.GroovyMain.process(GroovyMain.java:370)
	at groovy.ui.GroovyMain.processArgs(GroovyMain.java:129)
	at groovy.ui.GroovyMain.main(GroovyMain.java:109)
	at sun.reflect.NativeMethodAccessorImpl.invoke0(Native Method)
	at sun.reflect.NativeMethodAccessorImpl.invoke(NativeMethodAccessorImpl.java:62)
	at sun.reflect.DelegatingMethodAccessorImpl.invoke(DelegatingMethodAccessorImpl.java:43)
	at java.lang.reflect.Method.invoke(Method.java:498)
	at org.codehaus.groovy.tools.GroovyStarter.rootLoader(GroovyStarter.java:109)
	at org.codehaus.groovy.tools.GroovyStarter.main(GroovyStarter.java:131)
)

2018-12-19 11:22:04 - [TEST_STEP][PASSED] - callTestCase: Call Test Case 'Test Cases/Call Test Case/Login_Appco_testcase' successfully

2018-12-19 11:22:04 - [TEST_CASE][PASSED] - Test Cases/Call Test Case/Login_Appco_testcase: Test Cases/Call Test Case/Login_Appco_testcase

2018-12-19 11:22:04 - [TEST_STEP][PASSED] - openBrowser: Browser is opened with url: ''

2018-12-19 11:22:04 - [MESSAGE][WARNING] - A browser is already opened. Closing browser and opening a new one

2018-12-19 11:22:07 - [MESSAGE][PASSED] - Browser is opened with url: ''

2018-12-19 11:22:07 - [TEST_STEP][PASSED] - navigateToUrl: Navigate to 'https://app-qa.appcohesion.io/' successfully

2018-12-19 11:22:12 - [MESSAGE][PASSED] - Navigate to 'https://app-qa.appcohesion.io/' successfully

2018-12-19 11:22:12 - [TEST_STEP][PASSED] - maximizeWindow: Current window maximized

2018-12-19 11:22:13 - [MESSAGE][PASSED] - Current window maximized

2018-12-19 11:22:13 - [TEST_STEP][PASSED] - setText: Text 'surunewadmin' is set on object 'Object Repository/add_retailer_gmail/Page_AppCohesion/input_User Name_ac_username'

2018-12-19 11:22:13 - [MESSAGE][PASSED] - Text 'surunewadmin' is set on object 'Object Repository/add_retailer_gmail/Page_AppCohesion/input_User Name_ac_username'

2018-12-19 11:22:13 - [TEST_STEP][PASSED] - setText: Text '9tlTx3@y' is set on object 'Object Repository/Retailer creation/Page_AppCohesion/input_Password_ac_password'

2018-12-19 11:22:13 - [MESSAGE][PASSED] - Text '9tlTx3@y' is set on object 'Object Repository/Retailer creation/Page_AppCohesion/input_Password_ac_password'

2018-12-19 11:22:13 - [TEST_STEP][PASSED] - click: Object: 'Object Repository/Login_OR/Page_AppCohesion/button_Login Now' is clicked on

2018-12-19 11:22:13 - [MESSAGE][PASSED] - Object: 'Object Repository/Login_OR/Page_AppCohesion/button_Login Now' is clicked on

2018-12-19 11:22:13 - [TEST_STEP][PASSED] - delay: Delayed 10 second(s)

2018-12-19 11:22:23 - [MESSAGE][PASSED] - Delayed 10 second(s)

2018-12-19 11:22:23 - [MESSAGE][PASSED] - Call Test Case 'Test Cases/Call Test Case/Login_Appco_testcase' successfully

2018-12-19 11:22:23 - [TEST_STEP][PASSED] - click: Object: 'Object Repository/add_retailer_gmail/Page_AppCohesion/a_Retailers              Retai' is clicked on

2018-12-19 11:22:28 - [MESSAGE][PASSED] - Object: 'Object Repository/add_retailer_gmail/Page_AppCohesion/a_Retailers              Retai' is clicked on

2018-12-19 11:22:28 - [TEST_STEP][PASSED] - delay: Delayed 5 second(s)

2018-12-19 11:22:33 - [MESSAGE][PASSED] - Delayed 5 second(s)

2018-12-19 11:22:33 - [TEST_STEP][PASSED] - click: Object: 'Object Repository/add_retailer_gmail/Page_AppCohesion/a_ADD RETAILER' is clicked on

2018-12-19 11:22:33 - [MESSAGE][PASSED] - Object: 'Object Repository/add_retailer_gmail/Page_AppCohesion/a_ADD RETAILER' is clicked on

2018-12-19 11:22:33 - [TEST_STEP][PASSED] - verifyElementVisible: Object 'Object Repository/Retailer creation/Page_AppCohesion/select_Appco Retailer' is visible

2018-12-19 11:22:33 - [MESSAGE][PASSED] - Object 'Object Repository/Retailer creation/Page_AppCohesion/select_Appco Retailer' is visible

2018-12-19 11:22:33 - [TEST_STEP][PASSED] - selectOptionByLabel: All options with label 'Appco Retailer' are selected in object 'Object Repository/Retailer creation/Page_AppCohesion/select_Appco Retailer'  using regular expression

2018-12-19 11:22:33 - [MESSAGE][PASSED] - All options with label 'Appco Retailer' are selected in object 'Object Repository/Retailer creation/Page_AppCohesion/select_Appco Retailer'  using regular expression

2018-12-19 11:22:33 - [TEST_STEP][PASSED] - setText: Text 'New AAA Appco' is set on object 'Object Repository/add_retailer_gmail/Page_AppCohesion/input_RETAILER NAME_retailerNa'

2018-12-19 11:22:34 - [MESSAGE][PASSED] - Text 'New AAA Appco' is set on object 'Object Repository/add_retailer_gmail/Page_AppCohesion/input_RETAILER NAME_retailerNa'

2018-12-19 11:22:34 - [TEST_STEP][PASSED] - Statement - rn_uname = <not implemented yet for class: org.codehaus.groovy.ast.expr.EmptyExpression>: null

2018-12-19 11:22:34 - [TEST_STEP][PASSED] - Statement - rn_uname = java.lang.Math.random() * 500: null

2018-12-19 11:22:34 - [TEST_STEP][PASSED] - setText: Text 'NewRetailerAdmin497' is set on object 'Object Repository/add_retailer_gmail/Page_AppCohesion/input_USER NAME_userName'

2018-12-19 11:22:34 - [MESSAGE][PASSED] - Text 'NewRetailerAdmin497' is set on object 'Object Repository/add_retailer_gmail/Page_AppCohesion/input_USER NAME_userName'

2018-12-19 11:22:34 - [TEST_STEP][PASSED] - Statement - rn_email = <not implemented yet for class: org.codehaus.groovy.ast.expr.EmptyExpression>: null

2018-12-19 11:22:34 - [TEST_STEP][PASSED] - Statement - rn_email = java.lang.Math.random() * 500: null

2018-12-19 11:22:34 - [TEST_STEP][PASSED] - setText: Text 'snekalatha.r313@iinerds.com' is set on object 'Object Repository/add_retailer_gmail/Page_AppCohesion/input_EMAIL ID_emailId'

2018-12-19 11:22:34 - [MESSAGE][PASSED] - Text 'snekalatha.r313@iinerds.com' is set on object 'Object Repository/add_retailer_gmail/Page_AppCohesion/input_EMAIL ID_emailId'

2018-12-19 11:22:34 - [TEST_STEP][PASSED] - setText: Text 'NewRetailer' is set on object 'Object Repository/add_retailer_gmail/Page_AppCohesion/input_FIRST NAME_firstName'

2018-12-19 11:22:35 - [MESSAGE][PASSED] - Text 'NewRetailer' is set on object 'Object Repository/add_retailer_gmail/Page_AppCohesion/input_FIRST NAME_firstName'

2018-12-19 11:22:35 - [TEST_STEP][PASSED] - setText: Text 'New Retailer' is set on object 'Object Repository/add_retailer_gmail/Page_AppCohesion/input_LAST NAME_lastName'

2018-12-19 11:22:35 - [MESSAGE][PASSED] - Text 'New Retailer' is set on object 'Object Repository/add_retailer_gmail/Page_AppCohesion/input_LAST NAME_lastName'

2018-12-19 11:22:35 - [TEST_STEP][PASSED] - setText: Text '9/10, New QA Build11' is set on object 'Object Repository/add_retailer_gmail/Page_AppCohesion/input_RETAILER ADDRESS 1_retai'

2018-12-19 11:22:35 - [MESSAGE][PASSED] - Text '9/10, New QA Build11' is set on object 'Object Repository/add_retailer_gmail/Page_AppCohesion/input_RETAILER ADDRESS 1_retai'

2018-12-19 11:22:35 - [TEST_STEP][PASSED] - setText: Text '11/28, New Street lane' is set on object 'Object Repository/add_retailer_gmail/Page_AppCohesion/input_RETAILER ADDRESS 2_retai'

2018-12-19 11:22:35 - [MESSAGE][PASSED] - Text '11/28, New Street lane' is set on object 'Object Repository/add_retailer_gmail/Page_AppCohesion/input_RETAILER ADDRESS 2_retai'

2018-12-19 11:22:35 - [TEST_STEP][PASSED] - setText: Text '(446) 626-2462' is set on object 'Object Repository/add_retailer_gmail/Page_AppCohesion/input_PHONE NUMBER_phoneNumber'

2018-12-19 11:22:35 - [MESSAGE][PASSED] - Text '(446) 626-2462' is set on object 'Object Repository/add_retailer_gmail/Page_AppCohesion/input_PHONE NUMBER_phoneNumber'

2018-12-19 11:22:35 - [TEST_STEP][PASSED] - setText: Text '75444' is set on object 'Object Repository/add_retailer_gmail/Page_AppCohesion/input_ZIP CODE_zip'

2018-12-19 11:22:35 - [MESSAGE][PASSED] - Text '75444' is set on object 'Object Repository/add_retailer_gmail/Page_AppCohesion/input_ZIP CODE_zip'

2018-12-19 11:22:35 - [TEST_STEP][PASSED] - setText: Text 'Golden' is set on object 'Object Repository/add_retailer_gmail/Page_AppCohesion/input_CITY_city'

2018-12-19 11:22:35 - [MESSAGE][PASSED] - Text 'Golden' is set on object 'Object Repository/add_retailer_gmail/Page_AppCohesion/input_CITY_city'

2018-12-19 11:22:35 - [TEST_STEP][PASSED] - setText: Text 'Texas' is set on object 'Object Repository/add_retailer_gmail/Page_AppCohesion/input_STATE_state'

2018-12-19 11:22:35 - [MESSAGE][PASSED] - Text 'Texas' is set on object 'Object Repository/add_retailer_gmail/Page_AppCohesion/input_STATE_state'

2018-12-19 11:22:35 - [TEST_STEP][PASSED] - setText: Text '574846848468' is set on object 'Object Repository/add_retailer_gmail/Page_AppCohesion/input_BANK ROUTING ID_bankId'

2018-12-19 11:22:36 - [MESSAGE][PASSED] - Text '574846848468' is set on object 'Object Repository/add_retailer_gmail/Page_AppCohesion/input_BANK ROUTING ID_bankId'

2018-12-19 11:22:36 - [TEST_STEP][PASSED] - setText: Text 'bb bank' is set on object 'Object Repository/add_retailer_gmail/Page_AppCohesion/input_BANK NAME_bankName'

2018-12-19 11:22:36 - [MESSAGE][PASSED] - Text 'bb bank' is set on object 'Object Repository/add_retailer_gmail/Page_AppCohesion/input_BANK NAME_bankName'

2018-12-19 11:22:36 - [TEST_STEP][PASSED] - setText: Text '45747467468468' is set on object 'Object Repository/add_retailer_gmail/Page_AppCohesion/input_BANK AC NUMBER_accountNu'

2018-12-19 11:22:36 - [MESSAGE][PASSED] - Text '45747467468468' is set on object 'Object Repository/add_retailer_gmail/Page_AppCohesion/input_BANK AC NUMBER_accountNu'

2018-12-19 11:22:36 - [TEST_STEP][PASSED] - selectOptionByValue: All options with value '0' are selected in object 'Object Repository/Retailer creation/inventory_object repo/Page_AppCohesion/select_AppCoSSGreen SupplyDavi'  using regular expression

2018-12-19 11:22:36 - [MESSAGE][PASSED] - All options with value '0' are selected in object 'Object Repository/Retailer creation/inventory_object repo/Page_AppCohesion/select_AppCoSSGreen SupplyDavi'  using regular expression

2018-12-19 11:22:36 - [TEST_STEP][PASSED] - delay: Delayed 10 second(s)

2018-12-19 11:22:46 - [MESSAGE][PASSED] - Delayed 10 second(s)

2018-12-19 11:22:46 - [TEST_STEP][PASSED] - click: Object: 'Object Repository/add_retailer_gmail/Page_AppCohesion/button_Add Retailer' is clicked on

2018-12-19 11:22:46 - [MESSAGE][PASSED] - Object: 'Object Repository/add_retailer_gmail/Page_AppCohesion/button_Add Retailer' is clicked on

2018-12-19 11:22:46 - [TEST_STEP][PASSED] - delay: Delayed 3 second(s)

2018-12-19 11:22:49 - [MESSAGE][PASSED] - Delayed 3 second(s)

2018-12-19 11:22:49 - [TEST_STEP][FAILED] - verifyElementText: com.kms.katalon.core.webui.exception.WebElementNotFoundException: Web element with id: 'Object Repository/Retailer creation/inventory_object repo/h5_Success  Congratulations Yo' located by 'By.xpath: //h5[@id = 'exactmsg' and (text() = 'Success:  Congratulations!! You have successfully added retailer. Email has been sent to his email id!' or . = 'Success:  Congratulations!! You have successfully added retailer. Email has been sent to his email id!')]' not found

2018-12-19 11:23:21 - [MESSAGE][FAILED] - com.kms.katalon.core.webui.exception.WebElementNotFoundException: Web element with id: 'Object Repository/Retailer creation/inventory_object repo/h5_Success  Congratulations Yo' located by 'By.xpath: //h5[@id = 'exactmsg' and (text() = 'Success:  Congratulations!! You have successfully added retailer. Email has been sent to his email id!' or . = 'Success:  Congratulations!! You have successfully added retailer. Email has been sent to his email id!')]' not found
[[ATTACHMENT|C:\\Users\\Snekalatha R\\git\\QA-KatalonNew\\Reports\\Appco_test_suite\\20181219_112001\\1545198801048.png]]]]></system-out>
         <system-err><![CDATA[2018-12-19 11:22:04 - [TEST_CASE][FAILED] - Test Cases/AppcoAdmin/add_retailer_Appco: Test Cases/AppcoAdmin/add_retailer_Appco FAILED because (of) (Stack trace: com.kms.katalon.core.exception.StepFailedException: com.kms.katalon.core.webui.exception.WebElementNotFoundException: Web element with id: 'Object Repository/Retailer creation/inventory_object repo/h5_Success  Congratulations Yo' located by 'By.xpath: //h5[@id = 'exactmsg' and (text() = 'Success:  Congratulations!! You have successfully added retailer. Email has been sent to his email id!' or . = 'Success:  Congratulations!! You have successfully added retailer. Email has been sent to his email id!')]' not found
	at com.kms.katalon.core.keyword.internal.KeywordMain.stepFailed(KeywordMain.groovy:32)
	at com.kms.katalon.core.webui.keyword.internal.WebUIKeywordMain.stepFailed(WebUIKeywordMain.groovy:65)
	at com.kms.katalon.core.webui.keyword.builtin.VerifyElementTextKeyword$_verifyElementText_closure1.doCall(VerifyElementTextKeyword.groovy:64)
	at com.kms.katalon.core.webui.keyword.builtin.VerifyElementTextKeyword$_verifyElementText_closure1.call(VerifyElementTextKeyword.groovy)
	at com.kms.katalon.core.webui.keyword.internal.WebUIKeywordMain.runKeyword(WebUIKeywordMain.groovy:21)
	at com.kms.katalon.core.webui.keyword.builtin.VerifyElementTextKeyword.verifyElementText(VerifyElementTextKeyword.groovy:72)
	at com.kms.katalon.core.webui.keyword.builtin.VerifyElementTextKeyword.execute(VerifyElementTextKeyword.groovy:40)
	at com.kms.katalon.core.keyword.internal.KeywordExecutor.executeKeywordForPlatform(KeywordExecutor.groovy:53)
	at com.kms.katalon.core.webui.keyword.WebUiBuiltInKeywords.verifyElementText(WebUiBuiltInKeywords.groovy:3647)
	at com.kms.katalon.core.webui.keyword.WebUiBuiltInKeywords$verifyElementText$8.call(Unknown Source)
	at org.codehaus.groovy.runtime.callsite.CallSiteArray.defaultCall(CallSiteArray.java:48)
	at org.codehaus.groovy.runtime.callsite.AbstractCallSite.call(AbstractCallSite.java:113)
	at org.codehaus.groovy.runtime.callsite.AbstractCallSite.call(AbstractCallSite.java:141)
	at Script1544080169223.run(Script1544080169223.groovy:80)
	at com.kms.katalon.core.main.ScriptEngine.run(ScriptEngine.java:183)
	at com.kms.katalon.core.main.ScriptEngine.runScriptAsRawText(ScriptEngine.java:108)
	at com.kms.katalon.core.main.TestCaseExecutor.runScript(TestCaseExecutor.java:294)
	at com.kms.katalon.core.main.TestCaseExecutor.doExecute(TestCaseExecutor.java:285)
	at com.kms.katalon.core.main.TestCaseExecutor.processExecutionPhase(TestCaseExecutor.java:264)
	at com.kms.katalon.core.main.TestCaseExecutor.accessMainPhase(TestCaseExecutor.java:256)
	at com.kms.katalon.core.main.TestCaseExecutor.execute(TestCaseExecutor.java:200)
	at com.kms.katalon.core.main.TestSuiteExecutor.accessTestCaseMainPhase(TestSuiteExecutor.java:129)
	at com.kms.katalon.core.main.TestSuiteExecutor.accessTestSuiteMainPhase(TestSuiteExecutor.java:112)
	at com.kms.katalon.core.main.TestSuiteExecutor.execute(TestSuiteExecutor.java:81)
	at com.kms.katalon.core.main.TestCaseMain.startTestSuite(TestCaseMain.java:142)
	at com.kms.katalon.core.main.TestCaseMain$startTestSuite$0.call(Unknown Source)
	at org.codehaus.groovy.runtime.callsite.CallSiteArray.defaultCall(CallSiteArray.java:48)
	at org.codehaus.groovy.runtime.callsite.AbstractCallSite.call(AbstractCallSite.java:113)
	at org.codehaus.groovy.runtime.callsite.AbstractCallSite.call(AbstractCallSite.java:141)
	at TempTestSuite1545198601642.run(TempTestSuite1545198601642.groovy:36)
	at groovy.lang.GroovyShell.runScriptOrMainOrTestOrRunnable(GroovyShell.java:263)
	at groovy.lang.GroovyShell.run(GroovyShell.java:518)
	at groovy.lang.GroovyShell.run(GroovyShell.java:507)
	at groovy.ui.GroovyMain.processOnce(GroovyMain.java:653)
	at groovy.ui.GroovyMain.run(GroovyMain.java:384)
	at groovy.ui.GroovyMain.process(GroovyMain.java:370)
	at groovy.ui.GroovyMain.processArgs(GroovyMain.java:129)
	at groovy.ui.GroovyMain.main(GroovyMain.java:109)
	at sun.reflect.NativeMethodAccessorImpl.invoke0(Native Method)
	at sun.reflect.NativeMethodAccessorImpl.invoke(NativeMethodAccessorImpl.java:62)
	at sun.reflect.DelegatingMethodAccessorImpl.invoke(DelegatingMethodAccessorImpl.java:43)
	at java.lang.reflect.Method.invoke(Method.java:498)
	at org.codehaus.groovy.tools.GroovyStarter.rootLoader(GroovyStarter.java:109)
	at org.codehaus.groovy.tools.GroovyStarter.main(GroovyStarter.java:131)
)]]></system-err>
      </testcase>
      <testcase name="Test Cases/AppcoAdmin/Appco Login" classname="Test Cases/AppcoAdmin/Appco Login" status="PASSED">
         <system-out><![CDATA[2018-12-19 11:23:21 - [TEST_CASE][PASSED] - Test Cases/AppcoAdmin/Appco Login: Test Cases/AppcoAdmin/Appco Login

2018-12-19 11:23:21 - [TEST_STEP][PASSED] - openBrowser: Browser is opened with url: ''

2018-12-19 11:23:21 - [MESSAGE][WARNING] - A browser is already opened. Closing browser and opening a new one

2018-12-19 11:23:24 - [MESSAGE][PASSED] - Browser is opened with url: ''

2018-12-19 11:23:24 - [TEST_STEP][PASSED] - navigateToUrl: Navigate to 'http://app-qa.appcohesion.io/' successfully

2018-12-19 11:23:27 - [MESSAGE][PASSED] - Navigate to 'http://app-qa.appcohesion.io/' successfully

2018-12-19 11:23:27 - [TEST_STEP][PASSED] - setText: Text 'surunewadmin' is set on object 'Object Repository/Appco Login/Page_AppCohesion/input_User Name_ac_username'

2018-12-19 11:23:28 - [MESSAGE][PASSED] - Text 'surunewadmin' is set on object 'Object Repository/Appco Login/Page_AppCohesion/input_User Name_ac_username'

2018-12-19 11:23:28 - [TEST_STEP][PASSED] - setText: Text '9tlTx3@y' is set on object 'Object Repository/Appco Login/Page_AppCohesion/input_Password_ac_password'

2018-12-19 11:23:28 - [MESSAGE][PASSED] - Text '9tlTx3@y' is set on object 'Object Repository/Appco Login/Page_AppCohesion/input_Password_ac_password'

2018-12-19 11:23:28 - [TEST_STEP][PASSED] - click: Object: 'Object Repository/Appco Login/Page_AppCohesion/button_Login' is clicked on

2018-12-19 11:23:28 - [MESSAGE][PASSED] - Object: 'Object Repository/Appco Login/Page_AppCohesion/button_Login' is clicked on

2018-12-19 11:23:28 - [TEST_STEP][PASSED] - verifyElementVisible: Object 'Object Repository/Appco Login/Page_AppCohesion/em_Welcome Store Tester' is visible

2018-12-19 11:23:31 - [MESSAGE][PASSED] - Object 'Object Repository/Appco Login/Page_AppCohesion/em_Welcome Store Tester' is visible

2018-12-19 11:23:31 - [TEST_STEP][PASSED] - verifyElementText: Actual text and expected text of test object 'Object Repository/Appco Login/Page_AppCohesion/em_Welcome Store Tester' are matched.

2018-12-19 11:23:31 - [MESSAGE][PASSED] - Actual text and expected text of test object 'Object Repository/Appco Login/Page_AppCohesion/em_Welcome Store Tester' are matched.]]></system-out>
         <system-err><![CDATA[]]></system-err>
      </testcase>
      <testcase name="Test Cases/AppcoAdmin/Appco_employeeView" classname="Test Cases/AppcoAdmin/Appco_employeeView" status="PASSED">
         <system-out><![CDATA[2018-12-19 11:23:31 - [TEST_CASE][PASSED] - Test Cases/AppcoAdmin/Appco_employeeView: Test Cases/AppcoAdmin/Appco_employeeView

2018-12-19 11:23:31 - [TEST_STEP][PASSED] - callTestCase: Call Test Case 'Test Cases/Call Test Case/Login_Appco_testcase' successfully

2018-12-19 11:23:31 - [TEST_CASE][PASSED] - Test Cases/Call Test Case/Login_Appco_testcase: Test Cases/Call Test Case/Login_Appco_testcase

2018-12-19 11:23:31 - [TEST_STEP][PASSED] - openBrowser: Browser is opened with url: ''

2018-12-19 11:23:31 - [MESSAGE][WARNING] - A browser is already opened. Closing browser and opening a new one

2018-12-19 11:23:34 - [MESSAGE][PASSED] - Browser is opened with url: ''

2018-12-19 11:23:34 - [TEST_STEP][PASSED] - navigateToUrl: Navigate to 'https://app-qa.appcohesion.io/' successfully

2018-12-19 11:23:39 - [MESSAGE][PASSED] - Navigate to 'https://app-qa.appcohesion.io/' successfully

2018-12-19 11:23:39 - [TEST_STEP][PASSED] - maximizeWindow: Current window maximized

2018-12-19 11:23:40 - [MESSAGE][PASSED] - Current window maximized

2018-12-19 11:23:40 - [TEST_STEP][PASSED] - setText: Text 'surunewadmin' is set on object 'Object Repository/add_retailer_gmail/Page_AppCohesion/input_User Name_ac_username'

2018-12-19 11:23:40 - [MESSAGE][PASSED] - Text 'surunewadmin' is set on object 'Object Repository/add_retailer_gmail/Page_AppCohesion/input_User Name_ac_username'

2018-12-19 11:23:40 - [TEST_STEP][PASSED] - setText: Text '9tlTx3@y' is set on object 'Object Repository/Retailer creation/Page_AppCohesion/input_Password_ac_password'

2018-12-19 11:23:40 - [MESSAGE][PASSED] - Text '9tlTx3@y' is set on object 'Object Repository/Retailer creation/Page_AppCohesion/input_Password_ac_password'

2018-12-19 11:23:40 - [TEST_STEP][PASSED] - click: Object: 'Object Repository/Login_OR/Page_AppCohesion/button_Login Now' is clicked on

2018-12-19 11:23:40 - [MESSAGE][PASSED] - Object: 'Object Repository/Login_OR/Page_AppCohesion/button_Login Now' is clicked on

2018-12-19 11:23:40 - [TEST_STEP][PASSED] - delay: Delayed 10 second(s)

2018-12-19 11:23:50 - [MESSAGE][PASSED] - Delayed 10 second(s)

2018-12-19 11:23:50 - [MESSAGE][PASSED] - Call Test Case 'Test Cases/Call Test Case/Login_Appco_testcase' successfully

2018-12-19 11:23:50 - [TEST_STEP][NOT_RUN] - click: NOT_RUN: click

2018-12-19 11:23:50 - [MESSAGE][NOT_RUN] - NOT_RUN: click

2018-12-19 11:23:50 - [TEST_STEP][PASSED] - click: Object: 'Object Repository/appco_employee_view_new/retailer_employeeview/Page_AppCohesion/a_Employees              Emplo' is clicked on

2018-12-19 11:23:50 - [MESSAGE][PASSED] - Object: 'Object Repository/appco_employee_view_new/retailer_employeeview/Page_AppCohesion/a_Employees              Emplo' is clicked on

2018-12-19 11:23:50 - [TEST_STEP][PASSED] - delay: Delayed 10 second(s)

2018-12-19 11:24:00 - [MESSAGE][PASSED] - Delayed 10 second(s)

2018-12-19 11:24:00 - [TEST_STEP][PASSED] - click: Object: 'Object Repository/retailer admin All Repo/employee_obj_repo/pop up emp object/Page_AppCohesion/collapsible-header_Retailer Ad' is clicked on

2018-12-19 11:24:00 - [MESSAGE][PASSED] - Object: 'Object Repository/retailer admin All Repo/employee_obj_repo/pop up emp object/Page_AppCohesion/collapsible-header_Retailer Ad' is clicked on

2018-12-19 11:24:00 - [TEST_STEP][PASSED] - click: Object: 'Object Repository/retailer admin All Repo/employee_obj_repo/employee_listed_first' is clicked on

2018-12-19 11:24:02 - [MESSAGE][PASSED] - Object: 'Object Repository/retailer admin All Repo/employee_obj_repo/employee_listed_first' is clicked on

2018-12-19 11:24:02 - [TEST_STEP][PASSED] - delay: Delayed 5 second(s)

2018-12-19 11:24:07 - [MESSAGE][PASSED] - Delayed 5 second(s)

2018-12-19 11:24:07 - [TEST_STEP][PASSED] - verifyElementVisible: Object 'Object Repository/appco_employee_view_new/retailer_employeeview/Page_AppCohesion/span_RetailerAdmin' is visible

2018-12-19 11:24:07 - [MESSAGE][PASSED] - Object 'Object Repository/appco_employee_view_new/retailer_employeeview/Page_AppCohesion/span_RetailerAdmin' is visible

2018-12-19 11:24:07 - [TEST_STEP][PASSED] - verifyElementText: Actual text and expected text of test object 'Object Repository/appco_employee_view_new/retailer_employeeview/Page_AppCohesion/span_RetailerAdmin' are matched.

2018-12-19 11:24:07 - [MESSAGE][PASSED] - Actual text and expected text of test object 'Object Repository/appco_employee_view_new/retailer_employeeview/Page_AppCohesion/span_RetailerAdmin' are matched.

2018-12-19 11:24:07 - [TEST_STEP][NOT_RUN] - click: NOT_RUN: click

2018-12-19 11:24:07 - [MESSAGE][NOT_RUN] - NOT_RUN: click

2018-12-19 11:24:07 - [TEST_STEP][PASSED] - click: Object: 'Object Repository/retailer admin All Repo/employee_obj_repo/pop up emp object/Page_AppCohesion/collapsible-header_Retailer Ad' is clicked on

2018-12-19 11:24:07 - [MESSAGE][PASSED] - Object: 'Object Repository/retailer admin All Repo/employee_obj_repo/pop up emp object/Page_AppCohesion/collapsible-header_Retailer Ad' is clicked on

2018-12-19 11:24:07 - [TEST_STEP][PASSED] - delay: Delayed 5 second(s)

2018-12-19 11:24:12 - [MESSAGE][PASSED] - Delayed 5 second(s)

2018-12-19 11:24:12 - [TEST_STEP][PASSED] - click: Object: 'Object Repository/retailer admin All Repo/employee_obj_repo/pop up emp object/Page_AppCohesion/collapsible-header_Store Admin' is clicked on

2018-12-19 11:24:12 - [MESSAGE][PASSED] - Object: 'Object Repository/retailer admin All Repo/employee_obj_repo/pop up emp object/Page_AppCohesion/collapsible-header_Store Admin' is clicked on

2018-12-19 11:24:12 - [TEST_STEP][PASSED] - click: Object: 'Object Repository/employee_obj_repo/store admin list first' is clicked on

2018-12-19 11:24:13 - [MESSAGE][PASSED] - Object: 'Object Repository/employee_obj_repo/store admin list first' is clicked on

2018-12-19 11:24:13 - [TEST_STEP][PASSED] - delay: Delayed 3 second(s)

2018-12-19 11:24:16 - [MESSAGE][PASSED] - Delayed 3 second(s)

2018-12-19 11:24:16 - [TEST_STEP][NOT_RUN] - verifyElementVisible: NOT_RUN: verifyElementVisible

2018-12-19 11:24:16 - [MESSAGE][NOT_RUN] - NOT_RUN: verifyElementVisible

2018-12-19 11:24:16 - [TEST_STEP][PASSED] - verifyElementText: Actual text and expected text of test object 'Object Repository/appco_employee_view_new/retailer_employeeview/Page_AppCohesion/span_StoreAdmin' are matched.

2018-12-19 11:24:16 - [MESSAGE][PASSED] - Actual text and expected text of test object 'Object Repository/appco_employee_view_new/retailer_employeeview/Page_AppCohesion/span_StoreAdmin' are matched.

2018-12-19 11:24:16 - [TEST_STEP][PASSED] - click: Object: 'Object Repository/appco_employee_view_new/retailer_employeeview/Page_AppCohesion/span_Loading POS Retailer admi' is clicked on

2018-12-19 11:24:17 - [MESSAGE][PASSED] - Object: 'Object Repository/appco_employee_view_new/retailer_employeeview/Page_AppCohesion/span_Loading POS Retailer admi' is clicked on

2018-12-19 11:24:17 - [TEST_STEP][PASSED] - click: Object: 'Object Repository/retailer admin All Repo/employee_obj_repo/pop up emp object/Page_AppCohesion/collapsible-header_Store Admin' is clicked on

2018-12-19 11:24:17 - [MESSAGE][PASSED] - Object: 'Object Repository/retailer admin All Repo/employee_obj_repo/pop up emp object/Page_AppCohesion/collapsible-header_Store Admin' is clicked on

2018-12-19 11:24:17 - [TEST_STEP][PASSED] - delay: Delayed 5 second(s)

2018-12-19 11:24:22 - [MESSAGE][PASSED] - Delayed 5 second(s)

2018-12-19 11:24:22 - [TEST_STEP][PASSED] - click: Object: 'Object Repository/retailer admin All Repo/employee_obj_repo/retailer_employeeview/Page_AppCohesion/collapsible-header_Store Users' is clicked on

2018-12-19 11:24:22 - [MESSAGE][PASSED] - Object: 'Object Repository/retailer admin All Repo/employee_obj_repo/retailer_employeeview/Page_AppCohesion/collapsible-header_Store Users' is clicked on

2018-12-19 11:24:22 - [TEST_STEP][PASSED] - click: Object: 'Object Repository/employee_obj_repo/storeuser_listed_first' is clicked on

2018-12-19 11:24:23 - [MESSAGE][PASSED] - Object: 'Object Repository/employee_obj_repo/storeuser_listed_first' is clicked on

2018-12-19 11:24:23 - [TEST_STEP][PASSED] - delay: Delayed 3 second(s)

2018-12-19 11:24:26 - [MESSAGE][PASSED] - Delayed 3 second(s)

2018-12-19 11:24:26 - [TEST_STEP][NOT_RUN] - verifyElementVisible: NOT_RUN: verifyElementVisible

2018-12-19 11:24:26 - [MESSAGE][NOT_RUN] - NOT_RUN: verifyElementVisible

2018-12-19 11:24:26 - [TEST_STEP][PASSED] - verifyElementText: Actual text and expected text of test object 'Object Repository/appco_employee_view_new/retailer_employeeview/Page_AppCohesion/span_POSUser' are matched.

2018-12-19 11:24:26 - [MESSAGE][PASSED] - Actual text and expected text of test object 'Object Repository/appco_employee_view_new/retailer_employeeview/Page_AppCohesion/span_POSUser' are matched.

2018-12-19 11:24:26 - [TEST_STEP][NOT_RUN] - click: NOT_RUN: click

2018-12-19 11:24:26 - [MESSAGE][NOT_RUN] - NOT_RUN: click

2018-12-19 11:24:26 - [TEST_STEP][PASSED] - click: Object: 'Object Repository/retailer admin All Repo/employee_obj_repo/pop up emp object/Page_AppCohesion/collapsible-header_Store Users' is clicked on

2018-12-19 11:24:26 - [MESSAGE][PASSED] - Object: 'Object Repository/retailer admin All Repo/employee_obj_repo/pop up emp object/Page_AppCohesion/collapsible-header_Store Users' is clicked on

2018-12-19 11:24:26 - [TEST_STEP][PASSED] - delay: Delayed 5 second(s)

2018-12-19 11:24:31 - [MESSAGE][PASSED] - Delayed 5 second(s)

2018-12-19 11:24:31 - [TEST_STEP][PASSED] - click: Object: 'Object Repository/Appco Login/employee repo/collapsible-header_POS Retaile' is clicked on

2018-12-19 11:24:31 - [MESSAGE][PASSED] - Object: 'Object Repository/Appco Login/employee repo/collapsible-header_POS Retaile' is clicked on

2018-12-19 11:24:31 - [TEST_STEP][PASSED] - verifyElementVisible: Object 'Object Repository/Appco Login/employee repo/h5_POSRetailerAdmin' is visible

2018-12-19 11:24:32 - [MESSAGE][PASSED] - Object 'Object Repository/Appco Login/employee repo/h5_POSRetailerAdmin' is visible

2018-12-19 11:24:32 - [TEST_STEP][PASSED] - click: Object: 'Object Repository/Appco Login/employee repo/li_multepicormultepicormultepi' is clicked on

2018-12-19 11:24:32 - [MESSAGE][PASSED] - Object: 'Object Repository/Appco Login/employee repo/li_multepicormultepicormultepi' is clicked on

2018-12-19 11:24:32 - [TEST_STEP][PASSED] - delay: Delayed 5 second(s)

2018-12-19 11:24:37 - [MESSAGE][PASSED] - Delayed 5 second(s)

2018-12-19 11:24:37 - [TEST_STEP][PASSED] - verifyElementText: Actual text and expected text of test object 'Object Repository/Appco Login/employee repo/span_POSRetailerAdmin' are matched.

2018-12-19 11:24:37 - [MESSAGE][PASSED] - Actual text and expected text of test object 'Object Repository/Appco Login/employee repo/span_POSRetailerAdmin' are matched.

2018-12-19 11:24:37 - [TEST_STEP][PASSED] - click: Object: 'Object Repository/Appco Login/employee repo/collapsible-header_POS Retaile' is clicked on

2018-12-19 11:24:37 - [MESSAGE][PASSED] - Object: 'Object Repository/Appco Login/employee repo/collapsible-header_POS Retaile' is clicked on

2018-12-19 11:24:37 - [TEST_STEP][PASSED] - delay: Delayed 3 second(s)

2018-12-19 11:24:40 - [MESSAGE][PASSED] - Delayed 3 second(s)

2018-12-19 11:24:40 - [TEST_STEP][PASSED] - click: Object: 'Object Repository/appco_employee_view_new/retailer_employeeview/Page_AppCohesion/a_Dashboard              Dashb' is clicked on

2018-12-19 11:24:41 - [MESSAGE][PASSED] - Object: 'Object Repository/appco_employee_view_new/retailer_employeeview/Page_AppCohesion/a_Dashboard              Dashb' is clicked on]]></system-out>
         <system-err><![CDATA[]]></system-err>
      </testcase>
      <testcase name="Test Cases/AppcoAdmin/Appco_employee_Creation_edit_delete" classname="Test Cases/AppcoAdmin/Appco_employee_Creation_edit_delete" status="PASSED">
         <system-out><![CDATA[2018-12-19 11:24:41 - [TEST_CASE][PASSED] - Test Cases/AppcoAdmin/Appco_employee_Creation_edit_delete: Test Cases/AppcoAdmin/Appco_employee_Creation_edit_delete

2018-12-19 11:24:41 - [TEST_STEP][PASSED] - callTestCase: Call Test Case 'Test Cases/Call Test Case/Login_Appco_testcase' successfully

2018-12-19 11:24:41 - [TEST_CASE][PASSED] - Test Cases/Call Test Case/Login_Appco_testcase: Test Cases/Call Test Case/Login_Appco_testcase

2018-12-19 11:24:41 - [TEST_STEP][PASSED] - openBrowser: Browser is opened with url: ''

2018-12-19 11:24:41 - [MESSAGE][WARNING] - A browser is already opened. Closing browser and opening a new one

2018-12-19 11:24:43 - [MESSAGE][PASSED] - Browser is opened with url: ''

2018-12-19 11:24:43 - [TEST_STEP][PASSED] - navigateToUrl: Navigate to 'https://app-qa.appcohesion.io/' successfully

2018-12-19 11:24:48 - [MESSAGE][PASSED] - Navigate to 'https://app-qa.appcohesion.io/' successfully

2018-12-19 11:24:48 - [TEST_STEP][PASSED] - maximizeWindow: Current window maximized

2018-12-19 11:24:50 - [MESSAGE][PASSED] - Current window maximized

2018-12-19 11:24:50 - [TEST_STEP][PASSED] - setText: Text 'surunewadmin' is set on object 'Object Repository/add_retailer_gmail/Page_AppCohesion/input_User Name_ac_username'

2018-12-19 11:24:50 - [MESSAGE][PASSED] - Text 'surunewadmin' is set on object 'Object Repository/add_retailer_gmail/Page_AppCohesion/input_User Name_ac_username'

2018-12-19 11:24:50 - [TEST_STEP][PASSED] - setText: Text '9tlTx3@y' is set on object 'Object Repository/Retailer creation/Page_AppCohesion/input_Password_ac_password'

2018-12-19 11:24:50 - [MESSAGE][PASSED] - Text '9tlTx3@y' is set on object 'Object Repository/Retailer creation/Page_AppCohesion/input_Password_ac_password'

2018-12-19 11:24:50 - [TEST_STEP][PASSED] - click: Object: 'Object Repository/Login_OR/Page_AppCohesion/button_Login Now' is clicked on

2018-12-19 11:24:50 - [MESSAGE][PASSED] - Object: 'Object Repository/Login_OR/Page_AppCohesion/button_Login Now' is clicked on

2018-12-19 11:24:50 - [TEST_STEP][PASSED] - delay: Delayed 10 second(s)

2018-12-19 11:25:00 - [MESSAGE][PASSED] - Delayed 10 second(s)

2018-12-19 11:25:00 - [MESSAGE][PASSED] - Call Test Case 'Test Cases/Call Test Case/Login_Appco_testcase' successfully

2018-12-19 11:25:00 - [TEST_STEP][PASSED] - verifyElementVisible: Object 'Object Repository/employee_obj_repo/emp_tab' is visible

2018-12-19 11:25:00 - [MESSAGE][PASSED] - Object 'Object Repository/employee_obj_repo/emp_tab' is visible

2018-12-19 11:25:00 - [TEST_STEP][PASSED] - click: Object: 'Object Repository/employee_obj_repo/emp_tab' is clicked on

2018-12-19 11:25:00 - [MESSAGE][PASSED] - Object: 'Object Repository/employee_obj_repo/emp_tab' is clicked on

2018-12-19 11:25:00 - [TEST_STEP][PASSED] - delay: Delayed 5 second(s)

2018-12-19 11:25:05 - [MESSAGE][PASSED] - Delayed 5 second(s)

2018-12-19 11:25:05 - [TEST_STEP][PASSED] - selectOptionByLabel: All options with label 'New Retailer KatalonAuto' are selected in object 'Object Repository/Appco Login/employee repo/select_All                  AA'  using regular expression

2018-12-19 11:25:09 - [MESSAGE][PASSED] - All options with label 'New Retailer KatalonAuto' are selected in object 'Object Repository/Appco Login/employee repo/select_All                  AA'  using regular expression

2018-12-19 11:25:09 - [TEST_STEP][PASSED] - delay: Delayed 3 second(s)

2018-12-19 11:25:12 - [MESSAGE][PASSED] - Delayed 3 second(s)

2018-12-19 11:25:12 - [TEST_STEP][PASSED] - verifyElementVisible: Object 'Object Repository/employee_obj_repo/emp_new_button' is visible

2018-12-19 11:25:12 - [MESSAGE][PASSED] - Object 'Object Repository/employee_obj_repo/emp_new_button' is visible

2018-12-19 11:25:12 - [TEST_STEP][PASSED] - click: Object: 'Object Repository/employee_obj_repo/emp_new_button' is clicked on

2018-12-19 11:25:12 - [MESSAGE][PASSED] - Object: 'Object Repository/employee_obj_repo/emp_new_button' is clicked on

2018-12-19 11:25:12 - [TEST_STEP][PASSED] - delay: Delayed 5 second(s)

2018-12-19 11:25:17 - [MESSAGE][PASSED] - Delayed 5 second(s)

2018-12-19 11:25:17 - [TEST_STEP][PASSED] - verifyElementVisible: Object 'Object Repository/employee_obj_repo/Page_AppCohesion/label_Retailer Admin' is visible

2018-12-19 11:25:26 - [MESSAGE][PASSED] - Object 'Object Repository/employee_obj_repo/Page_AppCohesion/label_Retailer Admin' is visible

2018-12-19 11:25:26 - [TEST_STEP][PASSED] - verifyElementText: Actual text and expected text of test object 'Object Repository/employee_obj_repo/Page_AppCohesion/label_Retailer Admin' are matched.

2018-12-19 11:25:26 - [MESSAGE][PASSED] - Actual text and expected text of test object 'Object Repository/employee_obj_repo/Page_AppCohesion/label_Retailer Admin' are matched.

2018-12-19 11:25:26 - [TEST_STEP][PASSED] - click: Object: 'Object Repository/employee_obj_repo/Page_AppCohesion/label_Retailer Admin' is clicked on

2018-12-19 11:25:27 - [MESSAGE][PASSED] - Object: 'Object Repository/employee_obj_repo/Page_AppCohesion/label_Retailer Admin' is clicked on

2018-12-19 11:25:27 - [TEST_STEP][NOT_RUN] - selectOptionByValue: NOT_RUN: selectOptionByValue

2018-12-19 11:25:27 - [MESSAGE][NOT_RUN] - NOT_RUN: selectOptionByValue

2018-12-19 11:25:27 - [TEST_STEP][PASSED] - delay: Delayed 3 second(s)

2018-12-19 11:25:30 - [MESSAGE][PASSED] - Delayed 3 second(s)

2018-12-19 11:25:30 - [TEST_STEP][PASSED] - setText: Text 'NewRetailerKatalon' is set on object 'Object Repository/employee_obj_repo/Emp_firstname'

2018-12-19 11:25:30 - [MESSAGE][PASSED] - Text 'NewRetailerKatalon' is set on object 'Object Repository/employee_obj_repo/Emp_firstname'

2018-12-19 11:25:30 - [TEST_STEP][PASSED] - setText: Text 'NewRetailerKatalon' is set on object 'Object Repository/employee_obj_repo/emp_lastname'

2018-12-19 11:25:30 - [MESSAGE][PASSED] - Text 'NewRetailerKatalon' is set on object 'Object Repository/employee_obj_repo/emp_lastname'

2018-12-19 11:25:30 - [TEST_STEP][PASSED] - Statement - rn_uname = <not implemented yet for class: org.codehaus.groovy.ast.expr.EmptyExpression>: null

2018-12-19 11:25:30 - [TEST_STEP][PASSED] - Statement - rn_uname = java.lang.Math.random() * 500: null

2018-12-19 11:25:30 - [TEST_STEP][PASSED] - setText: Text 'NewRetailerKatalon435' is set on object 'Object Repository/employee_obj_repo/emp_username'

2018-12-19 11:25:30 - [MESSAGE][PASSED] - Text 'NewRetailerKatalon435' is set on object 'Object Repository/employee_obj_repo/emp_username'

2018-12-19 11:25:30 - [TEST_STEP][PASSED] - Statement - rn_email = <not implemented yet for class: org.codehaus.groovy.ast.expr.EmptyExpression>: null

2018-12-19 11:25:30 - [TEST_STEP][PASSED] - Statement - rn_email = java.lang.Math.random() * 500: null

2018-12-19 11:25:30 - [TEST_STEP][PASSED] - setText: Text 'snekalatha.r119@iinerds.com' is set on object 'Object Repository/employee_obj_repo/emp_email'

2018-12-19 11:25:30 - [MESSAGE][PASSED] - Text 'snekalatha.r119@iinerds.com' is set on object 'Object Repository/employee_obj_repo/emp_email'

2018-12-19 11:25:30 - [TEST_STEP][PASSED] - setText: Text '9894591635' is set on object 'Object Repository/employee_obj_repo/emp_phonenumber'

2018-12-19 11:25:30 - [MESSAGE][PASSED] - Text '9894591635' is set on object 'Object Repository/employee_obj_repo/emp_phonenumber'

2018-12-19 11:25:30 - [TEST_STEP][PASSED] - click: Object: 'Object Repository/employee_obj_repo/add_emp_button' is clicked on

2018-12-19 11:25:31 - [MESSAGE][PASSED] - Object: 'Object Repository/employee_obj_repo/add_emp_button' is clicked on

2018-12-19 11:25:31 - [TEST_STEP][PASSED] - comment: Valid email

2018-12-19 11:25:31 - [TEST_STEP][NOT_RUN] - verifyElementVisible: NOT_RUN: verifyElementVisible

2018-12-19 11:25:31 - [MESSAGE][NOT_RUN] - NOT_RUN: verifyElementVisible

2018-12-19 11:25:31 - [TEST_STEP][PASSED] - verifyElementText: Actual text and expected text of test object 'Object Repository/retailer admin All Repo/employee_obj_repo/pop up emp object/h5_Success  Congratulations Yo' are matched.

2018-12-19 11:25:33 - [MESSAGE][PASSED] - Actual text and expected text of test object 'Object Repository/retailer admin All Repo/employee_obj_repo/pop up emp object/h5_Success  Congratulations Yo' are matched.

2018-12-19 11:25:33 - [TEST_STEP][PASSED] - delay: Delayed 10 second(s)

2018-12-19 11:25:43 - [MESSAGE][PASSED] - Delayed 10 second(s)

2018-12-19 11:25:43 - [TEST_STEP][PASSED] - verifyElementVisible: Object 'Object Repository/employee_obj_repo/emp_tab' is visible

2018-12-19 11:25:43 - [MESSAGE][PASSED] - Object 'Object Repository/employee_obj_repo/emp_tab' is visible

2018-12-19 11:25:43 - [TEST_STEP][PASSED] - click: Object: 'Object Repository/employee_obj_repo/emp_tab' is clicked on

2018-12-19 11:25:43 - [MESSAGE][PASSED] - Object: 'Object Repository/employee_obj_repo/emp_tab' is clicked on

2018-12-19 11:25:43 - [TEST_STEP][PASSED] - delay: Delayed 10 second(s)

2018-12-19 11:25:53 - [MESSAGE][PASSED] - Delayed 10 second(s)

2018-12-19 11:25:53 - [TEST_STEP][PASSED] - selectOptionByLabel: All options with label 'New Retailer KatalonAuto' are selected in object 'Object Repository/Appco Login/employee repo/select_All                  AA'  using regular expression

2018-12-19 11:25:58 - [MESSAGE][PASSED] - All options with label 'New Retailer KatalonAuto' are selected in object 'Object Repository/Appco Login/employee repo/select_All                  AA'  using regular expression

2018-12-19 11:25:58 - [TEST_STEP][PASSED] - delay: Delayed 6 second(s)

2018-12-19 11:26:04 - [MESSAGE][PASSED] - Delayed 6 second(s)

2018-12-19 11:26:04 - [TEST_STEP][PASSED] - click: Object: 'Object Repository/employee_obj_repo/retailer_employeeview/Page_AppCohesion/collapsible-header_Retailer Ad' is clicked on

2018-12-19 11:26:04 - [MESSAGE][PASSED] - Object: 'Object Repository/employee_obj_repo/retailer_employeeview/Page_AppCohesion/collapsible-header_Retailer Ad' is clicked on

2018-12-19 11:26:04 - [TEST_STEP][PASSED] - delay: Delayed 5 second(s)

2018-12-19 11:26:09 - [MESSAGE][PASSED] - Delayed 5 second(s)

2018-12-19 11:26:09 - [TEST_STEP][PASSED] - verifyElementVisible: Object 'Object Repository/employee_obj_repo/retailer_first_list' is visible

2018-12-19 11:26:09 - [MESSAGE][PASSED] - Object 'Object Repository/employee_obj_repo/retailer_first_list' is visible

2018-12-19 11:26:09 - [TEST_STEP][PASSED] - verifyElementText: Actual text and expected text of test object 'Object Repository/employee_obj_repo/Page_AppCohesion/h4_NewRetailerKatalonNewRetail' are matched.

2018-12-19 11:26:09 - [MESSAGE][PASSED] - Actual text and expected text of test object 'Object Repository/employee_obj_repo/Page_AppCohesion/h4_NewRetailerKatalonNewRetail' are matched.

2018-12-19 11:26:09 - [TEST_STEP][PASSED] - verifyElementText: Actual text and expected text of test object 'Object Repository/retailer admin All Repo/employee_obj_repo/Page_AppCohesion/h5_RetailerAdmin' are matched.

2018-12-19 11:26:09 - [MESSAGE][PASSED] - Actual text and expected text of test object 'Object Repository/retailer admin All Repo/employee_obj_repo/Page_AppCohesion/h5_RetailerAdmin' are matched.

2018-12-19 11:26:09 - [TEST_STEP][NOT_RUN] - verifyElementText: NOT_RUN: verifyElementText

2018-12-19 11:26:09 - [MESSAGE][NOT_RUN] - NOT_RUN: verifyElementText

2018-12-19 11:26:09 - [TEST_STEP][PASSED] - verifyElementText: Actual text and expected text of test object 'Object Repository/employee_obj_repo/Page_AppCohesion/h5_9894591635' are matched.

2018-12-19 11:26:09 - [MESSAGE][PASSED] - Actual text and expected text of test object 'Object Repository/employee_obj_repo/Page_AppCohesion/h5_9894591635' are matched.

2018-12-19 11:26:09 - [TEST_STEP][PASSED] - delay: Delayed 10 second(s)

2018-12-19 11:26:19 - [MESSAGE][PASSED] - Delayed 10 second(s)

2018-12-19 11:26:19 - [TEST_STEP][PASSED] - click: Object: 'Object Repository/employee_obj_repo/retailer_first_list' is clicked on

2018-12-19 11:26:19 - [MESSAGE][PASSED] - Object: 'Object Repository/employee_obj_repo/retailer_first_list' is clicked on

2018-12-19 11:26:19 - [TEST_STEP][PASSED] - delay: Delayed 5 second(s)

2018-12-19 11:26:24 - [MESSAGE][PASSED] - Delayed 5 second(s)

2018-12-19 11:26:24 - [TEST_STEP][PASSED] - waitForElementVisible: Object 'Object Repository/retailer admin All Repo/employee_obj_repo/all_button/Page_AppCohesion/button_Edit' is visible

2018-12-19 11:26:24 - [MESSAGE][PASSED] - Object 'Object Repository/retailer admin All Repo/employee_obj_repo/all_button/Page_AppCohesion/button_Edit' is visible

2018-12-19 11:26:24 - [TEST_STEP][PASSED] - click: Object: 'Object Repository/retailer admin All Repo/employee_obj_repo/all_button/Page_AppCohesion/button_Edit' is clicked on

2018-12-19 11:26:24 - [MESSAGE][PASSED] - Object: 'Object Repository/retailer admin All Repo/employee_obj_repo/all_button/Page_AppCohesion/button_Edit' is clicked on

2018-12-19 11:26:24 - [TEST_STEP][PASSED] - verifyElementVisible: Object 'Object Repository/employee_obj_repo/Page_AppCohesion/label_Store Admin' is visible

2018-12-19 11:26:24 - [MESSAGE][PASSED] - Object 'Object Repository/employee_obj_repo/Page_AppCohesion/label_Store Admin' is visible

2018-12-19 11:26:24 - [TEST_STEP][PASSED] - verifyElementText: Actual text and expected text of test object 'Object Repository/retailer admin All Repo/employee_obj_repo/Page_AppCohesion/label_Store Admin' are matched.

2018-12-19 11:26:24 - [MESSAGE][PASSED] - Actual text and expected text of test object 'Object Repository/retailer admin All Repo/employee_obj_repo/Page_AppCohesion/label_Store Admin' are matched.

2018-12-19 11:26:24 - [TEST_STEP][PASSED] - click: Object: 'Object Repository/employee_obj_repo/Page_AppCohesion/label_Store Admin' is clicked on

2018-12-19 11:26:24 - [MESSAGE][PASSED] - Object: 'Object Repository/employee_obj_repo/Page_AppCohesion/label_Store Admin' is clicked on

2018-12-19 11:26:24 - [TEST_STEP][PASSED] - setText: Text 'EditRetailerKatalon' is set on object 'Object Repository/employee_obj_repo/Emp_firstname'

2018-12-19 11:26:24 - [MESSAGE][PASSED] - Text 'EditRetailerKatalon' is set on object 'Object Repository/employee_obj_repo/Emp_firstname'

2018-12-19 11:26:24 - [TEST_STEP][PASSED] - setText: Text 'EditRetailerKatalon' is set on object 'Object Repository/employee_obj_repo/emp_lastname'

2018-12-19 11:26:25 - [MESSAGE][PASSED] - Text 'EditRetailerKatalon' is set on object 'Object Repository/employee_obj_repo/emp_lastname'

2018-12-19 11:26:25 - [TEST_STEP][PASSED] - setText: Text '9443225554' is set on object 'Object Repository/employee_obj_repo/emp_phonenumber'

2018-12-19 11:26:25 - [MESSAGE][PASSED] - Text '9443225554' is set on object 'Object Repository/employee_obj_repo/emp_phonenumber'

2018-12-19 11:26:25 - [TEST_STEP][NOT_RUN] - verifyElementVisible: NOT_RUN: verifyElementVisible

2018-12-19 11:26:25 - [MESSAGE][NOT_RUN] - NOT_RUN: verifyElementVisible

2018-12-19 11:26:25 - [TEST_STEP][NOT_RUN] - selectOptionByIndex: NOT_RUN: selectOptionByIndex

2018-12-19 11:26:25 - [MESSAGE][NOT_RUN] - NOT_RUN: selectOptionByIndex

2018-12-19 11:26:25 - [TEST_STEP][PASSED] - dragAndDropToObject: Dragged object with id 'Object Repository/retailer admin All Repo/employee_obj_repo/Page_AppCohesion/select_Store Automation (24143' to object with id 'TestObject - 'Object Repository/retailer admin All Repo/employee_obj_repo/Page_AppCohesion/select_Store Automation (24143'' successfully

2018-12-19 11:26:25 - [MESSAGE][PASSED] - Dragged object with id 'Object Repository/retailer admin All Repo/employee_obj_repo/Page_AppCohesion/select_Store Automation (24143' to object with id 'TestObject - 'Object Repository/retailer admin All Repo/employee_obj_repo/Page_AppCohesion/select_Store Automation (24143'' successfully

2018-12-19 11:26:25 - [TEST_STEP][PASSED] - delay: Delayed 10 second(s)

2018-12-19 11:26:35 - [MESSAGE][PASSED] - Delayed 10 second(s)

2018-12-19 11:26:35 - [TEST_STEP][PASSED] - selectOptionByIndex: All options with index in [0] are selected on object 'Object Repository/retailer admin All Repo/employee_obj_repo/Page_AppCohesion/select_Store Automation (24143'

2018-12-19 11:26:35 - [MESSAGE][PASSED] - All options with index in [0] are selected on object 'Object Repository/retailer admin All Repo/employee_obj_repo/Page_AppCohesion/select_Store Automation (24143'

2018-12-19 11:26:35 - [TEST_STEP][PASSED] - click: Object: 'Object Repository/retailer admin All Repo/employee_obj_repo/all_button/Page_AppCohesion/button_Update' is clicked on

2018-12-19 11:26:36 - [MESSAGE][PASSED] - Object: 'Object Repository/retailer admin All Repo/employee_obj_repo/all_button/Page_AppCohesion/button_Update' is clicked on

2018-12-19 11:26:36 - [TEST_STEP][NOT_RUN] - verifyElementVisible: NOT_RUN: verifyElementVisible

2018-12-19 11:26:36 - [MESSAGE][NOT_RUN] - NOT_RUN: verifyElementVisible

2018-12-19 11:26:36 - [TEST_STEP][PASSED] - verifyElementText: Actual text and expected text of test object 'Object Repository/retailer admin All Repo/employee_obj_repo/pop up emp object/h5_Success  User details succe' are matched.

2018-12-19 11:26:49 - [MESSAGE][PASSED] - Actual text and expected text of test object 'Object Repository/retailer admin All Repo/employee_obj_repo/pop up emp object/h5_Success  User details succe' are matched.

2018-12-19 11:26:49 - [TEST_STEP][PASSED] - delay: Delayed 3 second(s)

2018-12-19 11:26:52 - [MESSAGE][PASSED] - Delayed 3 second(s)

2018-12-19 11:26:52 - [TEST_STEP][PASSED] - click: Object: 'Object Repository/retailer admin All Repo/employee_obj_repo/retailer_employeeview/Page_AppCohesion/collapsible-header_Store Admin' is clicked on

2018-12-19 11:26:52 - [MESSAGE][PASSED] - Object: 'Object Repository/retailer admin All Repo/employee_obj_repo/retailer_employeeview/Page_AppCohesion/collapsible-header_Store Admin' is clicked on

2018-12-19 11:26:52 - [TEST_STEP][PASSED] - delay: Delayed 5 second(s)

2018-12-19 11:26:57 - [MESSAGE][PASSED] - Delayed 5 second(s)

2018-12-19 11:26:57 - [TEST_STEP][PASSED] - verifyElementVisible: Object 'Object Repository/employee_obj_repo/store admin list first' is visible

2018-12-19 11:26:57 - [MESSAGE][PASSED] - Object 'Object Repository/employee_obj_repo/store admin list first' is visible

2018-12-19 11:26:57 - [TEST_STEP][PASSED] - click: Object: 'Object Repository/employee_obj_repo/store admin list first' is clicked on

2018-12-19 11:26:57 - [MESSAGE][PASSED] - Object: 'Object Repository/employee_obj_repo/store admin list first' is clicked on

2018-12-19 11:26:57 - [TEST_STEP][NOT_RUN] - callTestCase: NOT_RUN: callTestCase

2018-12-19 11:26:57 - [MESSAGE][NOT_RUN] - NOT_RUN: callTestCase

2018-12-19 11:26:57 - [TEST_STEP][PASSED] - delay: Delayed 5 second(s)

2018-12-19 11:27:02 - [MESSAGE][PASSED] - Delayed 5 second(s)

2018-12-19 11:27:02 - [TEST_STEP][PASSED] - click: Object: 'Object Repository/retailer admin All Repo/employee_obj_repo/all_button/Page_AppCohesion/button_Edit' is clicked on

2018-12-19 11:27:03 - [MESSAGE][PASSED] - Object: 'Object Repository/retailer admin All Repo/employee_obj_repo/all_button/Page_AppCohesion/button_Edit' is clicked on

2018-12-19 11:27:03 - [TEST_STEP][PASSED] - verifyElementVisible: Object 'Object Repository/retailer admin All Repo/employee_obj_repo/Page_AppCohesion/label_Store User' is visible

2018-12-19 11:27:03 - [MESSAGE][PASSED] - Object 'Object Repository/retailer admin All Repo/employee_obj_repo/Page_AppCohesion/label_Store User' is visible

2018-12-19 11:27:03 - [TEST_STEP][PASSED] - verifyElementText: Actual text and expected text of test object 'Object Repository/retailer admin All Repo/employee_obj_repo/Page_AppCohesion/label_Store User' are matched.

2018-12-19 11:27:03 - [MESSAGE][PASSED] - Actual text and expected text of test object 'Object Repository/retailer admin All Repo/employee_obj_repo/Page_AppCohesion/label_Store User' are matched.

2018-12-19 11:27:03 - [TEST_STEP][PASSED] - click: Object: 'Object Repository/retailer admin All Repo/employee_obj_repo/Page_AppCohesion/label_Store User' is clicked on

2018-12-19 11:27:03 - [MESSAGE][PASSED] - Object: 'Object Repository/retailer admin All Repo/employee_obj_repo/Page_AppCohesion/label_Store User' is clicked on

2018-12-19 11:27:03 - [TEST_STEP][NOT_RUN] - verifyElementVisible: NOT_RUN: verifyElementVisible

2018-12-19 11:27:03 - [MESSAGE][NOT_RUN] - NOT_RUN: verifyElementVisible

2018-12-19 11:27:03 - [TEST_STEP][NOT_RUN] - selectOptionByIndex: NOT_RUN: selectOptionByIndex

2018-12-19 11:27:03 - [MESSAGE][NOT_RUN] - NOT_RUN: selectOptionByIndex

2018-12-19 11:27:03 - [TEST_STEP][PASSED] - dragAndDropToObject: Dragged object with id 'Object Repository/retailer admin All Repo/employee_obj_repo/Page_AppCohesion/select_Store Automation (24143' to object with id 'TestObject - 'Object Repository/retailer admin All Repo/employee_obj_repo/Page_AppCohesion/select_Store Automation (24143'' successfully

2018-12-19 11:27:03 - [MESSAGE][PASSED] - Dragged object with id 'Object Repository/retailer admin All Repo/employee_obj_repo/Page_AppCohesion/select_Store Automation (24143' to object with id 'TestObject - 'Object Repository/retailer admin All Repo/employee_obj_repo/Page_AppCohesion/select_Store Automation (24143'' successfully

2018-12-19 11:27:03 - [TEST_STEP][PASSED] - verifyElementVisible: Object 'Object Repository/retailer admin All Repo/employee_obj_repo/Page_AppCohesion/select_Store Automation (24143' is visible

2018-12-19 11:27:03 - [MESSAGE][PASSED] - Object 'Object Repository/retailer admin All Repo/employee_obj_repo/Page_AppCohesion/select_Store Automation (24143' is visible

2018-12-19 11:27:03 - [TEST_STEP][PASSED] - delay: Delayed 10 second(s)

2018-12-19 11:27:13 - [MESSAGE][PASSED] - Delayed 10 second(s)

2018-12-19 11:27:13 - [TEST_STEP][PASSED] - selectOptionByIndex: All options with index in [0] are selected on object 'Object Repository/retailer admin All Repo/employee_obj_repo/store id'

2018-12-19 11:27:14 - [MESSAGE][PASSED] - All options with index in [0] are selected on object 'Object Repository/retailer admin All Repo/employee_obj_repo/store id'

2018-12-19 11:27:14 - [TEST_STEP][NOT_RUN] - verifyElementVisible: NOT_RUN: verifyElementVisible

2018-12-19 11:27:14 - [MESSAGE][NOT_RUN] - NOT_RUN: verifyElementVisible

2018-12-19 11:27:14 - [TEST_STEP][NOT_RUN] - click: NOT_RUN: click

2018-12-19 11:27:14 - [MESSAGE][NOT_RUN] - NOT_RUN: click

2018-12-19 11:27:14 - [TEST_STEP][PASSED] - waitForElementVisible: Object 'Object Repository/retailer admin All Repo/employee_obj_repo/storeuser_updatebutton' is visible

2018-12-19 11:27:14 - [MESSAGE][PASSED] - Object 'Object Repository/retailer admin All Repo/employee_obj_repo/storeuser_updatebutton' is visible

2018-12-19 11:27:14 - [TEST_STEP][PASSED] - click: Object: 'Object Repository/retailer admin All Repo/employee_obj_repo/storeuser_updatebutton' is clicked on

2018-12-19 11:27:14 - [MESSAGE][PASSED] - Object: 'Object Repository/retailer admin All Repo/employee_obj_repo/storeuser_updatebutton' is clicked on

2018-12-19 11:27:14 - [TEST_STEP][NOT_RUN] - verifyElementVisible: NOT_RUN: verifyElementVisible

2018-12-19 11:27:14 - [MESSAGE][NOT_RUN] - NOT_RUN: verifyElementVisible

2018-12-19 11:27:14 - [TEST_STEP][PASSED] - verifyElementText: Actual text and expected text of test object 'Object Repository/retailer admin All Repo/employee_obj_repo/pop up emp object/h5_Success  User details succe' are matched.

2018-12-19 11:27:15 - [MESSAGE][PASSED] - Actual text and expected text of test object 'Object Repository/retailer admin All Repo/employee_obj_repo/pop up emp object/h5_Success  User details succe' are matched.

2018-12-19 11:27:15 - [TEST_STEP][PASSED] - delay: Delayed 3 second(s)

2018-12-19 11:27:18 - [MESSAGE][PASSED] - Delayed 3 second(s)

2018-12-19 11:27:18 - [TEST_STEP][PASSED] - click: Object: 'Object Repository/retailer admin All Repo/employee_obj_repo/Page_AppCohesion/Page_AppCohesion/collapsible-header_Store Users' is clicked on

2018-12-19 11:27:18 - [MESSAGE][PASSED] - Object: 'Object Repository/retailer admin All Repo/employee_obj_repo/Page_AppCohesion/Page_AppCohesion/collapsible-header_Store Users' is clicked on

2018-12-19 11:27:18 - [TEST_STEP][PASSED] - delay: Delayed 5 second(s)

2018-12-19 11:27:23 - [MESSAGE][PASSED] - Delayed 5 second(s)

2018-12-19 11:27:23 - [TEST_STEP][PASSED] - verifyElementVisible: Object 'Object Repository/retailer admin All Repo/employee_obj_repo/storeuser_listed_first' is visible

2018-12-19 11:27:23 - [MESSAGE][PASSED] - Object 'Object Repository/retailer admin All Repo/employee_obj_repo/storeuser_listed_first' is visible

2018-12-19 11:27:23 - [TEST_STEP][PASSED] - click: Object: 'Object Repository/retailer admin All Repo/employee_obj_repo/storeuser_listed_first' is clicked on

2018-12-19 11:27:23 - [MESSAGE][PASSED] - Object: 'Object Repository/retailer admin All Repo/employee_obj_repo/storeuser_listed_first' is clicked on

2018-12-19 11:27:23 - [TEST_STEP][PASSED] - waitForElementVisible: Object 'Object Repository/employee_obj_repo/emp_edit_button' is visible

2018-12-19 11:27:24 - [MESSAGE][PASSED] - Object 'Object Repository/employee_obj_repo/emp_edit_button' is visible

2018-12-19 11:27:24 - [TEST_STEP][PASSED] - click: Object: 'Object Repository/retailer admin All Repo/employee_obj_repo/emp_edit_button' is clicked on

2018-12-19 11:27:24 - [MESSAGE][PASSED] - Object: 'Object Repository/retailer admin All Repo/employee_obj_repo/emp_edit_button' is clicked on

2018-12-19 11:27:24 - [TEST_STEP][PASSED] - verifyElementVisible: Object 'Object Repository/employee_obj_repo/Page_AppCohesion/label_Retailer Admin' is visible

2018-12-19 11:27:24 - [MESSAGE][PASSED] - Object 'Object Repository/employee_obj_repo/Page_AppCohesion/label_Retailer Admin' is visible

2018-12-19 11:27:24 - [TEST_STEP][PASSED] - verifyElementText: Actual text and expected text of test object 'Object Repository/employee_obj_repo/Page_AppCohesion/label_Retailer Admin' are matched.

2018-12-19 11:27:24 - [MESSAGE][PASSED] - Actual text and expected text of test object 'Object Repository/employee_obj_repo/Page_AppCohesion/label_Retailer Admin' are matched.

2018-12-19 11:27:24 - [TEST_STEP][PASSED] - click: Object: 'Object Repository/employee_obj_repo/Page_AppCohesion/label_Retailer Admin' is clicked on

2018-12-19 11:27:24 - [MESSAGE][PASSED] - Object: 'Object Repository/employee_obj_repo/Page_AppCohesion/label_Retailer Admin' is clicked on

2018-12-19 11:27:24 - [TEST_STEP][PASSED] - verifyElementVisible: Object 'Object Repository/employee_obj_repo/emp_update_button' is visible

2018-12-19 11:27:24 - [MESSAGE][PASSED] - Object 'Object Repository/employee_obj_repo/emp_update_button' is visible

2018-12-19 11:27:24 - [TEST_STEP][PASSED] - click: Object: 'Object Repository/employee_obj_repo/emp_update_button' is clicked on

2018-12-19 11:27:24 - [MESSAGE][PASSED] - Object: 'Object Repository/employee_obj_repo/emp_update_button' is clicked on

2018-12-19 11:27:24 - [TEST_STEP][NOT_RUN] - verifyElementVisible: NOT_RUN: verifyElementVisible

2018-12-19 11:27:24 - [MESSAGE][NOT_RUN] - NOT_RUN: verifyElementVisible

2018-12-19 11:27:24 - [TEST_STEP][PASSED] - verifyElementText: Actual text and expected text of test object 'Object Repository/retailer admin All Repo/employee_obj_repo/pop up emp object/h5_Success  User details succe' are matched.

2018-12-19 11:27:25 - [MESSAGE][PASSED] - Actual text and expected text of test object 'Object Repository/retailer admin All Repo/employee_obj_repo/pop up emp object/h5_Success  User details succe' are matched.

2018-12-19 11:27:25 - [TEST_STEP][PASSED] - delay: Delayed 5 second(s)

2018-12-19 11:27:30 - [MESSAGE][PASSED] - Delayed 5 second(s)

2018-12-19 11:27:30 - [TEST_STEP][PASSED] - click: Object: 'Object Repository/employee_obj_repo/retailer_employeeview/Page_AppCohesion/collapsible-header_Retailer Ad' is clicked on

2018-12-19 11:27:30 - [MESSAGE][PASSED] - Object: 'Object Repository/employee_obj_repo/retailer_employeeview/Page_AppCohesion/collapsible-header_Retailer Ad' is clicked on

2018-12-19 11:27:30 - [TEST_STEP][PASSED] - delay: Delayed 5 second(s)

2018-12-19 11:27:35 - [MESSAGE][PASSED] - Delayed 5 second(s)

2018-12-19 11:27:35 - [TEST_STEP][PASSED] - click: Object: 'Object Repository/employee_obj_repo/retailer_first_list' is clicked on

2018-12-19 11:27:35 - [MESSAGE][PASSED] - Object: 'Object Repository/employee_obj_repo/retailer_first_list' is clicked on

2018-12-19 11:27:35 - [TEST_STEP][PASSED] - delay: Delayed 2 second(s)

2018-12-19 11:27:37 - [MESSAGE][PASSED] - Delayed 2 second(s)

2018-12-19 11:27:37 - [TEST_STEP][PASSED] - waitForElementVisible: Object 'Object Repository/retailer admin All Repo/employee_obj_repo/all_button/Page_AppCohesion/button_Delete' is visible

2018-12-19 11:27:37 - [MESSAGE][PASSED] - Object 'Object Repository/retailer admin All Repo/employee_obj_repo/all_button/Page_AppCohesion/button_Delete' is visible

2018-12-19 11:27:37 - [TEST_STEP][PASSED] - click: Object: 'Object Repository/retailer admin All Repo/employee_obj_repo/all_button/Page_AppCohesion/button_Delete' is clicked on

2018-12-19 11:27:37 - [MESSAGE][PASSED] - Object: 'Object Repository/retailer admin All Repo/employee_obj_repo/all_button/Page_AppCohesion/button_Delete' is clicked on

2018-12-19 11:27:37 - [TEST_STEP][PASSED] - waitForElementVisible: Object 'Object Repository/employee_obj_repo/delete_yes_button' is visible

2018-12-19 11:27:37 - [MESSAGE][PASSED] - Object 'Object Repository/employee_obj_repo/delete_yes_button' is visible

2018-12-19 11:27:37 - [TEST_STEP][PASSED] - click: Object: 'Object Repository/employee_obj_repo/delete_yes_button' is clicked on

2018-12-19 11:27:37 - [MESSAGE][PASSED] - Object: 'Object Repository/employee_obj_repo/delete_yes_button' is clicked on

2018-12-19 11:27:37 - [TEST_STEP][PASSED] - verifyElementText: Actual text and expected text of test object 'Object Repository/retailer admin All Repo/employee_obj_repo/pop up emp object/h5_Success  User details has b' are matched.

2018-12-19 11:27:48 - [MESSAGE][PASSED] - Actual text and expected text of test object 'Object Repository/retailer admin All Repo/employee_obj_repo/pop up emp object/h5_Success  User details has b' are matched.

2018-12-19 11:27:48 - [TEST_STEP][PASSED] - delay: Delayed 10 second(s)

2018-12-19 11:27:58 - [MESSAGE][PASSED] - Delayed 10 second(s)

2018-12-19 11:27:58 - [TEST_STEP][PASSED] - click: Object: 'Object Repository/employee_obj_repo/retailer_employeeview/Page_AppCohesion/collapsible-header_Retailer Ad' is clicked on

2018-12-19 11:27:58 - [MESSAGE][PASSED] - Object: 'Object Repository/employee_obj_repo/retailer_employeeview/Page_AppCohesion/collapsible-header_Retailer Ad' is clicked on

2018-12-19 11:27:58 - [TEST_STEP][PASSED] - click: Object: 'Object Repository/employee_obj_repo/retailer_employeeview/Page_AppCohesion/a_Dashboard              Dashb' is clicked on

2018-12-19 11:27:58 - [MESSAGE][PASSED] - Object: 'Object Repository/employee_obj_repo/retailer_employeeview/Page_AppCohesion/a_Dashboard              Dashb' is clicked on]]></system-out>
         <system-err><![CDATA[]]></system-err>
      </testcase>
      <testcase name="Test Cases/AppcoAdmin/retailer edit" classname="Test Cases/AppcoAdmin/retailer edit" status="FAILED">
         <failure type="FAILED" message="(Stack trace: com.kms.katalon.core.exception.StepFailedException: Verify element text of test object 'Object Repository/retailer Edit/h5_Success  Retailer details s' FAILED. (Root cause: Actual text 'Success: Retailer details successfully Updated.' and expected text 'Success:  Retailer details successfully Updated.' of test object 'Object Repository/retailer Edit/h5_Success  Retailer details s' are NOT matched.)
	at com.kms.katalon.core.keyword.internal.KeywordMain.stepFailed(KeywordMain.groovy:36)
	at com.kms.katalon.core.webui.keyword.internal.WebUIKeywordMain.stepFailed(WebUIKeywordMain.groovy:65)
	at com.kms.katalon.core.webui.keyword.internal.WebUIKeywordMain.runKeyword(WebUIKeywordMain.groovy:27)
	at com.kms.katalon.core.webui.keyword.builtin.VerifyElementTextKeyword.verifyElementText(VerifyElementTextKeyword.groovy:72)
	at com.kms.katalon.core.webui.keyword.builtin.VerifyElementTextKeyword.execute(VerifyElementTextKeyword.groovy:40)
	at com.kms.katalon.core.keyword.internal.KeywordExecutor.executeKeywordForPlatform(KeywordExecutor.groovy:53)
	at com.kms.katalon.core.webui.keyword.WebUiBuiltInKeywords.verifyElementText(WebUiBuiltInKeywords.groovy:3663)
	at com.kms.katalon.core.webui.keyword.WebUiBuiltInKeywords$verifyElementText$10.call(Unknown Source)
	at org.codehaus.groovy.runtime.callsite.CallSiteArray.defaultCall(CallSiteArray.java:48)
	at org.codehaus.groovy.runtime.callsite.AbstractCallSite.call(AbstractCallSite.java:113)
	at org.codehaus.groovy.runtime.callsite.AbstractCallSite.call(AbstractCallSite.java:133)
	at Script1544612159793.run(Script1544612159793.groovy:60)
	at com.kms.katalon.core.main.ScriptEngine.run(ScriptEngine.java:183)
	at com.kms.katalon.core.main.ScriptEngine.runScriptAsRawText(ScriptEngine.java:108)
	at com.kms.katalon.core.main.TestCaseExecutor.runScript(TestCaseExecutor.java:294)
	at com.kms.katalon.core.main.TestCaseExecutor.doExecute(TestCaseExecutor.java:285)
	at com.kms.katalon.core.main.TestCaseExecutor.processExecutionPhase(TestCaseExecutor.java:264)
	at com.kms.katalon.core.main.TestCaseExecutor.accessMainPhase(TestCaseExecutor.java:256)
	at com.kms.katalon.core.main.TestCaseExecutor.execute(TestCaseExecutor.java:200)
	at com.kms.katalon.core.main.TestSuiteExecutor.accessTestCaseMainPhase(TestSuiteExecutor.java:129)
	at com.kms.katalon.core.main.TestSuiteExecutor.accessTestSuiteMainPhase(TestSuiteExecutor.java:112)
	at com.kms.katalon.core.main.TestSuiteExecutor.execute(TestSuiteExecutor.java:81)
	at com.kms.katalon.core.main.TestCaseMain.startTestSuite(TestCaseMain.java:142)
	at com.kms.katalon.core.main.TestCaseMain$startTestSuite$0.call(Unknown Source)
	at org.codehaus.groovy.runtime.callsite.CallSiteArray.defaultCall(CallSiteArray.java:48)
	at org.codehaus.groovy.runtime.callsite.AbstractCallSite.call(AbstractCallSite.java:113)
	at org.codehaus.groovy.runtime.callsite.AbstractCallSite.call(AbstractCallSite.java:141)
	at TempTestSuite1545198601642.run(TempTestSuite1545198601642.groovy:36)
	at groovy.lang.GroovyShell.runScriptOrMainOrTestOrRunnable(GroovyShell.java:263)
	at groovy.lang.GroovyShell.run(GroovyShell.java:518)
	at groovy.lang.GroovyShell.run(GroovyShell.java:507)
	at groovy.ui.GroovyMain.processOnce(GroovyMain.java:653)
	at groovy.ui.GroovyMain.run(GroovyMain.java:384)
	at groovy.ui.GroovyMain.process(GroovyMain.java:370)
	at groovy.ui.GroovyMain.processArgs(GroovyMain.java:129)
	at groovy.ui.GroovyMain.main(GroovyMain.java:109)
	at sun.reflect.NativeMethodAccessorImpl.invoke0(Native Method)
	at sun.reflect.NativeMethodAccessorImpl.invoke(NativeMethodAccessorImpl.java:62)
	at sun.reflect.DelegatingMethodAccessorImpl.invoke(DelegatingMethodAccessorImpl.java:43)
	at java.lang.reflect.Method.invoke(Method.java:498)
	at org.codehaus.groovy.tools.GroovyStarter.rootLoader(GroovyStarter.java:109)
	at org.codehaus.groovy.tools.GroovyStarter.main(GroovyStarter.java:131)
)"/>
         <system-out><![CDATA[2018-12-19 11:27:58 - [TEST_CASE][FAILED] - Test Cases/AppcoAdmin/retailer edit: Test Cases/AppcoAdmin/retailer edit FAILED because (of) (Stack trace: com.kms.katalon.core.exception.StepFailedException: Verify element text of test object 'Object Repository/retailer Edit/h5_Success  Retailer details s' FAILED. (Root cause: Actual text 'Success: Retailer details successfully Updated.' and expected text 'Success:  Retailer details successfully Updated.' of test object 'Object Repository/retailer Edit/h5_Success  Retailer details s' are NOT matched.)
	at com.kms.katalon.core.keyword.internal.KeywordMain.stepFailed(KeywordMain.groovy:36)
	at com.kms.katalon.core.webui.keyword.internal.WebUIKeywordMain.stepFailed(WebUIKeywordMain.groovy:65)
	at com.kms.katalon.core.webui.keyword.internal.WebUIKeywordMain.runKeyword(WebUIKeywordMain.groovy:27)
	at com.kms.katalon.core.webui.keyword.builtin.VerifyElementTextKeyword.verifyElementText(VerifyElementTextKeyword.groovy:72)
	at com.kms.katalon.core.webui.keyword.builtin.VerifyElementTextKeyword.execute(VerifyElementTextKeyword.groovy:40)
	at com.kms.katalon.core.keyword.internal.KeywordExecutor.executeKeywordForPlatform(KeywordExecutor.groovy:53)
	at com.kms.katalon.core.webui.keyword.WebUiBuiltInKeywords.verifyElementText(WebUiBuiltInKeywords.groovy:3663)
	at com.kms.katalon.core.webui.keyword.WebUiBuiltInKeywords$verifyElementText$10.call(Unknown Source)
	at org.codehaus.groovy.runtime.callsite.CallSiteArray.defaultCall(CallSiteArray.java:48)
	at org.codehaus.groovy.runtime.callsite.AbstractCallSite.call(AbstractCallSite.java:113)
	at org.codehaus.groovy.runtime.callsite.AbstractCallSite.call(AbstractCallSite.java:133)
	at Script1544612159793.run(Script1544612159793.groovy:60)
	at com.kms.katalon.core.main.ScriptEngine.run(ScriptEngine.java:183)
	at com.kms.katalon.core.main.ScriptEngine.runScriptAsRawText(ScriptEngine.java:108)
	at com.kms.katalon.core.main.TestCaseExecutor.runScript(TestCaseExecutor.java:294)
	at com.kms.katalon.core.main.TestCaseExecutor.doExecute(TestCaseExecutor.java:285)
	at com.kms.katalon.core.main.TestCaseExecutor.processExecutionPhase(TestCaseExecutor.java:264)
	at com.kms.katalon.core.main.TestCaseExecutor.accessMainPhase(TestCaseExecutor.java:256)
	at com.kms.katalon.core.main.TestCaseExecutor.execute(TestCaseExecutor.java:200)
	at com.kms.katalon.core.main.TestSuiteExecutor.accessTestCaseMainPhase(TestSuiteExecutor.java:129)
	at com.kms.katalon.core.main.TestSuiteExecutor.accessTestSuiteMainPhase(TestSuiteExecutor.java:112)
	at com.kms.katalon.core.main.TestSuiteExecutor.execute(TestSuiteExecutor.java:81)
	at com.kms.katalon.core.main.TestCaseMain.startTestSuite(TestCaseMain.java:142)
	at com.kms.katalon.core.main.TestCaseMain$startTestSuite$0.call(Unknown Source)
	at org.codehaus.groovy.runtime.callsite.CallSiteArray.defaultCall(CallSiteArray.java:48)
	at org.codehaus.groovy.runtime.callsite.AbstractCallSite.call(AbstractCallSite.java:113)
	at org.codehaus.groovy.runtime.callsite.AbstractCallSite.call(AbstractCallSite.java:141)
	at TempTestSuite1545198601642.run(TempTestSuite1545198601642.groovy:36)
	at groovy.lang.GroovyShell.runScriptOrMainOrTestOrRunnable(GroovyShell.java:263)
	at groovy.lang.GroovyShell.run(GroovyShell.java:518)
	at groovy.lang.GroovyShell.run(GroovyShell.java:507)
	at groovy.ui.GroovyMain.processOnce(GroovyMain.java:653)
	at groovy.ui.GroovyMain.run(GroovyMain.java:384)
	at groovy.ui.GroovyMain.process(GroovyMain.java:370)
	at groovy.ui.GroovyMain.processArgs(GroovyMain.java:129)
	at groovy.ui.GroovyMain.main(GroovyMain.java:109)
	at sun.reflect.NativeMethodAccessorImpl.invoke0(Native Method)
	at sun.reflect.NativeMethodAccessorImpl.invoke(NativeMethodAccessorImpl.java:62)
	at sun.reflect.DelegatingMethodAccessorImpl.invoke(DelegatingMethodAccessorImpl.java:43)
	at java.lang.reflect.Method.invoke(Method.java:498)
	at org.codehaus.groovy.tools.GroovyStarter.rootLoader(GroovyStarter.java:109)
	at org.codehaus.groovy.tools.GroovyStarter.main(GroovyStarter.java:131)
)

2018-12-19 11:27:58 - [TEST_STEP][PASSED] - callTestCase: Call Test Case 'Test Cases/Call Test Case/Login_Appco_testcase' successfully

2018-12-19 11:27:58 - [TEST_CASE][PASSED] - Test Cases/Call Test Case/Login_Appco_testcase: Test Cases/Call Test Case/Login_Appco_testcase

2018-12-19 11:27:58 - [TEST_STEP][PASSED] - openBrowser: Browser is opened with url: ''

2018-12-19 11:27:58 - [MESSAGE][WARNING] - A browser is already opened. Closing browser and opening a new one

2018-12-19 11:28:01 - [MESSAGE][PASSED] - Browser is opened with url: ''

2018-12-19 11:28:01 - [TEST_STEP][PASSED] - navigateToUrl: Navigate to 'https://app-qa.appcohesion.io/' successfully

2018-12-19 11:28:05 - [MESSAGE][PASSED] - Navigate to 'https://app-qa.appcohesion.io/' successfully

2018-12-19 11:28:05 - [TEST_STEP][PASSED] - maximizeWindow: Current window maximized

2018-12-19 11:28:06 - [MESSAGE][PASSED] - Current window maximized

2018-12-19 11:28:06 - [TEST_STEP][PASSED] - setText: Text 'surunewadmin' is set on object 'Object Repository/add_retailer_gmail/Page_AppCohesion/input_User Name_ac_username'

2018-12-19 11:28:07 - [MESSAGE][PASSED] - Text 'surunewadmin' is set on object 'Object Repository/add_retailer_gmail/Page_AppCohesion/input_User Name_ac_username'

2018-12-19 11:28:07 - [TEST_STEP][PASSED] - setText: Text '9tlTx3@y' is set on object 'Object Repository/Retailer creation/Page_AppCohesion/input_Password_ac_password'

2018-12-19 11:28:07 - [MESSAGE][PASSED] - Text '9tlTx3@y' is set on object 'Object Repository/Retailer creation/Page_AppCohesion/input_Password_ac_password'

2018-12-19 11:28:07 - [TEST_STEP][PASSED] - click: Object: 'Object Repository/Login_OR/Page_AppCohesion/button_Login Now' is clicked on

2018-12-19 11:28:07 - [MESSAGE][PASSED] - Object: 'Object Repository/Login_OR/Page_AppCohesion/button_Login Now' is clicked on

2018-12-19 11:28:07 - [TEST_STEP][PASSED] - delay: Delayed 10 second(s)

2018-12-19 11:28:17 - [MESSAGE][PASSED] - Delayed 10 second(s)

2018-12-19 11:28:17 - [MESSAGE][PASSED] - Call Test Case 'Test Cases/Call Test Case/Login_Appco_testcase' successfully

2018-12-19 11:28:17 - [TEST_STEP][PASSED] - verifyElementVisible: Object 'Object Repository/retailer Edit/a_Dashboard              Dashb' is visible

2018-12-19 11:28:17 - [MESSAGE][PASSED] - Object 'Object Repository/retailer Edit/a_Dashboard              Dashb' is visible

2018-12-19 11:28:17 - [TEST_STEP][PASSED] - verifyElementVisible: Object 'Object Repository/retailer Edit/a_Retailers              Retai' is visible

2018-12-19 11:28:17 - [MESSAGE][PASSED] - Object 'Object Repository/retailer Edit/a_Retailers              Retai' is visible

2018-12-19 11:28:17 - [TEST_STEP][PASSED] - click: Object: 'Object Repository/retailer Edit/a_Retailers              Retai' is clicked on

2018-12-19 11:28:17 - [MESSAGE][PASSED] - Object: 'Object Repository/retailer Edit/a_Retailers              Retai' is clicked on

2018-12-19 11:28:17 - [TEST_STEP][PASSED] - delay: Delayed 5 second(s)

2018-12-19 11:28:22 - [MESSAGE][PASSED] - Delayed 5 second(s)

2018-12-19 11:28:22 - [TEST_STEP][PASSED] - verifyElementVisible: Object 'Object Repository/retailer Edit/div_Inventory' is visible

2018-12-19 11:28:22 - [MESSAGE][PASSED] - Object 'Object Repository/retailer Edit/div_Inventory' is visible

2018-12-19 11:28:22 - [TEST_STEP][PASSED] - click: Object: 'Object Repository/retailer Edit/div_Inventory' is clicked on

2018-12-19 11:28:22 - [MESSAGE][PASSED] - Object: 'Object Repository/retailer Edit/div_Inventory' is clicked on

2018-12-19 11:28:22 - [TEST_STEP][PASSED] - delay: Delayed 5 second(s)

2018-12-19 11:28:27 - [MESSAGE][PASSED] - Delayed 5 second(s)

2018-12-19 11:28:27 - [TEST_STEP][PASSED] - verifyElementVisible: Object 'Object Repository/retailer Edit/button_Edit' is visible

2018-12-19 11:28:27 - [MESSAGE][PASSED] - Object 'Object Repository/retailer Edit/button_Edit' is visible

2018-12-19 11:28:27 - [TEST_STEP][PASSED] - click: Object: 'Object Repository/retailer Edit/button_Edit' is clicked on

2018-12-19 11:28:27 - [MESSAGE][PASSED] - Object: 'Object Repository/retailer Edit/button_Edit' is clicked on

2018-12-19 11:28:27 - [TEST_STEP][PASSED] - delay: Delayed 5 second(s)

2018-12-19 11:28:32 - [MESSAGE][PASSED] - Delayed 5 second(s)

2018-12-19 11:28:32 - [TEST_STEP][PASSED] - setText: Text 'AAA RA MD new' is set on object 'Object Repository/retailer Edit/input_RETAILER NAME_retailerNa'

2018-12-19 11:28:33 - [MESSAGE][PASSED] - Text 'AAA RA MD new' is set on object 'Object Repository/retailer Edit/input_RETAILER NAME_retailerNa'

2018-12-19 11:28:33 - [TEST_STEP][PASSED] - setText: Text '9/10, New QA Build edit' is set on object 'Object Repository/retailer Edit/input_RETAILER ADDRESS 1_retai'

2018-12-19 11:28:33 - [MESSAGE][PASSED] - Text '9/10, New QA Build edit' is set on object 'Object Repository/retailer Edit/input_RETAILER ADDRESS 1_retai'

2018-12-19 11:28:33 - [TEST_STEP][PASSED] - setText: Text '11/28, New Street lane new' is set on object 'Object Repository/retailer Edit/input_RETAILER ADDRESS 2_retai'

2018-12-19 11:28:33 - [MESSAGE][PASSED] - Text '11/28, New Street lane new' is set on object 'Object Repository/retailer Edit/input_RETAILER ADDRESS 2_retai'

2018-12-19 11:28:33 - [TEST_STEP][PASSED] - setText: Text '45733' is set on object 'Object Repository/retailer Edit/input_ZIP CODE_zip'

2018-12-19 11:28:33 - [MESSAGE][PASSED] - Text '45733' is set on object 'Object Repository/retailer Edit/input_ZIP CODE_zip'

2018-12-19 11:28:33 - [TEST_STEP][PASSED] - verifyElementVisible: Object 'Object Repository/retailer Edit/h4_Inventory Info' is visible

2018-12-19 11:28:33 - [MESSAGE][PASSED] - Object 'Object Repository/retailer Edit/h4_Inventory Info' is visible

2018-12-19 11:28:33 - [TEST_STEP][PASSED] - verifyElementVisible: Object 'Object Repository/retailer Edit/select_AppCoSSGreen SupplyDavi' is visible

2018-12-19 11:28:33 - [MESSAGE][PASSED] - Object 'Object Repository/retailer Edit/select_AppCoSSGreen SupplyDavi' is visible

2018-12-19 11:28:33 - [TEST_STEP][PASSED] - verifyElementVisible: Object 'Object Repository/retailer Edit/button_Remove' is visible

2018-12-19 11:28:33 - [MESSAGE][PASSED] - Object 'Object Repository/retailer Edit/button_Remove' is visible

2018-12-19 11:28:33 - [TEST_STEP][PASSED] - verifyElementVisible: Object 'Object Repository/retailer Edit/button_Update Retailer' is visible

2018-12-19 11:28:33 - [MESSAGE][PASSED] - Object 'Object Repository/retailer Edit/button_Update Retailer' is visible

2018-12-19 11:28:33 - [TEST_STEP][PASSED] - click: Object: 'Object Repository/retailer Edit/button_Update Retailer' is clicked on

2018-12-19 11:28:33 - [MESSAGE][PASSED] - Object: 'Object Repository/retailer Edit/button_Update Retailer' is clicked on

2018-12-19 11:28:33 - [TEST_STEP][PASSED] - delay: Delayed 1 second(s)

2018-12-19 11:28:34 - [MESSAGE][PASSED] - Delayed 1 second(s)

2018-12-19 11:28:34 - [TEST_STEP][NOT_RUN] - verifyElementVisible: NOT_RUN: verifyElementVisible

2018-12-19 11:28:34 - [MESSAGE][NOT_RUN] - NOT_RUN: verifyElementVisible

2018-12-19 11:28:34 - [TEST_STEP][FAILED] - verifyElementText: Verify element text of test object 'Object Repository/retailer Edit/h5_Success  Retailer details s' FAILED. (Root cause: Actual text 'Success: Retailer details successfully Updated.' and expected text 'Success:  Retailer details successfully Updated.' of test object 'Object Repository/retailer Edit/h5_Success  Retailer details s' are NOT matched.)

2018-12-19 11:28:46 - [MESSAGE][FAILED] - Actual text 'Success: Retailer details successfully Updated.' and expected text 'Success:  Retailer details successfully Updated.' of test object 'Object Repository/retailer Edit/h5_Success  Retailer details s' are NOT matched.
[[ATTACHMENT|C:\\Users\\Snekalatha R\\git\\QA-KatalonNew\\Reports\\Appco_test_suite\\20181219_112001\\1545199126098.png]]

2018-12-19 11:28:46 - [MESSAGE][FAILED] - Verify element text of test object 'Object Repository/retailer Edit/h5_Success  Retailer details s' FAILED. (Root cause: Actual text 'Success: Retailer details successfully Updated.' and expected text 'Success:  Retailer details successfully Updated.' of test object 'Object Repository/retailer Edit/h5_Success  Retailer details s' are NOT matched.)
[[ATTACHMENT|C:\\Users\\Snekalatha R\\git\\QA-KatalonNew\\Reports\\Appco_test_suite\\20181219_112001\\1545199126433.png]]]]></system-out>
         <system-err><![CDATA[2018-12-19 11:27:58 - [TEST_CASE][FAILED] - Test Cases/AppcoAdmin/retailer edit: Test Cases/AppcoAdmin/retailer edit FAILED because (of) (Stack trace: com.kms.katalon.core.exception.StepFailedException: Verify element text of test object 'Object Repository/retailer Edit/h5_Success  Retailer details s' FAILED. (Root cause: Actual text 'Success: Retailer details successfully Updated.' and expected text 'Success:  Retailer details successfully Updated.' of test object 'Object Repository/retailer Edit/h5_Success  Retailer details s' are NOT matched.)
	at com.kms.katalon.core.keyword.internal.KeywordMain.stepFailed(KeywordMain.groovy:36)
	at com.kms.katalon.core.webui.keyword.internal.WebUIKeywordMain.stepFailed(WebUIKeywordMain.groovy:65)
	at com.kms.katalon.core.webui.keyword.internal.WebUIKeywordMain.runKeyword(WebUIKeywordMain.groovy:27)
	at com.kms.katalon.core.webui.keyword.builtin.VerifyElementTextKeyword.verifyElementText(VerifyElementTextKeyword.groovy:72)
	at com.kms.katalon.core.webui.keyword.builtin.VerifyElementTextKeyword.execute(VerifyElementTextKeyword.groovy:40)
	at com.kms.katalon.core.keyword.internal.KeywordExecutor.executeKeywordForPlatform(KeywordExecutor.groovy:53)
	at com.kms.katalon.core.webui.keyword.WebUiBuiltInKeywords.verifyElementText(WebUiBuiltInKeywords.groovy:3663)
	at com.kms.katalon.core.webui.keyword.WebUiBuiltInKeywords$verifyElementText$10.call(Unknown Source)
	at org.codehaus.groovy.runtime.callsite.CallSiteArray.defaultCall(CallSiteArray.java:48)
	at org.codehaus.groovy.runtime.callsite.AbstractCallSite.call(AbstractCallSite.java:113)
	at org.codehaus.groovy.runtime.callsite.AbstractCallSite.call(AbstractCallSite.java:133)
	at Script1544612159793.run(Script1544612159793.groovy:60)
	at com.kms.katalon.core.main.ScriptEngine.run(ScriptEngine.java:183)
	at com.kms.katalon.core.main.ScriptEngine.runScriptAsRawText(ScriptEngine.java:108)
	at com.kms.katalon.core.main.TestCaseExecutor.runScript(TestCaseExecutor.java:294)
	at com.kms.katalon.core.main.TestCaseExecutor.doExecute(TestCaseExecutor.java:285)
	at com.kms.katalon.core.main.TestCaseExecutor.processExecutionPhase(TestCaseExecutor.java:264)
	at com.kms.katalon.core.main.TestCaseExecutor.accessMainPhase(TestCaseExecutor.java:256)
	at com.kms.katalon.core.main.TestCaseExecutor.execute(TestCaseExecutor.java:200)
	at com.kms.katalon.core.main.TestSuiteExecutor.accessTestCaseMainPhase(TestSuiteExecutor.java:129)
	at com.kms.katalon.core.main.TestSuiteExecutor.accessTestSuiteMainPhase(TestSuiteExecutor.java:112)
	at com.kms.katalon.core.main.TestSuiteExecutor.execute(TestSuiteExecutor.java:81)
	at com.kms.katalon.core.main.TestCaseMain.startTestSuite(TestCaseMain.java:142)
	at com.kms.katalon.core.main.TestCaseMain$startTestSuite$0.call(Unknown Source)
	at org.codehaus.groovy.runtime.callsite.CallSiteArray.defaultCall(CallSiteArray.java:48)
	at org.codehaus.groovy.runtime.callsite.AbstractCallSite.call(AbstractCallSite.java:113)
	at org.codehaus.groovy.runtime.callsite.AbstractCallSite.call(AbstractCallSite.java:141)
	at TempTestSuite1545198601642.run(TempTestSuite1545198601642.groovy:36)
	at groovy.lang.GroovyShell.runScriptOrMainOrTestOrRunnable(GroovyShell.java:263)
	at groovy.lang.GroovyShell.run(GroovyShell.java:518)
	at groovy.lang.GroovyShell.run(GroovyShell.java:507)
	at groovy.ui.GroovyMain.processOnce(GroovyMain.java:653)
	at groovy.ui.GroovyMain.run(GroovyMain.java:384)
	at groovy.ui.GroovyMain.process(GroovyMain.java:370)
	at groovy.ui.GroovyMain.processArgs(GroovyMain.java:129)
	at groovy.ui.GroovyMain.main(GroovyMain.java:109)
	at sun.reflect.NativeMethodAccessorImpl.invoke0(Native Method)
	at sun.reflect.NativeMethodAccessorImpl.invoke(NativeMethodAccessorImpl.java:62)
	at sun.reflect.DelegatingMethodAccessorImpl.invoke(DelegatingMethodAccessorImpl.java:43)
	at java.lang.reflect.Method.invoke(Method.java:498)
	at org.codehaus.groovy.tools.GroovyStarter.rootLoader(GroovyStarter.java:109)
	at org.codehaus.groovy.tools.GroovyStarter.main(GroovyStarter.java:131)
)]]></system-err>
      </testcase>
      <testcase name="Test Cases/AppcoAdmin/Appco_store_creation_edit_delete" classname="Test Cases/AppcoAdmin/Appco_store_creation_edit_delete" status="FAILED">
         <failure type="FAILED" message="(Stack trace: com.kms.katalon.core.exception.StepFailedException: Unable to select option by label 'New Retailer KatalonAuto' of object 'Object Repository/Appco Login/store repo/select_All'  using regular expression (Root cause: com.kms.katalon.core.webui.exception.WebElementNotFoundException: Web element with id: 'Object Repository/Appco Login/store repo/select_All' located by 'By.xpath: //select[@id = 'selectRetStr' and @name = 'selectedRetailer' and (text() = '
                                      All
                                    AAA RA MD newaakarajaaretaileraasamosaAAWallMartPOSABCDDev12acewAero BridgeAlpha TestAMRAArambolt POSatestqaatewaypiCharliecheckchangepwddadasddadsasdddramdfgdggfdsffsdfscsddsfsdfdsfsdfsdfEcho Retailerepicor multiFDFDFFfdfgsfsdfsdfsdffdgfdgfgfffffffFoxtrotfsdfsfsdfsffsfdfgfdfgdfdgfggfghjghghggggggfgGolfGunBrokerhgfhghhghgJakPosRetailerjhjhjhjLC TacticalslicensecheckmultMultiple distributor New AAA AppcoNew DBRC New DisChecknew pos epicorNew POS GSNew POSEpicNew ProdRA MDNew QARANew RA Appco editNew RA AutomationNew RA EpicorNew RACMonNew RAdmin AntoNew RAMDNew RC LoadNew Retailer AABNew Retailer AACNew Retailer AADNew Retailer AppcoNew Retailer KatalonAutoNew Retailer MultipleDistNew RetailerBNewPOSRapidNewQAPOSKNewQARAKNewRACNewRAOneNewRAThreeNewRetailerKataNewRetailersamplenewretailervmnewtestnewtestioooooPOS AdminPOS EpicorPOS GSPOS multiPOSRapidPOSRetailernewqaQA POS RETAILERQA RetqanewretaileradminQAPosPerfRetqaposperfretABQARAdminQARetailer SamqatestadminnewRA AntonyRA AppcoRA AutoRA JohnRA Lin chkRA QA AdminRA QA BuildRA ResetRACreationRALicenseRam devRamkumarrRamu KakaramukakRAPOSRapidRC MenonRC QA ThrusRC ThrusRCPOSThruretailer appcoRetailer forteenRetailer JohnRetailer POPChkRetailer QA VerifyRetailer StoreretailerBMretailerconfirmRetailerFremidRetailerLinChkretailernewQAretailerqaberettaRetailerQABMRetailerRamsadasdqwwesadsdasdasdSam RetailerSam Retailer OneSam Retailer threeSam Retailer twosamplesample lcSampleRetailersampleretailerkatalonsasadsfssbdbsewyewyesdasdasdsdasdasdassdasdasdasdsddfdsfsdferefsdfsdfsdfsdfdsdfsdfsdfsdfadassdfsfghsyfsdsadsdsdssdsdsdsffsdssringolarosringolaroossssureshaksureshsurutestsureshtestingnewpnrsururetailer pnrsurusurutesasastestallnewioootestallnewretrettesttestingMulDisttestnewallnewalltestnewtestnewerwetqaqatestnewqatesttestnewretnewwtestnewtesttestsureshadmintestuserallnewalltestusernewqatewdsdsdsduuuvxvxcvWallmartwfhwwwxczxczxcxyzxzczxcxczzcxzxczxczczzxczddfsdffzdfdsfsfsdfzdfsdfafsdfzdfzdgfdsfgzxczxczxczxczzxZXZXzzzaaaABC RetailerabcdtestabewAddadidasAJakDevQaAJJakDevQAakewAm RAAramboltasasasqsddwdasdasdasdasdasddasasdsadsadasdsfdsdfsadfsdfsdfavittBetachk linczxczxczxcdsfsdfsdeeefsddssdfsfsdfweGammaiiiNewRAPOPNewRATwoNewRetailerBRA ADDRA APIRA JOHNAntoRAStoreEditRC SaturRCQABuildret chkRetaile Appcoretailer anuRetailer CheckRetailer ProChkRetailerRulerrrsadzdsdtestuserretadminnewunknownVijayRetailer
                                   ' or . = '
                                      All
                                    AAA RA MD newaakarajaaretaileraasamosaAAWallMartPOSABCDDev12acewAero BridgeAlpha TestAMRAArambolt POSatestqaatewaypiCharliecheckchangepwddadasddadsasdddramdfgdggfdsffsdfscsddsfsdfdsfsdfsdfEcho Retailerepicor multiFDFDFFfdfgsfsdfsdfsdffdgfdgfgfffffffFoxtrotfsdfsfsdfsffsfdfgfdfgdfdgfggfghjghghggggggfgGolfGunBrokerhgfhghhghgJakPosRetailerjhjhjhjLC TacticalslicensecheckmultMultiple distributor New AAA AppcoNew DBRC New DisChecknew pos epicorNew POS GSNew POSEpicNew ProdRA MDNew QARANew RA Appco editNew RA AutomationNew RA EpicorNew RACMonNew RAdmin AntoNew RAMDNew RC LoadNew Retailer AABNew Retailer AACNew Retailer AADNew Retailer AppcoNew Retailer KatalonAutoNew Retailer MultipleDistNew RetailerBNewPOSRapidNewQAPOSKNewQARAKNewRACNewRAOneNewRAThreeNewRetailerKataNewRetailersamplenewretailervmnewtestnewtestioooooPOS AdminPOS EpicorPOS GSPOS multiPOSRapidPOSRetailernewqaQA POS RETAILERQA RetqanewretaileradminQAPosPerfRetqaposperfretABQARAdminQARetailer SamqatestadminnewRA AntonyRA AppcoRA AutoRA JohnRA Lin chkRA QA AdminRA QA BuildRA ResetRACreationRALicenseRam devRamkumarrRamu KakaramukakRAPOSRapidRC MenonRC QA ThrusRC ThrusRCPOSThruretailer appcoRetailer forteenRetailer JohnRetailer POPChkRetailer QA VerifyRetailer StoreretailerBMretailerconfirmRetailerFremidRetailerLinChkretailernewQAretailerqaberettaRetailerQABMRetailerRamsadasdqwwesadsdasdasdSam RetailerSam Retailer OneSam Retailer threeSam Retailer twosamplesample lcSampleRetailersampleretailerkatalonsasadsfssbdbsewyewyesdasdasdsdasdasdassdasdasdasdsddfdsfsdferefsdfsdfsdfsdfdsdfsdfsdfsdfadassdfsfghsyfsdsadsdsdssdsdsdsffsdssringolarosringolaroossssureshaksureshsurutestsureshtestingnewpnrsururetailer pnrsurusurutesasastestallnewioootestallnewretrettesttestingMulDisttestnewallnewalltestnewtestnewerwetqaqatestnewqatesttestnewretnewwtestnewtesttestsureshadmintestuserallnewalltestusernewqatewdsdsdsduuuvxvxcvWallmartwfhwwwxczxczxcxyzxzczxcxczzcxzxczxczczzxczddfsdffzdfdsfsfsdfzdfsdfafsdfzdfzdgfdsfgzxczxczxczxczzxZXZXzzzaaaABC RetailerabcdtestabewAddadidasAJakDevQaAJJakDevQAakewAm RAAramboltasasasqsddwdasdasdasdasdasddasasdsadsadasdsfdsdfsadfsdfsdfavittBetachk linczxczxczxcdsfsdfsdeeefsddssdfsfsdfweGammaiiiNewRAPOPNewRATwoNewRetailerBRA ADDRA APIRA JOHNAntoRAStoreEditRC SaturRCQABuildret chkRetaile Appcoretailer anuRetailer CheckRetailer ProChkRetailerRulerrrsadzdsdtestuserretadminnewunknownVijayRetailer
                                   ')]' not found)
	at com.kms.katalon.core.keyword.internal.KeywordMain.stepFailed(KeywordMain.groovy:36)
	at com.kms.katalon.core.webui.keyword.internal.WebUIKeywordMain.stepFailed(WebUIKeywordMain.groovy:65)
	at com.kms.katalon.core.webui.keyword.internal.WebUIKeywordMain.runKeyword(WebUIKeywordMain.groovy:27)
	at com.kms.katalon.core.webui.keyword.builtin.SelectOptionByLabelKeyword.selectOptionByLabel(SelectOptionByLabelKeyword.groovy:98)
	at com.kms.katalon.core.webui.keyword.builtin.SelectOptionByLabelKeyword.execute(SelectOptionByLabelKeyword.groovy:71)
	at com.kms.katalon.core.keyword.internal.KeywordExecutor.executeKeywordForPlatform(KeywordExecutor.groovy:53)
	at com.kms.katalon.core.webui.keyword.WebUiBuiltInKeywords.selectOptionByLabel(WebUiBuiltInKeywords.groovy:1200)
	at com.kms.katalon.core.webui.keyword.WebUiBuiltInKeywords$selectOptionByLabel$6.call(Unknown Source)
	at org.codehaus.groovy.runtime.callsite.CallSiteArray.defaultCall(CallSiteArray.java:48)
	at org.codehaus.groovy.runtime.callsite.AbstractCallSite.call(AbstractCallSite.java:113)
	at org.codehaus.groovy.runtime.callsite.AbstractCallSite.call(AbstractCallSite.java:141)
	at Script1544694985466.run(Script1544694985466.groovy:26)
	at com.kms.katalon.core.main.ScriptEngine.run(ScriptEngine.java:183)
	at com.kms.katalon.core.main.ScriptEngine.runScriptAsRawText(ScriptEngine.java:108)
	at com.kms.katalon.core.main.TestCaseExecutor.runScript(TestCaseExecutor.java:294)
	at com.kms.katalon.core.main.TestCaseExecutor.doExecute(TestCaseExecutor.java:285)
	at com.kms.katalon.core.main.TestCaseExecutor.processExecutionPhase(TestCaseExecutor.java:264)
	at com.kms.katalon.core.main.TestCaseExecutor.accessMainPhase(TestCaseExecutor.java:256)
	at com.kms.katalon.core.main.TestCaseExecutor.execute(TestCaseExecutor.java:200)
	at com.kms.katalon.core.main.TestSuiteExecutor.accessTestCaseMainPhase(TestSuiteExecutor.java:129)
	at com.kms.katalon.core.main.TestSuiteExecutor.accessTestSuiteMainPhase(TestSuiteExecutor.java:112)
	at com.kms.katalon.core.main.TestSuiteExecutor.execute(TestSuiteExecutor.java:81)
	at com.kms.katalon.core.main.TestCaseMain.startTestSuite(TestCaseMain.java:142)
	at com.kms.katalon.core.main.TestCaseMain$startTestSuite$0.call(Unknown Source)
	at org.codehaus.groovy.runtime.callsite.CallSiteArray.defaultCall(CallSiteArray.java:48)
	at org.codehaus.groovy.runtime.callsite.AbstractCallSite.call(AbstractCallSite.java:113)
	at org.codehaus.groovy.runtime.callsite.AbstractCallSite.call(AbstractCallSite.java:141)
	at TempTestSuite1545198601642.run(TempTestSuite1545198601642.groovy:36)
	at groovy.lang.GroovyShell.runScriptOrMainOrTestOrRunnable(GroovyShell.java:263)
	at groovy.lang.GroovyShell.run(GroovyShell.java:518)
	at groovy.lang.GroovyShell.run(GroovyShell.java:507)
	at groovy.ui.GroovyMain.processOnce(GroovyMain.java:653)
	at groovy.ui.GroovyMain.run(GroovyMain.java:384)
	at groovy.ui.GroovyMain.process(GroovyMain.java:370)
	at groovy.ui.GroovyMain.processArgs(GroovyMain.java:129)
	at groovy.ui.GroovyMain.main(GroovyMain.java:109)
	at sun.reflect.NativeMethodAccessorImpl.invoke0(Native Method)
	at sun.reflect.NativeMethodAccessorImpl.invoke(NativeMethodAccessorImpl.java:62)
	at sun.reflect.DelegatingMethodAccessorImpl.invoke(DelegatingMethodAccessorImpl.java:43)
	at java.lang.reflect.Method.invoke(Method.java:498)
	at org.codehaus.groovy.tools.GroovyStarter.rootLoader(GroovyStarter.java:109)
	at org.codehaus.groovy.tools.GroovyStarter.main(GroovyStarter.java:131)
)"/>
         <system-out><![CDATA[2018-12-19 11:28:46 - [TEST_CASE][FAILED] - Test Cases/AppcoAdmin/Appco_store_creation_edit_delete: Test Cases/AppcoAdmin/Appco_store_creation_edit_delete FAILED because (of) (Stack trace: com.kms.katalon.core.exception.StepFailedException: Unable to select option by label 'New Retailer KatalonAuto' of object 'Object Repository/Appco Login/store repo/select_All'  using regular expression (Root cause: com.kms.katalon.core.webui.exception.WebElementNotFoundException: Web element with id: 'Object Repository/Appco Login/store repo/select_All' located by 'By.xpath: //select[@id = 'selectRetStr' and @name = 'selectedRetailer' and (text() = '
                                      All
                                    AAA RA MD newaakarajaaretaileraasamosaAAWallMartPOSABCDDev12acewAero BridgeAlpha TestAMRAArambolt POSatestqaatewaypiCharliecheckchangepwddadasddadsasdddramdfgdggfdsffsdfscsddsfsdfdsfsdfsdfEcho Retailerepicor multiFDFDFFfdfgsfsdfsdfsdffdgfdgfgfffffffFoxtrotfsdfsfsdfsffsfdfgfdfgdfdgfggfghjghghggggggfgGolfGunBrokerhgfhghhghgJakPosRetailerjhjhjhjLC TacticalslicensecheckmultMultiple distributor New AAA AppcoNew DBRC New DisChecknew pos epicorNew POS GSNew POSEpicNew ProdRA MDNew QARANew RA Appco editNew RA AutomationNew RA EpicorNew RACMonNew RAdmin AntoNew RAMDNew RC LoadNew Retailer AABNew Retailer AACNew Retailer AADNew Retailer AppcoNew Retailer KatalonAutoNew Retailer MultipleDistNew RetailerBNewPOSRapidNewQAPOSKNewQARAKNewRACNewRAOneNewRAThreeNewRetailerKataNewRetailersamplenewretailervmnewtestnewtestioooooPOS AdminPOS EpicorPOS GSPOS multiPOSRapidPOSRetailernewqaQA POS RETAILERQA RetqanewretaileradminQAPosPerfRetqaposperfretABQARAdminQARetailer SamqatestadminnewRA AntonyRA AppcoRA AutoRA JohnRA Lin chkRA QA AdminRA QA BuildRA ResetRACreationRALicenseRam devRamkumarrRamu KakaramukakRAPOSRapidRC MenonRC QA ThrusRC ThrusRCPOSThruretailer appcoRetailer forteenRetailer JohnRetailer POPChkRetailer QA VerifyRetailer StoreretailerBMretailerconfirmRetailerFremidRetailerLinChkretailernewQAretailerqaberettaRetailerQABMRetailerRamsadasdqwwesadsdasdasdSam RetailerSam Retailer OneSam Retailer threeSam Retailer twosamplesample lcSampleRetailersampleretailerkatalonsasadsfssbdbsewyewyesdasdasdsdasdasdassdasdasdasdsddfdsfsdferefsdfsdfsdfsdfdsdfsdfsdfsdfadassdfsfghsyfsdsadsdsdssdsdsdsffsdssringolarosringolaroossssureshaksureshsurutestsureshtestingnewpnrsururetailer pnrsurusurutesasastestallnewioootestallnewretrettesttestingMulDisttestnewallnewalltestnewtestnewerwetqaqatestnewqatesttestnewretnewwtestnewtesttestsureshadmintestuserallnewalltestusernewqatewdsdsdsduuuvxvxcvWallmartwfhwwwxczxczxcxyzxzczxcxczzcxzxczxczczzxczddfsdffzdfdsfsfsdfzdfsdfafsdfzdfzdgfdsfgzxczxczxczxczzxZXZXzzzaaaABC RetailerabcdtestabewAddadidasAJakDevQaAJJakDevQAakewAm RAAramboltasasasqsddwdasdasdasdasdasddasasdsadsadasdsfdsdfsadfsdfsdfavittBetachk linczxczxczxcdsfsdfsdeeefsddssdfsfsdfweGammaiiiNewRAPOPNewRATwoNewRetailerBRA ADDRA APIRA JOHNAntoRAStoreEditRC SaturRCQABuildret chkRetaile Appcoretailer anuRetailer CheckRetailer ProChkRetailerRulerrrsadzdsdtestuserretadminnewunknownVijayRetailer
                                   ' or . = '
                                      All
                                    AAA RA MD newaakarajaaretaileraasamosaAAWallMartPOSABCDDev12acewAero BridgeAlpha TestAMRAArambolt POSatestqaatewaypiCharliecheckchangepwddadasddadsasdddramdfgdggfdsffsdfscsddsfsdfdsfsdfsdfEcho Retailerepicor multiFDFDFFfdfgsfsdfsdfsdffdgfdgfgfffffffFoxtrotfsdfsfsdfsffsfdfgfdfgdfdgfggfghjghghggggggfgGolfGunBrokerhgfhghhghgJakPosRetailerjhjhjhjLC TacticalslicensecheckmultMultiple distributor New AAA AppcoNew DBRC New DisChecknew pos epicorNew POS GSNew POSEpicNew ProdRA MDNew QARANew RA Appco editNew RA AutomationNew RA EpicorNew RACMonNew RAdmin AntoNew RAMDNew RC LoadNew Retailer AABNew Retailer AACNew Retailer AADNew Retailer AppcoNew Retailer KatalonAutoNew Retailer MultipleDistNew RetailerBNewPOSRapidNewQAPOSKNewQARAKNewRACNewRAOneNewRAThreeNewRetailerKataNewRetailersamplenewretailervmnewtestnewtestioooooPOS AdminPOS EpicorPOS GSPOS multiPOSRapidPOSRetailernewqaQA POS RETAILERQA RetqanewretaileradminQAPosPerfRetqaposperfretABQARAdminQARetailer SamqatestadminnewRA AntonyRA AppcoRA AutoRA JohnRA Lin chkRA QA AdminRA QA BuildRA ResetRACreationRALicenseRam devRamkumarrRamu KakaramukakRAPOSRapidRC MenonRC QA ThrusRC ThrusRCPOSThruretailer appcoRetailer forteenRetailer JohnRetailer POPChkRetailer QA VerifyRetailer StoreretailerBMretailerconfirmRetailerFremidRetailerLinChkretailernewQAretailerqaberettaRetailerQABMRetailerRamsadasdqwwesadsdasdasdSam RetailerSam Retailer OneSam Retailer threeSam Retailer twosamplesample lcSampleRetailersampleretailerkatalonsasadsfssbdbsewyewyesdasdasdsdasdasdassdasdasdasdsddfdsfsdferefsdfsdfsdfsdfdsdfsdfsdfsdfadassdfsfghsyfsdsadsdsdssdsdsdsffsdssringolarosringolaroossssureshaksureshsurutestsureshtestingnewpnrsururetailer pnrsurusurutesasastestallnewioootestallnewretrettesttestingMulDisttestnewallnewalltestnewtestnewerwetqaqatestnewqatesttestnewretnewwtestnewtesttestsureshadmintestuserallnewalltestusernewqatewdsdsdsduuuvxvxcvWallmartwfhwwwxczxczxcxyzxzczxcxczzcxzxczxczczzxczddfsdffzdfdsfsfsdfzdfsdfafsdfzdfzdgfdsfgzxczxczxczxczzxZXZXzzzaaaABC RetailerabcdtestabewAddadidasAJakDevQaAJJakDevQAakewAm RAAramboltasasasqsddwdasdasdasdasdasddasasdsadsadasdsfdsdfsadfsdfsdfavittBetachk linczxczxczxcdsfsdfsdeeefsddssdfsfsdfweGammaiiiNewRAPOPNewRATwoNewRetailerBRA ADDRA APIRA JOHNAntoRAStoreEditRC SaturRCQABuildret chkRetaile Appcoretailer anuRetailer CheckRetailer ProChkRetailerRulerrrsadzdsdtestuserretadminnewunknownVijayRetailer
                                   ')]' not found)
	at com.kms.katalon.core.keyword.internal.KeywordMain.stepFailed(KeywordMain.groovy:36)
	at com.kms.katalon.core.webui.keyword.internal.WebUIKeywordMain.stepFailed(WebUIKeywordMain.groovy:65)
	at com.kms.katalon.core.webui.keyword.internal.WebUIKeywordMain.runKeyword(WebUIKeywordMain.groovy:27)
	at com.kms.katalon.core.webui.keyword.builtin.SelectOptionByLabelKeyword.selectOptionByLabel(SelectOptionByLabelKeyword.groovy:98)
	at com.kms.katalon.core.webui.keyword.builtin.SelectOptionByLabelKeyword.execute(SelectOptionByLabelKeyword.groovy:71)
	at com.kms.katalon.core.keyword.internal.KeywordExecutor.executeKeywordForPlatform(KeywordExecutor.groovy:53)
	at com.kms.katalon.core.webui.keyword.WebUiBuiltInKeywords.selectOptionByLabel(WebUiBuiltInKeywords.groovy:1200)
	at com.kms.katalon.core.webui.keyword.WebUiBuiltInKeywords$selectOptionByLabel$6.call(Unknown Source)
	at org.codehaus.groovy.runtime.callsite.CallSiteArray.defaultCall(CallSiteArray.java:48)
	at org.codehaus.groovy.runtime.callsite.AbstractCallSite.call(AbstractCallSite.java:113)
	at org.codehaus.groovy.runtime.callsite.AbstractCallSite.call(AbstractCallSite.java:141)
	at Script1544694985466.run(Script1544694985466.groovy:26)
	at com.kms.katalon.core.main.ScriptEngine.run(ScriptEngine.java:183)
	at com.kms.katalon.core.main.ScriptEngine.runScriptAsRawText(ScriptEngine.java:108)
	at com.kms.katalon.core.main.TestCaseExecutor.runScript(TestCaseExecutor.java:294)
	at com.kms.katalon.core.main.TestCaseExecutor.doExecute(TestCaseExecutor.java:285)
	at com.kms.katalon.core.main.TestCaseExecutor.processExecutionPhase(TestCaseExecutor.java:264)
	at com.kms.katalon.core.main.TestCaseExecutor.accessMainPhase(TestCaseExecutor.java:256)
	at com.kms.katalon.core.main.TestCaseExecutor.execute(TestCaseExecutor.java:200)
	at com.kms.katalon.core.main.TestSuiteExecutor.accessTestCaseMainPhase(TestSuiteExecutor.java:129)
	at com.kms.katalon.core.main.TestSuiteExecutor.accessTestSuiteMainPhase(TestSuiteExecutor.java:112)
	at com.kms.katalon.core.main.TestSuiteExecutor.execute(TestSuiteExecutor.java:81)
	at com.kms.katalon.core.main.TestCaseMain.startTestSuite(TestCaseMain.java:142)
	at com.kms.katalon.core.main.TestCaseMain$startTestSuite$0.call(Unknown Source)
	at org.codehaus.groovy.runtime.callsite.CallSiteArray.defaultCall(CallSiteArray.java:48)
	at org.codehaus.groovy.runtime.callsite.AbstractCallSite.call(AbstractCallSite.java:113)
	at org.codehaus.groovy.runtime.callsite.AbstractCallSite.call(AbstractCallSite.java:141)
	at TempTestSuite1545198601642.run(TempTestSuite1545198601642.groovy:36)
	at groovy.lang.GroovyShell.runScriptOrMainOrTestOrRunnable(GroovyShell.java:263)
	at groovy.lang.GroovyShell.run(GroovyShell.java:518)
	at groovy.lang.GroovyShell.run(GroovyShell.java:507)
	at groovy.ui.GroovyMain.processOnce(GroovyMain.java:653)
	at groovy.ui.GroovyMain.run(GroovyMain.java:384)
	at groovy.ui.GroovyMain.process(GroovyMain.java:370)
	at groovy.ui.GroovyMain.processArgs(GroovyMain.java:129)
	at groovy.ui.GroovyMain.main(GroovyMain.java:109)
	at sun.reflect.NativeMethodAccessorImpl.invoke0(Native Method)
	at sun.reflect.NativeMethodAccessorImpl.invoke(NativeMethodAccessorImpl.java:62)
	at sun.reflect.DelegatingMethodAccessorImpl.invoke(DelegatingMethodAccessorImpl.java:43)
	at java.lang.reflect.Method.invoke(Method.java:498)
	at org.codehaus.groovy.tools.GroovyStarter.rootLoader(GroovyStarter.java:109)
	at org.codehaus.groovy.tools.GroovyStarter.main(GroovyStarter.java:131)
)

2018-12-19 11:28:46 - [TEST_STEP][PASSED] - callTestCase: Call Test Case 'Test Cases/Call Test Case/Login_Appco_testcase' successfully

2018-12-19 11:28:46 - [TEST_CASE][PASSED] - Test Cases/Call Test Case/Login_Appco_testcase: Test Cases/Call Test Case/Login_Appco_testcase

2018-12-19 11:28:46 - [TEST_STEP][PASSED] - openBrowser: Browser is opened with url: ''

2018-12-19 11:28:46 - [MESSAGE][WARNING] - A browser is already opened. Closing browser and opening a new one

2018-12-19 11:28:49 - [MESSAGE][PASSED] - Browser is opened with url: ''

2018-12-19 11:28:49 - [TEST_STEP][PASSED] - navigateToUrl: Navigate to 'https://app-qa.appcohesion.io/' successfully

2018-12-19 11:28:54 - [MESSAGE][PASSED] - Navigate to 'https://app-qa.appcohesion.io/' successfully

2018-12-19 11:28:54 - [TEST_STEP][PASSED] - maximizeWindow: Current window maximized

2018-12-19 11:28:55 - [MESSAGE][PASSED] - Current window maximized

2018-12-19 11:28:55 - [TEST_STEP][PASSED] - setText: Text 'surunewadmin' is set on object 'Object Repository/add_retailer_gmail/Page_AppCohesion/input_User Name_ac_username'

2018-12-19 11:28:55 - [MESSAGE][PASSED] - Text 'surunewadmin' is set on object 'Object Repository/add_retailer_gmail/Page_AppCohesion/input_User Name_ac_username'

2018-12-19 11:28:55 - [TEST_STEP][PASSED] - setText: Text '9tlTx3@y' is set on object 'Object Repository/Retailer creation/Page_AppCohesion/input_Password_ac_password'

2018-12-19 11:28:55 - [MESSAGE][PASSED] - Text '9tlTx3@y' is set on object 'Object Repository/Retailer creation/Page_AppCohesion/input_Password_ac_password'

2018-12-19 11:28:55 - [TEST_STEP][PASSED] - click: Object: 'Object Repository/Login_OR/Page_AppCohesion/button_Login Now' is clicked on

2018-12-19 11:28:55 - [MESSAGE][PASSED] - Object: 'Object Repository/Login_OR/Page_AppCohesion/button_Login Now' is clicked on

2018-12-19 11:28:55 - [TEST_STEP][PASSED] - delay: Delayed 10 second(s)

2018-12-19 11:29:05 - [MESSAGE][PASSED] - Delayed 10 second(s)

2018-12-19 11:29:05 - [MESSAGE][PASSED] - Call Test Case 'Test Cases/Call Test Case/Login_Appco_testcase' successfully

2018-12-19 11:29:05 - [TEST_STEP][PASSED] - delay: Delayed 5 second(s)

2018-12-19 11:29:10 - [MESSAGE][PASSED] - Delayed 5 second(s)

2018-12-19 11:29:10 - [TEST_STEP][PASSED] - click: Object: 'Object Repository/retailer admin All Repo/store_object_repo/store_tab' is clicked on

2018-12-19 11:29:10 - [MESSAGE][PASSED] - Object: 'Object Repository/retailer admin All Repo/store_object_repo/store_tab' is clicked on

2018-12-19 11:29:10 - [TEST_STEP][PASSED] - delay: Delayed 5 second(s)

2018-12-19 11:29:15 - [MESSAGE][PASSED] - Delayed 5 second(s)

2018-12-19 11:29:15 - [TEST_STEP][NOT_RUN] - selectOptionByValue: NOT_RUN: selectOptionByValue

2018-12-19 11:29:15 - [MESSAGE][NOT_RUN] - NOT_RUN: selectOptionByValue

2018-12-19 11:29:15 - [TEST_STEP][FAILED] - selectOptionByLabel: Unable to select option by label 'New Retailer KatalonAuto' of object 'Object Repository/Appco Login/store repo/select_All'  using regular expression (Root cause: com.kms.katalon.core.webui.exception.WebElementNotFoundException: Web element with id: 'Object Repository/Appco Login/store repo/select_All' located by 'By.xpath: //select[@id = 'selectRetStr' and @name = 'selectedRetailer' and (text() = '
                                      All
                                    AAA RA MD newaakarajaaretaileraasamosaAAWallMartPOSABCDDev12acewAero BridgeAlpha TestAMRAArambolt POSatestqaatewaypiCharliecheckchangepwddadasddadsasdddramdfgdggfdsffsdfscsddsfsdfdsfsdfsdfEcho Retailerepicor multiFDFDFFfdfgsfsdfsdfsdffdgfdgfgfffffffFoxtrotfsdfsfsdfsffsfdfgfdfgdfdgfggfghjghghggggggfgGolfGunBrokerhgfhghhghgJakPosRetailerjhjhjhjLC TacticalslicensecheckmultMultiple distributor New AAA AppcoNew DBRC New DisChecknew pos epicorNew POS GSNew POSEpicNew ProdRA MDNew QARANew RA Appco editNew RA AutomationNew RA EpicorNew RACMonNew RAdmin AntoNew RAMDNew RC LoadNew Retailer AABNew Retailer AACNew Retailer AADNew Retailer AppcoNew Retailer KatalonAutoNew Retailer MultipleDistNew RetailerBNewPOSRapidNewQAPOSKNewQARAKNewRACNewRAOneNewRAThreeNewRetailerKataNewRetailersamplenewretailervmnewtestnewtestioooooPOS AdminPOS EpicorPOS GSPOS multiPOSRapidPOSRetailernewqaQA POS RETAILERQA RetqanewretaileradminQAPosPerfRetqaposperfretABQARAdminQARetailer SamqatestadminnewRA AntonyRA AppcoRA AutoRA JohnRA Lin chkRA QA AdminRA QA BuildRA ResetRACreationRALicenseRam devRamkumarrRamu KakaramukakRAPOSRapidRC MenonRC QA ThrusRC ThrusRCPOSThruretailer appcoRetailer forteenRetailer JohnRetailer POPChkRetailer QA VerifyRetailer StoreretailerBMretailerconfirmRetailerFremidRetailerLinChkretailernewQAretailerqaberettaRetailerQABMRetailerRamsadasdqwwesadsdasdasdSam RetailerSam Retailer OneSam Retailer threeSam Retailer twosamplesample lcSampleRetailersampleretailerkatalonsasadsfssbdbsewyewyesdasdasdsdasdasdassdasdasdasdsddfdsfsdferefsdfsdfsdfsdfdsdfsdfsdfsdfadassdfsfghsyfsdsadsdsdssdsdsdsffsdssringolarosringolaroossssureshaksureshsurutestsureshtestingnewpnrsururetailer pnrsurusurutesasastestallnewioootestallnewretrettesttestingMulDisttestnewallnewalltestnewtestnewerwetqaqatestnewqatesttestnewretnewwtestnewtesttestsureshadmintestuserallnewalltestusernewqatewdsdsdsduuuvxvxcvWallmartwfhwwwxczxczxcxyzxzczxcxczzcxzxczxczczzxczddfsdffzdfdsfsfsdfzdfsdfafsdfzdfzdgfdsfgzxczxczxczxczzxZXZXzzzaaaABC RetailerabcdtestabewAddadidasAJakDevQaAJJakDevQAakewAm RAAramboltasasasqsddwdasdasdasdasdasddasasdsadsadasdsfdsdfsadfsdfsdfavittBetachk linczxczxczxcdsfsdfsdeeefsddssdfsfsdfweGammaiiiNewRAPOPNewRATwoNewRetailerBRA ADDRA APIRA JOHNAntoRAStoreEditRC SaturRCQABuildret chkRetaile Appcoretailer anuRetailer CheckRetailer ProChkRetailerRulerrrsadzdsdtestuserretadminnewunknownVijayRetailer
                                   ' or . = '
                                      All
                                    AAA RA MD newaakarajaaretaileraasamosaAAWallMartPOSABCDDev12acewAero BridgeAlpha TestAMRAArambolt POSatestqaatewaypiCharliecheckchangepwddadasddadsasdddramdfgdggfdsffsdfscsddsfsdfdsfsdfsdfEcho Retailerepicor multiFDFDFFfdfgsfsdfsdfsdffdgfdgfgfffffffFoxtrotfsdfsfsdfsffsfdfgfdfgdfdgfggfghjghghggggggfgGolfGunBrokerhgfhghhghgJakPosRetailerjhjhjhjLC TacticalslicensecheckmultMultiple distributor New AAA AppcoNew DBRC New DisChecknew pos epicorNew POS GSNew POSEpicNew ProdRA MDNew QARANew RA Appco editNew RA AutomationNew RA EpicorNew RACMonNew RAdmin AntoNew RAMDNew RC LoadNew Retailer AABNew Retailer AACNew Retailer AADNew Retailer AppcoNew Retailer KatalonAutoNew Retailer MultipleDistNew RetailerBNewPOSRapidNewQAPOSKNewQARAKNewRACNewRAOneNewRAThreeNewRetailerKataNewRetailersamplenewretailervmnewtestnewtestioooooPOS AdminPOS EpicorPOS GSPOS multiPOSRapidPOSRetailernewqaQA POS RETAILERQA RetqanewretaileradminQAPosPerfRetqaposperfretABQARAdminQARetailer SamqatestadminnewRA AntonyRA AppcoRA AutoRA JohnRA Lin chkRA QA AdminRA QA BuildRA ResetRACreationRALicenseRam devRamkumarrRamu KakaramukakRAPOSRapidRC MenonRC QA ThrusRC ThrusRCPOSThruretailer appcoRetailer forteenRetailer JohnRetailer POPChkRetailer QA VerifyRetailer StoreretailerBMretailerconfirmRetailerFremidRetailerLinChkretailernewQAretailerqaberettaRetailerQABMRetailerRamsadasdqwwesadsdasdasdSam RetailerSam Retailer OneSam Retailer threeSam Retailer twosamplesample lcSampleRetailersampleretailerkatalonsasadsfssbdbsewyewyesdasdasdsdasdasdassdasdasdasdsddfdsfsdferefsdfsdfsdfsdfdsdfsdfsdfsdfadassdfsfghsyfsdsadsdsdssdsdsdsffsdssringolarosringolaroossssureshaksureshsurutestsureshtestingnewpnrsururetailer pnrsurusurutesasastestallnewioootestallnewretrettesttestingMulDisttestnewallnewalltestnewtestnewerwetqaqatestnewqatesttestnewretnewwtestnewtesttestsureshadmintestuserallnewalltestusernewqatewdsdsdsduuuvxvxcvWallmartwfhwwwxczxczxcxyzxzczxcxczzcxzxczxczczzxczddfsdffzdfdsfsfsdfzdfsdfafsdfzdfzdgfdsfgzxczxczxczxczzxZXZXzzzaaaABC RetailerabcdtestabewAddadidasAJakDevQaAJJakDevQAakewAm RAAramboltasasasqsddwdasdasdasdasdasddasasdsadsadasdsfdsdfsadfsdfsdfavittBetachk linczxczxczxcdsfsdfsdeeefsddssdfsfsdfweGammaiiiNewRAPOPNewRATwoNewRetailerBRA ADDRA APIRA JOHNAntoRAStoreEditRC SaturRCQABuildret chkRetaile Appcoretailer anuRetailer CheckRetailer ProChkRetailerRulerrrsadzdsdtestuserretadminnewunknownVijayRetailer
                                   ')]' not found)

2018-12-19 11:29:51 - [MESSAGE][FAILED] - Unable to select option by label 'New Retailer KatalonAuto' of object 'Object Repository/Appco Login/store repo/select_All'  using regular expression (Root cause: com.kms.katalon.core.webui.exception.WebElementNotFoundException: Web element with id: 'Object Repository/Appco Login/store repo/select_All' located by 'By.xpath: //select[@id = 'selectRetStr' and @name = 'selectedRetailer' and (text() = '
                                      All
                                    AAA RA MD newaakarajaaretaileraasamosaAAWallMartPOSABCDDev12acewAero BridgeAlpha TestAMRAArambolt POSatestqaatewaypiCharliecheckchangepwddadasddadsasdddramdfgdggfdsffsdfscsddsfsdfdsfsdfsdfEcho Retailerepicor multiFDFDFFfdfgsfsdfsdfsdffdgfdgfgfffffffFoxtrotfsdfsfsdfsffsfdfgfdfgdfdgfggfghjghghggggggfgGolfGunBrokerhgfhghhghgJakPosRetailerjhjhjhjLC TacticalslicensecheckmultMultiple distributor New AAA AppcoNew DBRC New DisChecknew pos epicorNew POS GSNew POSEpicNew ProdRA MDNew QARANew RA Appco editNew RA AutomationNew RA EpicorNew RACMonNew RAdmin AntoNew RAMDNew RC LoadNew Retailer AABNew Retailer AACNew Retailer AADNew Retailer AppcoNew Retailer KatalonAutoNew Retailer MultipleDistNew RetailerBNewPOSRapidNewQAPOSKNewQARAKNewRACNewRAOneNewRAThreeNewRetailerKataNewRetailersamplenewretailervmnewtestnewtestioooooPOS AdminPOS EpicorPOS GSPOS multiPOSRapidPOSRetailernewqaQA POS RETAILERQA RetqanewretaileradminQAPosPerfRetqaposperfretABQARAdminQARetailer SamqatestadminnewRA AntonyRA AppcoRA AutoRA JohnRA Lin chkRA QA AdminRA QA BuildRA ResetRACreationRALicenseRam devRamkumarrRamu KakaramukakRAPOSRapidRC MenonRC QA ThrusRC ThrusRCPOSThruretailer appcoRetailer forteenRetailer JohnRetailer POPChkRetailer QA VerifyRetailer StoreretailerBMretailerconfirmRetailerFremidRetailerLinChkretailernewQAretailerqaberettaRetailerQABMRetailerRamsadasdqwwesadsdasdasdSam RetailerSam Retailer OneSam Retailer threeSam Retailer twosamplesample lcSampleRetailersampleretailerkatalonsasadsfssbdbsewyewyesdasdasdsdasdasdassdasdasdasdsddfdsfsdferefsdfsdfsdfsdfdsdfsdfsdfsdfadassdfsfghsyfsdsadsdsdssdsdsdsffsdssringolarosringolaroossssureshaksureshsurutestsureshtestingnewpnrsururetailer pnrsurusurutesasastestallnewioootestallnewretrettesttestingMulDisttestnewallnewalltestnewtestnewerwetqaqatestnewqatesttestnewretnewwtestnewtesttestsureshadmintestuserallnewalltestusernewqatewdsdsdsduuuvxvxcvWallmartwfhwwwxczxczxcxyzxzczxcxczzcxzxczxczczzxczddfsdffzdfdsfsfsdfzdfsdfafsdfzdfzdgfdsfgzxczxczxczxczzxZXZXzzzaaaABC RetailerabcdtestabewAddadidasAJakDevQaAJJakDevQAakewAm RAAramboltasasasqsddwdasdasdasdasdasddasasdsadsadasdsfdsdfsadfsdfsdfavittBetachk linczxczxczxcdsfsdfsdeeefsddssdfsfsdfweGammaiiiNewRAPOPNewRATwoNewRetailerBRA ADDRA APIRA JOHNAntoRAStoreEditRC SaturRCQABuildret chkRetaile Appcoretailer anuRetailer CheckRetailer ProChkRetailerRulerrrsadzdsdtestuserretadminnewunknownVijayRetailer
                                   ' or . = '
                                      All
                                    AAA RA MD newaakarajaaretaileraasamosaAAWallMartPOSABCDDev12acewAero BridgeAlpha TestAMRAArambolt POSatestqaatewaypiCharliecheckchangepwddadasddadsasdddramdfgdggfdsffsdfscsddsfsdfdsfsdfsdfEcho Retailerepicor multiFDFDFFfdfgsfsdfsdfsdffdgfdgfgfffffffFoxtrotfsdfsfsdfsffsfdfgfdfgdfdgfggfghjghghggggggfgGolfGunBrokerhgfhghhghgJakPosRetailerjhjhjhjLC TacticalslicensecheckmultMultiple distributor New AAA AppcoNew DBRC New DisChecknew pos epicorNew POS GSNew POSEpicNew ProdRA MDNew QARANew RA Appco editNew RA AutomationNew RA EpicorNew RACMonNew RAdmin AntoNew RAMDNew RC LoadNew Retailer AABNew Retailer AACNew Retailer AADNew Retailer AppcoNew Retailer KatalonAutoNew Retailer MultipleDistNew RetailerBNewPOSRapidNewQAPOSKNewQARAKNewRACNewRAOneNewRAThreeNewRetailerKataNewRetailersamplenewretailervmnewtestnewtestioooooPOS AdminPOS EpicorPOS GSPOS multiPOSRapidPOSRetailernewqaQA POS RETAILERQA RetqanewretaileradminQAPosPerfRetqaposperfretABQARAdminQARetailer SamqatestadminnewRA AntonyRA AppcoRA AutoRA JohnRA Lin chkRA QA AdminRA QA BuildRA ResetRACreationRALicenseRam devRamkumarrRamu KakaramukakRAPOSRapidRC MenonRC QA ThrusRC ThrusRCPOSThruretailer appcoRetailer forteenRetailer JohnRetailer POPChkRetailer QA VerifyRetailer StoreretailerBMretailerconfirmRetailerFremidRetailerLinChkretailernewQAretailerqaberettaRetailerQABMRetailerRamsadasdqwwesadsdasdasdSam RetailerSam Retailer OneSam Retailer threeSam Retailer twosamplesample lcSampleRetailersampleretailerkatalonsasadsfssbdbsewyewyesdasdasdsdasdasdassdasdasdasdsddfdsfsdferefsdfsdfsdfsdfdsdfsdfsdfsdfadassdfsfghsyfsdsadsdsdssdsdsdsffsdssringolarosringolaroossssureshaksureshsurutestsureshtestingnewpnrsururetailer pnrsurusurutesasastestallnewioootestallnewretrettesttestingMulDisttestnewallnewalltestnewtestnewerwetqaqatestnewqatesttestnewretnewwtestnewtesttestsureshadmintestuserallnewalltestusernewqatewdsdsdsduuuvxvxcvWallmartwfhwwwxczxczxcxyzxzczxcxczzcxzxczxczczzxczddfsdffzdfdsfsfsdfzdfsdfafsdfzdfzdgfdsfgzxczxczxczxczzxZXZXzzzaaaABC RetailerabcdtestabewAddadidasAJakDevQaAJJakDevQAakewAm RAAramboltasasasqsddwdasdasdasdasdasddasasdsadsadasdsfdsdfsadfsdfsdfavittBetachk linczxczxczxcdsfsdfsdeeefsddssdfsfsdfweGammaiiiNewRAPOPNewRATwoNewRetailerBRA ADDRA APIRA JOHNAntoRAStoreEditRC SaturRCQABuildret chkRetaile Appcoretailer anuRetailer CheckRetailer ProChkRetailerRulerrrsadzdsdtestuserretadminnewunknownVijayRetailer
                                   ')]' not found)
[[ATTACHMENT|C:\\Users\\Snekalatha R\\git\\QA-KatalonNew\\Reports\\Appco_test_suite\\20181219_112001\\1545199191272.png]]]]></system-out>
         <system-err><![CDATA[2018-12-19 11:28:46 - [TEST_CASE][FAILED] - Test Cases/AppcoAdmin/Appco_store_creation_edit_delete: Test Cases/AppcoAdmin/Appco_store_creation_edit_delete FAILED because (of) (Stack trace: com.kms.katalon.core.exception.StepFailedException: Unable to select option by label 'New Retailer KatalonAuto' of object 'Object Repository/Appco Login/store repo/select_All'  using regular expression (Root cause: com.kms.katalon.core.webui.exception.WebElementNotFoundException: Web element with id: 'Object Repository/Appco Login/store repo/select_All' located by 'By.xpath: //select[@id = 'selectRetStr' and @name = 'selectedRetailer' and (text() = '
                                      All
                                    AAA RA MD newaakarajaaretaileraasamosaAAWallMartPOSABCDDev12acewAero BridgeAlpha TestAMRAArambolt POSatestqaatewaypiCharliecheckchangepwddadasddadsasdddramdfgdggfdsffsdfscsddsfsdfdsfsdfsdfEcho Retailerepicor multiFDFDFFfdfgsfsdfsdfsdffdgfdgfgfffffffFoxtrotfsdfsfsdfsffsfdfgfdfgdfdgfggfghjghghggggggfgGolfGunBrokerhgfhghhghgJakPosRetailerjhjhjhjLC TacticalslicensecheckmultMultiple distributor New AAA AppcoNew DBRC New DisChecknew pos epicorNew POS GSNew POSEpicNew ProdRA MDNew QARANew RA Appco editNew RA AutomationNew RA EpicorNew RACMonNew RAdmin AntoNew RAMDNew RC LoadNew Retailer AABNew Retailer AACNew Retailer AADNew Retailer AppcoNew Retailer KatalonAutoNew Retailer MultipleDistNew RetailerBNewPOSRapidNewQAPOSKNewQARAKNewRACNewRAOneNewRAThreeNewRetailerKataNewRetailersamplenewretailervmnewtestnewtestioooooPOS AdminPOS EpicorPOS GSPOS multiPOSRapidPOSRetailernewqaQA POS RETAILERQA RetqanewretaileradminQAPosPerfRetqaposperfretABQARAdminQARetailer SamqatestadminnewRA AntonyRA AppcoRA AutoRA JohnRA Lin chkRA QA AdminRA QA BuildRA ResetRACreationRALicenseRam devRamkumarrRamu KakaramukakRAPOSRapidRC MenonRC QA ThrusRC ThrusRCPOSThruretailer appcoRetailer forteenRetailer JohnRetailer POPChkRetailer QA VerifyRetailer StoreretailerBMretailerconfirmRetailerFremidRetailerLinChkretailernewQAretailerqaberettaRetailerQABMRetailerRamsadasdqwwesadsdasdasdSam RetailerSam Retailer OneSam Retailer threeSam Retailer twosamplesample lcSampleRetailersampleretailerkatalonsasadsfssbdbsewyewyesdasdasdsdasdasdassdasdasdasdsddfdsfsdferefsdfsdfsdfsdfdsdfsdfsdfsdfadassdfsfghsyfsdsadsdsdssdsdsdsffsdssringolarosringolaroossssureshaksureshsurutestsureshtestingnewpnrsururetailer pnrsurusurutesasastestallnewioootestallnewretrettesttestingMulDisttestnewallnewalltestnewtestnewerwetqaqatestnewqatesttestnewretnewwtestnewtesttestsureshadmintestuserallnewalltestusernewqatewdsdsdsduuuvxvxcvWallmartwfhwwwxczxczxcxyzxzczxcxczzcxzxczxczczzxczddfsdffzdfdsfsfsdfzdfsdfafsdfzdfzdgfdsfgzxczxczxczxczzxZXZXzzzaaaABC RetailerabcdtestabewAddadidasAJakDevQaAJJakDevQAakewAm RAAramboltasasasqsddwdasdasdasdasdasddasasdsadsadasdsfdsdfsadfsdfsdfavittBetachk linczxczxczxcdsfsdfsdeeefsddssdfsfsdfweGammaiiiNewRAPOPNewRATwoNewRetailerBRA ADDRA APIRA JOHNAntoRAStoreEditRC SaturRCQABuildret chkRetaile Appcoretailer anuRetailer CheckRetailer ProChkRetailerRulerrrsadzdsdtestuserretadminnewunknownVijayRetailer
                                   ' or . = '
                                      All
                                    AAA RA MD newaakarajaaretaileraasamosaAAWallMartPOSABCDDev12acewAero BridgeAlpha TestAMRAArambolt POSatestqaatewaypiCharliecheckchangepwddadasddadsasdddramdfgdggfdsffsdfscsddsfsdfdsfsdfsdfEcho Retailerepicor multiFDFDFFfdfgsfsdfsdfsdffdgfdgfgfffffffFoxtrotfsdfsfsdfsffsfdfgfdfgdfdgfggfghjghghggggggfgGolfGunBrokerhgfhghhghgJakPosRetailerjhjhjhjLC TacticalslicensecheckmultMultiple distributor New AAA AppcoNew DBRC New DisChecknew pos epicorNew POS GSNew POSEpicNew ProdRA MDNew QARANew RA Appco editNew RA AutomationNew RA EpicorNew RACMonNew RAdmin AntoNew RAMDNew RC LoadNew Retailer AABNew Retailer AACNew Retailer AADNew Retailer AppcoNew Retailer KatalonAutoNew Retailer MultipleDistNew RetailerBNewPOSRapidNewQAPOSKNewQARAKNewRACNewRAOneNewRAThreeNewRetailerKataNewRetailersamplenewretailervmnewtestnewtestioooooPOS AdminPOS EpicorPOS GSPOS multiPOSRapidPOSRetailernewqaQA POS RETAILERQA RetqanewretaileradminQAPosPerfRetqaposperfretABQARAdminQARetailer SamqatestadminnewRA AntonyRA AppcoRA AutoRA JohnRA Lin chkRA QA AdminRA QA BuildRA ResetRACreationRALicenseRam devRamkumarrRamu KakaramukakRAPOSRapidRC MenonRC QA ThrusRC ThrusRCPOSThruretailer appcoRetailer forteenRetailer JohnRetailer POPChkRetailer QA VerifyRetailer StoreretailerBMretailerconfirmRetailerFremidRetailerLinChkretailernewQAretailerqaberettaRetailerQABMRetailerRamsadasdqwwesadsdasdasdSam RetailerSam Retailer OneSam Retailer threeSam Retailer twosamplesample lcSampleRetailersampleretailerkatalonsasadsfssbdbsewyewyesdasdasdsdasdasdassdasdasdasdsddfdsfsdferefsdfsdfsdfsdfdsdfsdfsdfsdfadassdfsfghsyfsdsadsdsdssdsdsdsffsdssringolarosringolaroossssureshaksureshsurutestsureshtestingnewpnrsururetailer pnrsurusurutesasastestallnewioootestallnewretrettesttestingMulDisttestnewallnewalltestnewtestnewerwetqaqatestnewqatesttestnewretnewwtestnewtesttestsureshadmintestuserallnewalltestusernewqatewdsdsdsduuuvxvxcvWallmartwfhwwwxczxczxcxyzxzczxcxczzcxzxczxczczzxczddfsdffzdfdsfsfsdfzdfsdfafsdfzdfzdgfdsfgzxczxczxczxczzxZXZXzzzaaaABC RetailerabcdtestabewAddadidasAJakDevQaAJJakDevQAakewAm RAAramboltasasasqsddwdasdasdasdasdasddasasdsadsadasdsfdsdfsadfsdfsdfavittBetachk linczxczxczxcdsfsdfsdeeefsddssdfsfsdfweGammaiiiNewRAPOPNewRATwoNewRetailerBRA ADDRA APIRA JOHNAntoRAStoreEditRC SaturRCQABuildret chkRetaile Appcoretailer anuRetailer CheckRetailer ProChkRetailerRulerrrsadzdsdtestuserretadminnewunknownVijayRetailer
                                   ')]' not found)
	at com.kms.katalon.core.keyword.internal.KeywordMain.stepFailed(KeywordMain.groovy:36)
	at com.kms.katalon.core.webui.keyword.internal.WebUIKeywordMain.stepFailed(WebUIKeywordMain.groovy:65)
	at com.kms.katalon.core.webui.keyword.internal.WebUIKeywordMain.runKeyword(WebUIKeywordMain.groovy:27)
	at com.kms.katalon.core.webui.keyword.builtin.SelectOptionByLabelKeyword.selectOptionByLabel(SelectOptionByLabelKeyword.groovy:98)
	at com.kms.katalon.core.webui.keyword.builtin.SelectOptionByLabelKeyword.execute(SelectOptionByLabelKeyword.groovy:71)
	at com.kms.katalon.core.keyword.internal.KeywordExecutor.executeKeywordForPlatform(KeywordExecutor.groovy:53)
	at com.kms.katalon.core.webui.keyword.WebUiBuiltInKeywords.selectOptionByLabel(WebUiBuiltInKeywords.groovy:1200)
	at com.kms.katalon.core.webui.keyword.WebUiBuiltInKeywords$selectOptionByLabel$6.call(Unknown Source)
	at org.codehaus.groovy.runtime.callsite.CallSiteArray.defaultCall(CallSiteArray.java:48)
	at org.codehaus.groovy.runtime.callsite.AbstractCallSite.call(AbstractCallSite.java:113)
	at org.codehaus.groovy.runtime.callsite.AbstractCallSite.call(AbstractCallSite.java:141)
	at Script1544694985466.run(Script1544694985466.groovy:26)
	at com.kms.katalon.core.main.ScriptEngine.run(ScriptEngine.java:183)
	at com.kms.katalon.core.main.ScriptEngine.runScriptAsRawText(ScriptEngine.java:108)
	at com.kms.katalon.core.main.TestCaseExecutor.runScript(TestCaseExecutor.java:294)
	at com.kms.katalon.core.main.TestCaseExecutor.doExecute(TestCaseExecutor.java:285)
	at com.kms.katalon.core.main.TestCaseExecutor.processExecutionPhase(TestCaseExecutor.java:264)
	at com.kms.katalon.core.main.TestCaseExecutor.accessMainPhase(TestCaseExecutor.java:256)
	at com.kms.katalon.core.main.TestCaseExecutor.execute(TestCaseExecutor.java:200)
	at com.kms.katalon.core.main.TestSuiteExecutor.accessTestCaseMainPhase(TestSuiteExecutor.java:129)
	at com.kms.katalon.core.main.TestSuiteExecutor.accessTestSuiteMainPhase(TestSuiteExecutor.java:112)
	at com.kms.katalon.core.main.TestSuiteExecutor.execute(TestSuiteExecutor.java:81)
	at com.kms.katalon.core.main.TestCaseMain.startTestSuite(TestCaseMain.java:142)
	at com.kms.katalon.core.main.TestCaseMain$startTestSuite$0.call(Unknown Source)
	at org.codehaus.groovy.runtime.callsite.CallSiteArray.defaultCall(CallSiteArray.java:48)
	at org.codehaus.groovy.runtime.callsite.AbstractCallSite.call(AbstractCallSite.java:113)
	at org.codehaus.groovy.runtime.callsite.AbstractCallSite.call(AbstractCallSite.java:141)
	at TempTestSuite1545198601642.run(TempTestSuite1545198601642.groovy:36)
	at groovy.lang.GroovyShell.runScriptOrMainOrTestOrRunnable(GroovyShell.java:263)
	at groovy.lang.GroovyShell.run(GroovyShell.java:518)
	at groovy.lang.GroovyShell.run(GroovyShell.java:507)
	at groovy.ui.GroovyMain.processOnce(GroovyMain.java:653)
	at groovy.ui.GroovyMain.run(GroovyMain.java:384)
	at groovy.ui.GroovyMain.process(GroovyMain.java:370)
	at groovy.ui.GroovyMain.processArgs(GroovyMain.java:129)
	at groovy.ui.GroovyMain.main(GroovyMain.java:109)
	at sun.reflect.NativeMethodAccessorImpl.invoke0(Native Method)
	at sun.reflect.NativeMethodAccessorImpl.invoke(NativeMethodAccessorImpl.java:62)
	at sun.reflect.DelegatingMethodAccessorImpl.invoke(DelegatingMethodAccessorImpl.java:43)
	at java.lang.reflect.Method.invoke(Method.java:498)
	at org.codehaus.groovy.tools.GroovyStarter.rootLoader(GroovyStarter.java:109)
	at org.codehaus.groovy.tools.GroovyStarter.main(GroovyStarter.java:131)
)]]></system-err>
      </testcase>
      <testcase name="Test Cases/AppcoAdmin/delete_retailer" classname="Test Cases/AppcoAdmin/delete_retailer" status="PASSED">
         <system-out><![CDATA[2018-12-19 11:29:51 - [TEST_CASE][PASSED] - Test Cases/AppcoAdmin/delete_retailer: Test Cases/AppcoAdmin/delete_retailer

2018-12-19 11:29:51 - [TEST_STEP][PASSED] - callTestCase: Call Test Case 'Test Cases/Call Test Case/Login_Appco_testcase' successfully

2018-12-19 11:29:51 - [TEST_CASE][PASSED] - Test Cases/Call Test Case/Login_Appco_testcase: Test Cases/Call Test Case/Login_Appco_testcase

2018-12-19 11:29:51 - [TEST_STEP][PASSED] - openBrowser: Browser is opened with url: ''

2018-12-19 11:29:51 - [MESSAGE][WARNING] - A browser is already opened. Closing browser and opening a new one

2018-12-19 11:29:54 - [MESSAGE][PASSED] - Browser is opened with url: ''

2018-12-19 11:29:54 - [TEST_STEP][PASSED] - navigateToUrl: Navigate to 'https://app-qa.appcohesion.io/' successfully

2018-12-19 11:29:58 - [MESSAGE][PASSED] - Navigate to 'https://app-qa.appcohesion.io/' successfully

2018-12-19 11:29:58 - [TEST_STEP][PASSED] - maximizeWindow: Current window maximized

2018-12-19 11:29:59 - [MESSAGE][PASSED] - Current window maximized

2018-12-19 11:29:59 - [TEST_STEP][PASSED] - setText: Text 'surunewadmin' is set on object 'Object Repository/add_retailer_gmail/Page_AppCohesion/input_User Name_ac_username'

2018-12-19 11:29:59 - [MESSAGE][PASSED] - Text 'surunewadmin' is set on object 'Object Repository/add_retailer_gmail/Page_AppCohesion/input_User Name_ac_username'

2018-12-19 11:29:59 - [TEST_STEP][PASSED] - setText: Text '9tlTx3@y' is set on object 'Object Repository/Retailer creation/Page_AppCohesion/input_Password_ac_password'

2018-12-19 11:29:59 - [MESSAGE][PASSED] - Text '9tlTx3@y' is set on object 'Object Repository/Retailer creation/Page_AppCohesion/input_Password_ac_password'

2018-12-19 11:29:59 - [TEST_STEP][PASSED] - click: Object: 'Object Repository/Login_OR/Page_AppCohesion/button_Login Now' is clicked on

2018-12-19 11:29:59 - [MESSAGE][PASSED] - Object: 'Object Repository/Login_OR/Page_AppCohesion/button_Login Now' is clicked on

2018-12-19 11:29:59 - [TEST_STEP][PASSED] - delay: Delayed 10 second(s)

2018-12-19 11:30:09 - [MESSAGE][PASSED] - Delayed 10 second(s)

2018-12-19 11:30:09 - [MESSAGE][PASSED] - Call Test Case 'Test Cases/Call Test Case/Login_Appco_testcase' successfully

2018-12-19 11:30:09 - [TEST_STEP][PASSED] - delay: Delayed 5 second(s)

2018-12-19 11:30:14 - [MESSAGE][PASSED] - Delayed 5 second(s)

2018-12-19 11:30:14 - [TEST_STEP][PASSED] - click: Object: 'Object Repository/Appco Login/retailer delete/a_Retailers              Retai' is clicked on

2018-12-19 11:30:15 - [MESSAGE][PASSED] - Object: 'Object Repository/Appco Login/retailer delete/a_Retailers              Retai' is clicked on

2018-12-19 11:30:15 - [TEST_STEP][PASSED] - delay: Delayed 5 second(s)

2018-12-19 11:30:20 - [MESSAGE][PASSED] - Delayed 5 second(s)

2018-12-19 11:30:20 - [TEST_STEP][PASSED] - verifyElementVisible: Object 'Object Repository/Appco Login/retailer delete/div_Inventory' is visible

2018-12-19 11:30:20 - [MESSAGE][PASSED] - Object 'Object Repository/Appco Login/retailer delete/div_Inventory' is visible

2018-12-19 11:30:20 - [TEST_STEP][PASSED] - click: Object: 'Object Repository/Appco Login/retailer delete/div_Inventory' is clicked on

2018-12-19 11:30:20 - [MESSAGE][PASSED] - Object: 'Object Repository/Appco Login/retailer delete/div_Inventory' is clicked on

2018-12-19 11:30:20 - [TEST_STEP][PASSED] - verifyElementPresent: Object 'Object Repository/Appco Login/retailer delete/button_Delete' is present

2018-12-19 11:30:20 - [MESSAGE][PASSED] - Object 'Object Repository/Appco Login/retailer delete/button_Delete' is present

2018-12-19 11:30:20 - [TEST_STEP][PASSED] - verifyElementPresent: Object 'Object Repository/Appco Login/retailer delete/button_Edit' is present

2018-12-19 11:30:20 - [MESSAGE][PASSED] - Object 'Object Repository/Appco Login/retailer delete/button_Edit' is present

2018-12-19 11:30:20 - [TEST_STEP][PASSED] - delay: Delayed 3 second(s)

2018-12-19 11:30:23 - [MESSAGE][PASSED] - Delayed 3 second(s)

2018-12-19 11:30:23 - [TEST_STEP][PASSED] - click: Object: 'Object Repository/Appco Login/retailer delete/button_Delete' is clicked on

2018-12-19 11:30:23 - [MESSAGE][PASSED] - Object: 'Object Repository/Appco Login/retailer delete/button_Delete' is clicked on

2018-12-19 11:30:23 - [TEST_STEP][PASSED] - verifyElementVisible: Object 'Object Repository/Appco Login/retailer delete/div_Warning' is visible

2018-12-19 11:30:23 - [MESSAGE][PASSED] - Object 'Object Repository/Appco Login/retailer delete/div_Warning' is visible

2018-12-19 11:30:23 - [TEST_STEP][PASSED] - verifyElementVisible: Object 'Object Repository/Appco Login/retailer delete/button_NO' is visible

2018-12-19 11:30:23 - [MESSAGE][PASSED] - Object 'Object Repository/Appco Login/retailer delete/button_NO' is visible

2018-12-19 11:30:23 - [TEST_STEP][PASSED] - verifyElementVisible: Object 'Object Repository/Appco Login/retailer delete/button_YES' is visible

2018-12-19 11:30:23 - [MESSAGE][PASSED] - Object 'Object Repository/Appco Login/retailer delete/button_YES' is visible

2018-12-19 11:30:23 - [TEST_STEP][PASSED] - click: Object: 'Object Repository/Appco Login/retailer delete/button_YES' is clicked on

2018-12-19 11:30:23 - [MESSAGE][PASSED] - Object: 'Object Repository/Appco Login/retailer delete/button_YES' is clicked on

2018-12-19 11:30:23 - [TEST_STEP][PASSED] - verifyElementVisible: Object 'Object Repository/Appco Login/retailer delete/h5_Success  Retailer has been' is visible

2018-12-19 11:30:39 - [MESSAGE][PASSED] - Object 'Object Repository/Appco Login/retailer delete/h5_Success  Retailer has been' is visible]]></system-out>
         <system-err><![CDATA[]]></system-err>
      </testcase>
      <testcase name="Test Cases/AppcoAdmin/Order listing_details" classname="Test Cases/AppcoAdmin/Order listing_details" status="FAILED">
         <failure type="FAILED" message="(Stack trace: com.kms.katalon.core.exception.StepFailedException: Unable to verify object 'Object Repository/Appco Login/order listing/span_Order       882' is visible (Root cause: Web element with id: 'Object Repository/Appco Login/order listing/span_Order       882' located by 'By.xpath: //span[(text() = '
      Order #
      882
    ' or . = '
      Order #
      882
    ')]' not found)
	at com.kms.katalon.core.keyword.internal.KeywordMain.stepFailed(KeywordMain.groovy:36)
	at com.kms.katalon.core.webui.keyword.internal.WebUIKeywordMain.stepFailed(WebUIKeywordMain.groovy:65)
	at com.kms.katalon.core.webui.keyword.internal.WebUIKeywordMain.runKeyword(WebUIKeywordMain.groovy:27)
	at com.kms.katalon.core.webui.keyword.builtin.VerifyElementVisibleKeyword.verifyElementVisible(VerifyElementVisibleKeyword.groovy:97)
	at com.kms.katalon.core.webui.keyword.builtin.VerifyElementVisibleKeyword.execute(VerifyElementVisibleKeyword.groovy:67)
	at com.kms.katalon.core.keyword.internal.KeywordExecutor.executeKeywordForPlatform(KeywordExecutor.groovy:53)
	at com.kms.katalon.core.webui.keyword.WebUiBuiltInKeywords.verifyElementVisible(WebUiBuiltInKeywords.groovy:372)
	at com.kms.katalon.core.webui.keyword.WebUiBuiltInKeywords$verifyElementVisible$7.call(Unknown Source)
	at org.codehaus.groovy.runtime.callsite.CallSiteArray.defaultCall(CallSiteArray.java:48)
	at org.codehaus.groovy.runtime.callsite.AbstractCallSite.call(AbstractCallSite.java:113)
	at org.codehaus.groovy.runtime.callsite.AbstractCallSite.call(AbstractCallSite.java:125)
	at Script1544782628580.run(Script1544782628580.groovy:51)
	at com.kms.katalon.core.main.ScriptEngine.run(ScriptEngine.java:183)
	at com.kms.katalon.core.main.ScriptEngine.runScriptAsRawText(ScriptEngine.java:108)
	at com.kms.katalon.core.main.TestCaseExecutor.runScript(TestCaseExecutor.java:294)
	at com.kms.katalon.core.main.TestCaseExecutor.doExecute(TestCaseExecutor.java:285)
	at com.kms.katalon.core.main.TestCaseExecutor.processExecutionPhase(TestCaseExecutor.java:264)
	at com.kms.katalon.core.main.TestCaseExecutor.accessMainPhase(TestCaseExecutor.java:256)
	at com.kms.katalon.core.main.TestCaseExecutor.execute(TestCaseExecutor.java:200)
	at com.kms.katalon.core.main.TestSuiteExecutor.accessTestCaseMainPhase(TestSuiteExecutor.java:129)
	at com.kms.katalon.core.main.TestSuiteExecutor.accessTestSuiteMainPhase(TestSuiteExecutor.java:112)
	at com.kms.katalon.core.main.TestSuiteExecutor.execute(TestSuiteExecutor.java:81)
	at com.kms.katalon.core.main.TestCaseMain.startTestSuite(TestCaseMain.java:142)
	at com.kms.katalon.core.main.TestCaseMain$startTestSuite$0.call(Unknown Source)
	at org.codehaus.groovy.runtime.callsite.CallSiteArray.defaultCall(CallSiteArray.java:48)
	at org.codehaus.groovy.runtime.callsite.AbstractCallSite.call(AbstractCallSite.java:113)
	at org.codehaus.groovy.runtime.callsite.AbstractCallSite.call(AbstractCallSite.java:141)
	at TempTestSuite1545198601642.run(TempTestSuite1545198601642.groovy:36)
	at groovy.lang.GroovyShell.runScriptOrMainOrTestOrRunnable(GroovyShell.java:263)
	at groovy.lang.GroovyShell.run(GroovyShell.java:518)
	at groovy.lang.GroovyShell.run(GroovyShell.java:507)
	at groovy.ui.GroovyMain.processOnce(GroovyMain.java:653)
	at groovy.ui.GroovyMain.run(GroovyMain.java:384)
	at groovy.ui.GroovyMain.process(GroovyMain.java:370)
	at groovy.ui.GroovyMain.processArgs(GroovyMain.java:129)
	at groovy.ui.GroovyMain.main(GroovyMain.java:109)
	at sun.reflect.NativeMethodAccessorImpl.invoke0(Native Method)
	at sun.reflect.NativeMethodAccessorImpl.invoke(NativeMethodAccessorImpl.java:62)
	at sun.reflect.DelegatingMethodAccessorImpl.invoke(DelegatingMethodAccessorImpl.java:43)
	at java.lang.reflect.Method.invoke(Method.java:498)
	at org.codehaus.groovy.tools.GroovyStarter.rootLoader(GroovyStarter.java:109)
	at org.codehaus.groovy.tools.GroovyStarter.main(GroovyStarter.java:131)
)"/>
         <system-out><![CDATA[2018-12-19 11:30:39 - [TEST_CASE][FAILED] - Test Cases/AppcoAdmin/Order listing_details: Test Cases/AppcoAdmin/Order listing_details FAILED because (of) (Stack trace: com.kms.katalon.core.exception.StepFailedException: Unable to verify object 'Object Repository/Appco Login/order listing/span_Order       882' is visible (Root cause: Web element with id: 'Object Repository/Appco Login/order listing/span_Order       882' located by 'By.xpath: //span[(text() = '
      Order #
      882
    ' or . = '
      Order #
      882
    ')]' not found)
	at com.kms.katalon.core.keyword.internal.KeywordMain.stepFailed(KeywordMain.groovy:36)
	at com.kms.katalon.core.webui.keyword.internal.WebUIKeywordMain.stepFailed(WebUIKeywordMain.groovy:65)
	at com.kms.katalon.core.webui.keyword.internal.WebUIKeywordMain.runKeyword(WebUIKeywordMain.groovy:27)
	at com.kms.katalon.core.webui.keyword.builtin.VerifyElementVisibleKeyword.verifyElementVisible(VerifyElementVisibleKeyword.groovy:97)
	at com.kms.katalon.core.webui.keyword.builtin.VerifyElementVisibleKeyword.execute(VerifyElementVisibleKeyword.groovy:67)
	at com.kms.katalon.core.keyword.internal.KeywordExecutor.executeKeywordForPlatform(KeywordExecutor.groovy:53)
	at com.kms.katalon.core.webui.keyword.WebUiBuiltInKeywords.verifyElementVisible(WebUiBuiltInKeywords.groovy:372)
	at com.kms.katalon.core.webui.keyword.WebUiBuiltInKeywords$verifyElementVisible$7.call(Unknown Source)
	at org.codehaus.groovy.runtime.callsite.CallSiteArray.defaultCall(CallSiteArray.java:48)
	at org.codehaus.groovy.runtime.callsite.AbstractCallSite.call(AbstractCallSite.java:113)
	at org.codehaus.groovy.runtime.callsite.AbstractCallSite.call(AbstractCallSite.java:125)
	at Script1544782628580.run(Script1544782628580.groovy:51)
	at com.kms.katalon.core.main.ScriptEngine.run(ScriptEngine.java:183)
	at com.kms.katalon.core.main.ScriptEngine.runScriptAsRawText(ScriptEngine.java:108)
	at com.kms.katalon.core.main.TestCaseExecutor.runScript(TestCaseExecutor.java:294)
	at com.kms.katalon.core.main.TestCaseExecutor.doExecute(TestCaseExecutor.java:285)
	at com.kms.katalon.core.main.TestCaseExecutor.processExecutionPhase(TestCaseExecutor.java:264)
	at com.kms.katalon.core.main.TestCaseExecutor.accessMainPhase(TestCaseExecutor.java:256)
	at com.kms.katalon.core.main.TestCaseExecutor.execute(TestCaseExecutor.java:200)
	at com.kms.katalon.core.main.TestSuiteExecutor.accessTestCaseMainPhase(TestSuiteExecutor.java:129)
	at com.kms.katalon.core.main.TestSuiteExecutor.accessTestSuiteMainPhase(TestSuiteExecutor.java:112)
	at com.kms.katalon.core.main.TestSuiteExecutor.execute(TestSuiteExecutor.java:81)
	at com.kms.katalon.core.main.TestCaseMain.startTestSuite(TestCaseMain.java:142)
	at com.kms.katalon.core.main.TestCaseMain$startTestSuite$0.call(Unknown Source)
	at org.codehaus.groovy.runtime.callsite.CallSiteArray.defaultCall(CallSiteArray.java:48)
	at org.codehaus.groovy.runtime.callsite.AbstractCallSite.call(AbstractCallSite.java:113)
	at org.codehaus.groovy.runtime.callsite.AbstractCallSite.call(AbstractCallSite.java:141)
	at TempTestSuite1545198601642.run(TempTestSuite1545198601642.groovy:36)
	at groovy.lang.GroovyShell.runScriptOrMainOrTestOrRunnable(GroovyShell.java:263)
	at groovy.lang.GroovyShell.run(GroovyShell.java:518)
	at groovy.lang.GroovyShell.run(GroovyShell.java:507)
	at groovy.ui.GroovyMain.processOnce(GroovyMain.java:653)
	at groovy.ui.GroovyMain.run(GroovyMain.java:384)
	at groovy.ui.GroovyMain.process(GroovyMain.java:370)
	at groovy.ui.GroovyMain.processArgs(GroovyMain.java:129)
	at groovy.ui.GroovyMain.main(GroovyMain.java:109)
	at sun.reflect.NativeMethodAccessorImpl.invoke0(Native Method)
	at sun.reflect.NativeMethodAccessorImpl.invoke(NativeMethodAccessorImpl.java:62)
	at sun.reflect.DelegatingMethodAccessorImpl.invoke(DelegatingMethodAccessorImpl.java:43)
	at java.lang.reflect.Method.invoke(Method.java:498)
	at org.codehaus.groovy.tools.GroovyStarter.rootLoader(GroovyStarter.java:109)
	at org.codehaus.groovy.tools.GroovyStarter.main(GroovyStarter.java:131)
)

2018-12-19 11:30:39 - [TEST_STEP][PASSED] - callTestCase: Call Test Case 'Test Cases/Call Test Case/Login_Appco_testcase' successfully

2018-12-19 11:30:39 - [TEST_CASE][PASSED] - Test Cases/Call Test Case/Login_Appco_testcase: Test Cases/Call Test Case/Login_Appco_testcase

2018-12-19 11:30:39 - [TEST_STEP][PASSED] - openBrowser: Browser is opened with url: ''

2018-12-19 11:30:39 - [MESSAGE][WARNING] - A browser is already opened. Closing browser and opening a new one

2018-12-19 11:30:41 - [MESSAGE][PASSED] - Browser is opened with url: ''

2018-12-19 11:30:41 - [TEST_STEP][PASSED] - navigateToUrl: Navigate to 'https://app-qa.appcohesion.io/' successfully

2018-12-19 11:30:46 - [MESSAGE][PASSED] - Navigate to 'https://app-qa.appcohesion.io/' successfully

2018-12-19 11:30:46 - [TEST_STEP][PASSED] - maximizeWindow: Current window maximized

2018-12-19 11:30:47 - [MESSAGE][PASSED] - Current window maximized

2018-12-19 11:30:47 - [TEST_STEP][PASSED] - setText: Text 'surunewadmin' is set on object 'Object Repository/add_retailer_gmail/Page_AppCohesion/input_User Name_ac_username'

2018-12-19 11:30:47 - [MESSAGE][PASSED] - Text 'surunewadmin' is set on object 'Object Repository/add_retailer_gmail/Page_AppCohesion/input_User Name_ac_username'

2018-12-19 11:30:47 - [TEST_STEP][PASSED] - setText: Text '9tlTx3@y' is set on object 'Object Repository/Retailer creation/Page_AppCohesion/input_Password_ac_password'

2018-12-19 11:30:47 - [MESSAGE][PASSED] - Text '9tlTx3@y' is set on object 'Object Repository/Retailer creation/Page_AppCohesion/input_Password_ac_password'

2018-12-19 11:30:47 - [TEST_STEP][PASSED] - click: Object: 'Object Repository/Login_OR/Page_AppCohesion/button_Login Now' is clicked on

2018-12-19 11:30:47 - [MESSAGE][PASSED] - Object: 'Object Repository/Login_OR/Page_AppCohesion/button_Login Now' is clicked on

2018-12-19 11:30:47 - [TEST_STEP][PASSED] - delay: Delayed 10 second(s)

2018-12-19 11:30:57 - [MESSAGE][PASSED] - Delayed 10 second(s)

2018-12-19 11:30:57 - [MESSAGE][PASSED] - Call Test Case 'Test Cases/Call Test Case/Login_Appco_testcase' successfully

2018-12-19 11:30:57 - [TEST_STEP][PASSED] - delay: Delayed 5 second(s)

2018-12-19 11:31:02 - [MESSAGE][PASSED] - Delayed 5 second(s)

2018-12-19 11:31:02 - [TEST_STEP][PASSED] - click: Object: 'Object Repository/retailer admin All Repo/retailer_order_placement/order_placement_verifymarkup/Page_AppCohesion/a_Dashboard              Dashb' is clicked on

2018-12-19 11:31:02 - [MESSAGE][PASSED] - Object: 'Object Repository/retailer admin All Repo/retailer_order_placement/order_placement_verifymarkup/Page_AppCohesion/a_Dashboard              Dashb' is clicked on

2018-12-19 11:31:02 - [TEST_STEP][PASSED] - delay: Delayed 5 second(s)

2018-12-19 11:31:07 - [MESSAGE][PASSED] - Delayed 5 second(s)

2018-12-19 11:31:07 - [TEST_STEP][PASSED] - click: Object: 'Object Repository/retailer admin All Repo/retailer_order_placement/key_press_orderList/order_tab' is clicked on

2018-12-19 11:31:07 - [MESSAGE][PASSED] - Object: 'Object Repository/retailer admin All Repo/retailer_order_placement/key_press_orderList/order_tab' is clicked on

2018-12-19 11:31:07 - [TEST_STEP][PASSED] - delay: Delayed 5 second(s)

2018-12-19 11:31:12 - [MESSAGE][PASSED] - Delayed 5 second(s)

2018-12-19 11:31:12 - [TEST_STEP][NOT_RUN] - waitForElementVisible: NOT_RUN: waitForElementVisible

2018-12-19 11:31:12 - [MESSAGE][NOT_RUN] - NOT_RUN: waitForElementVisible

2018-12-19 11:31:12 - [TEST_STEP][PASSED] - check: Object 'Object Repository/Appco Login/order listing/i__glyphicon glyphicon-search' is checked

2018-12-19 11:31:12 - [MESSAGE][PASSED] - Object 'Object Repository/Appco Login/order listing/i__glyphicon glyphicon-search' is checked

2018-12-19 11:31:12 - [TEST_STEP][NOT_RUN] - dragAndDropToObject: NOT_RUN: dragAndDropToObject

2018-12-19 11:31:12 - [MESSAGE][NOT_RUN] - NOT_RUN: dragAndDropToObject

2018-12-19 11:31:12 - [TEST_STEP][PASSED] - setText: Text 'wallmart' is set on object 'Object Repository/Appco Login/order listing/input_ORDER STATUS_input_2'

2018-12-19 11:31:19 - [MESSAGE][PASSED] - Text 'wallmart' is set on object 'Object Repository/Appco Login/order listing/input_ORDER STATUS_input_2'

2018-12-19 11:31:19 - [TEST_STEP][PASSED] - delay: Delayed 5 second(s)

2018-12-19 11:31:24 - [MESSAGE][PASSED] - Delayed 5 second(s)

2018-12-19 11:31:24 - [TEST_STEP][PASSED] - sendKeys: Keys 'ENTER + ' sent to object: 'Object Repository/Appco Login/order listing/input_ORDER STATUS_input_2'

2018-12-19 11:31:24 - [MESSAGE][PASSED] - Keys 'ENTER + ' sent to object: 'Object Repository/Appco Login/order listing/input_ORDER STATUS_input_2'

2018-12-19 11:31:24 - [TEST_STEP][PASSED] - delay: Delayed 5 second(s)

2018-12-19 11:31:29 - [MESSAGE][PASSED] - Delayed 5 second(s)

2018-12-19 11:31:29 - [TEST_STEP][PASSED] - verifyElementVisible: Object 'Object Repository/retailer admin All Repo/retailer_order_placement/Page_AppCohesion/tr_order HCKLR-IHMFX7Z1' is visible

2018-12-19 11:31:29 - [MESSAGE][PASSED] - Object 'Object Repository/retailer admin All Repo/retailer_order_placement/Page_AppCohesion/tr_order HCKLR-IHMFX7Z1' is visible

2018-12-19 11:31:29 - [TEST_STEP][PASSED] - click: Object: 'Object Repository/retailer admin All Repo/retailer_order_placement/Page_AppCohesion/tr_order HCKLR-IHMFX7Z1' is clicked on

2018-12-19 11:31:30 - [MESSAGE][PASSED] - Object: 'Object Repository/retailer admin All Repo/retailer_order_placement/Page_AppCohesion/tr_order HCKLR-IHMFX7Z1' is clicked on

2018-12-19 11:31:30 - [TEST_STEP][FAILED] - verifyElementVisible: Unable to verify object 'Object Repository/Appco Login/order listing/span_Order       882' is visible (Root cause: Web element with id: 'Object Repository/Appco Login/order listing/span_Order       882' located by 'By.xpath: //span[(text() = '
      Order #
      882
    ' or . = '
      Order #
      882
    ')]' not found)

2018-12-19 11:32:01 - [MESSAGE][FAILED] - Web element with id: 'Object Repository/Appco Login/order listing/span_Order       882' located by 'By.xpath: //span[(text() = '
      Order #
      882
    ' or . = '
      Order #
      882
    ')]' not found
[[ATTACHMENT|C:\\Users\\Snekalatha R\\git\\QA-KatalonNew\\Reports\\Appco_test_suite\\20181219_112001\\1545199321475.png]]

2018-12-19 11:32:02 - [MESSAGE][FAILED] - Unable to verify object 'Object Repository/Appco Login/order listing/span_Order       882' is visible (Root cause: Web element with id: 'Object Repository/Appco Login/order listing/span_Order       882' located by 'By.xpath: //span[(text() = '
      Order #
      882
    ' or . = '
      Order #
      882
    ')]' not found)
[[ATTACHMENT|C:\\Users\\Snekalatha R\\git\\QA-KatalonNew\\Reports\\Appco_test_suite\\20181219_112001\\1545199321821.png]]]]></system-out>
         <system-err><![CDATA[2018-12-19 11:30:39 - [TEST_CASE][FAILED] - Test Cases/AppcoAdmin/Order listing_details: Test Cases/AppcoAdmin/Order listing_details FAILED because (of) (Stack trace: com.kms.katalon.core.exception.StepFailedException: Unable to verify object 'Object Repository/Appco Login/order listing/span_Order       882' is visible (Root cause: Web element with id: 'Object Repository/Appco Login/order listing/span_Order       882' located by 'By.xpath: //span[(text() = '
      Order #
      882
    ' or . = '
      Order #
      882
    ')]' not found)
	at com.kms.katalon.core.keyword.internal.KeywordMain.stepFailed(KeywordMain.groovy:36)
	at com.kms.katalon.core.webui.keyword.internal.WebUIKeywordMain.stepFailed(WebUIKeywordMain.groovy:65)
	at com.kms.katalon.core.webui.keyword.internal.WebUIKeywordMain.runKeyword(WebUIKeywordMain.groovy:27)
	at com.kms.katalon.core.webui.keyword.builtin.VerifyElementVisibleKeyword.verifyElementVisible(VerifyElementVisibleKeyword.groovy:97)
	at com.kms.katalon.core.webui.keyword.builtin.VerifyElementVisibleKeyword.execute(VerifyElementVisibleKeyword.groovy:67)
	at com.kms.katalon.core.keyword.internal.KeywordExecutor.executeKeywordForPlatform(KeywordExecutor.groovy:53)
	at com.kms.katalon.core.webui.keyword.WebUiBuiltInKeywords.verifyElementVisible(WebUiBuiltInKeywords.groovy:372)
	at com.kms.katalon.core.webui.keyword.WebUiBuiltInKeywords$verifyElementVisible$7.call(Unknown Source)
	at org.codehaus.groovy.runtime.callsite.CallSiteArray.defaultCall(CallSiteArray.java:48)
	at org.codehaus.groovy.runtime.callsite.AbstractCallSite.call(AbstractCallSite.java:113)
	at org.codehaus.groovy.runtime.callsite.AbstractCallSite.call(AbstractCallSite.java:125)
	at Script1544782628580.run(Script1544782628580.groovy:51)
	at com.kms.katalon.core.main.ScriptEngine.run(ScriptEngine.java:183)
	at com.kms.katalon.core.main.ScriptEngine.runScriptAsRawText(ScriptEngine.java:108)
	at com.kms.katalon.core.main.TestCaseExecutor.runScript(TestCaseExecutor.java:294)
	at com.kms.katalon.core.main.TestCaseExecutor.doExecute(TestCaseExecutor.java:285)
	at com.kms.katalon.core.main.TestCaseExecutor.processExecutionPhase(TestCaseExecutor.java:264)
	at com.kms.katalon.core.main.TestCaseExecutor.accessMainPhase(TestCaseExecutor.java:256)
	at com.kms.katalon.core.main.TestCaseExecutor.execute(TestCaseExecutor.java:200)
	at com.kms.katalon.core.main.TestSuiteExecutor.accessTestCaseMainPhase(TestSuiteExecutor.java:129)
	at com.kms.katalon.core.main.TestSuiteExecutor.accessTestSuiteMainPhase(TestSuiteExecutor.java:112)
	at com.kms.katalon.core.main.TestSuiteExecutor.execute(TestSuiteExecutor.java:81)
	at com.kms.katalon.core.main.TestCaseMain.startTestSuite(TestCaseMain.java:142)
	at com.kms.katalon.core.main.TestCaseMain$startTestSuite$0.call(Unknown Source)
	at org.codehaus.groovy.runtime.callsite.CallSiteArray.defaultCall(CallSiteArray.java:48)
	at org.codehaus.groovy.runtime.callsite.AbstractCallSite.call(AbstractCallSite.java:113)
	at org.codehaus.groovy.runtime.callsite.AbstractCallSite.call(AbstractCallSite.java:141)
	at TempTestSuite1545198601642.run(TempTestSuite1545198601642.groovy:36)
	at groovy.lang.GroovyShell.runScriptOrMainOrTestOrRunnable(GroovyShell.java:263)
	at groovy.lang.GroovyShell.run(GroovyShell.java:518)
	at groovy.lang.GroovyShell.run(GroovyShell.java:507)
	at groovy.ui.GroovyMain.processOnce(GroovyMain.java:653)
	at groovy.ui.GroovyMain.run(GroovyMain.java:384)
	at groovy.ui.GroovyMain.process(GroovyMain.java:370)
	at groovy.ui.GroovyMain.processArgs(GroovyMain.java:129)
	at groovy.ui.GroovyMain.main(GroovyMain.java:109)
	at sun.reflect.NativeMethodAccessorImpl.invoke0(Native Method)
	at sun.reflect.NativeMethodAccessorImpl.invoke(NativeMethodAccessorImpl.java:62)
	at sun.reflect.DelegatingMethodAccessorImpl.invoke(DelegatingMethodAccessorImpl.java:43)
	at java.lang.reflect.Method.invoke(Method.java:498)
	at org.codehaus.groovy.tools.GroovyStarter.rootLoader(GroovyStarter.java:109)
	at org.codehaus.groovy.tools.GroovyStarter.main(GroovyStarter.java:131)
)]]></system-err>
      </testcase>
      <testcase name="Test Cases/AppcoAdmin/Appco_markup" classname="Test Cases/AppcoAdmin/Appco_markup" status="FAILED">
         <failure type="FAILED" message="(Stack trace: com.kms.katalon.core.exception.StepFailedException: Unable to verify object 'Object Repository/Appco Login/Appco_Markup/div_Inventory' is visible (Root cause: Web element with id: 'Object Repository/Appco Login/Appco_Markup/div_Inventory' located by 'By.xpath: //div[@id = 'retailer0' and (text() = '
              

              
               
                  
                
                
                  
                    
                    
                      
                      
                        Inventory
                      
                      
                        Employee
                      
                    
                  
                
              
              
              
                
                
                  
                  AAA Retailer MD auto
                
               
             

            ' or . = '
              

              
               
                  
                
                
                  
                    
                    
                      
                      
                        Inventory
                      
                      
                        Employee
                      
                    
                  
                
              
              
              
                
                
                  
                  AAA Retailer MD auto
                
               
             

            ')]' not found)
	at com.kms.katalon.core.keyword.internal.KeywordMain.stepFailed(KeywordMain.groovy:36)
	at com.kms.katalon.core.webui.keyword.internal.WebUIKeywordMain.stepFailed(WebUIKeywordMain.groovy:65)
	at com.kms.katalon.core.webui.keyword.internal.WebUIKeywordMain.runKeyword(WebUIKeywordMain.groovy:27)
	at com.kms.katalon.core.webui.keyword.builtin.VerifyElementVisibleKeyword.verifyElementVisible(VerifyElementVisibleKeyword.groovy:97)
	at com.kms.katalon.core.webui.keyword.builtin.VerifyElementVisibleKeyword.execute(VerifyElementVisibleKeyword.groovy:67)
	at com.kms.katalon.core.keyword.internal.KeywordExecutor.executeKeywordForPlatform(KeywordExecutor.groovy:53)
	at com.kms.katalon.core.webui.keyword.WebUiBuiltInKeywords.verifyElementVisible(WebUiBuiltInKeywords.groovy:372)
	at com.kms.katalon.core.webui.keyword.WebUiBuiltInKeywords$verifyElementVisible$7.call(Unknown Source)
	at org.codehaus.groovy.runtime.callsite.CallSiteArray.defaultCall(CallSiteArray.java:48)
	at org.codehaus.groovy.runtime.callsite.AbstractCallSite.call(AbstractCallSite.java:113)
	at org.codehaus.groovy.runtime.callsite.AbstractCallSite.call(AbstractCallSite.java:125)
	at Script1545119029016.run(Script1545119029016.groovy:22)
	at com.kms.katalon.core.main.ScriptEngine.run(ScriptEngine.java:183)
	at com.kms.katalon.core.main.ScriptEngine.runScriptAsRawText(ScriptEngine.java:108)
	at com.kms.katalon.core.main.TestCaseExecutor.runScript(TestCaseExecutor.java:294)
	at com.kms.katalon.core.main.TestCaseExecutor.doExecute(TestCaseExecutor.java:285)
	at com.kms.katalon.core.main.TestCaseExecutor.processExecutionPhase(TestCaseExecutor.java:264)
	at com.kms.katalon.core.main.TestCaseExecutor.accessMainPhase(TestCaseExecutor.java:256)
	at com.kms.katalon.core.main.TestCaseExecutor.execute(TestCaseExecutor.java:200)
	at com.kms.katalon.core.main.TestSuiteExecutor.accessTestCaseMainPhase(TestSuiteExecutor.java:129)
	at com.kms.katalon.core.main.TestSuiteExecutor.accessTestSuiteMainPhase(TestSuiteExecutor.java:112)
	at com.kms.katalon.core.main.TestSuiteExecutor.execute(TestSuiteExecutor.java:81)
	at com.kms.katalon.core.main.TestCaseMain.startTestSuite(TestCaseMain.java:142)
	at com.kms.katalon.core.main.TestCaseMain$startTestSuite$0.call(Unknown Source)
	at org.codehaus.groovy.runtime.callsite.CallSiteArray.defaultCall(CallSiteArray.java:48)
	at org.codehaus.groovy.runtime.callsite.AbstractCallSite.call(AbstractCallSite.java:113)
	at org.codehaus.groovy.runtime.callsite.AbstractCallSite.call(AbstractCallSite.java:141)
	at TempTestSuite1545198601642.run(TempTestSuite1545198601642.groovy:36)
	at groovy.lang.GroovyShell.runScriptOrMainOrTestOrRunnable(GroovyShell.java:263)
	at groovy.lang.GroovyShell.run(GroovyShell.java:518)
	at groovy.lang.GroovyShell.run(GroovyShell.java:507)
	at groovy.ui.GroovyMain.processOnce(GroovyMain.java:653)
	at groovy.ui.GroovyMain.run(GroovyMain.java:384)
	at groovy.ui.GroovyMain.process(GroovyMain.java:370)
	at groovy.ui.GroovyMain.processArgs(GroovyMain.java:129)
	at groovy.ui.GroovyMain.main(GroovyMain.java:109)
	at sun.reflect.NativeMethodAccessorImpl.invoke0(Native Method)
	at sun.reflect.NativeMethodAccessorImpl.invoke(NativeMethodAccessorImpl.java:62)
	at sun.reflect.DelegatingMethodAccessorImpl.invoke(DelegatingMethodAccessorImpl.java:43)
	at java.lang.reflect.Method.invoke(Method.java:498)
	at org.codehaus.groovy.tools.GroovyStarter.rootLoader(GroovyStarter.java:109)
	at org.codehaus.groovy.tools.GroovyStarter.main(GroovyStarter.java:131)
)"/>
         <system-out><![CDATA[2018-12-19 11:32:02 - [TEST_CASE][FAILED] - Test Cases/AppcoAdmin/Appco_markup: Test Cases/AppcoAdmin/Appco_markup FAILED because (of) (Stack trace: com.kms.katalon.core.exception.StepFailedException: Unable to verify object 'Object Repository/Appco Login/Appco_Markup/div_Inventory' is visible (Root cause: Web element with id: 'Object Repository/Appco Login/Appco_Markup/div_Inventory' located by 'By.xpath: //div[@id = 'retailer0' and (text() = '
              

              
               
                  
                
                
                  
                    
                    
                      
                      
                        Inventory
                      
                      
                        Employee
                      
                    
                  
                
              
              
              
                
                
                  
                  AAA Retailer MD auto
                
               
             

            ' or . = '
              

              
               
                  
                
                
                  
                    
                    
                      
                      
                        Inventory
                      
                      
                        Employee
                      
                    
                  
                
              
              
              
                
                
                  
                  AAA Retailer MD auto
                
               
             

            ')]' not found)
	at com.kms.katalon.core.keyword.internal.KeywordMain.stepFailed(KeywordMain.groovy:36)
	at com.kms.katalon.core.webui.keyword.internal.WebUIKeywordMain.stepFailed(WebUIKeywordMain.groovy:65)
	at com.kms.katalon.core.webui.keyword.internal.WebUIKeywordMain.runKeyword(WebUIKeywordMain.groovy:27)
	at com.kms.katalon.core.webui.keyword.builtin.VerifyElementVisibleKeyword.verifyElementVisible(VerifyElementVisibleKeyword.groovy:97)
	at com.kms.katalon.core.webui.keyword.builtin.VerifyElementVisibleKeyword.execute(VerifyElementVisibleKeyword.groovy:67)
	at com.kms.katalon.core.keyword.internal.KeywordExecutor.executeKeywordForPlatform(KeywordExecutor.groovy:53)
	at com.kms.katalon.core.webui.keyword.WebUiBuiltInKeywords.verifyElementVisible(WebUiBuiltInKeywords.groovy:372)
	at com.kms.katalon.core.webui.keyword.WebUiBuiltInKeywords$verifyElementVisible$7.call(Unknown Source)
	at org.codehaus.groovy.runtime.callsite.CallSiteArray.defaultCall(CallSiteArray.java:48)
	at org.codehaus.groovy.runtime.callsite.AbstractCallSite.call(AbstractCallSite.java:113)
	at org.codehaus.groovy.runtime.callsite.AbstractCallSite.call(AbstractCallSite.java:125)
	at Script1545119029016.run(Script1545119029016.groovy:22)
	at com.kms.katalon.core.main.ScriptEngine.run(ScriptEngine.java:183)
	at com.kms.katalon.core.main.ScriptEngine.runScriptAsRawText(ScriptEngine.java:108)
	at com.kms.katalon.core.main.TestCaseExecutor.runScript(TestCaseExecutor.java:294)
	at com.kms.katalon.core.main.TestCaseExecutor.doExecute(TestCaseExecutor.java:285)
	at com.kms.katalon.core.main.TestCaseExecutor.processExecutionPhase(TestCaseExecutor.java:264)
	at com.kms.katalon.core.main.TestCaseExecutor.accessMainPhase(TestCaseExecutor.java:256)
	at com.kms.katalon.core.main.TestCaseExecutor.execute(TestCaseExecutor.java:200)
	at com.kms.katalon.core.main.TestSuiteExecutor.accessTestCaseMainPhase(TestSuiteExecutor.java:129)
	at com.kms.katalon.core.main.TestSuiteExecutor.accessTestSuiteMainPhase(TestSuiteExecutor.java:112)
	at com.kms.katalon.core.main.TestSuiteExecutor.execute(TestSuiteExecutor.java:81)
	at com.kms.katalon.core.main.TestCaseMain.startTestSuite(TestCaseMain.java:142)
	at com.kms.katalon.core.main.TestCaseMain$startTestSuite$0.call(Unknown Source)
	at org.codehaus.groovy.runtime.callsite.CallSiteArray.defaultCall(CallSiteArray.java:48)
	at org.codehaus.groovy.runtime.callsite.AbstractCallSite.call(AbstractCallSite.java:113)
	at org.codehaus.groovy.runtime.callsite.AbstractCallSite.call(AbstractCallSite.java:141)
	at TempTestSuite1545198601642.run(TempTestSuite1545198601642.groovy:36)
	at groovy.lang.GroovyShell.runScriptOrMainOrTestOrRunnable(GroovyShell.java:263)
	at groovy.lang.GroovyShell.run(GroovyShell.java:518)
	at groovy.lang.GroovyShell.run(GroovyShell.java:507)
	at groovy.ui.GroovyMain.processOnce(GroovyMain.java:653)
	at groovy.ui.GroovyMain.run(GroovyMain.java:384)
	at groovy.ui.GroovyMain.process(GroovyMain.java:370)
	at groovy.ui.GroovyMain.processArgs(GroovyMain.java:129)
	at groovy.ui.GroovyMain.main(GroovyMain.java:109)
	at sun.reflect.NativeMethodAccessorImpl.invoke0(Native Method)
	at sun.reflect.NativeMethodAccessorImpl.invoke(NativeMethodAccessorImpl.java:62)
	at sun.reflect.DelegatingMethodAccessorImpl.invoke(DelegatingMethodAccessorImpl.java:43)
	at java.lang.reflect.Method.invoke(Method.java:498)
	at org.codehaus.groovy.tools.GroovyStarter.rootLoader(GroovyStarter.java:109)
	at org.codehaus.groovy.tools.GroovyStarter.main(GroovyStarter.java:131)
)

2018-12-19 11:32:02 - [TEST_STEP][PASSED] - callTestCase: Call Test Case 'Test Cases/Call Test Case/Login_Appco_testcase' successfully

2018-12-19 11:32:02 - [TEST_CASE][PASSED] - Test Cases/Call Test Case/Login_Appco_testcase: Test Cases/Call Test Case/Login_Appco_testcase

2018-12-19 11:32:02 - [TEST_STEP][PASSED] - openBrowser: Browser is opened with url: ''

2018-12-19 11:32:02 - [MESSAGE][WARNING] - A browser is already opened. Closing browser and opening a new one

2018-12-19 11:32:04 - [MESSAGE][PASSED] - Browser is opened with url: ''

2018-12-19 11:32:04 - [TEST_STEP][PASSED] - navigateToUrl: Navigate to 'https://app-qa.appcohesion.io/' successfully

2018-12-19 11:32:08 - [MESSAGE][PASSED] - Navigate to 'https://app-qa.appcohesion.io/' successfully

2018-12-19 11:32:08 - [TEST_STEP][PASSED] - maximizeWindow: Current window maximized

2018-12-19 11:32:10 - [MESSAGE][PASSED] - Current window maximized

2018-12-19 11:32:10 - [TEST_STEP][PASSED] - setText: Text 'surunewadmin' is set on object 'Object Repository/add_retailer_gmail/Page_AppCohesion/input_User Name_ac_username'

2018-12-19 11:32:10 - [MESSAGE][PASSED] - Text 'surunewadmin' is set on object 'Object Repository/add_retailer_gmail/Page_AppCohesion/input_User Name_ac_username'

2018-12-19 11:32:10 - [TEST_STEP][PASSED] - setText: Text '9tlTx3@y' is set on object 'Object Repository/Retailer creation/Page_AppCohesion/input_Password_ac_password'

2018-12-19 11:32:10 - [MESSAGE][PASSED] - Text '9tlTx3@y' is set on object 'Object Repository/Retailer creation/Page_AppCohesion/input_Password_ac_password'

2018-12-19 11:32:10 - [TEST_STEP][PASSED] - click: Object: 'Object Repository/Login_OR/Page_AppCohesion/button_Login Now' is clicked on

2018-12-19 11:32:10 - [MESSAGE][PASSED] - Object: 'Object Repository/Login_OR/Page_AppCohesion/button_Login Now' is clicked on

2018-12-19 11:32:10 - [TEST_STEP][PASSED] - delay: Delayed 10 second(s)

2018-12-19 11:32:20 - [MESSAGE][PASSED] - Delayed 10 second(s)

2018-12-19 11:32:20 - [MESSAGE][PASSED] - Call Test Case 'Test Cases/Call Test Case/Login_Appco_testcase' successfully

2018-12-19 11:32:20 - [TEST_STEP][PASSED] - click: Object: 'Object Repository/add_retailer_gmail/Page_AppCohesion/a_Retailers              Retai' is clicked on

2018-12-19 11:32:20 - [MESSAGE][PASSED] - Object: 'Object Repository/add_retailer_gmail/Page_AppCohesion/a_Retailers              Retai' is clicked on

2018-12-19 11:32:20 - [TEST_STEP][PASSED] - delay: Delayed 5 second(s)

2018-12-19 11:32:25 - [MESSAGE][PASSED] - Delayed 5 second(s)

2018-12-19 11:32:25 - [TEST_STEP][FAILED] - verifyElementVisible: Unable to verify object 'Object Repository/Appco Login/Appco_Markup/div_Inventory' is visible (Root cause: Web element with id: 'Object Repository/Appco Login/Appco_Markup/div_Inventory' located by 'By.xpath: //div[@id = 'retailer0' and (text() = '
              

              
               
                  
                
                
                  
                    
                    
                      
                      
                        Inventory
                      
                      
                        Employee
                      
                    
                  
                
              
              
              
                
                
                  
                  AAA Retailer MD auto
                
               
             

            ' or . = '
              

              
               
                  
                
                
                  
                    
                    
                      
                      
                        Inventory
                      
                      
                        Employee
                      
                    
                  
                
              
              
              
                
                
                  
                  AAA Retailer MD auto
                
               
             

            ')]' not found)

2018-12-19 11:32:59 - [MESSAGE][FAILED] - Web element with id: 'Object Repository/Appco Login/Appco_Markup/div_Inventory' located by 'By.xpath: //div[@id = 'retailer0' and (text() = '
              

              
               
                  
                
                
                  
                    
                    
                      
                      
                        Inventory
                      
                      
                        Employee
                      
                    
                  
                
              
              
              
                
                
                  
                  AAA Retailer MD auto
                
               
             

            ' or . = '
              

              
               
                  
                
                
                  
                    
                    
                      
                      
                        Inventory
                      
                      
                        Employee
                      
                    
                  
                
              
              
              
                
                
                  
                  AAA Retailer MD auto
                
               
             

            ')]' not found
[[ATTACHMENT|C:\\Users\\Snekalatha R\\git\\QA-KatalonNew\\Reports\\Appco_test_suite\\20181219_112001\\1545199379213.png]]

2018-12-19 11:32:59 - [MESSAGE][FAILED] - Unable to verify object 'Object Repository/Appco Login/Appco_Markup/div_Inventory' is visible (Root cause: Web element with id: 'Object Repository/Appco Login/Appco_Markup/div_Inventory' located by 'By.xpath: //div[@id = 'retailer0' and (text() = '
              

              
               
                  
                
                
                  
                    
                    
                      
                      
                        Inventory
                      
                      
                        Employee
                      
                    
                  
                
              
              
              
                
                
                  
                  AAA Retailer MD auto
                
               
             

            ' or . = '
              

              
               
                  
                
                
                  
                    
                    
                      
                      
                        Inventory
                      
                      
                        Employee
                      
                    
                  
                
              
              
              
                
                
                  
                  AAA Retailer MD auto
                
               
             

            ')]' not found)
[[ATTACHMENT|C:\\Users\\Snekalatha R\\git\\QA-KatalonNew\\Reports\\Appco_test_suite\\20181219_112001\\1545199379597.png]]]]></system-out>
         <system-err><![CDATA[2018-12-19 11:32:02 - [TEST_CASE][FAILED] - Test Cases/AppcoAdmin/Appco_markup: Test Cases/AppcoAdmin/Appco_markup FAILED because (of) (Stack trace: com.kms.katalon.core.exception.StepFailedException: Unable to verify object 'Object Repository/Appco Login/Appco_Markup/div_Inventory' is visible (Root cause: Web element with id: 'Object Repository/Appco Login/Appco_Markup/div_Inventory' located by 'By.xpath: //div[@id = 'retailer0' and (text() = '
              

              
               
                  
                
                
                  
                    
                    
                      
                      
                        Inventory
                      
                      
                        Employee
                      
                    
                  
                
              
              
              
                
                
                  
                  AAA Retailer MD auto
                
               
             

            ' or . = '
              

              
               
                  
                
                
                  
                    
                    
                      
                      
                        Inventory
                      
                      
                        Employee
                      
                    
                  
                
              
              
              
                
                
                  
                  AAA Retailer MD auto
                
               
             

            ')]' not found)
	at com.kms.katalon.core.keyword.internal.KeywordMain.stepFailed(KeywordMain.groovy:36)
	at com.kms.katalon.core.webui.keyword.internal.WebUIKeywordMain.stepFailed(WebUIKeywordMain.groovy:65)
	at com.kms.katalon.core.webui.keyword.internal.WebUIKeywordMain.runKeyword(WebUIKeywordMain.groovy:27)
	at com.kms.katalon.core.webui.keyword.builtin.VerifyElementVisibleKeyword.verifyElementVisible(VerifyElementVisibleKeyword.groovy:97)
	at com.kms.katalon.core.webui.keyword.builtin.VerifyElementVisibleKeyword.execute(VerifyElementVisibleKeyword.groovy:67)
	at com.kms.katalon.core.keyword.internal.KeywordExecutor.executeKeywordForPlatform(KeywordExecutor.groovy:53)
	at com.kms.katalon.core.webui.keyword.WebUiBuiltInKeywords.verifyElementVisible(WebUiBuiltInKeywords.groovy:372)
	at com.kms.katalon.core.webui.keyword.WebUiBuiltInKeywords$verifyElementVisible$7.call(Unknown Source)
	at org.codehaus.groovy.runtime.callsite.CallSiteArray.defaultCall(CallSiteArray.java:48)
	at org.codehaus.groovy.runtime.callsite.AbstractCallSite.call(AbstractCallSite.java:113)
	at org.codehaus.groovy.runtime.callsite.AbstractCallSite.call(AbstractCallSite.java:125)
	at Script1545119029016.run(Script1545119029016.groovy:22)
	at com.kms.katalon.core.main.ScriptEngine.run(ScriptEngine.java:183)
	at com.kms.katalon.core.main.ScriptEngine.runScriptAsRawText(ScriptEngine.java:108)
	at com.kms.katalon.core.main.TestCaseExecutor.runScript(TestCaseExecutor.java:294)
	at com.kms.katalon.core.main.TestCaseExecutor.doExecute(TestCaseExecutor.java:285)
	at com.kms.katalon.core.main.TestCaseExecutor.processExecutionPhase(TestCaseExecutor.java:264)
	at com.kms.katalon.core.main.TestCaseExecutor.accessMainPhase(TestCaseExecutor.java:256)
	at com.kms.katalon.core.main.TestCaseExecutor.execute(TestCaseExecutor.java:200)
	at com.kms.katalon.core.main.TestSuiteExecutor.accessTestCaseMainPhase(TestSuiteExecutor.java:129)
	at com.kms.katalon.core.main.TestSuiteExecutor.accessTestSuiteMainPhase(TestSuiteExecutor.java:112)
	at com.kms.katalon.core.main.TestSuiteExecutor.execute(TestSuiteExecutor.java:81)
	at com.kms.katalon.core.main.TestCaseMain.startTestSuite(TestCaseMain.java:142)
	at com.kms.katalon.core.main.TestCaseMain$startTestSuite$0.call(Unknown Source)
	at org.codehaus.groovy.runtime.callsite.CallSiteArray.defaultCall(CallSiteArray.java:48)
	at org.codehaus.groovy.runtime.callsite.AbstractCallSite.call(AbstractCallSite.java:113)
	at org.codehaus.groovy.runtime.callsite.AbstractCallSite.call(AbstractCallSite.java:141)
	at TempTestSuite1545198601642.run(TempTestSuite1545198601642.groovy:36)
	at groovy.lang.GroovyShell.runScriptOrMainOrTestOrRunnable(GroovyShell.java:263)
	at groovy.lang.GroovyShell.run(GroovyShell.java:518)
	at groovy.lang.GroovyShell.run(GroovyShell.java:507)
	at groovy.ui.GroovyMain.processOnce(GroovyMain.java:653)
	at groovy.ui.GroovyMain.run(GroovyMain.java:384)
	at groovy.ui.GroovyMain.process(GroovyMain.java:370)
	at groovy.ui.GroovyMain.processArgs(GroovyMain.java:129)
	at groovy.ui.GroovyMain.main(GroovyMain.java:109)
	at sun.reflect.NativeMethodAccessorImpl.invoke0(Native Method)
	at sun.reflect.NativeMethodAccessorImpl.invoke(NativeMethodAccessorImpl.java:62)
	at sun.reflect.DelegatingMethodAccessorImpl.invoke(DelegatingMethodAccessorImpl.java:43)
	at java.lang.reflect.Method.invoke(Method.java:498)
	at org.codehaus.groovy.tools.GroovyStarter.rootLoader(GroovyStarter.java:109)
	at org.codehaus.groovy.tools.GroovyStarter.main(GroovyStarter.java:131)
)]]></system-err>
      </testcase>
      <system-out><![CDATA[2018-12-19 11:20:03 - [TEST_SUITE][FAILED] - Appco_test_suite: Test Cases/AppcoAdmin/add_RA_MultipleDistributor FAILED because (of) (Stack trace: com.kms.katalon.core.exception.StepFailedException: com.kms.katalon.core.webui.exception.WebElementNotFoundException: Web element with id: 'Object Repository/Retailer creation/inventory_object repo/h5_Success  Congratulations Yo' located by 'By.xpath: //h5[@id = 'exactmsg' and (text() = 'Success:  Congratulations!! You have successfully added retailer. Email has been sent to his email id!' or . = 'Success:  Congratulations!! You have successfully added retailer. Email has been sent to his email id!')]' not found
	at com.kms.katalon.core.keyword.internal.KeywordMain.stepFailed(KeywordMain.groovy:32)
	at com.kms.katalon.core.webui.keyword.internal.WebUIKeywordMain.stepFailed(WebUIKeywordMain.groovy:65)
	at com.kms.katalon.core.webui.keyword.builtin.VerifyElementTextKeyword$_verifyElementText_closure1.doCall(VerifyElementTextKeyword.groovy:64)
	at com.kms.katalon.core.webui.keyword.builtin.VerifyElementTextKeyword$_verifyElementText_closure1.call(VerifyElementTextKeyword.groovy)
	at com.kms.katalon.core.webui.keyword.internal.WebUIKeywordMain.runKeyword(WebUIKeywordMain.groovy:21)
	at com.kms.katalon.core.webui.keyword.builtin.VerifyElementTextKeyword.verifyElementText(VerifyElementTextKeyword.groovy:72)
	at com.kms.katalon.core.webui.keyword.builtin.VerifyElementTextKeyword.execute(VerifyElementTextKeyword.groovy:40)
	at com.kms.katalon.core.keyword.internal.KeywordExecutor.executeKeywordForPlatform(KeywordExecutor.groovy:53)
	at com.kms.katalon.core.webui.keyword.WebUiBuiltInKeywords.verifyElementText(WebUiBuiltInKeywords.groovy:3647)
	at com.kms.katalon.core.webui.keyword.WebUiBuiltInKeywords$verifyElementText$8.call(Unknown Source)
	at org.codehaus.groovy.runtime.callsite.CallSiteArray.defaultCall(CallSiteArray.java:48)
	at org.codehaus.groovy.runtime.callsite.AbstractCallSite.call(AbstractCallSite.java:113)
	at org.codehaus.groovy.runtime.callsite.AbstractCallSite.call(AbstractCallSite.java:141)
	at Script1544605049842.run(Script1544605049842.groovy:370)
	at com.kms.katalon.core.main.ScriptEngine.run(ScriptEngine.java:183)
	at com.kms.katalon.core.main.ScriptEngine.runScriptAsRawText(ScriptEngine.java:108)
	at com.kms.katalon.core.main.TestCaseExecutor.runScript(TestCaseExecutor.java:294)
	at com.kms.katalon.core.main.TestCaseExecutor.doExecute(TestCaseExecutor.java:285)
	at com.kms.katalon.core.main.TestCaseExecutor.processExecutionPhase(TestCaseExecutor.java:264)
	at com.kms.katalon.core.main.TestCaseExecutor.accessMainPhase(TestCaseExecutor.java:256)
	at com.kms.katalon.core.main.TestCaseExecutor.execute(TestCaseExecutor.java:200)
	at com.kms.katalon.core.main.TestSuiteExecutor.accessTestCaseMainPhase(TestSuiteExecutor.java:129)
	at com.kms.katalon.core.main.TestSuiteExecutor.accessTestSuiteMainPhase(TestSuiteExecutor.java:112)
	at com.kms.katalon.core.main.TestSuiteExecutor.execute(TestSuiteExecutor.java:81)
	at com.kms.katalon.core.main.TestCaseMain.startTestSuite(TestCaseMain.java:142)
	at com.kms.katalon.core.main.TestCaseMain$startTestSuite$0.call(Unknown Source)
	at org.codehaus.groovy.runtime.callsite.CallSiteArray.defaultCall(CallSiteArray.java:48)
	at org.codehaus.groovy.runtime.callsite.AbstractCallSite.call(AbstractCallSite.java:113)
	at org.codehaus.groovy.runtime.callsite.AbstractCallSite.call(AbstractCallSite.java:141)
	at TempTestSuite1545198601642.run(TempTestSuite1545198601642.groovy:36)
	at groovy.lang.GroovyShell.runScriptOrMainOrTestOrRunnable(GroovyShell.java:263)
	at groovy.lang.GroovyShell.run(GroovyShell.java:518)
	at groovy.lang.GroovyShell.run(GroovyShell.java:507)
	at groovy.ui.GroovyMain.processOnce(GroovyMain.java:653)
	at groovy.ui.GroovyMain.run(GroovyMain.java:384)
	at groovy.ui.GroovyMain.process(GroovyMain.java:370)
	at groovy.ui.GroovyMain.processArgs(GroovyMain.java:129)
	at groovy.ui.GroovyMain.main(GroovyMain.java:109)
	at sun.reflect.NativeMethodAccessorImpl.invoke0(Native Method)
	at sun.reflect.NativeMethodAccessorImpl.invoke(NativeMethodAccessorImpl.java:62)
	at sun.reflect.DelegatingMethodAccessorImpl.invoke(DelegatingMethodAccessorImpl.java:43)
	at java.lang.reflect.Method.invoke(Method.java:498)
	at org.codehaus.groovy.tools.GroovyStarter.rootLoader(GroovyStarter.java:109)
	at org.codehaus.groovy.tools.GroovyStarter.main(GroovyStarter.java:131)
)]]></system-out>
      <system-err><![CDATA[2018-12-19 11:20:03 - [TEST_SUITE][FAILED] - Appco_test_suite: Test Cases/AppcoAdmin/add_RA_MultipleDistributor FAILED because (of) (Stack trace: com.kms.katalon.core.exception.StepFailedException: com.kms.katalon.core.webui.exception.WebElementNotFoundException: Web element with id: 'Object Repository/Retailer creation/inventory_object repo/h5_Success  Congratulations Yo' located by 'By.xpath: //h5[@id = 'exactmsg' and (text() = 'Success:  Congratulations!! You have successfully added retailer. Email has been sent to his email id!' or . = 'Success:  Congratulations!! You have successfully added retailer. Email has been sent to his email id!')]' not found
	at com.kms.katalon.core.keyword.internal.KeywordMain.stepFailed(KeywordMain.groovy:32)
	at com.kms.katalon.core.webui.keyword.internal.WebUIKeywordMain.stepFailed(WebUIKeywordMain.groovy:65)
	at com.kms.katalon.core.webui.keyword.builtin.VerifyElementTextKeyword$_verifyElementText_closure1.doCall(VerifyElementTextKeyword.groovy:64)
	at com.kms.katalon.core.webui.keyword.builtin.VerifyElementTextKeyword$_verifyElementText_closure1.call(VerifyElementTextKeyword.groovy)
	at com.kms.katalon.core.webui.keyword.internal.WebUIKeywordMain.runKeyword(WebUIKeywordMain.groovy:21)
	at com.kms.katalon.core.webui.keyword.builtin.VerifyElementTextKeyword.verifyElementText(VerifyElementTextKeyword.groovy:72)
	at com.kms.katalon.core.webui.keyword.builtin.VerifyElementTextKeyword.execute(VerifyElementTextKeyword.groovy:40)
	at com.kms.katalon.core.keyword.internal.KeywordExecutor.executeKeywordForPlatform(KeywordExecutor.groovy:53)
	at com.kms.katalon.core.webui.keyword.WebUiBuiltInKeywords.verifyElementText(WebUiBuiltInKeywords.groovy:3647)
	at com.kms.katalon.core.webui.keyword.WebUiBuiltInKeywords$verifyElementText$8.call(Unknown Source)
	at org.codehaus.groovy.runtime.callsite.CallSiteArray.defaultCall(CallSiteArray.java:48)
	at org.codehaus.groovy.runtime.callsite.AbstractCallSite.call(AbstractCallSite.java:113)
	at org.codehaus.groovy.runtime.callsite.AbstractCallSite.call(AbstractCallSite.java:141)
	at Script1544605049842.run(Script1544605049842.groovy:370)
	at com.kms.katalon.core.main.ScriptEngine.run(ScriptEngine.java:183)
	at com.kms.katalon.core.main.ScriptEngine.runScriptAsRawText(ScriptEngine.java:108)
	at com.kms.katalon.core.main.TestCaseExecutor.runScript(TestCaseExecutor.java:294)
	at com.kms.katalon.core.main.TestCaseExecutor.doExecute(TestCaseExecutor.java:285)
	at com.kms.katalon.core.main.TestCaseExecutor.processExecutionPhase(TestCaseExecutor.java:264)
	at com.kms.katalon.core.main.TestCaseExecutor.accessMainPhase(TestCaseExecutor.java:256)
	at com.kms.katalon.core.main.TestCaseExecutor.execute(TestCaseExecutor.java:200)
	at com.kms.katalon.core.main.TestSuiteExecutor.accessTestCaseMainPhase(TestSuiteExecutor.java:129)
	at com.kms.katalon.core.main.TestSuiteExecutor.accessTestSuiteMainPhase(TestSuiteExecutor.java:112)
	at com.kms.katalon.core.main.TestSuiteExecutor.execute(TestSuiteExecutor.java:81)
	at com.kms.katalon.core.main.TestCaseMain.startTestSuite(TestCaseMain.java:142)
	at com.kms.katalon.core.main.TestCaseMain$startTestSuite$0.call(Unknown Source)
	at org.codehaus.groovy.runtime.callsite.CallSiteArray.defaultCall(CallSiteArray.java:48)
	at org.codehaus.groovy.runtime.callsite.AbstractCallSite.call(AbstractCallSite.java:113)
	at org.codehaus.groovy.runtime.callsite.AbstractCallSite.call(AbstractCallSite.java:141)
	at TempTestSuite1545198601642.run(TempTestSuite1545198601642.groovy:36)
	at groovy.lang.GroovyShell.runScriptOrMainOrTestOrRunnable(GroovyShell.java:263)
	at groovy.lang.GroovyShell.run(GroovyShell.java:518)
	at groovy.lang.GroovyShell.run(GroovyShell.java:507)
	at groovy.ui.GroovyMain.processOnce(GroovyMain.java:653)
	at groovy.ui.GroovyMain.run(GroovyMain.java:384)
	at groovy.ui.GroovyMain.process(GroovyMain.java:370)
	at groovy.ui.GroovyMain.processArgs(GroovyMain.java:129)
	at groovy.ui.GroovyMain.main(GroovyMain.java:109)
	at sun.reflect.NativeMethodAccessorImpl.invoke0(Native Method)
	at sun.reflect.NativeMethodAccessorImpl.invoke(NativeMethodAccessorImpl.java:62)
	at sun.reflect.DelegatingMethodAccessorImpl.invoke(DelegatingMethodAccessorImpl.java:43)
	at java.lang.reflect.Method.invoke(Method.java:498)
	at org.codehaus.groovy.tools.GroovyStarter.rootLoader(GroovyStarter.java:109)
	at org.codehaus.groovy.tools.GroovyStarter.main(GroovyStarter.java:131)
)]]></system-err>
   </testsuite>
</testsuites>
