<?xml version="1.0" encoding="UTF-8"?>
<testsuites name="Retailer_test_suite" time="846" tests="10" failures="0" errors="0">
   <testsuite name="Retailer_test_suite" tests="10" failures="0" errors="0" time="846" timestamp="2018-11-14 11:53:18" hostname="Snekalatha R - IIA-DES-021" id="Test Suites/Retailer_test_suite">
      <properties>
         <property name="deviceName" value=""/>
         <property name="devicePlatform" value=""/>
         <property name="logFolder" value="C:\\Users\\Snekalatha R\\git\\qa-automation-katolon-1\\Reports\\Retailer_test_suite\\20181114_115315"/>
         <property name="logFiles" value="C:\\Users\\Snekalatha R\\git\\qa-automation-katolon-1\\Reports\\Retailer_test_suite\\20181114_115315\\execution0.log"/>
         <property name="attachments" value=""/>
         <property name="hostName" value="Snekalatha R - IIA-DES-021"/>
         <property name="os" value="Windows 8.1 64bit"/>
         <property name="katalonVersion" value="5.7.1.1"/>
         <property name="browser" value="Chrome 70.0.3538.102"/>
         <property name="hostAddress" value="192.168.1.86"/>
         <property name="sessionId" value="1852d5e10cec8c3a7269ea86ce39a06b"/>
         <property name="seleniumVersion" value="3.7.1"/>
         <property name="proxyInformation" value="ProxyInformation{proxyOption=NO_PROXY, proxyServerType=HTTP, password=, proxyServerAddress=, proxyServerPort=0}"/>
         <property name="platform" value="Windows 8.1"/>
      </properties>
      <testcase name="Test Cases/RetailerAdmin_Login_All_Functionality/Retailer_Employee_management/retailer_employeeView" classname="Test Cases/RetailerAdmin_Login_All_Functionality/Retailer_Employee_management/retailer_employeeView" status="PASSED">
         <system-out><![CDATA[2018-11-14 11:53:18 - [TEST_CASE][PASSED] - Test Cases/RetailerAdmin_Login_All_Functionality/Retailer_Employee_management/retailer_employeeView: Test Cases/RetailerAdmin_Login_All_Functionality/Retailer_Employee_management/retailer_employeeView

2018-11-14 11:53:18 - [TEST_STEP][PASSED] - callTestCase: Call Test Case 'Test Cases/Call Test Case/Login_retailer_testcase' successfully

2018-11-14 11:53:18 - [TEST_CASE][PASSED] - Test Cases/Call Test Case/Login_retailer_testcase: Test Cases/Call Test Case/Login_retailer_testcase

2018-11-14 11:53:18 - [TEST_STEP][PASSED] - openBrowser: Browser is opened with url: 'https://app-qa.appcohesion.io/'

2018-11-14 11:53:25 - [MESSAGE][PASSED] - Browser is opened with url: 'https://app-qa.appcohesion.io/'

2018-11-14 11:53:25 - [TEST_STEP][PASSED] - maximizeWindow: Current window maximized

2018-11-14 11:53:27 - [MESSAGE][PASSED] - Current window maximized

2018-11-14 11:53:27 - [TEST_STEP][PASSED] - setText: Text 'RACreation@10_9' is set on object 'Object Repository/Login_OR/Page_AppCohesion/input_User Name_ac_username'

2018-11-14 11:53:27 - [MESSAGE][PASSED] - Text 'RACreation@10_9' is set on object 'Object Repository/Login_OR/Page_AppCohesion/input_User Name_ac_username'

2018-11-14 11:53:27 - [TEST_STEP][PASSED] - setText: Text 'RACreation@10_9' is set on object 'Object Repository/Login_OR/Page_AppCohesion/input_Password_ac_password'

2018-11-14 11:53:27 - [MESSAGE][PASSED] - Text 'RACreation@10_9' is set on object 'Object Repository/Login_OR/Page_AppCohesion/input_Password_ac_password'

2018-11-14 11:53:27 - [TEST_STEP][PASSED] - click: Object: 'Object Repository/Login_OR/Page_AppCohesion/button_Login Now' is clicked on

2018-11-14 11:53:27 - [MESSAGE][PASSED] - Object: 'Object Repository/Login_OR/Page_AppCohesion/button_Login Now' is clicked on

2018-11-14 11:53:27 - [TEST_STEP][PASSED] - waitForPageLoad: Wait for page load successfully

2018-11-14 11:53:27 - [MESSAGE][PASSED] - Wait for page load successfully

2018-11-14 11:53:27 - [MESSAGE][PASSED] - Call Test Case 'Test Cases/Call Test Case/Login_retailer_testcase' successfully

2018-11-14 11:53:27 - [TEST_STEP][NOT_RUN] - click: NOT_RUN: click

2018-11-14 11:53:27 - [MESSAGE][NOT_RUN] - NOT_RUN: click

2018-11-14 11:53:27 - [TEST_STEP][PASSED] - click: Object: 'Object Repository/appco_employee_view_new/retailer_employeeview/Page_AppCohesion/a_Employees              Emplo' is clicked on

2018-11-14 11:53:30 - [MESSAGE][PASSED] - Object: 'Object Repository/appco_employee_view_new/retailer_employeeview/Page_AppCohesion/a_Employees              Emplo' is clicked on

2018-11-14 11:53:30 - [TEST_STEP][PASSED] - verifyElementVisible: Object 'Object Repository/retailer admin All Repo/employee_obj_repo/pop up emp object/Page_AppCohesion/collapsible-header_Retailer Ad' is visible

2018-11-14 11:53:30 - [MESSAGE][PASSED] - Object 'Object Repository/retailer admin All Repo/employee_obj_repo/pop up emp object/Page_AppCohesion/collapsible-header_Retailer Ad' is visible

2018-11-14 11:53:30 - [TEST_STEP][PASSED] - click: Object: 'Object Repository/retailer admin All Repo/employee_obj_repo/pop up emp object/Page_AppCohesion/collapsible-header_Retailer Ad' is clicked on

2018-11-14 11:53:30 - [MESSAGE][PASSED] - Object: 'Object Repository/retailer admin All Repo/employee_obj_repo/pop up emp object/Page_AppCohesion/collapsible-header_Retailer Ad' is clicked on

2018-11-14 11:53:30 - [TEST_STEP][PASSED] - click: Object: 'Object Repository/retailer admin All Repo/employee_obj_repo/employee_listed_first' is clicked on

2018-11-14 11:53:32 - [MESSAGE][PASSED] - Object: 'Object Repository/retailer admin All Repo/employee_obj_repo/employee_listed_first' is clicked on

2018-11-14 11:53:32 - [TEST_STEP][PASSED] - waitForElementVisible: Object 'Object Repository/appco_employee_view_new/retailer_employeeview/Page_AppCohesion/span_RetailerAdmin' is visible

2018-11-14 11:53:32 - [MESSAGE][PASSED] - Object 'Object Repository/appco_employee_view_new/retailer_employeeview/Page_AppCohesion/span_RetailerAdmin' is visible

2018-11-14 11:53:32 - [TEST_STEP][PASSED] - verifyElementText: Actual text and expected text of test object 'Object Repository/appco_employee_view_new/retailer_employeeview/Page_AppCohesion/span_RetailerAdmin' are matched.

2018-11-14 11:53:32 - [MESSAGE][PASSED] - Actual text and expected text of test object 'Object Repository/appco_employee_view_new/retailer_employeeview/Page_AppCohesion/span_RetailerAdmin' are matched.

2018-11-14 11:53:32 - [TEST_STEP][NOT_RUN] - click: NOT_RUN: click

2018-11-14 11:53:32 - [MESSAGE][NOT_RUN] - NOT_RUN: click

2018-11-14 11:53:32 - [TEST_STEP][PASSED] - click: Object: 'Object Repository/retailer admin All Repo/employee_obj_repo/pop up emp object/Page_AppCohesion/collapsible-header_Retailer Ad' is clicked on

2018-11-14 11:53:32 - [MESSAGE][PASSED] - Object: 'Object Repository/retailer admin All Repo/employee_obj_repo/pop up emp object/Page_AppCohesion/collapsible-header_Retailer Ad' is clicked on

2018-11-14 11:53:32 - [TEST_STEP][PASSED] - delay: Delayed 5 second(s)

2018-11-14 11:53:37 - [MESSAGE][PASSED] - Delayed 5 second(s)

2018-11-14 11:53:37 - [TEST_STEP][PASSED] - click: Object: 'Object Repository/retailer admin All Repo/employee_obj_repo/pop up emp object/Page_AppCohesion/collapsible-header_Store Admin' is clicked on

2018-11-14 11:53:37 - [MESSAGE][PASSED] - Object: 'Object Repository/retailer admin All Repo/employee_obj_repo/pop up emp object/Page_AppCohesion/collapsible-header_Store Admin' is clicked on

2018-11-14 11:53:37 - [TEST_STEP][PASSED] - click: Object: 'Object Repository/employee_obj_repo/store admin list first' is clicked on

2018-11-14 11:53:39 - [MESSAGE][PASSED] - Object: 'Object Repository/employee_obj_repo/store admin list first' is clicked on

2018-11-14 11:53:39 - [TEST_STEP][PASSED] - waitForElementVisible: Object 'Object Repository/appco_employee_view_new/retailer_employeeview/Page_AppCohesion/span_StoreAdmin' is visible

2018-11-14 11:53:40 - [MESSAGE][PASSED] - Object 'Object Repository/appco_employee_view_new/retailer_employeeview/Page_AppCohesion/span_StoreAdmin' is visible

2018-11-14 11:53:40 - [TEST_STEP][PASSED] - verifyElementText: Actual text and expected text of test object 'Object Repository/appco_employee_view_new/retailer_employeeview/Page_AppCohesion/span_StoreAdmin' are matched.

2018-11-14 11:53:40 - [MESSAGE][PASSED] - Actual text and expected text of test object 'Object Repository/appco_employee_view_new/retailer_employeeview/Page_AppCohesion/span_StoreAdmin' are matched.

2018-11-14 11:53:40 - [TEST_STEP][PASSED] - click: Object: 'Object Repository/appco_employee_view_new/retailer_employeeview/Page_AppCohesion/span_Loading POS Retailer admi' is clicked on

2018-11-14 11:53:40 - [MESSAGE][PASSED] - Object: 'Object Repository/appco_employee_view_new/retailer_employeeview/Page_AppCohesion/span_Loading POS Retailer admi' is clicked on

2018-11-14 11:53:40 - [TEST_STEP][PASSED] - click: Object: 'Object Repository/retailer admin All Repo/employee_obj_repo/pop up emp object/Page_AppCohesion/collapsible-header_Store Admin' is clicked on

2018-11-14 11:53:40 - [MESSAGE][PASSED] - Object: 'Object Repository/retailer admin All Repo/employee_obj_repo/pop up emp object/Page_AppCohesion/collapsible-header_Store Admin' is clicked on

2018-11-14 11:53:40 - [TEST_STEP][PASSED] - delay: Delayed 5 second(s)

2018-11-14 11:53:45 - [MESSAGE][PASSED] - Delayed 5 second(s)

2018-11-14 11:53:45 - [TEST_STEP][PASSED] - click: Object: 'Object Repository/retailer admin All Repo/employee_obj_repo/retailer_employeeview/Page_AppCohesion/collapsible-header_Store Users' is clicked on

2018-11-14 11:53:45 - [MESSAGE][PASSED] - Object: 'Object Repository/retailer admin All Repo/employee_obj_repo/retailer_employeeview/Page_AppCohesion/collapsible-header_Store Users' is clicked on

2018-11-14 11:53:45 - [TEST_STEP][PASSED] - click: Object: 'Object Repository/employee_obj_repo/storeuser_listed_first' is clicked on

2018-11-14 11:53:47 - [MESSAGE][PASSED] - Object: 'Object Repository/employee_obj_repo/storeuser_listed_first' is clicked on

2018-11-14 11:53:47 - [TEST_STEP][PASSED] - waitForElementVisible: Object 'Object Repository/appco_employee_view_new/retailer_employeeview/Page_AppCohesion/span_POSUser' is visible

2018-11-14 11:53:47 - [MESSAGE][PASSED] - Object 'Object Repository/appco_employee_view_new/retailer_employeeview/Page_AppCohesion/span_POSUser' is visible

2018-11-14 11:53:47 - [TEST_STEP][PASSED] - verifyElementText: Actual text and expected text of test object 'Object Repository/appco_employee_view_new/retailer_employeeview/Page_AppCohesion/span_POSUser' are matched.

2018-11-14 11:53:47 - [MESSAGE][PASSED] - Actual text and expected text of test object 'Object Repository/appco_employee_view_new/retailer_employeeview/Page_AppCohesion/span_POSUser' are matched.

2018-11-14 11:53:47 - [TEST_STEP][NOT_RUN] - click: NOT_RUN: click

2018-11-14 11:53:47 - [MESSAGE][NOT_RUN] - NOT_RUN: click

2018-11-14 11:53:47 - [TEST_STEP][PASSED] - click: Object: 'Object Repository/retailer admin All Repo/employee_obj_repo/pop up emp object/Page_AppCohesion/collapsible-header_Store Users' is clicked on

2018-11-14 11:53:47 - [MESSAGE][PASSED] - Object: 'Object Repository/retailer admin All Repo/employee_obj_repo/pop up emp object/Page_AppCohesion/collapsible-header_Store Users' is clicked on

2018-11-14 11:53:47 - [TEST_STEP][PASSED] - click: Object: 'Object Repository/appco_employee_view_new/retailer_employeeview/Page_AppCohesion/a_Dashboard              Dashb' is clicked on

2018-11-14 11:53:47 - [MESSAGE][PASSED] - Object: 'Object Repository/appco_employee_view_new/retailer_employeeview/Page_AppCohesion/a_Dashboard              Dashb' is clicked on]]></system-out>
         <system-err><![CDATA[]]></system-err>
      </testcase>
      <testcase name="Test Cases/RetailerAdmin_Login_All_Functionality/order_placement_order_details/retaileradmin_order_placement" classname="Test Cases/RetailerAdmin_Login_All_Functionality/order_placement_order_details/retaileradmin_order_placement" status="PASSED">
         <system-out><![CDATA[2018-11-14 11:53:47 - [TEST_CASE][PASSED] - Test Cases/RetailerAdmin_Login_All_Functionality/order_placement_order_details/retaileradmin_order_placement: Test Cases/RetailerAdmin_Login_All_Functionality/order_placement_order_details/retaileradmin_order_placement

2018-11-14 11:53:48 - [TEST_STEP][PASSED] - callTestCase: Call Test Case 'Test Cases/Call Test Case/Login_retailer_testcase' successfully

2018-11-14 11:53:48 - [TEST_CASE][PASSED] - Test Cases/Call Test Case/Login_retailer_testcase: Test Cases/Call Test Case/Login_retailer_testcase

2018-11-14 11:53:48 - [TEST_STEP][PASSED] - openBrowser: Browser is opened with url: 'https://app-qa.appcohesion.io/'

2018-11-14 11:53:48 - [MESSAGE][WARNING] - A browser is already opened. Closing browser and opening a new one

2018-11-14 11:53:54 - [MESSAGE][PASSED] - Browser is opened with url: 'https://app-qa.appcohesion.io/'

2018-11-14 11:53:54 - [TEST_STEP][PASSED] - maximizeWindow: Current window maximized

2018-11-14 11:53:55 - [MESSAGE][PASSED] - Current window maximized

2018-11-14 11:53:55 - [TEST_STEP][PASSED] - setText: Text 'RACreation@10_9' is set on object 'Object Repository/Login_OR/Page_AppCohesion/input_User Name_ac_username'

2018-11-14 11:53:56 - [MESSAGE][PASSED] - Text 'RACreation@10_9' is set on object 'Object Repository/Login_OR/Page_AppCohesion/input_User Name_ac_username'

2018-11-14 11:53:56 - [TEST_STEP][PASSED] - setText: Text 'RACreation@10_9' is set on object 'Object Repository/Login_OR/Page_AppCohesion/input_Password_ac_password'

2018-11-14 11:53:56 - [MESSAGE][PASSED] - Text 'RACreation@10_9' is set on object 'Object Repository/Login_OR/Page_AppCohesion/input_Password_ac_password'

2018-11-14 11:53:56 - [TEST_STEP][PASSED] - click: Object: 'Object Repository/Login_OR/Page_AppCohesion/button_Login Now' is clicked on

2018-11-14 11:53:56 - [MESSAGE][PASSED] - Object: 'Object Repository/Login_OR/Page_AppCohesion/button_Login Now' is clicked on

2018-11-14 11:53:56 - [TEST_STEP][PASSED] - waitForPageLoad: Wait for page load successfully

2018-11-14 11:53:56 - [MESSAGE][PASSED] - Wait for page load successfully

2018-11-14 11:53:56 - [MESSAGE][PASSED] - Call Test Case 'Test Cases/Call Test Case/Login_retailer_testcase' successfully

2018-11-14 11:53:56 - [TEST_STEP][NOT_RUN] - waitForElementVisible: NOT_RUN: waitForElementVisible

2018-11-14 11:53:56 - [MESSAGE][NOT_RUN] - NOT_RUN: waitForElementVisible

2018-11-14 11:53:56 - [TEST_STEP][PASSED] - verifyElementVisible: Object 'Object Repository/retailer admin All Repo/inventory retailer markup repo/common search product' is visible

2018-11-14 11:53:59 - [MESSAGE][PASSED] - Object 'Object Repository/retailer admin All Repo/inventory retailer markup repo/common search product' is visible

2018-11-14 11:53:59 - [TEST_STEP][PASSED] - setText: Text 'HCKLR-IHMFX7Z1' is set on object 'Object Repository/retailer admin All Repo/inventory retailer markup repo/common search product'

2018-11-14 11:53:59 - [MESSAGE][PASSED] - Text 'HCKLR-IHMFX7Z1' is set on object 'Object Repository/retailer admin All Repo/inventory retailer markup repo/common search product'

2018-11-14 11:53:59 - [TEST_STEP][PASSED] - verifyElementVisible: Object 'Object Repository/retailer admin All Repo/Search Products Details/Page_AppCohesion/button_Settings_searchbutton' is visible

2018-11-14 11:53:59 - [MESSAGE][PASSED] - Object 'Object Repository/retailer admin All Repo/Search Products Details/Page_AppCohesion/button_Settings_searchbutton' is visible

2018-11-14 11:53:59 - [TEST_STEP][PASSED] - click: Object: 'Object Repository/retailer admin All Repo/Search Products Details/Page_AppCohesion/button_Settings_searchbutton' is clicked on

2018-11-14 11:53:59 - [MESSAGE][PASSED] - Object: 'Object Repository/retailer admin All Repo/Search Products Details/Page_AppCohesion/button_Settings_searchbutton' is clicked on

2018-11-14 11:53:59 - [TEST_STEP][PASSED] - delay: Delayed 5 second(s)

2018-11-14 11:54:04 - [MESSAGE][PASSED] - Delayed 5 second(s)

2018-11-14 11:54:04 - [TEST_STEP][NOT_RUN] - click: NOT_RUN: click

2018-11-14 11:54:04 - [MESSAGE][NOT_RUN] - NOT_RUN: click

2018-11-14 11:54:04 - [TEST_STEP][NOT_RUN] - setText: NOT_RUN: setText

2018-11-14 11:54:04 - [MESSAGE][NOT_RUN] - NOT_RUN: setText

2018-11-14 11:54:04 - [TEST_STEP][NOT_RUN] - setText: NOT_RUN: setText

2018-11-14 11:54:04 - [MESSAGE][NOT_RUN] - NOT_RUN: setText

2018-11-14 11:54:04 - [TEST_STEP][NOT_RUN] - verifyElementVisible: NOT_RUN: verifyElementVisible

2018-11-14 11:54:04 - [MESSAGE][NOT_RUN] - NOT_RUN: verifyElementVisible

2018-11-14 11:54:04 - [TEST_STEP][NOT_RUN] - click: NOT_RUN: click

2018-11-14 11:54:04 - [MESSAGE][NOT_RUN] - NOT_RUN: click

2018-11-14 11:54:04 - [TEST_STEP][NOT_RUN] - verifyElementVisible: NOT_RUN: verifyElementVisible

2018-11-14 11:54:04 - [MESSAGE][NOT_RUN] - NOT_RUN: verifyElementVisible

2018-11-14 11:54:04 - [TEST_STEP][NOT_RUN] - verifyElementText: NOT_RUN: verifyElementText

2018-11-14 11:54:04 - [MESSAGE][NOT_RUN] - NOT_RUN: verifyElementText

2018-11-14 11:54:04 - [TEST_STEP][PASSED] - verifyElementVisible: Object 'Object Repository/retailer admin All Repo/retailer_order_placement/Page_AppCohesion/div_Heckler  Koch VP VP9' is visible

2018-11-14 11:54:04 - [MESSAGE][PASSED] - Object 'Object Repository/retailer admin All Repo/retailer_order_placement/Page_AppCohesion/div_Heckler  Koch VP VP9' is visible

2018-11-14 11:54:04 - [TEST_STEP][PASSED] - click: Object: 'Object Repository/retailer admin All Repo/retailer_order_placement/Page_AppCohesion/div_Heckler  Koch VP VP9' is clicked on

2018-11-14 11:54:04 - [MESSAGE][PASSED] - Object: 'Object Repository/retailer admin All Repo/retailer_order_placement/Page_AppCohesion/div_Heckler  Koch VP VP9' is clicked on

2018-11-14 11:54:04 - [TEST_STEP][PASSED] - verifyElementVisible: Object 'Object Repository/retailer admin All Repo/retailer_order_placement/Page_AppCohesion/strong_534.20' is visible

2018-11-14 11:54:07 - [MESSAGE][PASSED] - Object 'Object Repository/retailer admin All Repo/retailer_order_placement/Page_AppCohesion/strong_534.20' is visible

2018-11-14 11:54:07 - [TEST_STEP][PASSED] - verifyElementText: Actual text and expected text of test object 'Object Repository/retailer admin All Repo/retailer_order_placement/Page_AppCohesion/strong_534.20' are matched.

2018-11-14 11:54:07 - [MESSAGE][PASSED] - Actual text and expected text of test object 'Object Repository/retailer admin All Repo/retailer_order_placement/Page_AppCohesion/strong_534.20' are matched.

2018-11-14 11:54:07 - [TEST_STEP][PASSED] - verifyElementVisible: Object 'Object Repository/retailer admin All Repo/retailer_order_placement/Page_AppCohesion/span_176' is visible

2018-11-14 11:54:07 - [MESSAGE][PASSED] - Object 'Object Repository/retailer admin All Repo/retailer_order_placement/Page_AppCohesion/span_176' is visible

2018-11-14 11:54:07 - [TEST_STEP][PASSED] - verifyElementText: Actual text and expected text of test object 'Object Repository/retailer admin All Repo/retailer_order_placement/Page_AppCohesion/span_176' are matched.

2018-11-14 11:54:07 - [MESSAGE][PASSED] - Actual text and expected text of test object 'Object Repository/retailer admin All Repo/retailer_order_placement/Page_AppCohesion/span_176' are matched.

2018-11-14 11:54:07 - [TEST_STEP][PASSED] - verifyElementVisible: Object 'Object Repository/retailer admin All Repo/retailer_order_placement/Page_AppCohesion/h4_Only 176 left in stock' is visible

2018-11-14 11:54:07 - [MESSAGE][PASSED] - Object 'Object Repository/retailer admin All Repo/retailer_order_placement/Page_AppCohesion/h4_Only 176 left in stock' is visible

2018-11-14 11:54:07 - [TEST_STEP][PASSED] - verifyElementText: Actual text and expected text of test object 'Object Repository/retailer admin All Repo/retailer_order_placement/Page_AppCohesion/h4_Only 176 left in stock' are matched.

2018-11-14 11:54:07 - [MESSAGE][PASSED] - Actual text and expected text of test object 'Object Repository/retailer admin All Repo/retailer_order_placement/Page_AppCohesion/h4_Only 176 left in stock' are matched.

2018-11-14 11:54:07 - [TEST_STEP][PASSED] - verifyElementVisible: Object 'Object Repository/retailer admin All Repo/retailer_order_placement/Page_AppCohesion/button_ADD TO CART' is visible

2018-11-14 11:54:07 - [MESSAGE][PASSED] - Object 'Object Repository/retailer admin All Repo/retailer_order_placement/Page_AppCohesion/button_ADD TO CART' is visible

2018-11-14 11:54:07 - [TEST_STEP][PASSED] - click: Object: 'Object Repository/retailer admin All Repo/retailer_order_placement/Page_AppCohesion/button_ADD TO CART' is clicked on

2018-11-14 11:54:07 - [MESSAGE][PASSED] - Object: 'Object Repository/retailer admin All Repo/retailer_order_placement/Page_AppCohesion/button_ADD TO CART' is clicked on

2018-11-14 11:54:07 - [TEST_STEP][PASSED] - delay: Delayed 7 second(s)

2018-11-14 11:54:14 - [MESSAGE][PASSED] - Delayed 7 second(s)

2018-11-14 11:54:14 - [TEST_STEP][PASSED] - click: Object: 'Object Repository/retailer admin All Repo/retailer_order_placement/Page_AppCohesion/img' is clicked on

2018-11-14 11:54:14 - [MESSAGE][PASSED] - Object: 'Object Repository/retailer admin All Repo/retailer_order_placement/Page_AppCohesion/img' is clicked on

2018-11-14 11:54:14 - [TEST_STEP][PASSED] - verifyElementVisible: Object 'Object Repository/retailer admin All Repo/retailer_order_placement/Page_AppCohesion/increasequantity_cartlist' is visible

2018-11-14 11:54:14 - [MESSAGE][PASSED] - Object 'Object Repository/retailer admin All Repo/retailer_order_placement/Page_AppCohesion/increasequantity_cartlist' is visible

2018-11-14 11:54:14 - [TEST_STEP][PASSED] - click: Object: 'Object Repository/retailer admin All Repo/retailer_order_placement/Page_AppCohesion/increasequantity_cartlist' is clicked on

2018-11-14 11:54:14 - [MESSAGE][PASSED] - Object: 'Object Repository/retailer admin All Repo/retailer_order_placement/Page_AppCohesion/increasequantity_cartlist' is clicked on

2018-11-14 11:54:14 - [TEST_STEP][PASSED] - delay: Delayed 5 second(s)

2018-11-14 11:54:19 - [MESSAGE][PASSED] - Delayed 5 second(s)

2018-11-14 11:54:19 - [TEST_STEP][PASSED] - click: Object: 'Object Repository/retailer admin All Repo/retailer_order_placement/Page_AppCohesion/button_View Cart' is clicked on

2018-11-14 11:54:19 - [MESSAGE][PASSED] - Object: 'Object Repository/retailer admin All Repo/retailer_order_placement/Page_AppCohesion/button_View Cart' is clicked on

2018-11-14 11:54:19 - [TEST_STEP][PASSED] - verifyElementClickable: Object 'Object Repository/retailer admin All Repo/retailer_order_placement/Page_AppCohesion/button_Quantity_decreasequatit' is clickable

2018-11-14 11:54:22 - [MESSAGE][PASSED] - Object 'Object Repository/retailer admin All Repo/retailer_order_placement/Page_AppCohesion/button_Quantity_decreasequatit' is clickable

2018-11-14 11:54:22 - [TEST_STEP][PASSED] - click: Object: 'Object Repository/retailer admin All Repo/retailer_order_placement/Page_AppCohesion/button_Quantity_decreasequatit' is clicked on

2018-11-14 11:54:22 - [MESSAGE][PASSED] - Object: 'Object Repository/retailer admin All Repo/retailer_order_placement/Page_AppCohesion/button_Quantity_decreasequatit' is clicked on

2018-11-14 11:54:22 - [TEST_STEP][PASSED] - delay: Delayed 5 second(s)

2018-11-14 11:54:27 - [MESSAGE][PASSED] - Delayed 5 second(s)

2018-11-14 11:54:27 - [TEST_STEP][NOT_RUN] - waitForElementVisible: NOT_RUN: waitForElementVisible

2018-11-14 11:54:27 - [MESSAGE][NOT_RUN] - NOT_RUN: waitForElementVisible

2018-11-14 11:54:27 - [TEST_STEP][NOT_RUN] - check: NOT_RUN: check

2018-11-14 11:54:27 - [MESSAGE][NOT_RUN] - NOT_RUN: check

2018-11-14 11:54:27 - [TEST_STEP][NOT_RUN] - waitForElementClickable: NOT_RUN: waitForElementClickable

2018-11-14 11:54:27 - [MESSAGE][NOT_RUN] - NOT_RUN: waitForElementClickable

2018-11-14 11:54:27 - [TEST_STEP][NOT_RUN] - check: NOT_RUN: check

2018-11-14 11:54:27 - [MESSAGE][NOT_RUN] - NOT_RUN: check

2018-11-14 11:54:27 - [TEST_STEP][PASSED] - click: Object: 'Object Repository/retailer admin All Repo/retailer_order_placement/Page_AppCohesion/h5_Heckler  Koch VP VP9' is clicked on

2018-11-14 11:54:27 - [MESSAGE][PASSED] - Object: 'Object Repository/retailer admin All Repo/retailer_order_placement/Page_AppCohesion/h5_Heckler  Koch VP VP9' is clicked on

2018-11-14 11:54:27 - [TEST_STEP][PASSED] - click: Object: 'Object Repository/retailer admin All Repo/retailer_order_placement/Page_AppCohesion/a_Back to Cart' is clicked on

2018-11-14 11:54:27 - [MESSAGE][PASSED] - Object: 'Object Repository/retailer admin All Repo/retailer_order_placement/Page_AppCohesion/a_Back to Cart' is clicked on

2018-11-14 11:54:27 - [TEST_STEP][PASSED] - waitForElementVisible: Object 'Object Repository/retailer admin All Repo/retailer_order_placement/Page_AppCohesion/span_534.20' is visible

2018-11-14 11:54:29 - [MESSAGE][PASSED] - Object 'Object Repository/retailer admin All Repo/retailer_order_placement/Page_AppCohesion/span_534.20' is visible

2018-11-14 11:54:29 - [TEST_STEP][PASSED] - verifyElementText: Actual text and expected text of test object 'Object Repository/retailer admin All Repo/retailer_order_placement/Page_AppCohesion/span_534.20' are matched.

2018-11-14 11:54:29 - [MESSAGE][PASSED] - Actual text and expected text of test object 'Object Repository/retailer admin All Repo/retailer_order_placement/Page_AppCohesion/span_534.20' are matched.

2018-11-14 11:54:29 - [TEST_STEP][PASSED] - waitForElementVisible: Object 'Object Repository/retailer admin All Repo/retailer_order_placement/Page_AppCohesion/span_25.00' is visible

2018-11-14 11:54:29 - [MESSAGE][PASSED] - Object 'Object Repository/retailer admin All Repo/retailer_order_placement/Page_AppCohesion/span_25.00' is visible

2018-11-14 11:54:29 - [TEST_STEP][PASSED] - verifyElementText: Actual text and expected text of test object 'Object Repository/retailer admin All Repo/retailer_order_placement/Page_AppCohesion/span_25.00' are matched.

2018-11-14 11:54:29 - [MESSAGE][PASSED] - Actual text and expected text of test object 'Object Repository/retailer admin All Repo/retailer_order_placement/Page_AppCohesion/span_25.00' are matched.

2018-11-14 11:54:29 - [TEST_STEP][PASSED] - verifyElementVisible: Object 'Object Repository/retailer admin All Repo/retailer_order_placement/Page_AppCohesion/em_Item selected 1' is visible

2018-11-14 11:54:29 - [MESSAGE][PASSED] - Object 'Object Repository/retailer admin All Repo/retailer_order_placement/Page_AppCohesion/em_Item selected 1' is visible

2018-11-14 11:54:29 - [TEST_STEP][PASSED] - verifyElementText: Actual text and expected text of test object 'Object Repository/retailer admin All Repo/retailer_order_placement/Page_AppCohesion/em_Item selected 1' are matched.

2018-11-14 11:54:29 - [MESSAGE][PASSED] - Actual text and expected text of test object 'Object Repository/retailer admin All Repo/retailer_order_placement/Page_AppCohesion/em_Item selected 1' are matched.

2018-11-14 11:54:29 - [TEST_STEP][PASSED] - click: Object: 'Object Repository/retailer admin All Repo/retailer_order_placement/Page_AppCohesion/button_CHECKOUT' is clicked on

2018-11-14 11:54:29 - [MESSAGE][PASSED] - Object: 'Object Repository/retailer admin All Repo/retailer_order_placement/Page_AppCohesion/button_CHECKOUT' is clicked on

2018-11-14 11:54:29 - [TEST_STEP][PASSED] - delay: Delayed 10 second(s)

2018-11-14 11:54:39 - [MESSAGE][PASSED] - Delayed 10 second(s)

2018-11-14 11:54:39 - [TEST_STEP][PASSED] - setText: Text 'order HCKLR-IHMFX7Z1' is set on object 'Object Repository/retailer admin All Repo/retailer_order_placement/Page_AppCohesion/input_FIRST NAME_firstName'

2018-11-14 11:54:39 - [MESSAGE][PASSED] - Text 'order HCKLR-IHMFX7Z1' is set on object 'Object Repository/retailer admin All Repo/retailer_order_placement/Page_AppCohesion/input_FIRST NAME_firstName'

2018-11-14 11:54:39 - [TEST_STEP][PASSED] - setText: Text 'snekalatha.r@iinerds.com' is set on object 'Object Repository/retailer admin All Repo/retailer_order_placement/Page_AppCohesion/input_EMAIL_email'

2018-11-14 11:54:40 - [MESSAGE][PASSED] - Text 'snekalatha.r@iinerds.com' is set on object 'Object Repository/retailer admin All Repo/retailer_order_placement/Page_AppCohesion/input_EMAIL_email'

2018-11-14 11:54:40 - [TEST_STEP][PASSED] - delay: Delayed 10 second(s)

2018-11-14 11:54:50 - [MESSAGE][PASSED] - Delayed 10 second(s)

2018-11-14 11:54:50 - [TEST_STEP][PASSED] - selectOptionByIndex: All options with index in [1] are selected on object 'Object Repository/retailer admin All Repo/retailer_order_placement/key_press_orderList/Page_AppCohesion/select store'

2018-11-14 11:54:50 - [MESSAGE][PASSED] - All options with index in [1] are selected on object 'Object Repository/retailer admin All Repo/retailer_order_placement/key_press_orderList/Page_AppCohesion/select store'

2018-11-14 11:54:50 - [TEST_STEP][PASSED] - verifyElementVisible: Object 'Object Repository/retailer admin All Repo/retailer_order_placement/Page_AppCohesion/span_534.20' is visible

2018-11-14 11:54:50 - [MESSAGE][PASSED] - Object 'Object Repository/retailer admin All Repo/retailer_order_placement/Page_AppCohesion/span_534.20' is visible

2018-11-14 11:54:50 - [TEST_STEP][PASSED] - verifyElementText: Actual text and expected text of test object 'Object Repository/retailer admin All Repo/retailer_order_placement/Page_AppCohesion/span_534.20' are matched.

2018-11-14 11:54:50 - [MESSAGE][PASSED] - Actual text and expected text of test object 'Object Repository/retailer admin All Repo/retailer_order_placement/Page_AppCohesion/span_534.20' are matched.

2018-11-14 11:54:50 - [TEST_STEP][PASSED] - verifyElementVisible: Object 'Object Repository/retailer admin All Repo/retailer_order_placement/Page_AppCohesion/span_25' is visible

2018-11-14 11:54:50 - [MESSAGE][PASSED] - Object 'Object Repository/retailer admin All Repo/retailer_order_placement/Page_AppCohesion/span_25' is visible

2018-11-14 11:54:50 - [TEST_STEP][PASSED] - verifyElementText: Actual text and expected text of test object 'Object Repository/retailer admin All Repo/retailer_order_placement/Page_AppCohesion/span_25' are matched.

2018-11-14 11:54:50 - [MESSAGE][PASSED] - Actual text and expected text of test object 'Object Repository/retailer admin All Repo/retailer_order_placement/Page_AppCohesion/span_25' are matched.

2018-11-14 11:54:50 - [TEST_STEP][PASSED] - verifyElementVisible: Object 'Object Repository/retailer admin All Repo/retailer_order_placement/Page_AppCohesion/span_559.20' is visible

2018-11-14 11:54:50 - [MESSAGE][PASSED] - Object 'Object Repository/retailer admin All Repo/retailer_order_placement/Page_AppCohesion/span_559.20' is visible

2018-11-14 11:54:50 - [TEST_STEP][PASSED] - verifyElementText: Actual text and expected text of test object 'Object Repository/retailer admin All Repo/retailer_order_placement/Page_AppCohesion/span_559.20' are matched.

2018-11-14 11:54:50 - [MESSAGE][PASSED] - Actual text and expected text of test object 'Object Repository/retailer admin All Repo/retailer_order_placement/Page_AppCohesion/span_559.20' are matched.

2018-11-14 11:54:50 - [TEST_STEP][PASSED] - click: Object: 'Object Repository/retailer admin All Repo/retailer_order_placement/Page_AppCohesion/button_Confirm Order' is clicked on

2018-11-14 11:54:50 - [MESSAGE][PASSED] - Object: 'Object Repository/retailer admin All Repo/retailer_order_placement/Page_AppCohesion/button_Confirm Order' is clicked on

2018-11-14 11:54:50 - [TEST_STEP][PASSED] - waitForAlert: No alert found after 5 second(s).

2018-11-14 11:54:55 - [MESSAGE][WARNING] - No alert found after 5 second(s).

2018-11-14 11:54:55 - [TEST_STEP][PASSED] - verifyElementVisible: Object 'Object Repository/retailer admin All Repo/retailer_order_placement/key_press_orderList/Page_AppCohesion/order_status_button' is visible

2018-11-14 11:54:55 - [MESSAGE][PASSED] - Object 'Object Repository/retailer admin All Repo/retailer_order_placement/key_press_orderList/Page_AppCohesion/order_status_button' is visible

2018-11-14 11:54:55 - [TEST_STEP][NOT_RUN] - verifyElementText: NOT_RUN: verifyElementText

2018-11-14 11:54:55 - [MESSAGE][NOT_RUN] - NOT_RUN: verifyElementText

2018-11-14 11:54:55 - [TEST_STEP][PASSED] - click: Object: 'Object Repository/retailer admin All Repo/retailer_order_placement/key_press_orderList/Page_AppCohesion/order_status_button' is clicked on

2018-11-14 11:54:55 - [MESSAGE][PASSED] - Object: 'Object Repository/retailer admin All Repo/retailer_order_placement/key_press_orderList/Page_AppCohesion/order_status_button' is clicked on

2018-11-14 11:54:55 - [TEST_STEP][PASSED] - delay: Delayed 5 second(s)

2018-11-14 11:55:00 - [MESSAGE][PASSED] - Delayed 5 second(s)

2018-11-14 11:55:00 - [TEST_STEP][PASSED] - click: Object: 'Object Repository/retailer admin All Repo/retailer_order_placement/order_placement_verifymarkup/Page_AppCohesion/a_Dashboard              Dashb' is clicked on

2018-11-14 11:55:00 - [MESSAGE][PASSED] - Object: 'Object Repository/retailer admin All Repo/retailer_order_placement/order_placement_verifymarkup/Page_AppCohesion/a_Dashboard              Dashb' is clicked on

2018-11-14 11:55:00 - [TEST_STEP][PASSED] - waitForPageLoad: Wait for page load successfully

2018-11-14 11:55:00 - [MESSAGE][PASSED] - Wait for page load successfully

2018-11-14 11:55:00 - [TEST_STEP][PASSED] - click: Object: 'Object Repository/retailer admin All Repo/retailer_order_placement/key_press_orderList/order_tab' is clicked on

2018-11-14 11:55:01 - [MESSAGE][PASSED] - Object: 'Object Repository/retailer admin All Repo/retailer_order_placement/key_press_orderList/order_tab' is clicked on

2018-11-14 11:55:01 - [TEST_STEP][PASSED] - waitForElementVisible: Object 'Object Repository/retailer admin All Repo/retailer_order_placement/key_press_orderList/Page_AppCohesion/i__glyphicon glyphicon-search' is visible

2018-11-14 11:55:01 - [MESSAGE][PASSED] - Object 'Object Repository/retailer admin All Repo/retailer_order_placement/key_press_orderList/Page_AppCohesion/i__glyphicon glyphicon-search' is visible

2018-11-14 11:55:01 - [TEST_STEP][PASSED] - check: Object 'Object Repository/retailer admin All Repo/retailer_order_placement/key_press_orderList/Page_AppCohesion/i__glyphicon glyphicon-search' is checked

2018-11-14 11:55:01 - [MESSAGE][PASSED] - Object 'Object Repository/retailer admin All Repo/retailer_order_placement/key_press_orderList/Page_AppCohesion/i__glyphicon glyphicon-search' is checked

2018-11-14 11:55:01 - [TEST_STEP][PASSED] - dragAndDropToObject: Dragged object with id 'Object Repository/retailer admin All Repo/retailer_order_placement/Page_AppCohesion/input_RETAILER NAME_searchInpu' to object with id 'TestObject - 'Object Repository/retailer admin All Repo/retailer_order_placement/Page_AppCohesion/input_RETAILER NAME_searchInpu'' successfully

2018-11-14 11:55:03 - [MESSAGE][PASSED] - Dragged object with id 'Object Repository/retailer admin All Repo/retailer_order_placement/Page_AppCohesion/input_RETAILER NAME_searchInpu' to object with id 'TestObject - 'Object Repository/retailer admin All Repo/retailer_order_placement/Page_AppCohesion/input_RETAILER NAME_searchInpu'' successfully

2018-11-14 11:55:03 - [TEST_STEP][PASSED] - setText: Text 'order HCKLR-IHMFX7Z1' is set on object 'Object Repository/retailer admin All Repo/retailer_order_placement/Page_AppCohesion/input_RETAILER NAME_searchInpu'

2018-11-14 11:55:04 - [MESSAGE][PASSED] - Text 'order HCKLR-IHMFX7Z1' is set on object 'Object Repository/retailer admin All Repo/retailer_order_placement/Page_AppCohesion/input_RETAILER NAME_searchInpu'

2018-11-14 11:55:04 - [TEST_STEP][PASSED] - delay: Delayed 5 second(s)

2018-11-14 11:55:09 - [MESSAGE][PASSED] - Delayed 5 second(s)

2018-11-14 11:55:09 - [TEST_STEP][PASSED] - sendKeys: Keys 'ENTER + ' sent to object: 'Object Repository/retailer admin All Repo/retailer_order_placement/Page_AppCohesion/input_RETAILER NAME_searchInpu'

2018-11-14 11:55:09 - [MESSAGE][PASSED] - Keys 'ENTER + ' sent to object: 'Object Repository/retailer admin All Repo/retailer_order_placement/Page_AppCohesion/input_RETAILER NAME_searchInpu'

2018-11-14 11:55:09 - [TEST_STEP][PASSED] - verifyElementVisible: Object 'Object Repository/retailer admin All Repo/retailer_order_placement/Page_AppCohesion/tr_order HCKLR-IHMFX7Z1' is visible

2018-11-14 11:55:09 - [MESSAGE][PASSED] - Object 'Object Repository/retailer admin All Repo/retailer_order_placement/Page_AppCohesion/tr_order HCKLR-IHMFX7Z1' is visible

2018-11-14 11:55:09 - [TEST_STEP][PASSED] - click: Object: 'Object Repository/retailer admin All Repo/retailer_order_placement/Page_AppCohesion/tr_order HCKLR-IHMFX7Z1' is clicked on

2018-11-14 11:55:09 - [MESSAGE][PASSED] - Object: 'Object Repository/retailer admin All Repo/retailer_order_placement/Page_AppCohesion/tr_order HCKLR-IHMFX7Z1' is clicked on

2018-11-14 11:55:09 - [TEST_STEP][PASSED] - verifyElementVisible: Object 'Object Repository/retailer admin All Repo/retailer_order_placement/Page_AppCohesion/span_Order Total      559.20' is visible

2018-11-14 11:55:11 - [MESSAGE][PASSED] - Object 'Object Repository/retailer admin All Repo/retailer_order_placement/Page_AppCohesion/span_Order Total      559.20' is visible

2018-11-14 11:55:11 - [TEST_STEP][PASSED] - verifyElementText: Actual text and expected text of test object 'Object Repository/retailer admin All Repo/retailer_order_placement/key_press_orderList/Page_AppCohesion/h5_696' are matched.

2018-11-14 11:55:11 - [MESSAGE][PASSED] - Actual text and expected text of test object 'Object Repository/retailer admin All Repo/retailer_order_placement/key_press_orderList/Page_AppCohesion/h5_696' are matched.

2018-11-14 11:55:11 - [TEST_STEP][PASSED] - verifyElementVisible: Object 'Object Repository/retailer admin All Repo/retailer_order_placement/key_press_orderList/Page_AppCohesion/h5_559.20' is visible

2018-11-14 11:55:11 - [MESSAGE][PASSED] - Object 'Object Repository/retailer admin All Repo/retailer_order_placement/key_press_orderList/Page_AppCohesion/h5_559.20' is visible

2018-11-14 11:55:11 - [TEST_STEP][PASSED] - verifyElementText: Actual text and expected text of test object 'Object Repository/retailer admin All Repo/retailer_order_placement/key_press_orderList/Page_AppCohesion/h5_559.20' are matched.

2018-11-14 11:55:11 - [MESSAGE][PASSED] - Actual text and expected text of test object 'Object Repository/retailer admin All Repo/retailer_order_placement/key_press_orderList/Page_AppCohesion/h5_559.20' are matched.

2018-11-14 11:55:11 - [TEST_STEP][PASSED] - verifyElementVisible: Object 'Object Repository/retailer admin All Repo/retailer_order_placement/Page_AppCohesion/span_Name      order HCKLR-IHM' is visible

2018-11-14 11:55:11 - [MESSAGE][PASSED] - Object 'Object Repository/retailer admin All Repo/retailer_order_placement/Page_AppCohesion/span_Name      order HCKLR-IHM' is visible

2018-11-14 11:55:11 - [TEST_STEP][PASSED] - verifyElementText: Actual text and expected text of test object 'Object Repository/retailer admin All Repo/retailer_order_placement/key_press_orderList/Page_AppCohesion/h5_order HCKLR-IHMFX7Z1' are matched.

2018-11-14 11:55:11 - [MESSAGE][PASSED] - Actual text and expected text of test object 'Object Repository/retailer admin All Repo/retailer_order_placement/key_press_orderList/Page_AppCohesion/h5_order HCKLR-IHMFX7Z1' are matched.

2018-11-14 11:55:11 - [TEST_STEP][PASSED] - verifyElementVisible: Object 'Object Repository/retailer admin All Repo/retailer_order_placement/key_press_orderList/Page_AppCohesion/span_Email      snekalatha.rii' is visible

2018-11-14 11:55:11 - [MESSAGE][PASSED] - Object 'Object Repository/retailer admin All Repo/retailer_order_placement/key_press_orderList/Page_AppCohesion/span_Email      snekalatha.rii' is visible

2018-11-14 11:55:11 - [TEST_STEP][PASSED] - verifyElementText: Actual text and expected text of test object 'Object Repository/retailer admin All Repo/retailer_order_placement/key_press_orderList/Page_AppCohesion/h5_snekalatha.riinerds.com' are matched.

2018-11-14 11:55:11 - [MESSAGE][PASSED] - Actual text and expected text of test object 'Object Repository/retailer admin All Repo/retailer_order_placement/key_press_orderList/Page_AppCohesion/h5_snekalatha.riinerds.com' are matched.

2018-11-14 11:55:11 - [TEST_STEP][PASSED] - verifyElementVisible: Object 'Object Repository/retailer admin All Repo/retailer_order_placement/Page_AppCohesion/th_QUANTITY' is visible

2018-11-14 11:55:11 - [MESSAGE][PASSED] - Object 'Object Repository/retailer admin All Repo/retailer_order_placement/Page_AppCohesion/th_QUANTITY' is visible

2018-11-14 11:55:11 - [TEST_STEP][PASSED] - verifyElementVisible: Object 'Object Repository/retailer admin All Repo/retailer_order_placement/Page_AppCohesion/td_1' is visible

2018-11-14 11:55:11 - [MESSAGE][PASSED] - Object 'Object Repository/retailer admin All Repo/retailer_order_placement/Page_AppCohesion/td_1' is visible

2018-11-14 11:55:11 - [TEST_STEP][PASSED] - verifyElementText: Actual text and expected text of test object 'Object Repository/retailer admin All Repo/retailer_order_placement/Page_AppCohesion/td_1' are matched.

2018-11-14 11:55:11 - [MESSAGE][PASSED] - Actual text and expected text of test object 'Object Repository/retailer admin All Repo/retailer_order_placement/Page_AppCohesion/td_1' are matched.

2018-11-14 11:55:11 - [TEST_STEP][PASSED] - verifyElementVisible: Object 'Object Repository/retailer admin All Repo/retailer_order_placement/key_press_orderList/Page_AppCohesion/td_Green Supply' is visible

2018-11-14 11:55:11 - [MESSAGE][PASSED] - Object 'Object Repository/retailer admin All Repo/retailer_order_placement/key_press_orderList/Page_AppCohesion/td_Green Supply' is visible

2018-11-14 11:55:11 - [TEST_STEP][PASSED] - verifyElementText: Actual text and expected text of test object 'Object Repository/retailer admin All Repo/retailer_order_placement/key_press_orderList/Page_AppCohesion/td_Green Supply' are matched.

2018-11-14 11:55:11 - [MESSAGE][PASSED] - Actual text and expected text of test object 'Object Repository/retailer admin All Repo/retailer_order_placement/key_press_orderList/Page_AppCohesion/td_Green Supply' are matched.

2018-11-14 11:55:11 - [TEST_STEP][PASSED] - verifyElementVisible: Object 'Object Repository/retailer admin All Repo/retailer_order_placement/key_press_orderList/Page_AppCohesion/td_Completed' is visible

2018-11-14 11:55:11 - [MESSAGE][PASSED] - Object 'Object Repository/retailer admin All Repo/retailer_order_placement/key_press_orderList/Page_AppCohesion/td_Completed' is visible

2018-11-14 11:55:11 - [TEST_STEP][PASSED] - verifyElementText: Actual text and expected text of test object 'Object Repository/retailer admin All Repo/retailer_order_placement/key_press_orderList/Page_AppCohesion/td_Completed' are matched.

2018-11-14 11:55:11 - [MESSAGE][PASSED] - Actual text and expected text of test object 'Object Repository/retailer admin All Repo/retailer_order_placement/key_press_orderList/Page_AppCohesion/td_Completed' are matched.

2018-11-14 11:55:11 - [TEST_STEP][PASSED] - verifyElementVisible: Object 'Object Repository/retailer admin All Repo/retailer_order_placement/Page_AppCohesion/span_RACreation_close_order_de' is visible

2018-11-14 11:55:11 - [MESSAGE][PASSED] - Object 'Object Repository/retailer admin All Repo/retailer_order_placement/Page_AppCohesion/span_RACreation_close_order_de' is visible

2018-11-14 11:55:11 - [TEST_STEP][PASSED] - click: Object: 'Object Repository/retailer admin All Repo/retailer_order_placement/Page_AppCohesion/span_RACreation_close_order_de' is clicked on

2018-11-14 11:55:12 - [MESSAGE][PASSED] - Object: 'Object Repository/retailer admin All Repo/retailer_order_placement/Page_AppCohesion/span_RACreation_close_order_de' is clicked on

2018-11-14 11:55:12 - [TEST_STEP][PASSED] - clearText: Text of object 'Object Repository/retailer admin All Repo/retailer_order_placement/Page_AppCohesion/input_RETAILER NAME_searchInpu' is cleared

2018-11-14 11:55:12 - [MESSAGE][PASSED] - Text of object 'Object Repository/retailer admin All Repo/retailer_order_placement/Page_AppCohesion/input_RETAILER NAME_searchInpu' is cleared

2018-11-14 11:55:12 - [TEST_STEP][PASSED] - delay: Delayed 10 second(s)

2018-11-14 11:55:22 - [MESSAGE][PASSED] - Delayed 10 second(s)

2018-11-14 11:55:22 - [TEST_STEP][PASSED] - click: Object: 'Object Repository/retailer admin All Repo/retailer_order_placement/key_press_orderList/Page_AppCohesion/i__glyphicon glyphicon-search_2' is clicked on

2018-11-14 11:55:22 - [MESSAGE][PASSED] - Object: 'Object Repository/retailer admin All Repo/retailer_order_placement/key_press_orderList/Page_AppCohesion/i__glyphicon glyphicon-search_2' is clicked on

2018-11-14 11:55:22 - [TEST_STEP][PASSED] - verifyElementVisible: Object 'Object Repository/retailer admin All Repo/retailer_order_placement/order_placement_verifymarkup/Page_AppCohesion/a_Dashboard              Dashb' is visible

2018-11-14 11:55:22 - [MESSAGE][PASSED] - Object 'Object Repository/retailer admin All Repo/retailer_order_placement/order_placement_verifymarkup/Page_AppCohesion/a_Dashboard              Dashb' is visible

2018-11-14 11:55:22 - [TEST_STEP][PASSED] - click: Object: 'Object Repository/retailer admin All Repo/retailer_order_placement/order_placement_verifymarkup/Page_AppCohesion/a_Dashboard              Dashb' is clicked on

2018-11-14 11:55:22 - [MESSAGE][PASSED] - Object: 'Object Repository/retailer admin All Repo/retailer_order_placement/order_placement_verifymarkup/Page_AppCohesion/a_Dashboard              Dashb' is clicked on]]></system-out>
         <system-err><![CDATA[]]></system-err>
      </testcase>
      <testcase name="Test Cases/RetailerAdmin_Login_All_Functionality/Product_details/search_products_details_datafile" classname="Test Cases/RetailerAdmin_Login_All_Functionality/Product_details/search_products_details_datafile" status="PASSED">
         <system-out><![CDATA[2018-11-14 11:55:22 - [TEST_CASE][PASSED] - Test Cases/RetailerAdmin_Login_All_Functionality/Product_details/search_products_details_datafile: Test Cases/RetailerAdmin_Login_All_Functionality/Product_details/search_products_details_datafile

2018-11-14 11:55:22 - [TEST_STEP][PASSED] - callTestCase: Call Test Case 'Test Cases/Call Test Case/Login_retailer_testcase' successfully

2018-11-14 11:55:22 - [TEST_CASE][PASSED] - Test Cases/Call Test Case/Login_retailer_testcase: Test Cases/Call Test Case/Login_retailer_testcase

2018-11-14 11:55:22 - [TEST_STEP][PASSED] - openBrowser: Browser is opened with url: 'https://app-qa.appcohesion.io/'

2018-11-14 11:55:22 - [MESSAGE][WARNING] - A browser is already opened. Closing browser and opening a new one

2018-11-14 11:55:29 - [MESSAGE][PASSED] - Browser is opened with url: 'https://app-qa.appcohesion.io/'

2018-11-14 11:55:29 - [TEST_STEP][PASSED] - maximizeWindow: Current window maximized

2018-11-14 11:55:30 - [MESSAGE][PASSED] - Current window maximized

2018-11-14 11:55:30 - [TEST_STEP][PASSED] - setText: Text 'RACreation@10_9' is set on object 'Object Repository/Login_OR/Page_AppCohesion/input_User Name_ac_username'

2018-11-14 11:55:30 - [MESSAGE][PASSED] - Text 'RACreation@10_9' is set on object 'Object Repository/Login_OR/Page_AppCohesion/input_User Name_ac_username'

2018-11-14 11:55:30 - [TEST_STEP][PASSED] - setText: Text 'RACreation@10_9' is set on object 'Object Repository/Login_OR/Page_AppCohesion/input_Password_ac_password'

2018-11-14 11:55:30 - [MESSAGE][PASSED] - Text 'RACreation@10_9' is set on object 'Object Repository/Login_OR/Page_AppCohesion/input_Password_ac_password'

2018-11-14 11:55:30 - [TEST_STEP][PASSED] - click: Object: 'Object Repository/Login_OR/Page_AppCohesion/button_Login Now' is clicked on

2018-11-14 11:55:30 - [MESSAGE][PASSED] - Object: 'Object Repository/Login_OR/Page_AppCohesion/button_Login Now' is clicked on

2018-11-14 11:55:30 - [TEST_STEP][PASSED] - waitForPageLoad: Wait for page load successfully

2018-11-14 11:55:30 - [MESSAGE][PASSED] - Wait for page load successfully

2018-11-14 11:55:30 - [MESSAGE][PASSED] - Call Test Case 'Test Cases/Call Test Case/Login_retailer_testcase' successfully

2018-11-14 11:55:30 - [TEST_STEP][PASSED] - Statement - For ([rowNum = 1, rowNum <= 4, (rowNum++)]): null

2018-11-14 11:55:30 - [TEST_STEP][PASSED] - setText: Text 'RUGER-UCSR7GCZ' is set on object 'Object Repository/retailer admin All Repo/Search Products Details/Page_AppCohesion/input_Settings_searchproduct'

2018-11-14 11:55:33 - [MESSAGE][PASSED] - Text 'RUGER-UCSR7GCZ' is set on object 'Object Repository/retailer admin All Repo/Search Products Details/Page_AppCohesion/input_Settings_searchproduct'

2018-11-14 11:55:33 - [TEST_STEP][PASSED] - verifyElementVisible: Object 'Object Repository/retailer admin All Repo/Search Products Details/Page_AppCohesion/button_Settings_searchbutton' is visible

2018-11-14 11:55:33 - [MESSAGE][PASSED] - Object 'Object Repository/retailer admin All Repo/Search Products Details/Page_AppCohesion/button_Settings_searchbutton' is visible

2018-11-14 11:55:33 - [TEST_STEP][PASSED] - verifyElementVisible: Object 'Object Repository/retailer admin All Repo/Search Products Details/Page_AppCohesion/input_Settings_searchproduct' is visible

2018-11-14 11:55:33 - [MESSAGE][PASSED] - Object 'Object Repository/retailer admin All Repo/Search Products Details/Page_AppCohesion/input_Settings_searchproduct' is visible

2018-11-14 11:55:33 - [TEST_STEP][PASSED] - click: Object: 'Object Repository/retailer admin All Repo/Search Products Details/Page_AppCohesion/button_Settings_searchbutton' is clicked on

2018-11-14 11:55:33 - [MESSAGE][PASSED] - Object: 'Object Repository/retailer admin All Repo/Search Products Details/Page_AppCohesion/button_Settings_searchbutton' is clicked on

2018-11-14 11:55:33 - [TEST_STEP][PASSED] - delay: Delayed 10 second(s)

2018-11-14 11:55:43 - [MESSAGE][PASSED] - Delayed 10 second(s)

2018-11-14 11:55:43 - [TEST_STEP][PASSED] - verifyElementVisible: Object 'Object Repository/retailer admin All Repo/Search Products Details/Page_AppCohesion/created_id/product_details_rowid' is visible

2018-11-14 11:55:43 - [MESSAGE][PASSED] - Object 'Object Repository/retailer admin All Repo/Search Products Details/Page_AppCohesion/created_id/product_details_rowid' is visible

2018-11-14 11:55:43 - [TEST_STEP][PASSED] - click: Object: 'Object Repository/retailer admin All Repo/Search Products Details/Page_AppCohesion/created_id/product_details_rowid' is clicked on

2018-11-14 11:55:43 - [MESSAGE][PASSED] - Object: 'Object Repository/retailer admin All Repo/Search Products Details/Page_AppCohesion/created_id/product_details_rowid' is clicked on

2018-11-14 11:55:43 - [TEST_STEP][PASSED] - delay: Delayed 5 second(s)

2018-11-14 11:55:48 - [MESSAGE][PASSED] - Delayed 5 second(s)

2018-11-14 11:55:48 - [TEST_STEP][PASSED] - verifyElementVisible: Object 'Object Repository/retailer admin All Repo/Search Products Details/Page_AppCohesion/created_id/product_title' is visible

2018-11-14 11:55:48 - [MESSAGE][PASSED] - Object 'Object Repository/retailer admin All Repo/Search Products Details/Page_AppCohesion/created_id/product_title' is visible

2018-11-14 11:55:48 - [TEST_STEP][PASSED] - verifyElementText: Actual text and expected text of test object 'Object Repository/retailer admin All Repo/Search Products Details/Page_AppCohesion/created_id/product_title' are matched.

2018-11-14 11:55:49 - [MESSAGE][PASSED] - Actual text and expected text of test object 'Object Repository/retailer admin All Repo/Search Products Details/Page_AppCohesion/created_id/product_title' are matched.

2018-11-14 11:55:49 - [TEST_STEP][PASSED] - verifyElementVisible: Object 'Object Repository/retailer admin All Repo/Search Products Details/Page_AppCohesion/created_id/manufaturer_header' is visible

2018-11-14 11:55:49 - [MESSAGE][PASSED] - Object 'Object Repository/retailer admin All Repo/Search Products Details/Page_AppCohesion/created_id/manufaturer_header' is visible

2018-11-14 11:55:49 - [TEST_STEP][PASSED] - verifyElementVisible: Object 'Object Repository/retailer admin All Repo/Search Products Details/Page_AppCohesion/created_id/manufacture_partno_id' is visible

2018-11-14 11:55:49 - [MESSAGE][PASSED] - Object 'Object Repository/retailer admin All Repo/Search Products Details/Page_AppCohesion/created_id/manufacture_partno_id' is visible

2018-11-14 11:55:49 - [TEST_STEP][PASSED] - verifyElementText: Actual text and expected text of test object 'Object Repository/retailer admin All Repo/Search Products Details/Page_AppCohesion/created_id/manufacture_partno_id' are matched.

2018-11-14 11:55:49 - [MESSAGE][PASSED] - Actual text and expected text of test object 'Object Repository/retailer admin All Repo/Search Products Details/Page_AppCohesion/created_id/manufacture_partno_id' are matched.

2018-11-14 11:55:49 - [TEST_STEP][PASSED] - verifyElementVisible: Object 'Object Repository/retailer admin All Repo/Search Products Details/Page_AppCohesion/created_id/manufacture_name_header' is visible

2018-11-14 11:55:49 - [MESSAGE][PASSED] - Object 'Object Repository/retailer admin All Repo/Search Products Details/Page_AppCohesion/created_id/manufacture_name_header' is visible

2018-11-14 11:55:49 - [TEST_STEP][PASSED] - verifyElementVisible: Object 'Object Repository/retailer admin All Repo/Search Products Details/Page_AppCohesion/created_id/manufacture_name' is visible

2018-11-14 11:55:49 - [MESSAGE][PASSED] - Object 'Object Repository/retailer admin All Repo/Search Products Details/Page_AppCohesion/created_id/manufacture_name' is visible

2018-11-14 11:55:49 - [TEST_STEP][PASSED] - verifyElementText: Actual text and expected text of test object 'Object Repository/retailer admin All Repo/Search Products Details/Page_AppCohesion/created_id/manufacture_name' are matched.

2018-11-14 11:55:49 - [MESSAGE][PASSED] - Actual text and expected text of test object 'Object Repository/retailer admin All Repo/Search Products Details/Page_AppCohesion/created_id/manufacture_name' are matched.

2018-11-14 11:55:49 - [TEST_STEP][PASSED] - verifyElementVisible: Object 'Object Repository/retailer admin All Repo/Search Products Details/Page_AppCohesion/created_id/distributor_header' is visible

2018-11-14 11:55:49 - [MESSAGE][PASSED] - Object 'Object Repository/retailer admin All Repo/Search Products Details/Page_AppCohesion/created_id/distributor_header' is visible

2018-11-14 11:55:49 - [TEST_STEP][PASSED] - verifyElementVisible: Object 'Object Repository/retailer admin All Repo/Search Products Details/Page_AppCohesion/created_id/distributorname_id' is visible

2018-11-14 11:55:49 - [MESSAGE][PASSED] - Object 'Object Repository/retailer admin All Repo/Search Products Details/Page_AppCohesion/created_id/distributorname_id' is visible

2018-11-14 11:55:49 - [TEST_STEP][PASSED] - verifyElementText: Actual text and expected text of test object 'Object Repository/retailer admin All Repo/Search Products Details/Page_AppCohesion/created_id/distributorname_id' are matched.

2018-11-14 11:55:49 - [MESSAGE][PASSED] - Actual text and expected text of test object 'Object Repository/retailer admin All Repo/Search Products Details/Page_AppCohesion/created_id/distributorname_id' are matched.

2018-11-14 11:55:49 - [TEST_STEP][PASSED] - verifyElementVisible: Object 'Object Repository/retailer admin All Repo/Search Products Details/Page_AppCohesion/upc_header' is visible

2018-11-14 11:55:49 - [MESSAGE][PASSED] - Object 'Object Repository/retailer admin All Repo/Search Products Details/Page_AppCohesion/upc_header' is visible

2018-11-14 11:55:49 - [TEST_STEP][PASSED] - verifyElementVisible: Object 'Object Repository/retailer admin All Repo/Search Products Details/Page_AppCohesion/upc_noid' is visible

2018-11-14 11:55:49 - [MESSAGE][PASSED] - Object 'Object Repository/retailer admin All Repo/Search Products Details/Page_AppCohesion/upc_noid' is visible

2018-11-14 11:55:49 - [TEST_STEP][PASSED] - verifyElementText: Actual text and expected text of test object 'Object Repository/retailer admin All Repo/Search Products Details/Page_AppCohesion/upc_noid' are matched.

2018-11-14 11:55:49 - [MESSAGE][PASSED] - Actual text and expected text of test object 'Object Repository/retailer admin All Repo/Search Products Details/Page_AppCohesion/upc_noid' are matched.

2018-11-14 11:55:49 - [TEST_STEP][PASSED] - verifyElementVisible: Object 'Object Repository/retailer admin All Repo/Search Products Details/Page_AppCohesion/created_id/baseprice_header' is visible

2018-11-14 11:55:49 - [MESSAGE][PASSED] - Object 'Object Repository/retailer admin All Repo/Search Products Details/Page_AppCohesion/created_id/baseprice_header' is visible

2018-11-14 11:55:49 - [TEST_STEP][PASSED] - verifyElementVisible: Object 'Object Repository/retailer admin All Repo/Search Products Details/Page_AppCohesion/created_id/baseprice_id' is visible

2018-11-14 11:55:49 - [MESSAGE][PASSED] - Object 'Object Repository/retailer admin All Repo/Search Products Details/Page_AppCohesion/created_id/baseprice_id' is visible

2018-11-14 11:55:49 - [TEST_STEP][PASSED] - verifyElementText: Actual text and expected text of test object 'Object Repository/retailer admin All Repo/Search Products Details/Page_AppCohesion/created_id/baseprice_id' are matched.

2018-11-14 11:55:49 - [MESSAGE][PASSED] - Actual text and expected text of test object 'Object Repository/retailer admin All Repo/Search Products Details/Page_AppCohesion/created_id/baseprice_id' are matched.

2018-11-14 11:55:49 - [TEST_STEP][PASSED] - verifyElementVisible: Object 'Object Repository/retailer admin All Repo/Search Products Details/Page_AppCohesion/created_id/markup_header' is visible

2018-11-14 11:55:49 - [MESSAGE][PASSED] - Object 'Object Repository/retailer admin All Repo/Search Products Details/Page_AppCohesion/created_id/markup_header' is visible

2018-11-14 11:55:49 - [TEST_STEP][PASSED] - verifyElementVisible: Object 'Object Repository/retailer admin All Repo/Search Products Details/Page_AppCohesion/created_id/markup_id' is visible

2018-11-14 11:55:49 - [MESSAGE][PASSED] - Object 'Object Repository/retailer admin All Repo/Search Products Details/Page_AppCohesion/created_id/markup_id' is visible

2018-11-14 11:55:49 - [TEST_STEP][PASSED] - verifyElementText: Actual text and expected text of test object 'Object Repository/retailer admin All Repo/Search Products Details/Page_AppCohesion/created_id/markup_id' are matched.

2018-11-14 11:55:49 - [MESSAGE][PASSED] - Actual text and expected text of test object 'Object Repository/retailer admin All Repo/Search Products Details/Page_AppCohesion/created_id/markup_id' are matched.

2018-11-14 11:55:49 - [TEST_STEP][PASSED] - verifyElementVisible: Object 'Object Repository/retailer admin All Repo/Search Products Details/Page_AppCohesion/created_id/amtpay_header' is visible

2018-11-14 11:55:49 - [MESSAGE][PASSED] - Object 'Object Repository/retailer admin All Repo/Search Products Details/Page_AppCohesion/created_id/amtpay_header' is visible

2018-11-14 11:55:49 - [TEST_STEP][PASSED] - verifyElementVisible: Object 'Object Repository/retailer admin All Repo/Search Products Details/Page_AppCohesion/created_id/amtpay_id' is visible

2018-11-14 11:55:49 - [MESSAGE][PASSED] - Object 'Object Repository/retailer admin All Repo/Search Products Details/Page_AppCohesion/created_id/amtpay_id' is visible

2018-11-14 11:55:49 - [TEST_STEP][PASSED] - verifyElementText: Actual text and expected text of test object 'Object Repository/retailer admin All Repo/Search Products Details/Page_AppCohesion/created_id/amtpay_id' are matched.

2018-11-14 11:55:49 - [MESSAGE][PASSED] - Actual text and expected text of test object 'Object Repository/retailer admin All Repo/Search Products Details/Page_AppCohesion/created_id/amtpay_id' are matched.

2018-11-14 11:55:49 - [TEST_STEP][NOT_RUN] - verifyElementVisible: NOT_RUN: verifyElementVisible

2018-11-14 11:55:49 - [MESSAGE][NOT_RUN] - NOT_RUN: verifyElementVisible

2018-11-14 11:55:49 - [TEST_STEP][NOT_RUN] - verifyElementText: NOT_RUN: verifyElementText

2018-11-14 11:55:49 - [MESSAGE][NOT_RUN] - NOT_RUN: verifyElementText

2018-11-14 11:55:49 - [TEST_STEP][NOT_RUN] - verifyElementVisible: NOT_RUN: verifyElementVisible

2018-11-14 11:55:49 - [MESSAGE][NOT_RUN] - NOT_RUN: verifyElementVisible

2018-11-14 11:55:49 - [TEST_STEP][NOT_RUN] - verifyElementText: NOT_RUN: verifyElementText

2018-11-14 11:55:49 - [MESSAGE][NOT_RUN] - NOT_RUN: verifyElementText

2018-11-14 11:55:49 - [TEST_STEP][PASSED] - verifyElementVisible: Object 'Object Repository/retailer admin All Repo/Search Products Details/Page_AppCohesion/created_id/product_specification' is visible

2018-11-14 11:55:49 - [MESSAGE][PASSED] - Object 'Object Repository/retailer admin All Repo/Search Products Details/Page_AppCohesion/created_id/product_specification' is visible

2018-11-14 11:55:49 - [TEST_STEP][PASSED] - verifyElementVisible: Object 'Object Repository/retailer admin All Repo/Search Products Details/Page_AppCohesion/a_Back to Search' is visible

2018-11-14 11:55:49 - [MESSAGE][PASSED] - Object 'Object Repository/retailer admin All Repo/Search Products Details/Page_AppCohesion/a_Back to Search' is visible

2018-11-14 11:55:49 - [TEST_STEP][PASSED] - click: Object: 'Object Repository/retailer admin All Repo/Search Products Details/Page_AppCohesion/a_Back to Search' is clicked on

2018-11-14 11:55:49 - [MESSAGE][PASSED] - Object: 'Object Repository/retailer admin All Repo/Search Products Details/Page_AppCohesion/a_Back to Search' is clicked on

2018-11-14 11:55:49 - [TEST_STEP][PASSED] - click: Object: 'Object Repository/retailer admin All Repo/retailer_order_placement/key_press_orderList/Page_AppCohesion/a_Dashboard              Dashb' is clicked on

2018-11-14 11:55:49 - [MESSAGE][PASSED] - Object: 'Object Repository/retailer admin All Repo/retailer_order_placement/key_press_orderList/Page_AppCohesion/a_Dashboard              Dashb' is clicked on

2018-11-14 11:55:49 - [TEST_STEP][PASSED] - verifyElementVisible: Object 'Object Repository/retailer admin All Repo/retailer_order_placement/key_press_orderList/Page_AppCohesion/a_Dashboard              Dashb' is visible

2018-11-14 11:55:49 - [MESSAGE][PASSED] - Object 'Object Repository/retailer admin All Repo/retailer_order_placement/key_press_orderList/Page_AppCohesion/a_Dashboard              Dashb' is visible

2018-11-14 11:55:49 - [TEST_STEP][PASSED] - Statement - java.lang.Thread.sleep(8000): null

2018-11-14 11:55:57 - [TEST_STEP][PASSED] - setText: Text 'THMPS-TUIPSIUJ' is set on object 'Object Repository/retailer admin All Repo/Search Products Details/Page_AppCohesion/input_Settings_searchproduct'

2018-11-14 11:55:58 - [MESSAGE][PASSED] - Text 'THMPS-TUIPSIUJ' is set on object 'Object Repository/retailer admin All Repo/Search Products Details/Page_AppCohesion/input_Settings_searchproduct'

2018-11-14 11:55:58 - [TEST_STEP][PASSED] - verifyElementVisible: Object 'Object Repository/retailer admin All Repo/Search Products Details/Page_AppCohesion/button_Settings_searchbutton' is visible

2018-11-14 11:55:58 - [MESSAGE][PASSED] - Object 'Object Repository/retailer admin All Repo/Search Products Details/Page_AppCohesion/button_Settings_searchbutton' is visible

2018-11-14 11:55:58 - [TEST_STEP][PASSED] - verifyElementVisible: Object 'Object Repository/retailer admin All Repo/Search Products Details/Page_AppCohesion/input_Settings_searchproduct' is visible

2018-11-14 11:55:58 - [MESSAGE][PASSED] - Object 'Object Repository/retailer admin All Repo/Search Products Details/Page_AppCohesion/input_Settings_searchproduct' is visible

2018-11-14 11:55:58 - [TEST_STEP][PASSED] - click: Object: 'Object Repository/retailer admin All Repo/Search Products Details/Page_AppCohesion/button_Settings_searchbutton' is clicked on

2018-11-14 11:55:58 - [MESSAGE][PASSED] - Object: 'Object Repository/retailer admin All Repo/Search Products Details/Page_AppCohesion/button_Settings_searchbutton' is clicked on

2018-11-14 11:55:58 - [TEST_STEP][PASSED] - delay: Delayed 10 second(s)

2018-11-14 11:56:08 - [MESSAGE][PASSED] - Delayed 10 second(s)

2018-11-14 11:56:08 - [TEST_STEP][PASSED] - verifyElementVisible: Object 'Object Repository/retailer admin All Repo/Search Products Details/Page_AppCohesion/created_id/product_details_rowid' is visible

2018-11-14 11:56:08 - [MESSAGE][PASSED] - Object 'Object Repository/retailer admin All Repo/Search Products Details/Page_AppCohesion/created_id/product_details_rowid' is visible

2018-11-14 11:56:08 - [TEST_STEP][PASSED] - click: Object: 'Object Repository/retailer admin All Repo/Search Products Details/Page_AppCohesion/created_id/product_details_rowid' is clicked on

2018-11-14 11:56:08 - [MESSAGE][PASSED] - Object: 'Object Repository/retailer admin All Repo/Search Products Details/Page_AppCohesion/created_id/product_details_rowid' is clicked on

2018-11-14 11:56:08 - [TEST_STEP][PASSED] - delay: Delayed 5 second(s)

2018-11-14 11:56:13 - [MESSAGE][PASSED] - Delayed 5 second(s)

2018-11-14 11:56:13 - [TEST_STEP][PASSED] - verifyElementVisible: Object 'Object Repository/retailer admin All Repo/Search Products Details/Page_AppCohesion/created_id/product_title' is visible

2018-11-14 11:56:13 - [MESSAGE][PASSED] - Object 'Object Repository/retailer admin All Repo/Search Products Details/Page_AppCohesion/created_id/product_title' is visible

2018-11-14 11:56:13 - [TEST_STEP][PASSED] - verifyElementText: Actual text and expected text of test object 'Object Repository/retailer admin All Repo/Search Products Details/Page_AppCohesion/created_id/product_title' are matched.

2018-11-14 11:56:13 - [MESSAGE][PASSED] - Actual text and expected text of test object 'Object Repository/retailer admin All Repo/Search Products Details/Page_AppCohesion/created_id/product_title' are matched.

2018-11-14 11:56:13 - [TEST_STEP][PASSED] - verifyElementVisible: Object 'Object Repository/retailer admin All Repo/Search Products Details/Page_AppCohesion/created_id/manufaturer_header' is visible

2018-11-14 11:56:13 - [MESSAGE][PASSED] - Object 'Object Repository/retailer admin All Repo/Search Products Details/Page_AppCohesion/created_id/manufaturer_header' is visible

2018-11-14 11:56:13 - [TEST_STEP][PASSED] - verifyElementVisible: Object 'Object Repository/retailer admin All Repo/Search Products Details/Page_AppCohesion/created_id/manufacture_partno_id' is visible

2018-11-14 11:56:13 - [MESSAGE][PASSED] - Object 'Object Repository/retailer admin All Repo/Search Products Details/Page_AppCohesion/created_id/manufacture_partno_id' is visible

2018-11-14 11:56:13 - [TEST_STEP][PASSED] - verifyElementText: Actual text and expected text of test object 'Object Repository/retailer admin All Repo/Search Products Details/Page_AppCohesion/created_id/manufacture_partno_id' are matched.

2018-11-14 11:56:13 - [MESSAGE][PASSED] - Actual text and expected text of test object 'Object Repository/retailer admin All Repo/Search Products Details/Page_AppCohesion/created_id/manufacture_partno_id' are matched.

2018-11-14 11:56:13 - [TEST_STEP][PASSED] - verifyElementVisible: Object 'Object Repository/retailer admin All Repo/Search Products Details/Page_AppCohesion/created_id/manufacture_name_header' is visible

2018-11-14 11:56:13 - [MESSAGE][PASSED] - Object 'Object Repository/retailer admin All Repo/Search Products Details/Page_AppCohesion/created_id/manufacture_name_header' is visible

2018-11-14 11:56:13 - [TEST_STEP][PASSED] - verifyElementVisible: Object 'Object Repository/retailer admin All Repo/Search Products Details/Page_AppCohesion/created_id/manufacture_name' is visible

2018-11-14 11:56:13 - [MESSAGE][PASSED] - Object 'Object Repository/retailer admin All Repo/Search Products Details/Page_AppCohesion/created_id/manufacture_name' is visible

2018-11-14 11:56:13 - [TEST_STEP][PASSED] - verifyElementText: Actual text and expected text of test object 'Object Repository/retailer admin All Repo/Search Products Details/Page_AppCohesion/created_id/manufacture_name' are matched.

2018-11-14 11:56:13 - [MESSAGE][PASSED] - Actual text and expected text of test object 'Object Repository/retailer admin All Repo/Search Products Details/Page_AppCohesion/created_id/manufacture_name' are matched.

2018-11-14 11:56:13 - [TEST_STEP][PASSED] - verifyElementVisible: Object 'Object Repository/retailer admin All Repo/Search Products Details/Page_AppCohesion/created_id/distributor_header' is visible

2018-11-14 11:56:13 - [MESSAGE][PASSED] - Object 'Object Repository/retailer admin All Repo/Search Products Details/Page_AppCohesion/created_id/distributor_header' is visible

2018-11-14 11:56:13 - [TEST_STEP][PASSED] - verifyElementVisible: Object 'Object Repository/retailer admin All Repo/Search Products Details/Page_AppCohesion/created_id/distributorname_id' is visible

2018-11-14 11:56:13 - [MESSAGE][PASSED] - Object 'Object Repository/retailer admin All Repo/Search Products Details/Page_AppCohesion/created_id/distributorname_id' is visible

2018-11-14 11:56:13 - [TEST_STEP][PASSED] - verifyElementText: Actual text and expected text of test object 'Object Repository/retailer admin All Repo/Search Products Details/Page_AppCohesion/created_id/distributorname_id' are matched.

2018-11-14 11:56:13 - [MESSAGE][PASSED] - Actual text and expected text of test object 'Object Repository/retailer admin All Repo/Search Products Details/Page_AppCohesion/created_id/distributorname_id' are matched.

2018-11-14 11:56:13 - [TEST_STEP][PASSED] - verifyElementVisible: Object 'Object Repository/retailer admin All Repo/Search Products Details/Page_AppCohesion/upc_header' is visible

2018-11-14 11:56:13 - [MESSAGE][PASSED] - Object 'Object Repository/retailer admin All Repo/Search Products Details/Page_AppCohesion/upc_header' is visible

2018-11-14 11:56:13 - [TEST_STEP][PASSED] - verifyElementVisible: Object 'Object Repository/retailer admin All Repo/Search Products Details/Page_AppCohesion/upc_noid' is visible

2018-11-14 11:56:13 - [MESSAGE][PASSED] - Object 'Object Repository/retailer admin All Repo/Search Products Details/Page_AppCohesion/upc_noid' is visible

2018-11-14 11:56:13 - [TEST_STEP][PASSED] - verifyElementText: Actual text and expected text of test object 'Object Repository/retailer admin All Repo/Search Products Details/Page_AppCohesion/upc_noid' are matched.

2018-11-14 11:56:13 - [MESSAGE][PASSED] - Actual text and expected text of test object 'Object Repository/retailer admin All Repo/Search Products Details/Page_AppCohesion/upc_noid' are matched.

2018-11-14 11:56:13 - [TEST_STEP][PASSED] - verifyElementVisible: Object 'Object Repository/retailer admin All Repo/Search Products Details/Page_AppCohesion/created_id/baseprice_header' is visible

2018-11-14 11:56:13 - [MESSAGE][PASSED] - Object 'Object Repository/retailer admin All Repo/Search Products Details/Page_AppCohesion/created_id/baseprice_header' is visible

2018-11-14 11:56:13 - [TEST_STEP][PASSED] - verifyElementVisible: Object 'Object Repository/retailer admin All Repo/Search Products Details/Page_AppCohesion/created_id/baseprice_id' is visible

2018-11-14 11:56:13 - [MESSAGE][PASSED] - Object 'Object Repository/retailer admin All Repo/Search Products Details/Page_AppCohesion/created_id/baseprice_id' is visible

2018-11-14 11:56:13 - [TEST_STEP][PASSED] - verifyElementText: Actual text and expected text of test object 'Object Repository/retailer admin All Repo/Search Products Details/Page_AppCohesion/created_id/baseprice_id' are matched.

2018-11-14 11:56:14 - [MESSAGE][PASSED] - Actual text and expected text of test object 'Object Repository/retailer admin All Repo/Search Products Details/Page_AppCohesion/created_id/baseprice_id' are matched.

2018-11-14 11:56:14 - [TEST_STEP][PASSED] - verifyElementVisible: Object 'Object Repository/retailer admin All Repo/Search Products Details/Page_AppCohesion/created_id/markup_header' is visible

2018-11-14 11:56:14 - [MESSAGE][PASSED] - Object 'Object Repository/retailer admin All Repo/Search Products Details/Page_AppCohesion/created_id/markup_header' is visible

2018-11-14 11:56:14 - [TEST_STEP][PASSED] - verifyElementVisible: Object 'Object Repository/retailer admin All Repo/Search Products Details/Page_AppCohesion/created_id/markup_id' is visible

2018-11-14 11:56:14 - [MESSAGE][PASSED] - Object 'Object Repository/retailer admin All Repo/Search Products Details/Page_AppCohesion/created_id/markup_id' is visible

2018-11-14 11:56:14 - [TEST_STEP][PASSED] - verifyElementText: Actual text and expected text of test object 'Object Repository/retailer admin All Repo/Search Products Details/Page_AppCohesion/created_id/markup_id' are matched.

2018-11-14 11:56:14 - [MESSAGE][PASSED] - Actual text and expected text of test object 'Object Repository/retailer admin All Repo/Search Products Details/Page_AppCohesion/created_id/markup_id' are matched.

2018-11-14 11:56:14 - [TEST_STEP][PASSED] - verifyElementVisible: Object 'Object Repository/retailer admin All Repo/Search Products Details/Page_AppCohesion/created_id/amtpay_header' is visible

2018-11-14 11:56:14 - [MESSAGE][PASSED] - Object 'Object Repository/retailer admin All Repo/Search Products Details/Page_AppCohesion/created_id/amtpay_header' is visible

2018-11-14 11:56:14 - [TEST_STEP][PASSED] - verifyElementVisible: Object 'Object Repository/retailer admin All Repo/Search Products Details/Page_AppCohesion/created_id/amtpay_id' is visible

2018-11-14 11:56:14 - [MESSAGE][PASSED] - Object 'Object Repository/retailer admin All Repo/Search Products Details/Page_AppCohesion/created_id/amtpay_id' is visible

2018-11-14 11:56:14 - [TEST_STEP][PASSED] - verifyElementText: Actual text and expected text of test object 'Object Repository/retailer admin All Repo/Search Products Details/Page_AppCohesion/created_id/amtpay_id' are matched.

2018-11-14 11:56:14 - [MESSAGE][PASSED] - Actual text and expected text of test object 'Object Repository/retailer admin All Repo/Search Products Details/Page_AppCohesion/created_id/amtpay_id' are matched.

2018-11-14 11:56:14 - [TEST_STEP][NOT_RUN] - verifyElementVisible: NOT_RUN: verifyElementVisible

2018-11-14 11:56:14 - [MESSAGE][NOT_RUN] - NOT_RUN: verifyElementVisible

2018-11-14 11:56:14 - [TEST_STEP][NOT_RUN] - verifyElementText: NOT_RUN: verifyElementText

2018-11-14 11:56:14 - [MESSAGE][NOT_RUN] - NOT_RUN: verifyElementText

2018-11-14 11:56:14 - [TEST_STEP][NOT_RUN] - verifyElementVisible: NOT_RUN: verifyElementVisible

2018-11-14 11:56:14 - [MESSAGE][NOT_RUN] - NOT_RUN: verifyElementVisible

2018-11-14 11:56:14 - [TEST_STEP][NOT_RUN] - verifyElementText: NOT_RUN: verifyElementText

2018-11-14 11:56:14 - [MESSAGE][NOT_RUN] - NOT_RUN: verifyElementText

2018-11-14 11:56:14 - [TEST_STEP][PASSED] - verifyElementVisible: Object 'Object Repository/retailer admin All Repo/Search Products Details/Page_AppCohesion/created_id/product_specification' is visible

2018-11-14 11:56:14 - [MESSAGE][PASSED] - Object 'Object Repository/retailer admin All Repo/Search Products Details/Page_AppCohesion/created_id/product_specification' is visible

2018-11-14 11:56:14 - [TEST_STEP][PASSED] - verifyElementVisible: Object 'Object Repository/retailer admin All Repo/Search Products Details/Page_AppCohesion/a_Back to Search' is visible

2018-11-14 11:56:14 - [MESSAGE][PASSED] - Object 'Object Repository/retailer admin All Repo/Search Products Details/Page_AppCohesion/a_Back to Search' is visible

2018-11-14 11:56:14 - [TEST_STEP][PASSED] - click: Object: 'Object Repository/retailer admin All Repo/Search Products Details/Page_AppCohesion/a_Back to Search' is clicked on

2018-11-14 11:56:14 - [MESSAGE][PASSED] - Object: 'Object Repository/retailer admin All Repo/Search Products Details/Page_AppCohesion/a_Back to Search' is clicked on

2018-11-14 11:56:14 - [TEST_STEP][PASSED] - click: Object: 'Object Repository/retailer admin All Repo/retailer_order_placement/key_press_orderList/Page_AppCohesion/a_Dashboard              Dashb' is clicked on

2018-11-14 11:56:14 - [MESSAGE][PASSED] - Object: 'Object Repository/retailer admin All Repo/retailer_order_placement/key_press_orderList/Page_AppCohesion/a_Dashboard              Dashb' is clicked on

2018-11-14 11:56:14 - [TEST_STEP][PASSED] - verifyElementVisible: Object 'Object Repository/retailer admin All Repo/retailer_order_placement/key_press_orderList/Page_AppCohesion/a_Dashboard              Dashb' is visible

2018-11-14 11:56:14 - [MESSAGE][PASSED] - Object 'Object Repository/retailer admin All Repo/retailer_order_placement/key_press_orderList/Page_AppCohesion/a_Dashboard              Dashb' is visible

2018-11-14 11:56:14 - [TEST_STEP][PASSED] - Statement - java.lang.Thread.sleep(8000): null

2018-11-14 11:56:22 - [TEST_STEP][PASSED] - setText: Text 'SGSAR-T678CLPI' is set on object 'Object Repository/retailer admin All Repo/Search Products Details/Page_AppCohesion/input_Settings_searchproduct'

2018-11-14 11:56:22 - [MESSAGE][PASSED] - Text 'SGSAR-T678CLPI' is set on object 'Object Repository/retailer admin All Repo/Search Products Details/Page_AppCohesion/input_Settings_searchproduct'

2018-11-14 11:56:22 - [TEST_STEP][PASSED] - verifyElementVisible: Object 'Object Repository/retailer admin All Repo/Search Products Details/Page_AppCohesion/button_Settings_searchbutton' is visible

2018-11-14 11:56:22 - [MESSAGE][PASSED] - Object 'Object Repository/retailer admin All Repo/Search Products Details/Page_AppCohesion/button_Settings_searchbutton' is visible

2018-11-14 11:56:22 - [TEST_STEP][PASSED] - verifyElementVisible: Object 'Object Repository/retailer admin All Repo/Search Products Details/Page_AppCohesion/input_Settings_searchproduct' is visible

2018-11-14 11:56:22 - [MESSAGE][PASSED] - Object 'Object Repository/retailer admin All Repo/Search Products Details/Page_AppCohesion/input_Settings_searchproduct' is visible

2018-11-14 11:56:22 - [TEST_STEP][PASSED] - click: Object: 'Object Repository/retailer admin All Repo/Search Products Details/Page_AppCohesion/button_Settings_searchbutton' is clicked on

2018-11-14 11:56:22 - [MESSAGE][PASSED] - Object: 'Object Repository/retailer admin All Repo/Search Products Details/Page_AppCohesion/button_Settings_searchbutton' is clicked on

2018-11-14 11:56:22 - [TEST_STEP][PASSED] - delay: Delayed 10 second(s)

2018-11-14 11:56:32 - [MESSAGE][PASSED] - Delayed 10 second(s)

2018-11-14 11:56:32 - [TEST_STEP][PASSED] - verifyElementVisible: Object 'Object Repository/retailer admin All Repo/Search Products Details/Page_AppCohesion/created_id/product_details_rowid' is visible

2018-11-14 11:56:32 - [MESSAGE][PASSED] - Object 'Object Repository/retailer admin All Repo/Search Products Details/Page_AppCohesion/created_id/product_details_rowid' is visible

2018-11-14 11:56:32 - [TEST_STEP][PASSED] - click: Object: 'Object Repository/retailer admin All Repo/Search Products Details/Page_AppCohesion/created_id/product_details_rowid' is clicked on

2018-11-14 11:56:32 - [MESSAGE][PASSED] - Object: 'Object Repository/retailer admin All Repo/Search Products Details/Page_AppCohesion/created_id/product_details_rowid' is clicked on

2018-11-14 11:56:32 - [TEST_STEP][PASSED] - delay: Delayed 5 second(s)

2018-11-14 11:56:37 - [MESSAGE][PASSED] - Delayed 5 second(s)

2018-11-14 11:56:37 - [TEST_STEP][PASSED] - verifyElementVisible: Object 'Object Repository/retailer admin All Repo/Search Products Details/Page_AppCohesion/created_id/product_title' is visible

2018-11-14 11:56:37 - [MESSAGE][PASSED] - Object 'Object Repository/retailer admin All Repo/Search Products Details/Page_AppCohesion/created_id/product_title' is visible

2018-11-14 11:56:37 - [TEST_STEP][PASSED] - verifyElementText: Actual text and expected text of test object 'Object Repository/retailer admin All Repo/Search Products Details/Page_AppCohesion/created_id/product_title' are matched.

2018-11-14 11:56:37 - [MESSAGE][PASSED] - Actual text and expected text of test object 'Object Repository/retailer admin All Repo/Search Products Details/Page_AppCohesion/created_id/product_title' are matched.

2018-11-14 11:56:37 - [TEST_STEP][PASSED] - verifyElementVisible: Object 'Object Repository/retailer admin All Repo/Search Products Details/Page_AppCohesion/created_id/manufaturer_header' is visible

2018-11-14 11:56:37 - [MESSAGE][PASSED] - Object 'Object Repository/retailer admin All Repo/Search Products Details/Page_AppCohesion/created_id/manufaturer_header' is visible

2018-11-14 11:56:37 - [TEST_STEP][PASSED] - verifyElementVisible: Object 'Object Repository/retailer admin All Repo/Search Products Details/Page_AppCohesion/created_id/manufacture_partno_id' is visible

2018-11-14 11:56:37 - [MESSAGE][PASSED] - Object 'Object Repository/retailer admin All Repo/Search Products Details/Page_AppCohesion/created_id/manufacture_partno_id' is visible

2018-11-14 11:56:37 - [TEST_STEP][PASSED] - verifyElementText: Actual text and expected text of test object 'Object Repository/retailer admin All Repo/Search Products Details/Page_AppCohesion/created_id/manufacture_partno_id' are matched.

2018-11-14 11:56:37 - [MESSAGE][PASSED] - Actual text and expected text of test object 'Object Repository/retailer admin All Repo/Search Products Details/Page_AppCohesion/created_id/manufacture_partno_id' are matched.

2018-11-14 11:56:37 - [TEST_STEP][PASSED] - verifyElementVisible: Object 'Object Repository/retailer admin All Repo/Search Products Details/Page_AppCohesion/created_id/manufacture_name_header' is visible

2018-11-14 11:56:37 - [MESSAGE][PASSED] - Object 'Object Repository/retailer admin All Repo/Search Products Details/Page_AppCohesion/created_id/manufacture_name_header' is visible

2018-11-14 11:56:37 - [TEST_STEP][PASSED] - verifyElementVisible: Object 'Object Repository/retailer admin All Repo/Search Products Details/Page_AppCohesion/created_id/manufacture_name' is visible

2018-11-14 11:56:38 - [MESSAGE][PASSED] - Object 'Object Repository/retailer admin All Repo/Search Products Details/Page_AppCohesion/created_id/manufacture_name' is visible

2018-11-14 11:56:38 - [TEST_STEP][PASSED] - verifyElementText: Actual text and expected text of test object 'Object Repository/retailer admin All Repo/Search Products Details/Page_AppCohesion/created_id/manufacture_name' are matched.

2018-11-14 11:56:38 - [MESSAGE][PASSED] - Actual text and expected text of test object 'Object Repository/retailer admin All Repo/Search Products Details/Page_AppCohesion/created_id/manufacture_name' are matched.

2018-11-14 11:56:38 - [TEST_STEP][PASSED] - verifyElementVisible: Object 'Object Repository/retailer admin All Repo/Search Products Details/Page_AppCohesion/created_id/distributor_header' is visible

2018-11-14 11:56:38 - [MESSAGE][PASSED] - Object 'Object Repository/retailer admin All Repo/Search Products Details/Page_AppCohesion/created_id/distributor_header' is visible

2018-11-14 11:56:38 - [TEST_STEP][PASSED] - verifyElementVisible: Object 'Object Repository/retailer admin All Repo/Search Products Details/Page_AppCohesion/created_id/distributorname_id' is visible

2018-11-14 11:56:38 - [MESSAGE][PASSED] - Object 'Object Repository/retailer admin All Repo/Search Products Details/Page_AppCohesion/created_id/distributorname_id' is visible

2018-11-14 11:56:38 - [TEST_STEP][PASSED] - verifyElementText: Actual text and expected text of test object 'Object Repository/retailer admin All Repo/Search Products Details/Page_AppCohesion/created_id/distributorname_id' are matched.

2018-11-14 11:56:38 - [MESSAGE][PASSED] - Actual text and expected text of test object 'Object Repository/retailer admin All Repo/Search Products Details/Page_AppCohesion/created_id/distributorname_id' are matched.

2018-11-14 11:56:38 - [TEST_STEP][PASSED] - verifyElementVisible: Object 'Object Repository/retailer admin All Repo/Search Products Details/Page_AppCohesion/upc_header' is visible

2018-11-14 11:56:38 - [MESSAGE][PASSED] - Object 'Object Repository/retailer admin All Repo/Search Products Details/Page_AppCohesion/upc_header' is visible

2018-11-14 11:56:38 - [TEST_STEP][PASSED] - verifyElementVisible: Object 'Object Repository/retailer admin All Repo/Search Products Details/Page_AppCohesion/upc_noid' is visible

2018-11-14 11:56:38 - [MESSAGE][PASSED] - Object 'Object Repository/retailer admin All Repo/Search Products Details/Page_AppCohesion/upc_noid' is visible

2018-11-14 11:56:38 - [TEST_STEP][PASSED] - verifyElementText: Actual text and expected text of test object 'Object Repository/retailer admin All Repo/Search Products Details/Page_AppCohesion/upc_noid' are matched.

2018-11-14 11:56:38 - [MESSAGE][PASSED] - Actual text and expected text of test object 'Object Repository/retailer admin All Repo/Search Products Details/Page_AppCohesion/upc_noid' are matched.

2018-11-14 11:56:38 - [TEST_STEP][PASSED] - verifyElementVisible: Object 'Object Repository/retailer admin All Repo/Search Products Details/Page_AppCohesion/created_id/baseprice_header' is visible

2018-11-14 11:56:38 - [MESSAGE][PASSED] - Object 'Object Repository/retailer admin All Repo/Search Products Details/Page_AppCohesion/created_id/baseprice_header' is visible

2018-11-14 11:56:38 - [TEST_STEP][PASSED] - verifyElementVisible: Object 'Object Repository/retailer admin All Repo/Search Products Details/Page_AppCohesion/created_id/baseprice_id' is visible

2018-11-14 11:56:38 - [MESSAGE][PASSED] - Object 'Object Repository/retailer admin All Repo/Search Products Details/Page_AppCohesion/created_id/baseprice_id' is visible

2018-11-14 11:56:38 - [TEST_STEP][PASSED] - verifyElementText: Actual text and expected text of test object 'Object Repository/retailer admin All Repo/Search Products Details/Page_AppCohesion/created_id/baseprice_id' are matched.

2018-11-14 11:56:38 - [MESSAGE][PASSED] - Actual text and expected text of test object 'Object Repository/retailer admin All Repo/Search Products Details/Page_AppCohesion/created_id/baseprice_id' are matched.

2018-11-14 11:56:38 - [TEST_STEP][PASSED] - verifyElementVisible: Object 'Object Repository/retailer admin All Repo/Search Products Details/Page_AppCohesion/created_id/markup_header' is visible

2018-11-14 11:56:38 - [MESSAGE][PASSED] - Object 'Object Repository/retailer admin All Repo/Search Products Details/Page_AppCohesion/created_id/markup_header' is visible

2018-11-14 11:56:38 - [TEST_STEP][PASSED] - verifyElementVisible: Object 'Object Repository/retailer admin All Repo/Search Products Details/Page_AppCohesion/created_id/markup_id' is visible

2018-11-14 11:56:38 - [MESSAGE][PASSED] - Object 'Object Repository/retailer admin All Repo/Search Products Details/Page_AppCohesion/created_id/markup_id' is visible

2018-11-14 11:56:38 - [TEST_STEP][PASSED] - verifyElementText: Actual text and expected text of test object 'Object Repository/retailer admin All Repo/Search Products Details/Page_AppCohesion/created_id/markup_id' are matched.

2018-11-14 11:56:38 - [MESSAGE][PASSED] - Actual text and expected text of test object 'Object Repository/retailer admin All Repo/Search Products Details/Page_AppCohesion/created_id/markup_id' are matched.

2018-11-14 11:56:38 - [TEST_STEP][PASSED] - verifyElementVisible: Object 'Object Repository/retailer admin All Repo/Search Products Details/Page_AppCohesion/created_id/amtpay_header' is visible

2018-11-14 11:56:38 - [MESSAGE][PASSED] - Object 'Object Repository/retailer admin All Repo/Search Products Details/Page_AppCohesion/created_id/amtpay_header' is visible

2018-11-14 11:56:38 - [TEST_STEP][PASSED] - verifyElementVisible: Object 'Object Repository/retailer admin All Repo/Search Products Details/Page_AppCohesion/created_id/amtpay_id' is visible

2018-11-14 11:56:38 - [MESSAGE][PASSED] - Object 'Object Repository/retailer admin All Repo/Search Products Details/Page_AppCohesion/created_id/amtpay_id' is visible

2018-11-14 11:56:38 - [TEST_STEP][PASSED] - verifyElementText: Actual text and expected text of test object 'Object Repository/retailer admin All Repo/Search Products Details/Page_AppCohesion/created_id/amtpay_id' are matched.

2018-11-14 11:56:38 - [MESSAGE][PASSED] - Actual text and expected text of test object 'Object Repository/retailer admin All Repo/Search Products Details/Page_AppCohesion/created_id/amtpay_id' are matched.

2018-11-14 11:56:38 - [TEST_STEP][NOT_RUN] - verifyElementVisible: NOT_RUN: verifyElementVisible

2018-11-14 11:56:38 - [MESSAGE][NOT_RUN] - NOT_RUN: verifyElementVisible

2018-11-14 11:56:38 - [TEST_STEP][NOT_RUN] - verifyElementText: NOT_RUN: verifyElementText

2018-11-14 11:56:38 - [MESSAGE][NOT_RUN] - NOT_RUN: verifyElementText

2018-11-14 11:56:38 - [TEST_STEP][NOT_RUN] - verifyElementVisible: NOT_RUN: verifyElementVisible

2018-11-14 11:56:38 - [MESSAGE][NOT_RUN] - NOT_RUN: verifyElementVisible

2018-11-14 11:56:38 - [TEST_STEP][NOT_RUN] - verifyElementText: NOT_RUN: verifyElementText

2018-11-14 11:56:38 - [MESSAGE][NOT_RUN] - NOT_RUN: verifyElementText

2018-11-14 11:56:38 - [TEST_STEP][PASSED] - verifyElementVisible: Object 'Object Repository/retailer admin All Repo/Search Products Details/Page_AppCohesion/created_id/product_specification' is visible

2018-11-14 11:56:38 - [MESSAGE][PASSED] - Object 'Object Repository/retailer admin All Repo/Search Products Details/Page_AppCohesion/created_id/product_specification' is visible

2018-11-14 11:56:38 - [TEST_STEP][PASSED] - verifyElementVisible: Object 'Object Repository/retailer admin All Repo/Search Products Details/Page_AppCohesion/a_Back to Search' is visible

2018-11-14 11:56:38 - [MESSAGE][PASSED] - Object 'Object Repository/retailer admin All Repo/Search Products Details/Page_AppCohesion/a_Back to Search' is visible

2018-11-14 11:56:38 - [TEST_STEP][PASSED] - click: Object: 'Object Repository/retailer admin All Repo/Search Products Details/Page_AppCohesion/a_Back to Search' is clicked on

2018-11-14 11:56:38 - [MESSAGE][PASSED] - Object: 'Object Repository/retailer admin All Repo/Search Products Details/Page_AppCohesion/a_Back to Search' is clicked on

2018-11-14 11:56:38 - [TEST_STEP][PASSED] - click: Object: 'Object Repository/retailer admin All Repo/retailer_order_placement/key_press_orderList/Page_AppCohesion/a_Dashboard              Dashb' is clicked on

2018-11-14 11:56:38 - [MESSAGE][PASSED] - Object: 'Object Repository/retailer admin All Repo/retailer_order_placement/key_press_orderList/Page_AppCohesion/a_Dashboard              Dashb' is clicked on

2018-11-14 11:56:38 - [TEST_STEP][PASSED] - verifyElementVisible: Object 'Object Repository/retailer admin All Repo/retailer_order_placement/key_press_orderList/Page_AppCohesion/a_Dashboard              Dashb' is visible

2018-11-14 11:56:38 - [MESSAGE][PASSED] - Object 'Object Repository/retailer admin All Repo/retailer_order_placement/key_press_orderList/Page_AppCohesion/a_Dashboard              Dashb' is visible

2018-11-14 11:56:38 - [TEST_STEP][PASSED] - Statement - java.lang.Thread.sleep(8000): null

2018-11-14 11:56:46 - [TEST_STEP][PASSED] - setText: Text 'BNDRM-3TJZ4D5G' is set on object 'Object Repository/retailer admin All Repo/Search Products Details/Page_AppCohesion/input_Settings_searchproduct'

2018-11-14 11:56:46 - [MESSAGE][PASSED] - Text 'BNDRM-3TJZ4D5G' is set on object 'Object Repository/retailer admin All Repo/Search Products Details/Page_AppCohesion/input_Settings_searchproduct'

2018-11-14 11:56:46 - [TEST_STEP][PASSED] - verifyElementVisible: Object 'Object Repository/retailer admin All Repo/Search Products Details/Page_AppCohesion/button_Settings_searchbutton' is visible

2018-11-14 11:56:46 - [MESSAGE][PASSED] - Object 'Object Repository/retailer admin All Repo/Search Products Details/Page_AppCohesion/button_Settings_searchbutton' is visible

2018-11-14 11:56:46 - [TEST_STEP][PASSED] - verifyElementVisible: Object 'Object Repository/retailer admin All Repo/Search Products Details/Page_AppCohesion/input_Settings_searchproduct' is visible

2018-11-14 11:56:46 - [MESSAGE][PASSED] - Object 'Object Repository/retailer admin All Repo/Search Products Details/Page_AppCohesion/input_Settings_searchproduct' is visible

2018-11-14 11:56:46 - [TEST_STEP][PASSED] - click: Object: 'Object Repository/retailer admin All Repo/Search Products Details/Page_AppCohesion/button_Settings_searchbutton' is clicked on

2018-11-14 11:56:46 - [MESSAGE][PASSED] - Object: 'Object Repository/retailer admin All Repo/Search Products Details/Page_AppCohesion/button_Settings_searchbutton' is clicked on

2018-11-14 11:56:46 - [TEST_STEP][PASSED] - delay: Delayed 10 second(s)

2018-11-14 11:56:56 - [MESSAGE][PASSED] - Delayed 10 second(s)

2018-11-14 11:56:56 - [TEST_STEP][PASSED] - verifyElementVisible: Object 'Object Repository/retailer admin All Repo/Search Products Details/Page_AppCohesion/created_id/product_details_rowid' is visible

2018-11-14 11:56:56 - [MESSAGE][PASSED] - Object 'Object Repository/retailer admin All Repo/Search Products Details/Page_AppCohesion/created_id/product_details_rowid' is visible

2018-11-14 11:56:56 - [TEST_STEP][PASSED] - click: Object: 'Object Repository/retailer admin All Repo/Search Products Details/Page_AppCohesion/created_id/product_details_rowid' is clicked on

2018-11-14 11:56:57 - [MESSAGE][PASSED] - Object: 'Object Repository/retailer admin All Repo/Search Products Details/Page_AppCohesion/created_id/product_details_rowid' is clicked on

2018-11-14 11:56:57 - [TEST_STEP][PASSED] - delay: Delayed 5 second(s)

2018-11-14 11:57:02 - [MESSAGE][PASSED] - Delayed 5 second(s)

2018-11-14 11:57:02 - [TEST_STEP][PASSED] - verifyElementVisible: Object 'Object Repository/retailer admin All Repo/Search Products Details/Page_AppCohesion/created_id/product_title' is visible

2018-11-14 11:57:02 - [MESSAGE][PASSED] - Object 'Object Repository/retailer admin All Repo/Search Products Details/Page_AppCohesion/created_id/product_title' is visible

2018-11-14 11:57:02 - [TEST_STEP][PASSED] - verifyElementText: Actual text and expected text of test object 'Object Repository/retailer admin All Repo/Search Products Details/Page_AppCohesion/created_id/product_title' are matched.

2018-11-14 11:57:02 - [MESSAGE][PASSED] - Actual text and expected text of test object 'Object Repository/retailer admin All Repo/Search Products Details/Page_AppCohesion/created_id/product_title' are matched.

2018-11-14 11:57:02 - [TEST_STEP][PASSED] - verifyElementVisible: Object 'Object Repository/retailer admin All Repo/Search Products Details/Page_AppCohesion/created_id/manufaturer_header' is visible

2018-11-14 11:57:02 - [MESSAGE][PASSED] - Object 'Object Repository/retailer admin All Repo/Search Products Details/Page_AppCohesion/created_id/manufaturer_header' is visible

2018-11-14 11:57:02 - [TEST_STEP][PASSED] - verifyElementVisible: Object 'Object Repository/retailer admin All Repo/Search Products Details/Page_AppCohesion/created_id/manufacture_partno_id' is visible

2018-11-14 11:57:02 - [MESSAGE][PASSED] - Object 'Object Repository/retailer admin All Repo/Search Products Details/Page_AppCohesion/created_id/manufacture_partno_id' is visible

2018-11-14 11:57:02 - [TEST_STEP][PASSED] - verifyElementText: Actual text and expected text of test object 'Object Repository/retailer admin All Repo/Search Products Details/Page_AppCohesion/created_id/manufacture_partno_id' are matched.

2018-11-14 11:57:02 - [MESSAGE][PASSED] - Actual text and expected text of test object 'Object Repository/retailer admin All Repo/Search Products Details/Page_AppCohesion/created_id/manufacture_partno_id' are matched.

2018-11-14 11:57:02 - [TEST_STEP][PASSED] - verifyElementVisible: Object 'Object Repository/retailer admin All Repo/Search Products Details/Page_AppCohesion/created_id/manufacture_name_header' is visible

2018-11-14 11:57:02 - [MESSAGE][PASSED] - Object 'Object Repository/retailer admin All Repo/Search Products Details/Page_AppCohesion/created_id/manufacture_name_header' is visible

2018-11-14 11:57:02 - [TEST_STEP][PASSED] - verifyElementVisible: Object 'Object Repository/retailer admin All Repo/Search Products Details/Page_AppCohesion/created_id/manufacture_name' is visible

2018-11-14 11:57:02 - [MESSAGE][PASSED] - Object 'Object Repository/retailer admin All Repo/Search Products Details/Page_AppCohesion/created_id/manufacture_name' is visible

2018-11-14 11:57:02 - [TEST_STEP][PASSED] - verifyElementText: Actual text and expected text of test object 'Object Repository/retailer admin All Repo/Search Products Details/Page_AppCohesion/created_id/manufacture_name' are matched.

2018-11-14 11:57:02 - [MESSAGE][PASSED] - Actual text and expected text of test object 'Object Repository/retailer admin All Repo/Search Products Details/Page_AppCohesion/created_id/manufacture_name' are matched.

2018-11-14 11:57:02 - [TEST_STEP][PASSED] - verifyElementVisible: Object 'Object Repository/retailer admin All Repo/Search Products Details/Page_AppCohesion/created_id/distributor_header' is visible

2018-11-14 11:57:02 - [MESSAGE][PASSED] - Object 'Object Repository/retailer admin All Repo/Search Products Details/Page_AppCohesion/created_id/distributor_header' is visible

2018-11-14 11:57:02 - [TEST_STEP][PASSED] - verifyElementVisible: Object 'Object Repository/retailer admin All Repo/Search Products Details/Page_AppCohesion/created_id/distributorname_id' is visible

2018-11-14 11:57:02 - [MESSAGE][PASSED] - Object 'Object Repository/retailer admin All Repo/Search Products Details/Page_AppCohesion/created_id/distributorname_id' is visible

2018-11-14 11:57:02 - [TEST_STEP][PASSED] - verifyElementText: Actual text and expected text of test object 'Object Repository/retailer admin All Repo/Search Products Details/Page_AppCohesion/created_id/distributorname_id' are matched.

2018-11-14 11:57:02 - [MESSAGE][PASSED] - Actual text and expected text of test object 'Object Repository/retailer admin All Repo/Search Products Details/Page_AppCohesion/created_id/distributorname_id' are matched.

2018-11-14 11:57:02 - [TEST_STEP][PASSED] - verifyElementVisible: Object 'Object Repository/retailer admin All Repo/Search Products Details/Page_AppCohesion/upc_header' is visible

2018-11-14 11:57:02 - [MESSAGE][PASSED] - Object 'Object Repository/retailer admin All Repo/Search Products Details/Page_AppCohesion/upc_header' is visible

2018-11-14 11:57:02 - [TEST_STEP][PASSED] - verifyElementVisible: Object 'Object Repository/retailer admin All Repo/Search Products Details/Page_AppCohesion/upc_noid' is visible

2018-11-14 11:57:02 - [MESSAGE][PASSED] - Object 'Object Repository/retailer admin All Repo/Search Products Details/Page_AppCohesion/upc_noid' is visible

2018-11-14 11:57:02 - [TEST_STEP][PASSED] - verifyElementText: Actual text and expected text of test object 'Object Repository/retailer admin All Repo/Search Products Details/Page_AppCohesion/upc_noid' are matched.

2018-11-14 11:57:02 - [MESSAGE][PASSED] - Actual text and expected text of test object 'Object Repository/retailer admin All Repo/Search Products Details/Page_AppCohesion/upc_noid' are matched.

2018-11-14 11:57:02 - [TEST_STEP][PASSED] - verifyElementVisible: Object 'Object Repository/retailer admin All Repo/Search Products Details/Page_AppCohesion/created_id/baseprice_header' is visible

2018-11-14 11:57:02 - [MESSAGE][PASSED] - Object 'Object Repository/retailer admin All Repo/Search Products Details/Page_AppCohesion/created_id/baseprice_header' is visible

2018-11-14 11:57:02 - [TEST_STEP][PASSED] - verifyElementVisible: Object 'Object Repository/retailer admin All Repo/Search Products Details/Page_AppCohesion/created_id/baseprice_id' is visible

2018-11-14 11:57:02 - [MESSAGE][PASSED] - Object 'Object Repository/retailer admin All Repo/Search Products Details/Page_AppCohesion/created_id/baseprice_id' is visible

2018-11-14 11:57:02 - [TEST_STEP][PASSED] - verifyElementText: Actual text and expected text of test object 'Object Repository/retailer admin All Repo/Search Products Details/Page_AppCohesion/created_id/baseprice_id' are matched.

2018-11-14 11:57:02 - [MESSAGE][PASSED] - Actual text and expected text of test object 'Object Repository/retailer admin All Repo/Search Products Details/Page_AppCohesion/created_id/baseprice_id' are matched.

2018-11-14 11:57:02 - [TEST_STEP][PASSED] - verifyElementVisible: Object 'Object Repository/retailer admin All Repo/Search Products Details/Page_AppCohesion/created_id/markup_header' is visible

2018-11-14 11:57:02 - [MESSAGE][PASSED] - Object 'Object Repository/retailer admin All Repo/Search Products Details/Page_AppCohesion/created_id/markup_header' is visible

2018-11-14 11:57:02 - [TEST_STEP][PASSED] - verifyElementVisible: Object 'Object Repository/retailer admin All Repo/Search Products Details/Page_AppCohesion/created_id/markup_id' is visible

2018-11-14 11:57:02 - [MESSAGE][PASSED] - Object 'Object Repository/retailer admin All Repo/Search Products Details/Page_AppCohesion/created_id/markup_id' is visible

2018-11-14 11:57:02 - [TEST_STEP][PASSED] - verifyElementText: Actual text and expected text of test object 'Object Repository/retailer admin All Repo/Search Products Details/Page_AppCohesion/created_id/markup_id' are matched.

2018-11-14 11:57:02 - [MESSAGE][PASSED] - Actual text and expected text of test object 'Object Repository/retailer admin All Repo/Search Products Details/Page_AppCohesion/created_id/markup_id' are matched.

2018-11-14 11:57:02 - [TEST_STEP][PASSED] - verifyElementVisible: Object 'Object Repository/retailer admin All Repo/Search Products Details/Page_AppCohesion/created_id/amtpay_header' is visible

2018-11-14 11:57:02 - [MESSAGE][PASSED] - Object 'Object Repository/retailer admin All Repo/Search Products Details/Page_AppCohesion/created_id/amtpay_header' is visible

2018-11-14 11:57:02 - [TEST_STEP][PASSED] - verifyElementVisible: Object 'Object Repository/retailer admin All Repo/Search Products Details/Page_AppCohesion/created_id/amtpay_id' is visible

2018-11-14 11:57:02 - [MESSAGE][PASSED] - Object 'Object Repository/retailer admin All Repo/Search Products Details/Page_AppCohesion/created_id/amtpay_id' is visible

2018-11-14 11:57:02 - [TEST_STEP][PASSED] - verifyElementText: Actual text and expected text of test object 'Object Repository/retailer admin All Repo/Search Products Details/Page_AppCohesion/created_id/amtpay_id' are matched.

2018-11-14 11:57:02 - [MESSAGE][PASSED] - Actual text and expected text of test object 'Object Repository/retailer admin All Repo/Search Products Details/Page_AppCohesion/created_id/amtpay_id' are matched.

2018-11-14 11:57:02 - [TEST_STEP][NOT_RUN] - verifyElementVisible: NOT_RUN: verifyElementVisible

2018-11-14 11:57:02 - [MESSAGE][NOT_RUN] - NOT_RUN: verifyElementVisible

2018-11-14 11:57:02 - [TEST_STEP][NOT_RUN] - verifyElementText: NOT_RUN: verifyElementText

2018-11-14 11:57:02 - [MESSAGE][NOT_RUN] - NOT_RUN: verifyElementText

2018-11-14 11:57:02 - [TEST_STEP][NOT_RUN] - verifyElementVisible: NOT_RUN: verifyElementVisible

2018-11-14 11:57:02 - [MESSAGE][NOT_RUN] - NOT_RUN: verifyElementVisible

2018-11-14 11:57:02 - [TEST_STEP][NOT_RUN] - verifyElementText: NOT_RUN: verifyElementText

2018-11-14 11:57:02 - [MESSAGE][NOT_RUN] - NOT_RUN: verifyElementText

2018-11-14 11:57:02 - [TEST_STEP][PASSED] - verifyElementVisible: Object 'Object Repository/retailer admin All Repo/Search Products Details/Page_AppCohesion/created_id/product_specification' is visible

2018-11-14 11:57:02 - [MESSAGE][PASSED] - Object 'Object Repository/retailer admin All Repo/Search Products Details/Page_AppCohesion/created_id/product_specification' is visible

2018-11-14 11:57:02 - [TEST_STEP][PASSED] - verifyElementVisible: Object 'Object Repository/retailer admin All Repo/Search Products Details/Page_AppCohesion/a_Back to Search' is visible

2018-11-14 11:57:02 - [MESSAGE][PASSED] - Object 'Object Repository/retailer admin All Repo/Search Products Details/Page_AppCohesion/a_Back to Search' is visible

2018-11-14 11:57:02 - [TEST_STEP][PASSED] - click: Object: 'Object Repository/retailer admin All Repo/Search Products Details/Page_AppCohesion/a_Back to Search' is clicked on

2018-11-14 11:57:02 - [MESSAGE][PASSED] - Object: 'Object Repository/retailer admin All Repo/Search Products Details/Page_AppCohesion/a_Back to Search' is clicked on

2018-11-14 11:57:02 - [TEST_STEP][PASSED] - click: Object: 'Object Repository/retailer admin All Repo/retailer_order_placement/key_press_orderList/Page_AppCohesion/a_Dashboard              Dashb' is clicked on

2018-11-14 11:57:02 - [MESSAGE][PASSED] - Object: 'Object Repository/retailer admin All Repo/retailer_order_placement/key_press_orderList/Page_AppCohesion/a_Dashboard              Dashb' is clicked on

2018-11-14 11:57:02 - [TEST_STEP][PASSED] - verifyElementVisible: Object 'Object Repository/retailer admin All Repo/retailer_order_placement/key_press_orderList/Page_AppCohesion/a_Dashboard              Dashb' is visible

2018-11-14 11:57:02 - [MESSAGE][PASSED] - Object 'Object Repository/retailer admin All Repo/retailer_order_placement/key_press_orderList/Page_AppCohesion/a_Dashboard              Dashb' is visible

2018-11-14 11:57:02 - [TEST_STEP][PASSED] - Statement - java.lang.Thread.sleep(8000): null]]></system-out>
         <system-err><![CDATA[]]></system-err>
      </testcase>
      <testcase name="Test Cases/RetailerAdmin_Login_All_Functionality/Product_details/search_products_details_datafile" classname="Test Cases/RetailerAdmin_Login_All_Functionality/Product_details/search_products_details_datafile" status="PASSED">
         <system-out><![CDATA[2018-11-14 11:57:10 - [TEST_CASE][PASSED] - Test Cases/RetailerAdmin_Login_All_Functionality/Product_details/search_products_details_datafile: Test Cases/RetailerAdmin_Login_All_Functionality/Product_details/search_products_details_datafile

2018-11-14 11:57:10 - [TEST_STEP][PASSED] - callTestCase: Call Test Case 'Test Cases/Call Test Case/Login_retailer_testcase' successfully

2018-11-14 11:57:10 - [TEST_CASE][PASSED] - Test Cases/Call Test Case/Login_retailer_testcase: Test Cases/Call Test Case/Login_retailer_testcase

2018-11-14 11:57:10 - [TEST_STEP][PASSED] - openBrowser: Browser is opened with url: 'https://app-qa.appcohesion.io/'

2018-11-14 11:57:10 - [MESSAGE][WARNING] - A browser is already opened. Closing browser and opening a new one

2018-11-14 11:57:18 - [MESSAGE][PASSED] - Browser is opened with url: 'https://app-qa.appcohesion.io/'

2018-11-14 11:57:18 - [TEST_STEP][PASSED] - maximizeWindow: Current window maximized

2018-11-14 11:57:19 - [MESSAGE][PASSED] - Current window maximized

2018-11-14 11:57:19 - [TEST_STEP][PASSED] - setText: Text 'RACreation@10_9' is set on object 'Object Repository/Login_OR/Page_AppCohesion/input_User Name_ac_username'

2018-11-14 11:57:19 - [MESSAGE][PASSED] - Text 'RACreation@10_9' is set on object 'Object Repository/Login_OR/Page_AppCohesion/input_User Name_ac_username'

2018-11-14 11:57:19 - [TEST_STEP][PASSED] - setText: Text 'RACreation@10_9' is set on object 'Object Repository/Login_OR/Page_AppCohesion/input_Password_ac_password'

2018-11-14 11:57:19 - [MESSAGE][PASSED] - Text 'RACreation@10_9' is set on object 'Object Repository/Login_OR/Page_AppCohesion/input_Password_ac_password'

2018-11-14 11:57:19 - [TEST_STEP][PASSED] - click: Object: 'Object Repository/Login_OR/Page_AppCohesion/button_Login Now' is clicked on

2018-11-14 11:57:19 - [MESSAGE][PASSED] - Object: 'Object Repository/Login_OR/Page_AppCohesion/button_Login Now' is clicked on

2018-11-14 11:57:19 - [TEST_STEP][PASSED] - waitForPageLoad: Wait for page load successfully

2018-11-14 11:57:19 - [MESSAGE][PASSED] - Wait for page load successfully

2018-11-14 11:57:19 - [MESSAGE][PASSED] - Call Test Case 'Test Cases/Call Test Case/Login_retailer_testcase' successfully

2018-11-14 11:57:19 - [TEST_STEP][PASSED] - Statement - For ([rowNum = 1, rowNum <= 4, (rowNum++)]): null

2018-11-14 11:57:19 - [TEST_STEP][PASSED] - setText: Text 'RUGER-UCSR7GCZ' is set on object 'Object Repository/retailer admin All Repo/Search Products Details/Page_AppCohesion/input_Settings_searchproduct'

2018-11-14 11:57:23 - [MESSAGE][PASSED] - Text 'RUGER-UCSR7GCZ' is set on object 'Object Repository/retailer admin All Repo/Search Products Details/Page_AppCohesion/input_Settings_searchproduct'

2018-11-14 11:57:23 - [TEST_STEP][PASSED] - verifyElementVisible: Object 'Object Repository/retailer admin All Repo/Search Products Details/Page_AppCohesion/button_Settings_searchbutton' is visible

2018-11-14 11:57:23 - [MESSAGE][PASSED] - Object 'Object Repository/retailer admin All Repo/Search Products Details/Page_AppCohesion/button_Settings_searchbutton' is visible

2018-11-14 11:57:23 - [TEST_STEP][PASSED] - verifyElementVisible: Object 'Object Repository/retailer admin All Repo/Search Products Details/Page_AppCohesion/input_Settings_searchproduct' is visible

2018-11-14 11:57:23 - [MESSAGE][PASSED] - Object 'Object Repository/retailer admin All Repo/Search Products Details/Page_AppCohesion/input_Settings_searchproduct' is visible

2018-11-14 11:57:23 - [TEST_STEP][PASSED] - click: Object: 'Object Repository/retailer admin All Repo/Search Products Details/Page_AppCohesion/button_Settings_searchbutton' is clicked on

2018-11-14 11:57:23 - [MESSAGE][PASSED] - Object: 'Object Repository/retailer admin All Repo/Search Products Details/Page_AppCohesion/button_Settings_searchbutton' is clicked on

2018-11-14 11:57:23 - [TEST_STEP][PASSED] - delay: Delayed 10 second(s)

2018-11-14 11:57:33 - [MESSAGE][PASSED] - Delayed 10 second(s)

2018-11-14 11:57:33 - [TEST_STEP][PASSED] - verifyElementVisible: Object 'Object Repository/retailer admin All Repo/Search Products Details/Page_AppCohesion/created_id/product_details_rowid' is visible

2018-11-14 11:57:33 - [MESSAGE][PASSED] - Object 'Object Repository/retailer admin All Repo/Search Products Details/Page_AppCohesion/created_id/product_details_rowid' is visible

2018-11-14 11:57:33 - [TEST_STEP][PASSED] - click: Object: 'Object Repository/retailer admin All Repo/Search Products Details/Page_AppCohesion/created_id/product_details_rowid' is clicked on

2018-11-14 11:57:33 - [MESSAGE][PASSED] - Object: 'Object Repository/retailer admin All Repo/Search Products Details/Page_AppCohesion/created_id/product_details_rowid' is clicked on

2018-11-14 11:57:33 - [TEST_STEP][PASSED] - delay: Delayed 5 second(s)

2018-11-14 11:57:38 - [MESSAGE][PASSED] - Delayed 5 second(s)

2018-11-14 11:57:38 - [TEST_STEP][PASSED] - verifyElementVisible: Object 'Object Repository/retailer admin All Repo/Search Products Details/Page_AppCohesion/created_id/product_title' is visible

2018-11-14 11:57:38 - [MESSAGE][PASSED] - Object 'Object Repository/retailer admin All Repo/Search Products Details/Page_AppCohesion/created_id/product_title' is visible

2018-11-14 11:57:38 - [TEST_STEP][PASSED] - verifyElementText: Actual text and expected text of test object 'Object Repository/retailer admin All Repo/Search Products Details/Page_AppCohesion/created_id/product_title' are matched.

2018-11-14 11:57:38 - [MESSAGE][PASSED] - Actual text and expected text of test object 'Object Repository/retailer admin All Repo/Search Products Details/Page_AppCohesion/created_id/product_title' are matched.

2018-11-14 11:57:38 - [TEST_STEP][PASSED] - verifyElementVisible: Object 'Object Repository/retailer admin All Repo/Search Products Details/Page_AppCohesion/created_id/manufaturer_header' is visible

2018-11-14 11:57:38 - [MESSAGE][PASSED] - Object 'Object Repository/retailer admin All Repo/Search Products Details/Page_AppCohesion/created_id/manufaturer_header' is visible

2018-11-14 11:57:38 - [TEST_STEP][PASSED] - verifyElementVisible: Object 'Object Repository/retailer admin All Repo/Search Products Details/Page_AppCohesion/created_id/manufacture_partno_id' is visible

2018-11-14 11:57:38 - [MESSAGE][PASSED] - Object 'Object Repository/retailer admin All Repo/Search Products Details/Page_AppCohesion/created_id/manufacture_partno_id' is visible

2018-11-14 11:57:38 - [TEST_STEP][PASSED] - verifyElementText: Actual text and expected text of test object 'Object Repository/retailer admin All Repo/Search Products Details/Page_AppCohesion/created_id/manufacture_partno_id' are matched.

2018-11-14 11:57:38 - [MESSAGE][PASSED] - Actual text and expected text of test object 'Object Repository/retailer admin All Repo/Search Products Details/Page_AppCohesion/created_id/manufacture_partno_id' are matched.

2018-11-14 11:57:38 - [TEST_STEP][PASSED] - verifyElementVisible: Object 'Object Repository/retailer admin All Repo/Search Products Details/Page_AppCohesion/created_id/manufacture_name_header' is visible

2018-11-14 11:57:39 - [MESSAGE][PASSED] - Object 'Object Repository/retailer admin All Repo/Search Products Details/Page_AppCohesion/created_id/manufacture_name_header' is visible

2018-11-14 11:57:39 - [TEST_STEP][PASSED] - verifyElementVisible: Object 'Object Repository/retailer admin All Repo/Search Products Details/Page_AppCohesion/created_id/manufacture_name' is visible

2018-11-14 11:57:39 - [MESSAGE][PASSED] - Object 'Object Repository/retailer admin All Repo/Search Products Details/Page_AppCohesion/created_id/manufacture_name' is visible

2018-11-14 11:57:39 - [TEST_STEP][PASSED] - verifyElementText: Actual text and expected text of test object 'Object Repository/retailer admin All Repo/Search Products Details/Page_AppCohesion/created_id/manufacture_name' are matched.

2018-11-14 11:57:39 - [MESSAGE][PASSED] - Actual text and expected text of test object 'Object Repository/retailer admin All Repo/Search Products Details/Page_AppCohesion/created_id/manufacture_name' are matched.

2018-11-14 11:57:39 - [TEST_STEP][PASSED] - verifyElementVisible: Object 'Object Repository/retailer admin All Repo/Search Products Details/Page_AppCohesion/created_id/distributor_header' is visible

2018-11-14 11:57:39 - [MESSAGE][PASSED] - Object 'Object Repository/retailer admin All Repo/Search Products Details/Page_AppCohesion/created_id/distributor_header' is visible

2018-11-14 11:57:39 - [TEST_STEP][PASSED] - verifyElementVisible: Object 'Object Repository/retailer admin All Repo/Search Products Details/Page_AppCohesion/created_id/distributorname_id' is visible

2018-11-14 11:57:39 - [MESSAGE][PASSED] - Object 'Object Repository/retailer admin All Repo/Search Products Details/Page_AppCohesion/created_id/distributorname_id' is visible

2018-11-14 11:57:39 - [TEST_STEP][PASSED] - verifyElementText: Actual text and expected text of test object 'Object Repository/retailer admin All Repo/Search Products Details/Page_AppCohesion/created_id/distributorname_id' are matched.

2018-11-14 11:57:39 - [MESSAGE][PASSED] - Actual text and expected text of test object 'Object Repository/retailer admin All Repo/Search Products Details/Page_AppCohesion/created_id/distributorname_id' are matched.

2018-11-14 11:57:39 - [TEST_STEP][PASSED] - verifyElementVisible: Object 'Object Repository/retailer admin All Repo/Search Products Details/Page_AppCohesion/upc_header' is visible

2018-11-14 11:57:39 - [MESSAGE][PASSED] - Object 'Object Repository/retailer admin All Repo/Search Products Details/Page_AppCohesion/upc_header' is visible

2018-11-14 11:57:39 - [TEST_STEP][PASSED] - verifyElementVisible: Object 'Object Repository/retailer admin All Repo/Search Products Details/Page_AppCohesion/upc_noid' is visible

2018-11-14 11:57:39 - [MESSAGE][PASSED] - Object 'Object Repository/retailer admin All Repo/Search Products Details/Page_AppCohesion/upc_noid' is visible

2018-11-14 11:57:39 - [TEST_STEP][PASSED] - verifyElementText: Actual text and expected text of test object 'Object Repository/retailer admin All Repo/Search Products Details/Page_AppCohesion/upc_noid' are matched.

2018-11-14 11:57:39 - [MESSAGE][PASSED] - Actual text and expected text of test object 'Object Repository/retailer admin All Repo/Search Products Details/Page_AppCohesion/upc_noid' are matched.

2018-11-14 11:57:39 - [TEST_STEP][PASSED] - verifyElementVisible: Object 'Object Repository/retailer admin All Repo/Search Products Details/Page_AppCohesion/created_id/baseprice_header' is visible

2018-11-14 11:57:39 - [MESSAGE][PASSED] - Object 'Object Repository/retailer admin All Repo/Search Products Details/Page_AppCohesion/created_id/baseprice_header' is visible

2018-11-14 11:57:39 - [TEST_STEP][PASSED] - verifyElementVisible: Object 'Object Repository/retailer admin All Repo/Search Products Details/Page_AppCohesion/created_id/baseprice_id' is visible

2018-11-14 11:57:39 - [MESSAGE][PASSED] - Object 'Object Repository/retailer admin All Repo/Search Products Details/Page_AppCohesion/created_id/baseprice_id' is visible

2018-11-14 11:57:39 - [TEST_STEP][PASSED] - verifyElementText: Actual text and expected text of test object 'Object Repository/retailer admin All Repo/Search Products Details/Page_AppCohesion/created_id/baseprice_id' are matched.

2018-11-14 11:57:39 - [MESSAGE][PASSED] - Actual text and expected text of test object 'Object Repository/retailer admin All Repo/Search Products Details/Page_AppCohesion/created_id/baseprice_id' are matched.

2018-11-14 11:57:39 - [TEST_STEP][PASSED] - verifyElementVisible: Object 'Object Repository/retailer admin All Repo/Search Products Details/Page_AppCohesion/created_id/markup_header' is visible

2018-11-14 11:57:39 - [MESSAGE][PASSED] - Object 'Object Repository/retailer admin All Repo/Search Products Details/Page_AppCohesion/created_id/markup_header' is visible

2018-11-14 11:57:39 - [TEST_STEP][PASSED] - verifyElementVisible: Object 'Object Repository/retailer admin All Repo/Search Products Details/Page_AppCohesion/created_id/markup_id' is visible

2018-11-14 11:57:39 - [MESSAGE][PASSED] - Object 'Object Repository/retailer admin All Repo/Search Products Details/Page_AppCohesion/created_id/markup_id' is visible

2018-11-14 11:57:39 - [TEST_STEP][PASSED] - verifyElementText: Actual text and expected text of test object 'Object Repository/retailer admin All Repo/Search Products Details/Page_AppCohesion/created_id/markup_id' are matched.

2018-11-14 11:57:39 - [MESSAGE][PASSED] - Actual text and expected text of test object 'Object Repository/retailer admin All Repo/Search Products Details/Page_AppCohesion/created_id/markup_id' are matched.

2018-11-14 11:57:39 - [TEST_STEP][PASSED] - verifyElementVisible: Object 'Object Repository/retailer admin All Repo/Search Products Details/Page_AppCohesion/created_id/amtpay_header' is visible

2018-11-14 11:57:39 - [MESSAGE][PASSED] - Object 'Object Repository/retailer admin All Repo/Search Products Details/Page_AppCohesion/created_id/amtpay_header' is visible

2018-11-14 11:57:39 - [TEST_STEP][PASSED] - verifyElementVisible: Object 'Object Repository/retailer admin All Repo/Search Products Details/Page_AppCohesion/created_id/amtpay_id' is visible

2018-11-14 11:57:39 - [MESSAGE][PASSED] - Object 'Object Repository/retailer admin All Repo/Search Products Details/Page_AppCohesion/created_id/amtpay_id' is visible

2018-11-14 11:57:39 - [TEST_STEP][PASSED] - verifyElementText: Actual text and expected text of test object 'Object Repository/retailer admin All Repo/Search Products Details/Page_AppCohesion/created_id/amtpay_id' are matched.

2018-11-14 11:57:39 - [MESSAGE][PASSED] - Actual text and expected text of test object 'Object Repository/retailer admin All Repo/Search Products Details/Page_AppCohesion/created_id/amtpay_id' are matched.

2018-11-14 11:57:39 - [TEST_STEP][NOT_RUN] - verifyElementVisible: NOT_RUN: verifyElementVisible

2018-11-14 11:57:39 - [MESSAGE][NOT_RUN] - NOT_RUN: verifyElementVisible

2018-11-14 11:57:39 - [TEST_STEP][NOT_RUN] - verifyElementText: NOT_RUN: verifyElementText

2018-11-14 11:57:39 - [MESSAGE][NOT_RUN] - NOT_RUN: verifyElementText

2018-11-14 11:57:39 - [TEST_STEP][NOT_RUN] - verifyElementVisible: NOT_RUN: verifyElementVisible

2018-11-14 11:57:39 - [MESSAGE][NOT_RUN] - NOT_RUN: verifyElementVisible

2018-11-14 11:57:39 - [TEST_STEP][NOT_RUN] - verifyElementText: NOT_RUN: verifyElementText

2018-11-14 11:57:39 - [MESSAGE][NOT_RUN] - NOT_RUN: verifyElementText

2018-11-14 11:57:39 - [TEST_STEP][PASSED] - verifyElementVisible: Object 'Object Repository/retailer admin All Repo/Search Products Details/Page_AppCohesion/created_id/product_specification' is visible

2018-11-14 11:57:39 - [MESSAGE][PASSED] - Object 'Object Repository/retailer admin All Repo/Search Products Details/Page_AppCohesion/created_id/product_specification' is visible

2018-11-14 11:57:39 - [TEST_STEP][PASSED] - verifyElementVisible: Object 'Object Repository/retailer admin All Repo/Search Products Details/Page_AppCohesion/a_Back to Search' is visible

2018-11-14 11:57:39 - [MESSAGE][PASSED] - Object 'Object Repository/retailer admin All Repo/Search Products Details/Page_AppCohesion/a_Back to Search' is visible

2018-11-14 11:57:39 - [TEST_STEP][PASSED] - click: Object: 'Object Repository/retailer admin All Repo/Search Products Details/Page_AppCohesion/a_Back to Search' is clicked on

2018-11-14 11:57:39 - [MESSAGE][PASSED] - Object: 'Object Repository/retailer admin All Repo/Search Products Details/Page_AppCohesion/a_Back to Search' is clicked on

2018-11-14 11:57:39 - [TEST_STEP][PASSED] - click: Object: 'Object Repository/retailer admin All Repo/retailer_order_placement/key_press_orderList/Page_AppCohesion/a_Dashboard              Dashb' is clicked on

2018-11-14 11:57:39 - [MESSAGE][PASSED] - Object: 'Object Repository/retailer admin All Repo/retailer_order_placement/key_press_orderList/Page_AppCohesion/a_Dashboard              Dashb' is clicked on

2018-11-14 11:57:39 - [TEST_STEP][PASSED] - verifyElementVisible: Object 'Object Repository/retailer admin All Repo/retailer_order_placement/key_press_orderList/Page_AppCohesion/a_Dashboard              Dashb' is visible

2018-11-14 11:57:39 - [MESSAGE][PASSED] - Object 'Object Repository/retailer admin All Repo/retailer_order_placement/key_press_orderList/Page_AppCohesion/a_Dashboard              Dashb' is visible

2018-11-14 11:57:39 - [TEST_STEP][PASSED] - Statement - java.lang.Thread.sleep(8000): null

2018-11-14 11:57:47 - [TEST_STEP][PASSED] - setText: Text 'THMPS-TUIPSIUJ' is set on object 'Object Repository/retailer admin All Repo/Search Products Details/Page_AppCohesion/input_Settings_searchproduct'

2018-11-14 11:57:47 - [MESSAGE][PASSED] - Text 'THMPS-TUIPSIUJ' is set on object 'Object Repository/retailer admin All Repo/Search Products Details/Page_AppCohesion/input_Settings_searchproduct'

2018-11-14 11:57:47 - [TEST_STEP][PASSED] - verifyElementVisible: Object 'Object Repository/retailer admin All Repo/Search Products Details/Page_AppCohesion/button_Settings_searchbutton' is visible

2018-11-14 11:57:47 - [MESSAGE][PASSED] - Object 'Object Repository/retailer admin All Repo/Search Products Details/Page_AppCohesion/button_Settings_searchbutton' is visible

2018-11-14 11:57:47 - [TEST_STEP][PASSED] - verifyElementVisible: Object 'Object Repository/retailer admin All Repo/Search Products Details/Page_AppCohesion/input_Settings_searchproduct' is visible

2018-11-14 11:57:47 - [MESSAGE][PASSED] - Object 'Object Repository/retailer admin All Repo/Search Products Details/Page_AppCohesion/input_Settings_searchproduct' is visible

2018-11-14 11:57:47 - [TEST_STEP][PASSED] - click: Object: 'Object Repository/retailer admin All Repo/Search Products Details/Page_AppCohesion/button_Settings_searchbutton' is clicked on

2018-11-14 11:57:47 - [MESSAGE][PASSED] - Object: 'Object Repository/retailer admin All Repo/Search Products Details/Page_AppCohesion/button_Settings_searchbutton' is clicked on

2018-11-14 11:57:47 - [TEST_STEP][PASSED] - delay: Delayed 10 second(s)

2018-11-14 11:57:57 - [MESSAGE][PASSED] - Delayed 10 second(s)

2018-11-14 11:57:57 - [TEST_STEP][PASSED] - verifyElementVisible: Object 'Object Repository/retailer admin All Repo/Search Products Details/Page_AppCohesion/created_id/product_details_rowid' is visible

2018-11-14 11:57:58 - [MESSAGE][PASSED] - Object 'Object Repository/retailer admin All Repo/Search Products Details/Page_AppCohesion/created_id/product_details_rowid' is visible

2018-11-14 11:57:58 - [TEST_STEP][PASSED] - click: Object: 'Object Repository/retailer admin All Repo/Search Products Details/Page_AppCohesion/created_id/product_details_rowid' is clicked on

2018-11-14 11:57:58 - [MESSAGE][PASSED] - Object: 'Object Repository/retailer admin All Repo/Search Products Details/Page_AppCohesion/created_id/product_details_rowid' is clicked on

2018-11-14 11:57:58 - [TEST_STEP][PASSED] - delay: Delayed 5 second(s)

2018-11-14 11:58:03 - [MESSAGE][PASSED] - Delayed 5 second(s)

2018-11-14 11:58:03 - [TEST_STEP][PASSED] - verifyElementVisible: Object 'Object Repository/retailer admin All Repo/Search Products Details/Page_AppCohesion/created_id/product_title' is visible

2018-11-14 11:58:03 - [MESSAGE][PASSED] - Object 'Object Repository/retailer admin All Repo/Search Products Details/Page_AppCohesion/created_id/product_title' is visible

2018-11-14 11:58:03 - [TEST_STEP][PASSED] - verifyElementText: Actual text and expected text of test object 'Object Repository/retailer admin All Repo/Search Products Details/Page_AppCohesion/created_id/product_title' are matched.

2018-11-14 11:58:03 - [MESSAGE][PASSED] - Actual text and expected text of test object 'Object Repository/retailer admin All Repo/Search Products Details/Page_AppCohesion/created_id/product_title' are matched.

2018-11-14 11:58:03 - [TEST_STEP][PASSED] - verifyElementVisible: Object 'Object Repository/retailer admin All Repo/Search Products Details/Page_AppCohesion/created_id/manufaturer_header' is visible

2018-11-14 11:58:03 - [MESSAGE][PASSED] - Object 'Object Repository/retailer admin All Repo/Search Products Details/Page_AppCohesion/created_id/manufaturer_header' is visible

2018-11-14 11:58:03 - [TEST_STEP][PASSED] - verifyElementVisible: Object 'Object Repository/retailer admin All Repo/Search Products Details/Page_AppCohesion/created_id/manufacture_partno_id' is visible

2018-11-14 11:58:03 - [MESSAGE][PASSED] - Object 'Object Repository/retailer admin All Repo/Search Products Details/Page_AppCohesion/created_id/manufacture_partno_id' is visible

2018-11-14 11:58:03 - [TEST_STEP][PASSED] - verifyElementText: Actual text and expected text of test object 'Object Repository/retailer admin All Repo/Search Products Details/Page_AppCohesion/created_id/manufacture_partno_id' are matched.

2018-11-14 11:58:03 - [MESSAGE][PASSED] - Actual text and expected text of test object 'Object Repository/retailer admin All Repo/Search Products Details/Page_AppCohesion/created_id/manufacture_partno_id' are matched.

2018-11-14 11:58:03 - [TEST_STEP][PASSED] - verifyElementVisible: Object 'Object Repository/retailer admin All Repo/Search Products Details/Page_AppCohesion/created_id/manufacture_name_header' is visible

2018-11-14 11:58:03 - [MESSAGE][PASSED] - Object 'Object Repository/retailer admin All Repo/Search Products Details/Page_AppCohesion/created_id/manufacture_name_header' is visible

2018-11-14 11:58:03 - [TEST_STEP][PASSED] - verifyElementVisible: Object 'Object Repository/retailer admin All Repo/Search Products Details/Page_AppCohesion/created_id/manufacture_name' is visible

2018-11-14 11:58:03 - [MESSAGE][PASSED] - Object 'Object Repository/retailer admin All Repo/Search Products Details/Page_AppCohesion/created_id/manufacture_name' is visible

2018-11-14 11:58:03 - [TEST_STEP][PASSED] - verifyElementText: Actual text and expected text of test object 'Object Repository/retailer admin All Repo/Search Products Details/Page_AppCohesion/created_id/manufacture_name' are matched.

2018-11-14 11:58:03 - [MESSAGE][PASSED] - Actual text and expected text of test object 'Object Repository/retailer admin All Repo/Search Products Details/Page_AppCohesion/created_id/manufacture_name' are matched.

2018-11-14 11:58:03 - [TEST_STEP][PASSED] - verifyElementVisible: Object 'Object Repository/retailer admin All Repo/Search Products Details/Page_AppCohesion/created_id/distributor_header' is visible

2018-11-14 11:58:03 - [MESSAGE][PASSED] - Object 'Object Repository/retailer admin All Repo/Search Products Details/Page_AppCohesion/created_id/distributor_header' is visible

2018-11-14 11:58:03 - [TEST_STEP][PASSED] - verifyElementVisible: Object 'Object Repository/retailer admin All Repo/Search Products Details/Page_AppCohesion/created_id/distributorname_id' is visible

2018-11-14 11:58:03 - [MESSAGE][PASSED] - Object 'Object Repository/retailer admin All Repo/Search Products Details/Page_AppCohesion/created_id/distributorname_id' is visible

2018-11-14 11:58:03 - [TEST_STEP][PASSED] - verifyElementText: Actual text and expected text of test object 'Object Repository/retailer admin All Repo/Search Products Details/Page_AppCohesion/created_id/distributorname_id' are matched.

2018-11-14 11:58:03 - [MESSAGE][PASSED] - Actual text and expected text of test object 'Object Repository/retailer admin All Repo/Search Products Details/Page_AppCohesion/created_id/distributorname_id' are matched.

2018-11-14 11:58:03 - [TEST_STEP][PASSED] - verifyElementVisible: Object 'Object Repository/retailer admin All Repo/Search Products Details/Page_AppCohesion/upc_header' is visible

2018-11-14 11:58:03 - [MESSAGE][PASSED] - Object 'Object Repository/retailer admin All Repo/Search Products Details/Page_AppCohesion/upc_header' is visible

2018-11-14 11:58:03 - [TEST_STEP][PASSED] - verifyElementVisible: Object 'Object Repository/retailer admin All Repo/Search Products Details/Page_AppCohesion/upc_noid' is visible

2018-11-14 11:58:03 - [MESSAGE][PASSED] - Object 'Object Repository/retailer admin All Repo/Search Products Details/Page_AppCohesion/upc_noid' is visible

2018-11-14 11:58:03 - [TEST_STEP][PASSED] - verifyElementText: Actual text and expected text of test object 'Object Repository/retailer admin All Repo/Search Products Details/Page_AppCohesion/upc_noid' are matched.

2018-11-14 11:58:03 - [MESSAGE][PASSED] - Actual text and expected text of test object 'Object Repository/retailer admin All Repo/Search Products Details/Page_AppCohesion/upc_noid' are matched.

2018-11-14 11:58:03 - [TEST_STEP][PASSED] - verifyElementVisible: Object 'Object Repository/retailer admin All Repo/Search Products Details/Page_AppCohesion/created_id/baseprice_header' is visible

2018-11-14 11:58:03 - [MESSAGE][PASSED] - Object 'Object Repository/retailer admin All Repo/Search Products Details/Page_AppCohesion/created_id/baseprice_header' is visible

2018-11-14 11:58:03 - [TEST_STEP][PASSED] - verifyElementVisible: Object 'Object Repository/retailer admin All Repo/Search Products Details/Page_AppCohesion/created_id/baseprice_id' is visible

2018-11-14 11:58:03 - [MESSAGE][PASSED] - Object 'Object Repository/retailer admin All Repo/Search Products Details/Page_AppCohesion/created_id/baseprice_id' is visible

2018-11-14 11:58:03 - [TEST_STEP][PASSED] - verifyElementText: Actual text and expected text of test object 'Object Repository/retailer admin All Repo/Search Products Details/Page_AppCohesion/created_id/baseprice_id' are matched.

2018-11-14 11:58:03 - [MESSAGE][PASSED] - Actual text and expected text of test object 'Object Repository/retailer admin All Repo/Search Products Details/Page_AppCohesion/created_id/baseprice_id' are matched.

2018-11-14 11:58:03 - [TEST_STEP][PASSED] - verifyElementVisible: Object 'Object Repository/retailer admin All Repo/Search Products Details/Page_AppCohesion/created_id/markup_header' is visible

2018-11-14 11:58:03 - [MESSAGE][PASSED] - Object 'Object Repository/retailer admin All Repo/Search Products Details/Page_AppCohesion/created_id/markup_header' is visible

2018-11-14 11:58:03 - [TEST_STEP][PASSED] - verifyElementVisible: Object 'Object Repository/retailer admin All Repo/Search Products Details/Page_AppCohesion/created_id/markup_id' is visible

2018-11-14 11:58:03 - [MESSAGE][PASSED] - Object 'Object Repository/retailer admin All Repo/Search Products Details/Page_AppCohesion/created_id/markup_id' is visible

2018-11-14 11:58:03 - [TEST_STEP][PASSED] - verifyElementText: Actual text and expected text of test object 'Object Repository/retailer admin All Repo/Search Products Details/Page_AppCohesion/created_id/markup_id' are matched.

2018-11-14 11:58:03 - [MESSAGE][PASSED] - Actual text and expected text of test object 'Object Repository/retailer admin All Repo/Search Products Details/Page_AppCohesion/created_id/markup_id' are matched.

2018-11-14 11:58:03 - [TEST_STEP][PASSED] - verifyElementVisible: Object 'Object Repository/retailer admin All Repo/Search Products Details/Page_AppCohesion/created_id/amtpay_header' is visible

2018-11-14 11:58:03 - [MESSAGE][PASSED] - Object 'Object Repository/retailer admin All Repo/Search Products Details/Page_AppCohesion/created_id/amtpay_header' is visible

2018-11-14 11:58:03 - [TEST_STEP][PASSED] - verifyElementVisible: Object 'Object Repository/retailer admin All Repo/Search Products Details/Page_AppCohesion/created_id/amtpay_id' is visible

2018-11-14 11:58:03 - [MESSAGE][PASSED] - Object 'Object Repository/retailer admin All Repo/Search Products Details/Page_AppCohesion/created_id/amtpay_id' is visible

2018-11-14 11:58:03 - [TEST_STEP][PASSED] - verifyElementText: Actual text and expected text of test object 'Object Repository/retailer admin All Repo/Search Products Details/Page_AppCohesion/created_id/amtpay_id' are matched.

2018-11-14 11:58:03 - [MESSAGE][PASSED] - Actual text and expected text of test object 'Object Repository/retailer admin All Repo/Search Products Details/Page_AppCohesion/created_id/amtpay_id' are matched.

2018-11-14 11:58:03 - [TEST_STEP][NOT_RUN] - verifyElementVisible: NOT_RUN: verifyElementVisible

2018-11-14 11:58:03 - [MESSAGE][NOT_RUN] - NOT_RUN: verifyElementVisible

2018-11-14 11:58:03 - [TEST_STEP][NOT_RUN] - verifyElementText: NOT_RUN: verifyElementText

2018-11-14 11:58:03 - [MESSAGE][NOT_RUN] - NOT_RUN: verifyElementText

2018-11-14 11:58:03 - [TEST_STEP][NOT_RUN] - verifyElementVisible: NOT_RUN: verifyElementVisible

2018-11-14 11:58:03 - [MESSAGE][NOT_RUN] - NOT_RUN: verifyElementVisible

2018-11-14 11:58:03 - [TEST_STEP][NOT_RUN] - verifyElementText: NOT_RUN: verifyElementText

2018-11-14 11:58:03 - [MESSAGE][NOT_RUN] - NOT_RUN: verifyElementText

2018-11-14 11:58:03 - [TEST_STEP][PASSED] - verifyElementVisible: Object 'Object Repository/retailer admin All Repo/Search Products Details/Page_AppCohesion/created_id/product_specification' is visible

2018-11-14 11:58:03 - [MESSAGE][PASSED] - Object 'Object Repository/retailer admin All Repo/Search Products Details/Page_AppCohesion/created_id/product_specification' is visible

2018-11-14 11:58:03 - [TEST_STEP][PASSED] - verifyElementVisible: Object 'Object Repository/retailer admin All Repo/Search Products Details/Page_AppCohesion/a_Back to Search' is visible

2018-11-14 11:58:03 - [MESSAGE][PASSED] - Object 'Object Repository/retailer admin All Repo/Search Products Details/Page_AppCohesion/a_Back to Search' is visible

2018-11-14 11:58:03 - [TEST_STEP][PASSED] - click: Object: 'Object Repository/retailer admin All Repo/Search Products Details/Page_AppCohesion/a_Back to Search' is clicked on

2018-11-14 11:58:03 - [MESSAGE][PASSED] - Object: 'Object Repository/retailer admin All Repo/Search Products Details/Page_AppCohesion/a_Back to Search' is clicked on

2018-11-14 11:58:03 - [TEST_STEP][PASSED] - click: Object: 'Object Repository/retailer admin All Repo/retailer_order_placement/key_press_orderList/Page_AppCohesion/a_Dashboard              Dashb' is clicked on

2018-11-14 11:58:03 - [MESSAGE][PASSED] - Object: 'Object Repository/retailer admin All Repo/retailer_order_placement/key_press_orderList/Page_AppCohesion/a_Dashboard              Dashb' is clicked on

2018-11-14 11:58:03 - [TEST_STEP][PASSED] - verifyElementVisible: Object 'Object Repository/retailer admin All Repo/retailer_order_placement/key_press_orderList/Page_AppCohesion/a_Dashboard              Dashb' is visible

2018-11-14 11:58:03 - [MESSAGE][PASSED] - Object 'Object Repository/retailer admin All Repo/retailer_order_placement/key_press_orderList/Page_AppCohesion/a_Dashboard              Dashb' is visible

2018-11-14 11:58:03 - [TEST_STEP][PASSED] - Statement - java.lang.Thread.sleep(8000): null

2018-11-14 11:58:11 - [TEST_STEP][PASSED] - setText: Text 'SGSAR-T678CLPI' is set on object 'Object Repository/retailer admin All Repo/Search Products Details/Page_AppCohesion/input_Settings_searchproduct'

2018-11-14 11:58:12 - [MESSAGE][PASSED] - Text 'SGSAR-T678CLPI' is set on object 'Object Repository/retailer admin All Repo/Search Products Details/Page_AppCohesion/input_Settings_searchproduct'

2018-11-14 11:58:12 - [TEST_STEP][PASSED] - verifyElementVisible: Object 'Object Repository/retailer admin All Repo/Search Products Details/Page_AppCohesion/button_Settings_searchbutton' is visible

2018-11-14 11:58:12 - [MESSAGE][PASSED] - Object 'Object Repository/retailer admin All Repo/Search Products Details/Page_AppCohesion/button_Settings_searchbutton' is visible

2018-11-14 11:58:12 - [TEST_STEP][PASSED] - verifyElementVisible: Object 'Object Repository/retailer admin All Repo/Search Products Details/Page_AppCohesion/input_Settings_searchproduct' is visible

2018-11-14 11:58:12 - [MESSAGE][PASSED] - Object 'Object Repository/retailer admin All Repo/Search Products Details/Page_AppCohesion/input_Settings_searchproduct' is visible

2018-11-14 11:58:12 - [TEST_STEP][PASSED] - click: Object: 'Object Repository/retailer admin All Repo/Search Products Details/Page_AppCohesion/button_Settings_searchbutton' is clicked on

2018-11-14 11:58:12 - [MESSAGE][PASSED] - Object: 'Object Repository/retailer admin All Repo/Search Products Details/Page_AppCohesion/button_Settings_searchbutton' is clicked on

2018-11-14 11:58:12 - [TEST_STEP][PASSED] - delay: Delayed 10 second(s)

2018-11-14 11:58:22 - [MESSAGE][PASSED] - Delayed 10 second(s)

2018-11-14 11:58:22 - [TEST_STEP][PASSED] - verifyElementVisible: Object 'Object Repository/retailer admin All Repo/Search Products Details/Page_AppCohesion/created_id/product_details_rowid' is visible

2018-11-14 11:58:22 - [MESSAGE][PASSED] - Object 'Object Repository/retailer admin All Repo/Search Products Details/Page_AppCohesion/created_id/product_details_rowid' is visible

2018-11-14 11:58:22 - [TEST_STEP][PASSED] - click: Object: 'Object Repository/retailer admin All Repo/Search Products Details/Page_AppCohesion/created_id/product_details_rowid' is clicked on

2018-11-14 11:58:22 - [MESSAGE][PASSED] - Object: 'Object Repository/retailer admin All Repo/Search Products Details/Page_AppCohesion/created_id/product_details_rowid' is clicked on

2018-11-14 11:58:22 - [TEST_STEP][PASSED] - delay: Delayed 5 second(s)

2018-11-14 11:58:27 - [MESSAGE][PASSED] - Delayed 5 second(s)

2018-11-14 11:58:27 - [TEST_STEP][PASSED] - verifyElementVisible: Object 'Object Repository/retailer admin All Repo/Search Products Details/Page_AppCohesion/created_id/product_title' is visible

2018-11-14 11:58:27 - [MESSAGE][PASSED] - Object 'Object Repository/retailer admin All Repo/Search Products Details/Page_AppCohesion/created_id/product_title' is visible

2018-11-14 11:58:27 - [TEST_STEP][PASSED] - verifyElementText: Actual text and expected text of test object 'Object Repository/retailer admin All Repo/Search Products Details/Page_AppCohesion/created_id/product_title' are matched.

2018-11-14 11:58:27 - [MESSAGE][PASSED] - Actual text and expected text of test object 'Object Repository/retailer admin All Repo/Search Products Details/Page_AppCohesion/created_id/product_title' are matched.

2018-11-14 11:58:27 - [TEST_STEP][PASSED] - verifyElementVisible: Object 'Object Repository/retailer admin All Repo/Search Products Details/Page_AppCohesion/created_id/manufaturer_header' is visible

2018-11-14 11:58:27 - [MESSAGE][PASSED] - Object 'Object Repository/retailer admin All Repo/Search Products Details/Page_AppCohesion/created_id/manufaturer_header' is visible

2018-11-14 11:58:27 - [TEST_STEP][PASSED] - verifyElementVisible: Object 'Object Repository/retailer admin All Repo/Search Products Details/Page_AppCohesion/created_id/manufacture_partno_id' is visible

2018-11-14 11:58:27 - [MESSAGE][PASSED] - Object 'Object Repository/retailer admin All Repo/Search Products Details/Page_AppCohesion/created_id/manufacture_partno_id' is visible

2018-11-14 11:58:27 - [TEST_STEP][PASSED] - verifyElementText: Actual text and expected text of test object 'Object Repository/retailer admin All Repo/Search Products Details/Page_AppCohesion/created_id/manufacture_partno_id' are matched.

2018-11-14 11:58:27 - [MESSAGE][PASSED] - Actual text and expected text of test object 'Object Repository/retailer admin All Repo/Search Products Details/Page_AppCohesion/created_id/manufacture_partno_id' are matched.

2018-11-14 11:58:27 - [TEST_STEP][PASSED] - verifyElementVisible: Object 'Object Repository/retailer admin All Repo/Search Products Details/Page_AppCohesion/created_id/manufacture_name_header' is visible

2018-11-14 11:58:27 - [MESSAGE][PASSED] - Object 'Object Repository/retailer admin All Repo/Search Products Details/Page_AppCohesion/created_id/manufacture_name_header' is visible

2018-11-14 11:58:27 - [TEST_STEP][PASSED] - verifyElementVisible: Object 'Object Repository/retailer admin All Repo/Search Products Details/Page_AppCohesion/created_id/manufacture_name' is visible

2018-11-14 11:58:27 - [MESSAGE][PASSED] - Object 'Object Repository/retailer admin All Repo/Search Products Details/Page_AppCohesion/created_id/manufacture_name' is visible

2018-11-14 11:58:27 - [TEST_STEP][PASSED] - verifyElementText: Actual text and expected text of test object 'Object Repository/retailer admin All Repo/Search Products Details/Page_AppCohesion/created_id/manufacture_name' are matched.

2018-11-14 11:58:27 - [MESSAGE][PASSED] - Actual text and expected text of test object 'Object Repository/retailer admin All Repo/Search Products Details/Page_AppCohesion/created_id/manufacture_name' are matched.

2018-11-14 11:58:27 - [TEST_STEP][PASSED] - verifyElementVisible: Object 'Object Repository/retailer admin All Repo/Search Products Details/Page_AppCohesion/created_id/distributor_header' is visible

2018-11-14 11:58:27 - [MESSAGE][PASSED] - Object 'Object Repository/retailer admin All Repo/Search Products Details/Page_AppCohesion/created_id/distributor_header' is visible

2018-11-14 11:58:27 - [TEST_STEP][PASSED] - verifyElementVisible: Object 'Object Repository/retailer admin All Repo/Search Products Details/Page_AppCohesion/created_id/distributorname_id' is visible

2018-11-14 11:58:27 - [MESSAGE][PASSED] - Object 'Object Repository/retailer admin All Repo/Search Products Details/Page_AppCohesion/created_id/distributorname_id' is visible

2018-11-14 11:58:27 - [TEST_STEP][PASSED] - verifyElementText: Actual text and expected text of test object 'Object Repository/retailer admin All Repo/Search Products Details/Page_AppCohesion/created_id/distributorname_id' are matched.

2018-11-14 11:58:27 - [MESSAGE][PASSED] - Actual text and expected text of test object 'Object Repository/retailer admin All Repo/Search Products Details/Page_AppCohesion/created_id/distributorname_id' are matched.

2018-11-14 11:58:27 - [TEST_STEP][PASSED] - verifyElementVisible: Object 'Object Repository/retailer admin All Repo/Search Products Details/Page_AppCohesion/upc_header' is visible

2018-11-14 11:58:27 - [MESSAGE][PASSED] - Object 'Object Repository/retailer admin All Repo/Search Products Details/Page_AppCohesion/upc_header' is visible

2018-11-14 11:58:27 - [TEST_STEP][PASSED] - verifyElementVisible: Object 'Object Repository/retailer admin All Repo/Search Products Details/Page_AppCohesion/upc_noid' is visible

2018-11-14 11:58:27 - [MESSAGE][PASSED] - Object 'Object Repository/retailer admin All Repo/Search Products Details/Page_AppCohesion/upc_noid' is visible

2018-11-14 11:58:27 - [TEST_STEP][PASSED] - verifyElementText: Actual text and expected text of test object 'Object Repository/retailer admin All Repo/Search Products Details/Page_AppCohesion/upc_noid' are matched.

2018-11-14 11:58:27 - [MESSAGE][PASSED] - Actual text and expected text of test object 'Object Repository/retailer admin All Repo/Search Products Details/Page_AppCohesion/upc_noid' are matched.

2018-11-14 11:58:27 - [TEST_STEP][PASSED] - verifyElementVisible: Object 'Object Repository/retailer admin All Repo/Search Products Details/Page_AppCohesion/created_id/baseprice_header' is visible

2018-11-14 11:58:27 - [MESSAGE][PASSED] - Object 'Object Repository/retailer admin All Repo/Search Products Details/Page_AppCohesion/created_id/baseprice_header' is visible

2018-11-14 11:58:27 - [TEST_STEP][PASSED] - verifyElementVisible: Object 'Object Repository/retailer admin All Repo/Search Products Details/Page_AppCohesion/created_id/baseprice_id' is visible

2018-11-14 11:58:27 - [MESSAGE][PASSED] - Object 'Object Repository/retailer admin All Repo/Search Products Details/Page_AppCohesion/created_id/baseprice_id' is visible

2018-11-14 11:58:27 - [TEST_STEP][PASSED] - verifyElementText: Actual text and expected text of test object 'Object Repository/retailer admin All Repo/Search Products Details/Page_AppCohesion/created_id/baseprice_id' are matched.

2018-11-14 11:58:27 - [MESSAGE][PASSED] - Actual text and expected text of test object 'Object Repository/retailer admin All Repo/Search Products Details/Page_AppCohesion/created_id/baseprice_id' are matched.

2018-11-14 11:58:27 - [TEST_STEP][PASSED] - verifyElementVisible: Object 'Object Repository/retailer admin All Repo/Search Products Details/Page_AppCohesion/created_id/markup_header' is visible

2018-11-14 11:58:27 - [MESSAGE][PASSED] - Object 'Object Repository/retailer admin All Repo/Search Products Details/Page_AppCohesion/created_id/markup_header' is visible

2018-11-14 11:58:27 - [TEST_STEP][PASSED] - verifyElementVisible: Object 'Object Repository/retailer admin All Repo/Search Products Details/Page_AppCohesion/created_id/markup_id' is visible

2018-11-14 11:58:27 - [MESSAGE][PASSED] - Object 'Object Repository/retailer admin All Repo/Search Products Details/Page_AppCohesion/created_id/markup_id' is visible

2018-11-14 11:58:27 - [TEST_STEP][PASSED] - verifyElementText: Actual text and expected text of test object 'Object Repository/retailer admin All Repo/Search Products Details/Page_AppCohesion/created_id/markup_id' are matched.

2018-11-14 11:58:27 - [MESSAGE][PASSED] - Actual text and expected text of test object 'Object Repository/retailer admin All Repo/Search Products Details/Page_AppCohesion/created_id/markup_id' are matched.

2018-11-14 11:58:27 - [TEST_STEP][PASSED] - verifyElementVisible: Object 'Object Repository/retailer admin All Repo/Search Products Details/Page_AppCohesion/created_id/amtpay_header' is visible

2018-11-14 11:58:27 - [MESSAGE][PASSED] - Object 'Object Repository/retailer admin All Repo/Search Products Details/Page_AppCohesion/created_id/amtpay_header' is visible

2018-11-14 11:58:27 - [TEST_STEP][PASSED] - verifyElementVisible: Object 'Object Repository/retailer admin All Repo/Search Products Details/Page_AppCohesion/created_id/amtpay_id' is visible

2018-11-14 11:58:27 - [MESSAGE][PASSED] - Object 'Object Repository/retailer admin All Repo/Search Products Details/Page_AppCohesion/created_id/amtpay_id' is visible

2018-11-14 11:58:27 - [TEST_STEP][PASSED] - verifyElementText: Actual text and expected text of test object 'Object Repository/retailer admin All Repo/Search Products Details/Page_AppCohesion/created_id/amtpay_id' are matched.

2018-11-14 11:58:27 - [MESSAGE][PASSED] - Actual text and expected text of test object 'Object Repository/retailer admin All Repo/Search Products Details/Page_AppCohesion/created_id/amtpay_id' are matched.

2018-11-14 11:58:27 - [TEST_STEP][NOT_RUN] - verifyElementVisible: NOT_RUN: verifyElementVisible

2018-11-14 11:58:27 - [MESSAGE][NOT_RUN] - NOT_RUN: verifyElementVisible

2018-11-14 11:58:27 - [TEST_STEP][NOT_RUN] - verifyElementText: NOT_RUN: verifyElementText

2018-11-14 11:58:27 - [MESSAGE][NOT_RUN] - NOT_RUN: verifyElementText

2018-11-14 11:58:27 - [TEST_STEP][NOT_RUN] - verifyElementVisible: NOT_RUN: verifyElementVisible

2018-11-14 11:58:27 - [MESSAGE][NOT_RUN] - NOT_RUN: verifyElementVisible

2018-11-14 11:58:27 - [TEST_STEP][NOT_RUN] - verifyElementText: NOT_RUN: verifyElementText

2018-11-14 11:58:27 - [MESSAGE][NOT_RUN] - NOT_RUN: verifyElementText

2018-11-14 11:58:27 - [TEST_STEP][PASSED] - verifyElementVisible: Object 'Object Repository/retailer admin All Repo/Search Products Details/Page_AppCohesion/created_id/product_specification' is visible

2018-11-14 11:58:27 - [MESSAGE][PASSED] - Object 'Object Repository/retailer admin All Repo/Search Products Details/Page_AppCohesion/created_id/product_specification' is visible

2018-11-14 11:58:27 - [TEST_STEP][PASSED] - verifyElementVisible: Object 'Object Repository/retailer admin All Repo/Search Products Details/Page_AppCohesion/a_Back to Search' is visible

2018-11-14 11:58:28 - [MESSAGE][PASSED] - Object 'Object Repository/retailer admin All Repo/Search Products Details/Page_AppCohesion/a_Back to Search' is visible

2018-11-14 11:58:28 - [TEST_STEP][PASSED] - click: Object: 'Object Repository/retailer admin All Repo/Search Products Details/Page_AppCohesion/a_Back to Search' is clicked on

2018-11-14 11:58:28 - [MESSAGE][PASSED] - Object: 'Object Repository/retailer admin All Repo/Search Products Details/Page_AppCohesion/a_Back to Search' is clicked on

2018-11-14 11:58:28 - [TEST_STEP][PASSED] - click: Object: 'Object Repository/retailer admin All Repo/retailer_order_placement/key_press_orderList/Page_AppCohesion/a_Dashboard              Dashb' is clicked on

2018-11-14 11:58:28 - [MESSAGE][PASSED] - Object: 'Object Repository/retailer admin All Repo/retailer_order_placement/key_press_orderList/Page_AppCohesion/a_Dashboard              Dashb' is clicked on

2018-11-14 11:58:28 - [TEST_STEP][PASSED] - verifyElementVisible: Object 'Object Repository/retailer admin All Repo/retailer_order_placement/key_press_orderList/Page_AppCohesion/a_Dashboard              Dashb' is visible

2018-11-14 11:58:28 - [MESSAGE][PASSED] - Object 'Object Repository/retailer admin All Repo/retailer_order_placement/key_press_orderList/Page_AppCohesion/a_Dashboard              Dashb' is visible

2018-11-14 11:58:28 - [TEST_STEP][PASSED] - Statement - java.lang.Thread.sleep(8000): null

2018-11-14 11:58:36 - [TEST_STEP][PASSED] - setText: Text 'BNDRM-3TJZ4D5G' is set on object 'Object Repository/retailer admin All Repo/Search Products Details/Page_AppCohesion/input_Settings_searchproduct'

2018-11-14 11:58:36 - [MESSAGE][PASSED] - Text 'BNDRM-3TJZ4D5G' is set on object 'Object Repository/retailer admin All Repo/Search Products Details/Page_AppCohesion/input_Settings_searchproduct'

2018-11-14 11:58:36 - [TEST_STEP][PASSED] - verifyElementVisible: Object 'Object Repository/retailer admin All Repo/Search Products Details/Page_AppCohesion/button_Settings_searchbutton' is visible

2018-11-14 11:58:36 - [MESSAGE][PASSED] - Object 'Object Repository/retailer admin All Repo/Search Products Details/Page_AppCohesion/button_Settings_searchbutton' is visible

2018-11-14 11:58:36 - [TEST_STEP][PASSED] - verifyElementVisible: Object 'Object Repository/retailer admin All Repo/Search Products Details/Page_AppCohesion/input_Settings_searchproduct' is visible

2018-11-14 11:58:36 - [MESSAGE][PASSED] - Object 'Object Repository/retailer admin All Repo/Search Products Details/Page_AppCohesion/input_Settings_searchproduct' is visible

2018-11-14 11:58:36 - [TEST_STEP][PASSED] - click: Object: 'Object Repository/retailer admin All Repo/Search Products Details/Page_AppCohesion/button_Settings_searchbutton' is clicked on

2018-11-14 11:58:36 - [MESSAGE][PASSED] - Object: 'Object Repository/retailer admin All Repo/Search Products Details/Page_AppCohesion/button_Settings_searchbutton' is clicked on

2018-11-14 11:58:36 - [TEST_STEP][PASSED] - delay: Delayed 10 second(s)

2018-11-14 11:58:46 - [MESSAGE][PASSED] - Delayed 10 second(s)

2018-11-14 11:58:46 - [TEST_STEP][PASSED] - verifyElementVisible: Object 'Object Repository/retailer admin All Repo/Search Products Details/Page_AppCohesion/created_id/product_details_rowid' is visible

2018-11-14 11:58:46 - [MESSAGE][PASSED] - Object 'Object Repository/retailer admin All Repo/Search Products Details/Page_AppCohesion/created_id/product_details_rowid' is visible

2018-11-14 11:58:46 - [TEST_STEP][PASSED] - click: Object: 'Object Repository/retailer admin All Repo/Search Products Details/Page_AppCohesion/created_id/product_details_rowid' is clicked on

2018-11-14 11:58:46 - [MESSAGE][PASSED] - Object: 'Object Repository/retailer admin All Repo/Search Products Details/Page_AppCohesion/created_id/product_details_rowid' is clicked on

2018-11-14 11:58:46 - [TEST_STEP][PASSED] - delay: Delayed 5 second(s)

2018-11-14 11:58:51 - [MESSAGE][PASSED] - Delayed 5 second(s)

2018-11-14 11:58:51 - [TEST_STEP][PASSED] - verifyElementVisible: Object 'Object Repository/retailer admin All Repo/Search Products Details/Page_AppCohesion/created_id/product_title' is visible

2018-11-14 11:58:53 - [MESSAGE][PASSED] - Object 'Object Repository/retailer admin All Repo/Search Products Details/Page_AppCohesion/created_id/product_title' is visible

2018-11-14 11:58:53 - [TEST_STEP][PASSED] - verifyElementText: Actual text and expected text of test object 'Object Repository/retailer admin All Repo/Search Products Details/Page_AppCohesion/created_id/product_title' are matched.

2018-11-14 11:58:53 - [MESSAGE][PASSED] - Actual text and expected text of test object 'Object Repository/retailer admin All Repo/Search Products Details/Page_AppCohesion/created_id/product_title' are matched.

2018-11-14 11:58:53 - [TEST_STEP][PASSED] - verifyElementVisible: Object 'Object Repository/retailer admin All Repo/Search Products Details/Page_AppCohesion/created_id/manufaturer_header' is visible

2018-11-14 11:58:53 - [MESSAGE][PASSED] - Object 'Object Repository/retailer admin All Repo/Search Products Details/Page_AppCohesion/created_id/manufaturer_header' is visible

2018-11-14 11:58:53 - [TEST_STEP][PASSED] - verifyElementVisible: Object 'Object Repository/retailer admin All Repo/Search Products Details/Page_AppCohesion/created_id/manufacture_partno_id' is visible

2018-11-14 11:58:53 - [MESSAGE][PASSED] - Object 'Object Repository/retailer admin All Repo/Search Products Details/Page_AppCohesion/created_id/manufacture_partno_id' is visible

2018-11-14 11:58:53 - [TEST_STEP][PASSED] - verifyElementText: Actual text and expected text of test object 'Object Repository/retailer admin All Repo/Search Products Details/Page_AppCohesion/created_id/manufacture_partno_id' are matched.

2018-11-14 11:58:53 - [MESSAGE][PASSED] - Actual text and expected text of test object 'Object Repository/retailer admin All Repo/Search Products Details/Page_AppCohesion/created_id/manufacture_partno_id' are matched.

2018-11-14 11:58:53 - [TEST_STEP][PASSED] - verifyElementVisible: Object 'Object Repository/retailer admin All Repo/Search Products Details/Page_AppCohesion/created_id/manufacture_name_header' is visible

2018-11-14 11:58:53 - [MESSAGE][PASSED] - Object 'Object Repository/retailer admin All Repo/Search Products Details/Page_AppCohesion/created_id/manufacture_name_header' is visible

2018-11-14 11:58:53 - [TEST_STEP][PASSED] - verifyElementVisible: Object 'Object Repository/retailer admin All Repo/Search Products Details/Page_AppCohesion/created_id/manufacture_name' is visible

2018-11-14 11:58:53 - [MESSAGE][PASSED] - Object 'Object Repository/retailer admin All Repo/Search Products Details/Page_AppCohesion/created_id/manufacture_name' is visible

2018-11-14 11:58:53 - [TEST_STEP][PASSED] - verifyElementText: Actual text and expected text of test object 'Object Repository/retailer admin All Repo/Search Products Details/Page_AppCohesion/created_id/manufacture_name' are matched.

2018-11-14 11:58:53 - [MESSAGE][PASSED] - Actual text and expected text of test object 'Object Repository/retailer admin All Repo/Search Products Details/Page_AppCohesion/created_id/manufacture_name' are matched.

2018-11-14 11:58:53 - [TEST_STEP][PASSED] - verifyElementVisible: Object 'Object Repository/retailer admin All Repo/Search Products Details/Page_AppCohesion/created_id/distributor_header' is visible

2018-11-14 11:58:53 - [MESSAGE][PASSED] - Object 'Object Repository/retailer admin All Repo/Search Products Details/Page_AppCohesion/created_id/distributor_header' is visible

2018-11-14 11:58:53 - [TEST_STEP][PASSED] - verifyElementVisible: Object 'Object Repository/retailer admin All Repo/Search Products Details/Page_AppCohesion/created_id/distributorname_id' is visible

2018-11-14 11:58:53 - [MESSAGE][PASSED] - Object 'Object Repository/retailer admin All Repo/Search Products Details/Page_AppCohesion/created_id/distributorname_id' is visible

2018-11-14 11:58:53 - [TEST_STEP][PASSED] - verifyElementText: Actual text and expected text of test object 'Object Repository/retailer admin All Repo/Search Products Details/Page_AppCohesion/created_id/distributorname_id' are matched.

2018-11-14 11:58:53 - [MESSAGE][PASSED] - Actual text and expected text of test object 'Object Repository/retailer admin All Repo/Search Products Details/Page_AppCohesion/created_id/distributorname_id' are matched.

2018-11-14 11:58:53 - [TEST_STEP][PASSED] - verifyElementVisible: Object 'Object Repository/retailer admin All Repo/Search Products Details/Page_AppCohesion/upc_header' is visible

2018-11-14 11:58:53 - [MESSAGE][PASSED] - Object 'Object Repository/retailer admin All Repo/Search Products Details/Page_AppCohesion/upc_header' is visible

2018-11-14 11:58:53 - [TEST_STEP][PASSED] - verifyElementVisible: Object 'Object Repository/retailer admin All Repo/Search Products Details/Page_AppCohesion/upc_noid' is visible

2018-11-14 11:58:53 - [MESSAGE][PASSED] - Object 'Object Repository/retailer admin All Repo/Search Products Details/Page_AppCohesion/upc_noid' is visible

2018-11-14 11:58:53 - [TEST_STEP][PASSED] - verifyElementText: Actual text and expected text of test object 'Object Repository/retailer admin All Repo/Search Products Details/Page_AppCohesion/upc_noid' are matched.

2018-11-14 11:58:53 - [MESSAGE][PASSED] - Actual text and expected text of test object 'Object Repository/retailer admin All Repo/Search Products Details/Page_AppCohesion/upc_noid' are matched.

2018-11-14 11:58:53 - [TEST_STEP][PASSED] - verifyElementVisible: Object 'Object Repository/retailer admin All Repo/Search Products Details/Page_AppCohesion/created_id/baseprice_header' is visible

2018-11-14 11:58:53 - [MESSAGE][PASSED] - Object 'Object Repository/retailer admin All Repo/Search Products Details/Page_AppCohesion/created_id/baseprice_header' is visible

2018-11-14 11:58:53 - [TEST_STEP][PASSED] - verifyElementVisible: Object 'Object Repository/retailer admin All Repo/Search Products Details/Page_AppCohesion/created_id/baseprice_id' is visible

2018-11-14 11:58:53 - [MESSAGE][PASSED] - Object 'Object Repository/retailer admin All Repo/Search Products Details/Page_AppCohesion/created_id/baseprice_id' is visible

2018-11-14 11:58:53 - [TEST_STEP][PASSED] - verifyElementText: Actual text and expected text of test object 'Object Repository/retailer admin All Repo/Search Products Details/Page_AppCohesion/created_id/baseprice_id' are matched.

2018-11-14 11:58:53 - [MESSAGE][PASSED] - Actual text and expected text of test object 'Object Repository/retailer admin All Repo/Search Products Details/Page_AppCohesion/created_id/baseprice_id' are matched.

2018-11-14 11:58:53 - [TEST_STEP][PASSED] - verifyElementVisible: Object 'Object Repository/retailer admin All Repo/Search Products Details/Page_AppCohesion/created_id/markup_header' is visible

2018-11-14 11:58:53 - [MESSAGE][PASSED] - Object 'Object Repository/retailer admin All Repo/Search Products Details/Page_AppCohesion/created_id/markup_header' is visible

2018-11-14 11:58:53 - [TEST_STEP][PASSED] - verifyElementVisible: Object 'Object Repository/retailer admin All Repo/Search Products Details/Page_AppCohesion/created_id/markup_id' is visible

2018-11-14 11:58:53 - [MESSAGE][PASSED] - Object 'Object Repository/retailer admin All Repo/Search Products Details/Page_AppCohesion/created_id/markup_id' is visible

2018-11-14 11:58:53 - [TEST_STEP][PASSED] - verifyElementText: Actual text and expected text of test object 'Object Repository/retailer admin All Repo/Search Products Details/Page_AppCohesion/created_id/markup_id' are matched.

2018-11-14 11:58:53 - [MESSAGE][PASSED] - Actual text and expected text of test object 'Object Repository/retailer admin All Repo/Search Products Details/Page_AppCohesion/created_id/markup_id' are matched.

2018-11-14 11:58:53 - [TEST_STEP][PASSED] - verifyElementVisible: Object 'Object Repository/retailer admin All Repo/Search Products Details/Page_AppCohesion/created_id/amtpay_header' is visible

2018-11-14 11:58:53 - [MESSAGE][PASSED] - Object 'Object Repository/retailer admin All Repo/Search Products Details/Page_AppCohesion/created_id/amtpay_header' is visible

2018-11-14 11:58:53 - [TEST_STEP][PASSED] - verifyElementVisible: Object 'Object Repository/retailer admin All Repo/Search Products Details/Page_AppCohesion/created_id/amtpay_id' is visible

2018-11-14 11:58:53 - [MESSAGE][PASSED] - Object 'Object Repository/retailer admin All Repo/Search Products Details/Page_AppCohesion/created_id/amtpay_id' is visible

2018-11-14 11:58:53 - [TEST_STEP][PASSED] - verifyElementText: Actual text and expected text of test object 'Object Repository/retailer admin All Repo/Search Products Details/Page_AppCohesion/created_id/amtpay_id' are matched.

2018-11-14 11:58:53 - [MESSAGE][PASSED] - Actual text and expected text of test object 'Object Repository/retailer admin All Repo/Search Products Details/Page_AppCohesion/created_id/amtpay_id' are matched.

2018-11-14 11:58:53 - [TEST_STEP][NOT_RUN] - verifyElementVisible: NOT_RUN: verifyElementVisible

2018-11-14 11:58:53 - [MESSAGE][NOT_RUN] - NOT_RUN: verifyElementVisible

2018-11-14 11:58:53 - [TEST_STEP][NOT_RUN] - verifyElementText: NOT_RUN: verifyElementText

2018-11-14 11:58:53 - [MESSAGE][NOT_RUN] - NOT_RUN: verifyElementText

2018-11-14 11:58:53 - [TEST_STEP][NOT_RUN] - verifyElementVisible: NOT_RUN: verifyElementVisible

2018-11-14 11:58:53 - [MESSAGE][NOT_RUN] - NOT_RUN: verifyElementVisible

2018-11-14 11:58:53 - [TEST_STEP][NOT_RUN] - verifyElementText: NOT_RUN: verifyElementText

2018-11-14 11:58:53 - [MESSAGE][NOT_RUN] - NOT_RUN: verifyElementText

2018-11-14 11:58:53 - [TEST_STEP][PASSED] - verifyElementVisible: Object 'Object Repository/retailer admin All Repo/Search Products Details/Page_AppCohesion/created_id/product_specification' is visible

2018-11-14 11:58:53 - [MESSAGE][PASSED] - Object 'Object Repository/retailer admin All Repo/Search Products Details/Page_AppCohesion/created_id/product_specification' is visible

2018-11-14 11:58:53 - [TEST_STEP][PASSED] - verifyElementVisible: Object 'Object Repository/retailer admin All Repo/Search Products Details/Page_AppCohesion/a_Back to Search' is visible

2018-11-14 11:58:53 - [MESSAGE][PASSED] - Object 'Object Repository/retailer admin All Repo/Search Products Details/Page_AppCohesion/a_Back to Search' is visible

2018-11-14 11:58:53 - [TEST_STEP][PASSED] - click: Object: 'Object Repository/retailer admin All Repo/Search Products Details/Page_AppCohesion/a_Back to Search' is clicked on

2018-11-14 11:58:53 - [MESSAGE][PASSED] - Object: 'Object Repository/retailer admin All Repo/Search Products Details/Page_AppCohesion/a_Back to Search' is clicked on

2018-11-14 11:58:53 - [TEST_STEP][PASSED] - click: Object: 'Object Repository/retailer admin All Repo/retailer_order_placement/key_press_orderList/Page_AppCohesion/a_Dashboard              Dashb' is clicked on

2018-11-14 11:58:53 - [MESSAGE][PASSED] - Object: 'Object Repository/retailer admin All Repo/retailer_order_placement/key_press_orderList/Page_AppCohesion/a_Dashboard              Dashb' is clicked on

2018-11-14 11:58:53 - [TEST_STEP][PASSED] - verifyElementVisible: Object 'Object Repository/retailer admin All Repo/retailer_order_placement/key_press_orderList/Page_AppCohesion/a_Dashboard              Dashb' is visible

2018-11-14 11:58:54 - [MESSAGE][PASSED] - Object 'Object Repository/retailer admin All Repo/retailer_order_placement/key_press_orderList/Page_AppCohesion/a_Dashboard              Dashb' is visible

2018-11-14 11:58:54 - [TEST_STEP][PASSED] - Statement - java.lang.Thread.sleep(8000): null]]></system-out>
         <system-err><![CDATA[]]></system-err>
      </testcase>
      <testcase name="Test Cases/RetailerAdmin_Login_All_Functionality/Product_details/search_products_details_datafile" classname="Test Cases/RetailerAdmin_Login_All_Functionality/Product_details/search_products_details_datafile" status="PASSED">
         <system-out><![CDATA[2018-11-14 11:59:02 - [TEST_CASE][PASSED] - Test Cases/RetailerAdmin_Login_All_Functionality/Product_details/search_products_details_datafile: Test Cases/RetailerAdmin_Login_All_Functionality/Product_details/search_products_details_datafile

2018-11-14 11:59:02 - [TEST_STEP][PASSED] - callTestCase: Call Test Case 'Test Cases/Call Test Case/Login_retailer_testcase' successfully

2018-11-14 11:59:02 - [TEST_CASE][PASSED] - Test Cases/Call Test Case/Login_retailer_testcase: Test Cases/Call Test Case/Login_retailer_testcase

2018-11-14 11:59:02 - [TEST_STEP][PASSED] - openBrowser: Browser is opened with url: 'https://app-qa.appcohesion.io/'

2018-11-14 11:59:02 - [MESSAGE][WARNING] - A browser is already opened. Closing browser and opening a new one

2018-11-14 11:59:09 - [MESSAGE][PASSED] - Browser is opened with url: 'https://app-qa.appcohesion.io/'

2018-11-14 11:59:09 - [TEST_STEP][PASSED] - maximizeWindow: Current window maximized

2018-11-14 11:59:10 - [MESSAGE][PASSED] - Current window maximized

2018-11-14 11:59:10 - [TEST_STEP][PASSED] - setText: Text 'RACreation@10_9' is set on object 'Object Repository/Login_OR/Page_AppCohesion/input_User Name_ac_username'

2018-11-14 11:59:10 - [MESSAGE][PASSED] - Text 'RACreation@10_9' is set on object 'Object Repository/Login_OR/Page_AppCohesion/input_User Name_ac_username'

2018-11-14 11:59:10 - [TEST_STEP][PASSED] - setText: Text 'RACreation@10_9' is set on object 'Object Repository/Login_OR/Page_AppCohesion/input_Password_ac_password'

2018-11-14 11:59:11 - [MESSAGE][PASSED] - Text 'RACreation@10_9' is set on object 'Object Repository/Login_OR/Page_AppCohesion/input_Password_ac_password'

2018-11-14 11:59:11 - [TEST_STEP][PASSED] - click: Object: 'Object Repository/Login_OR/Page_AppCohesion/button_Login Now' is clicked on

2018-11-14 11:59:11 - [MESSAGE][PASSED] - Object: 'Object Repository/Login_OR/Page_AppCohesion/button_Login Now' is clicked on

2018-11-14 11:59:11 - [TEST_STEP][PASSED] - waitForPageLoad: Wait for page load successfully

2018-11-14 11:59:11 - [MESSAGE][PASSED] - Wait for page load successfully

2018-11-14 11:59:11 - [MESSAGE][PASSED] - Call Test Case 'Test Cases/Call Test Case/Login_retailer_testcase' successfully

2018-11-14 11:59:11 - [TEST_STEP][PASSED] - Statement - For ([rowNum = 1, rowNum <= 4, (rowNum++)]): null

2018-11-14 11:59:11 - [TEST_STEP][PASSED] - setText: Text 'RUGER-UCSR7GCZ' is set on object 'Object Repository/retailer admin All Repo/Search Products Details/Page_AppCohesion/input_Settings_searchproduct'

2018-11-14 11:59:14 - [MESSAGE][PASSED] - Text 'RUGER-UCSR7GCZ' is set on object 'Object Repository/retailer admin All Repo/Search Products Details/Page_AppCohesion/input_Settings_searchproduct'

2018-11-14 11:59:14 - [TEST_STEP][PASSED] - verifyElementVisible: Object 'Object Repository/retailer admin All Repo/Search Products Details/Page_AppCohesion/button_Settings_searchbutton' is visible

2018-11-14 11:59:14 - [MESSAGE][PASSED] - Object 'Object Repository/retailer admin All Repo/Search Products Details/Page_AppCohesion/button_Settings_searchbutton' is visible

2018-11-14 11:59:14 - [TEST_STEP][PASSED] - verifyElementVisible: Object 'Object Repository/retailer admin All Repo/Search Products Details/Page_AppCohesion/input_Settings_searchproduct' is visible

2018-11-14 11:59:14 - [MESSAGE][PASSED] - Object 'Object Repository/retailer admin All Repo/Search Products Details/Page_AppCohesion/input_Settings_searchproduct' is visible

2018-11-14 11:59:14 - [TEST_STEP][PASSED] - click: Object: 'Object Repository/retailer admin All Repo/Search Products Details/Page_AppCohesion/button_Settings_searchbutton' is clicked on

2018-11-14 11:59:14 - [MESSAGE][PASSED] - Object: 'Object Repository/retailer admin All Repo/Search Products Details/Page_AppCohesion/button_Settings_searchbutton' is clicked on

2018-11-14 11:59:14 - [TEST_STEP][PASSED] - delay: Delayed 10 second(s)

2018-11-14 11:59:24 - [MESSAGE][PASSED] - Delayed 10 second(s)

2018-11-14 11:59:24 - [TEST_STEP][PASSED] - verifyElementVisible: Object 'Object Repository/retailer admin All Repo/Search Products Details/Page_AppCohesion/created_id/product_details_rowid' is visible

2018-11-14 11:59:24 - [MESSAGE][PASSED] - Object 'Object Repository/retailer admin All Repo/Search Products Details/Page_AppCohesion/created_id/product_details_rowid' is visible

2018-11-14 11:59:24 - [TEST_STEP][PASSED] - click: Object: 'Object Repository/retailer admin All Repo/Search Products Details/Page_AppCohesion/created_id/product_details_rowid' is clicked on

2018-11-14 11:59:24 - [MESSAGE][PASSED] - Object: 'Object Repository/retailer admin All Repo/Search Products Details/Page_AppCohesion/created_id/product_details_rowid' is clicked on

2018-11-14 11:59:24 - [TEST_STEP][PASSED] - delay: Delayed 5 second(s)

2018-11-14 11:59:29 - [MESSAGE][PASSED] - Delayed 5 second(s)

2018-11-14 11:59:29 - [TEST_STEP][PASSED] - verifyElementVisible: Object 'Object Repository/retailer admin All Repo/Search Products Details/Page_AppCohesion/created_id/product_title' is visible

2018-11-14 11:59:29 - [MESSAGE][PASSED] - Object 'Object Repository/retailer admin All Repo/Search Products Details/Page_AppCohesion/created_id/product_title' is visible

2018-11-14 11:59:29 - [TEST_STEP][PASSED] - verifyElementText: Actual text and expected text of test object 'Object Repository/retailer admin All Repo/Search Products Details/Page_AppCohesion/created_id/product_title' are matched.

2018-11-14 11:59:29 - [MESSAGE][PASSED] - Actual text and expected text of test object 'Object Repository/retailer admin All Repo/Search Products Details/Page_AppCohesion/created_id/product_title' are matched.

2018-11-14 11:59:29 - [TEST_STEP][PASSED] - verifyElementVisible: Object 'Object Repository/retailer admin All Repo/Search Products Details/Page_AppCohesion/created_id/manufaturer_header' is visible

2018-11-14 11:59:29 - [MESSAGE][PASSED] - Object 'Object Repository/retailer admin All Repo/Search Products Details/Page_AppCohesion/created_id/manufaturer_header' is visible

2018-11-14 11:59:29 - [TEST_STEP][PASSED] - verifyElementVisible: Object 'Object Repository/retailer admin All Repo/Search Products Details/Page_AppCohesion/created_id/manufacture_partno_id' is visible

2018-11-14 11:59:29 - [MESSAGE][PASSED] - Object 'Object Repository/retailer admin All Repo/Search Products Details/Page_AppCohesion/created_id/manufacture_partno_id' is visible

2018-11-14 11:59:29 - [TEST_STEP][PASSED] - verifyElementText: Actual text and expected text of test object 'Object Repository/retailer admin All Repo/Search Products Details/Page_AppCohesion/created_id/manufacture_partno_id' are matched.

2018-11-14 11:59:29 - [MESSAGE][PASSED] - Actual text and expected text of test object 'Object Repository/retailer admin All Repo/Search Products Details/Page_AppCohesion/created_id/manufacture_partno_id' are matched.

2018-11-14 11:59:29 - [TEST_STEP][PASSED] - verifyElementVisible: Object 'Object Repository/retailer admin All Repo/Search Products Details/Page_AppCohesion/created_id/manufacture_name_header' is visible

2018-11-14 11:59:29 - [MESSAGE][PASSED] - Object 'Object Repository/retailer admin All Repo/Search Products Details/Page_AppCohesion/created_id/manufacture_name_header' is visible

2018-11-14 11:59:29 - [TEST_STEP][PASSED] - verifyElementVisible: Object 'Object Repository/retailer admin All Repo/Search Products Details/Page_AppCohesion/created_id/manufacture_name' is visible

2018-11-14 11:59:29 - [MESSAGE][PASSED] - Object 'Object Repository/retailer admin All Repo/Search Products Details/Page_AppCohesion/created_id/manufacture_name' is visible

2018-11-14 11:59:29 - [TEST_STEP][PASSED] - verifyElementText: Actual text and expected text of test object 'Object Repository/retailer admin All Repo/Search Products Details/Page_AppCohesion/created_id/manufacture_name' are matched.

2018-11-14 11:59:29 - [MESSAGE][PASSED] - Actual text and expected text of test object 'Object Repository/retailer admin All Repo/Search Products Details/Page_AppCohesion/created_id/manufacture_name' are matched.

2018-11-14 11:59:29 - [TEST_STEP][PASSED] - verifyElementVisible: Object 'Object Repository/retailer admin All Repo/Search Products Details/Page_AppCohesion/created_id/distributor_header' is visible

2018-11-14 11:59:29 - [MESSAGE][PASSED] - Object 'Object Repository/retailer admin All Repo/Search Products Details/Page_AppCohesion/created_id/distributor_header' is visible

2018-11-14 11:59:29 - [TEST_STEP][PASSED] - verifyElementVisible: Object 'Object Repository/retailer admin All Repo/Search Products Details/Page_AppCohesion/created_id/distributorname_id' is visible

2018-11-14 11:59:29 - [MESSAGE][PASSED] - Object 'Object Repository/retailer admin All Repo/Search Products Details/Page_AppCohesion/created_id/distributorname_id' is visible

2018-11-14 11:59:29 - [TEST_STEP][PASSED] - verifyElementText: Actual text and expected text of test object 'Object Repository/retailer admin All Repo/Search Products Details/Page_AppCohesion/created_id/distributorname_id' are matched.

2018-11-14 11:59:29 - [MESSAGE][PASSED] - Actual text and expected text of test object 'Object Repository/retailer admin All Repo/Search Products Details/Page_AppCohesion/created_id/distributorname_id' are matched.

2018-11-14 11:59:29 - [TEST_STEP][PASSED] - verifyElementVisible: Object 'Object Repository/retailer admin All Repo/Search Products Details/Page_AppCohesion/upc_header' is visible

2018-11-14 11:59:30 - [MESSAGE][PASSED] - Object 'Object Repository/retailer admin All Repo/Search Products Details/Page_AppCohesion/upc_header' is visible

2018-11-14 11:59:30 - [TEST_STEP][PASSED] - verifyElementVisible: Object 'Object Repository/retailer admin All Repo/Search Products Details/Page_AppCohesion/upc_noid' is visible

2018-11-14 11:59:30 - [MESSAGE][PASSED] - Object 'Object Repository/retailer admin All Repo/Search Products Details/Page_AppCohesion/upc_noid' is visible

2018-11-14 11:59:30 - [TEST_STEP][PASSED] - verifyElementText: Actual text and expected text of test object 'Object Repository/retailer admin All Repo/Search Products Details/Page_AppCohesion/upc_noid' are matched.

2018-11-14 11:59:30 - [MESSAGE][PASSED] - Actual text and expected text of test object 'Object Repository/retailer admin All Repo/Search Products Details/Page_AppCohesion/upc_noid' are matched.

2018-11-14 11:59:30 - [TEST_STEP][PASSED] - verifyElementVisible: Object 'Object Repository/retailer admin All Repo/Search Products Details/Page_AppCohesion/created_id/baseprice_header' is visible

2018-11-14 11:59:30 - [MESSAGE][PASSED] - Object 'Object Repository/retailer admin All Repo/Search Products Details/Page_AppCohesion/created_id/baseprice_header' is visible

2018-11-14 11:59:30 - [TEST_STEP][PASSED] - verifyElementVisible: Object 'Object Repository/retailer admin All Repo/Search Products Details/Page_AppCohesion/created_id/baseprice_id' is visible

2018-11-14 11:59:30 - [MESSAGE][PASSED] - Object 'Object Repository/retailer admin All Repo/Search Products Details/Page_AppCohesion/created_id/baseprice_id' is visible

2018-11-14 11:59:30 - [TEST_STEP][PASSED] - verifyElementText: Actual text and expected text of test object 'Object Repository/retailer admin All Repo/Search Products Details/Page_AppCohesion/created_id/baseprice_id' are matched.

2018-11-14 11:59:30 - [MESSAGE][PASSED] - Actual text and expected text of test object 'Object Repository/retailer admin All Repo/Search Products Details/Page_AppCohesion/created_id/baseprice_id' are matched.

2018-11-14 11:59:30 - [TEST_STEP][PASSED] - verifyElementVisible: Object 'Object Repository/retailer admin All Repo/Search Products Details/Page_AppCohesion/created_id/markup_header' is visible

2018-11-14 11:59:30 - [MESSAGE][PASSED] - Object 'Object Repository/retailer admin All Repo/Search Products Details/Page_AppCohesion/created_id/markup_header' is visible

2018-11-14 11:59:30 - [TEST_STEP][PASSED] - verifyElementVisible: Object 'Object Repository/retailer admin All Repo/Search Products Details/Page_AppCohesion/created_id/markup_id' is visible

2018-11-14 11:59:30 - [MESSAGE][PASSED] - Object 'Object Repository/retailer admin All Repo/Search Products Details/Page_AppCohesion/created_id/markup_id' is visible

2018-11-14 11:59:30 - [TEST_STEP][PASSED] - verifyElementText: Actual text and expected text of test object 'Object Repository/retailer admin All Repo/Search Products Details/Page_AppCohesion/created_id/markup_id' are matched.

2018-11-14 11:59:30 - [MESSAGE][PASSED] - Actual text and expected text of test object 'Object Repository/retailer admin All Repo/Search Products Details/Page_AppCohesion/created_id/markup_id' are matched.

2018-11-14 11:59:30 - [TEST_STEP][PASSED] - verifyElementVisible: Object 'Object Repository/retailer admin All Repo/Search Products Details/Page_AppCohesion/created_id/amtpay_header' is visible

2018-11-14 11:59:30 - [MESSAGE][PASSED] - Object 'Object Repository/retailer admin All Repo/Search Products Details/Page_AppCohesion/created_id/amtpay_header' is visible

2018-11-14 11:59:30 - [TEST_STEP][PASSED] - verifyElementVisible: Object 'Object Repository/retailer admin All Repo/Search Products Details/Page_AppCohesion/created_id/amtpay_id' is visible

2018-11-14 11:59:30 - [MESSAGE][PASSED] - Object 'Object Repository/retailer admin All Repo/Search Products Details/Page_AppCohesion/created_id/amtpay_id' is visible

2018-11-14 11:59:30 - [TEST_STEP][PASSED] - verifyElementText: Actual text and expected text of test object 'Object Repository/retailer admin All Repo/Search Products Details/Page_AppCohesion/created_id/amtpay_id' are matched.

2018-11-14 11:59:30 - [MESSAGE][PASSED] - Actual text and expected text of test object 'Object Repository/retailer admin All Repo/Search Products Details/Page_AppCohesion/created_id/amtpay_id' are matched.

2018-11-14 11:59:30 - [TEST_STEP][NOT_RUN] - verifyElementVisible: NOT_RUN: verifyElementVisible

2018-11-14 11:59:30 - [MESSAGE][NOT_RUN] - NOT_RUN: verifyElementVisible

2018-11-14 11:59:30 - [TEST_STEP][NOT_RUN] - verifyElementText: NOT_RUN: verifyElementText

2018-11-14 11:59:30 - [MESSAGE][NOT_RUN] - NOT_RUN: verifyElementText

2018-11-14 11:59:30 - [TEST_STEP][NOT_RUN] - verifyElementVisible: NOT_RUN: verifyElementVisible

2018-11-14 11:59:30 - [MESSAGE][NOT_RUN] - NOT_RUN: verifyElementVisible

2018-11-14 11:59:30 - [TEST_STEP][NOT_RUN] - verifyElementText: NOT_RUN: verifyElementText

2018-11-14 11:59:30 - [MESSAGE][NOT_RUN] - NOT_RUN: verifyElementText

2018-11-14 11:59:30 - [TEST_STEP][PASSED] - verifyElementVisible: Object 'Object Repository/retailer admin All Repo/Search Products Details/Page_AppCohesion/created_id/product_specification' is visible

2018-11-14 11:59:30 - [MESSAGE][PASSED] - Object 'Object Repository/retailer admin All Repo/Search Products Details/Page_AppCohesion/created_id/product_specification' is visible

2018-11-14 11:59:30 - [TEST_STEP][PASSED] - verifyElementVisible: Object 'Object Repository/retailer admin All Repo/Search Products Details/Page_AppCohesion/a_Back to Search' is visible

2018-11-14 11:59:30 - [MESSAGE][PASSED] - Object 'Object Repository/retailer admin All Repo/Search Products Details/Page_AppCohesion/a_Back to Search' is visible

2018-11-14 11:59:30 - [TEST_STEP][PASSED] - click: Object: 'Object Repository/retailer admin All Repo/Search Products Details/Page_AppCohesion/a_Back to Search' is clicked on

2018-11-14 11:59:30 - [MESSAGE][PASSED] - Object: 'Object Repository/retailer admin All Repo/Search Products Details/Page_AppCohesion/a_Back to Search' is clicked on

2018-11-14 11:59:30 - [TEST_STEP][PASSED] - click: Object: 'Object Repository/retailer admin All Repo/retailer_order_placement/key_press_orderList/Page_AppCohesion/a_Dashboard              Dashb' is clicked on

2018-11-14 11:59:30 - [MESSAGE][PASSED] - Object: 'Object Repository/retailer admin All Repo/retailer_order_placement/key_press_orderList/Page_AppCohesion/a_Dashboard              Dashb' is clicked on

2018-11-14 11:59:30 - [TEST_STEP][PASSED] - verifyElementVisible: Object 'Object Repository/retailer admin All Repo/retailer_order_placement/key_press_orderList/Page_AppCohesion/a_Dashboard              Dashb' is visible

2018-11-14 11:59:30 - [MESSAGE][PASSED] - Object 'Object Repository/retailer admin All Repo/retailer_order_placement/key_press_orderList/Page_AppCohesion/a_Dashboard              Dashb' is visible

2018-11-14 11:59:30 - [TEST_STEP][PASSED] - Statement - java.lang.Thread.sleep(8000): null

2018-11-14 11:59:38 - [TEST_STEP][PASSED] - setText: Text 'THMPS-TUIPSIUJ' is set on object 'Object Repository/retailer admin All Repo/Search Products Details/Page_AppCohesion/input_Settings_searchproduct'

2018-11-14 11:59:38 - [MESSAGE][PASSED] - Text 'THMPS-TUIPSIUJ' is set on object 'Object Repository/retailer admin All Repo/Search Products Details/Page_AppCohesion/input_Settings_searchproduct'

2018-11-14 11:59:38 - [TEST_STEP][PASSED] - verifyElementVisible: Object 'Object Repository/retailer admin All Repo/Search Products Details/Page_AppCohesion/button_Settings_searchbutton' is visible

2018-11-14 11:59:38 - [MESSAGE][PASSED] - Object 'Object Repository/retailer admin All Repo/Search Products Details/Page_AppCohesion/button_Settings_searchbutton' is visible

2018-11-14 11:59:38 - [TEST_STEP][PASSED] - verifyElementVisible: Object 'Object Repository/retailer admin All Repo/Search Products Details/Page_AppCohesion/input_Settings_searchproduct' is visible

2018-11-14 11:59:38 - [MESSAGE][PASSED] - Object 'Object Repository/retailer admin All Repo/Search Products Details/Page_AppCohesion/input_Settings_searchproduct' is visible

2018-11-14 11:59:38 - [TEST_STEP][PASSED] - click: Object: 'Object Repository/retailer admin All Repo/Search Products Details/Page_AppCohesion/button_Settings_searchbutton' is clicked on

2018-11-14 11:59:38 - [MESSAGE][PASSED] - Object: 'Object Repository/retailer admin All Repo/Search Products Details/Page_AppCohesion/button_Settings_searchbutton' is clicked on

2018-11-14 11:59:38 - [TEST_STEP][PASSED] - delay: Delayed 10 second(s)

2018-11-14 11:59:48 - [MESSAGE][PASSED] - Delayed 10 second(s)

2018-11-14 11:59:48 - [TEST_STEP][PASSED] - verifyElementVisible: Object 'Object Repository/retailer admin All Repo/Search Products Details/Page_AppCohesion/created_id/product_details_rowid' is visible

2018-11-14 11:59:48 - [MESSAGE][PASSED] - Object 'Object Repository/retailer admin All Repo/Search Products Details/Page_AppCohesion/created_id/product_details_rowid' is visible

2018-11-14 11:59:48 - [TEST_STEP][PASSED] - click: Object: 'Object Repository/retailer admin All Repo/Search Products Details/Page_AppCohesion/created_id/product_details_rowid' is clicked on

2018-11-14 11:59:49 - [MESSAGE][PASSED] - Object: 'Object Repository/retailer admin All Repo/Search Products Details/Page_AppCohesion/created_id/product_details_rowid' is clicked on

2018-11-14 11:59:49 - [TEST_STEP][PASSED] - delay: Delayed 5 second(s)

2018-11-14 11:59:54 - [MESSAGE][PASSED] - Delayed 5 second(s)

2018-11-14 11:59:54 - [TEST_STEP][PASSED] - verifyElementVisible: Object 'Object Repository/retailer admin All Repo/Search Products Details/Page_AppCohesion/created_id/product_title' is visible

2018-11-14 11:59:54 - [MESSAGE][PASSED] - Object 'Object Repository/retailer admin All Repo/Search Products Details/Page_AppCohesion/created_id/product_title' is visible

2018-11-14 11:59:54 - [TEST_STEP][PASSED] - verifyElementText: Actual text and expected text of test object 'Object Repository/retailer admin All Repo/Search Products Details/Page_AppCohesion/created_id/product_title' are matched.

2018-11-14 11:59:54 - [MESSAGE][PASSED] - Actual text and expected text of test object 'Object Repository/retailer admin All Repo/Search Products Details/Page_AppCohesion/created_id/product_title' are matched.

2018-11-14 11:59:54 - [TEST_STEP][PASSED] - verifyElementVisible: Object 'Object Repository/retailer admin All Repo/Search Products Details/Page_AppCohesion/created_id/manufaturer_header' is visible

2018-11-14 11:59:54 - [MESSAGE][PASSED] - Object 'Object Repository/retailer admin All Repo/Search Products Details/Page_AppCohesion/created_id/manufaturer_header' is visible

2018-11-14 11:59:54 - [TEST_STEP][PASSED] - verifyElementVisible: Object 'Object Repository/retailer admin All Repo/Search Products Details/Page_AppCohesion/created_id/manufacture_partno_id' is visible

2018-11-14 11:59:54 - [MESSAGE][PASSED] - Object 'Object Repository/retailer admin All Repo/Search Products Details/Page_AppCohesion/created_id/manufacture_partno_id' is visible

2018-11-14 11:59:54 - [TEST_STEP][PASSED] - verifyElementText: Actual text and expected text of test object 'Object Repository/retailer admin All Repo/Search Products Details/Page_AppCohesion/created_id/manufacture_partno_id' are matched.

2018-11-14 11:59:54 - [MESSAGE][PASSED] - Actual text and expected text of test object 'Object Repository/retailer admin All Repo/Search Products Details/Page_AppCohesion/created_id/manufacture_partno_id' are matched.

2018-11-14 11:59:54 - [TEST_STEP][PASSED] - verifyElementVisible: Object 'Object Repository/retailer admin All Repo/Search Products Details/Page_AppCohesion/created_id/manufacture_name_header' is visible

2018-11-14 11:59:54 - [MESSAGE][PASSED] - Object 'Object Repository/retailer admin All Repo/Search Products Details/Page_AppCohesion/created_id/manufacture_name_header' is visible

2018-11-14 11:59:54 - [TEST_STEP][PASSED] - verifyElementVisible: Object 'Object Repository/retailer admin All Repo/Search Products Details/Page_AppCohesion/created_id/manufacture_name' is visible

2018-11-14 11:59:54 - [MESSAGE][PASSED] - Object 'Object Repository/retailer admin All Repo/Search Products Details/Page_AppCohesion/created_id/manufacture_name' is visible

2018-11-14 11:59:54 - [TEST_STEP][PASSED] - verifyElementText: Actual text and expected text of test object 'Object Repository/retailer admin All Repo/Search Products Details/Page_AppCohesion/created_id/manufacture_name' are matched.

2018-11-14 11:59:54 - [MESSAGE][PASSED] - Actual text and expected text of test object 'Object Repository/retailer admin All Repo/Search Products Details/Page_AppCohesion/created_id/manufacture_name' are matched.

2018-11-14 11:59:54 - [TEST_STEP][PASSED] - verifyElementVisible: Object 'Object Repository/retailer admin All Repo/Search Products Details/Page_AppCohesion/created_id/distributor_header' is visible

2018-11-14 11:59:54 - [MESSAGE][PASSED] - Object 'Object Repository/retailer admin All Repo/Search Products Details/Page_AppCohesion/created_id/distributor_header' is visible

2018-11-14 11:59:54 - [TEST_STEP][PASSED] - verifyElementVisible: Object 'Object Repository/retailer admin All Repo/Search Products Details/Page_AppCohesion/created_id/distributorname_id' is visible

2018-11-14 11:59:54 - [MESSAGE][PASSED] - Object 'Object Repository/retailer admin All Repo/Search Products Details/Page_AppCohesion/created_id/distributorname_id' is visible

2018-11-14 11:59:54 - [TEST_STEP][PASSED] - verifyElementText: Actual text and expected text of test object 'Object Repository/retailer admin All Repo/Search Products Details/Page_AppCohesion/created_id/distributorname_id' are matched.

2018-11-14 11:59:54 - [MESSAGE][PASSED] - Actual text and expected text of test object 'Object Repository/retailer admin All Repo/Search Products Details/Page_AppCohesion/created_id/distributorname_id' are matched.

2018-11-14 11:59:54 - [TEST_STEP][PASSED] - verifyElementVisible: Object 'Object Repository/retailer admin All Repo/Search Products Details/Page_AppCohesion/upc_header' is visible

2018-11-14 11:59:54 - [MESSAGE][PASSED] - Object 'Object Repository/retailer admin All Repo/Search Products Details/Page_AppCohesion/upc_header' is visible

2018-11-14 11:59:54 - [TEST_STEP][PASSED] - verifyElementVisible: Object 'Object Repository/retailer admin All Repo/Search Products Details/Page_AppCohesion/upc_noid' is visible

2018-11-14 11:59:54 - [MESSAGE][PASSED] - Object 'Object Repository/retailer admin All Repo/Search Products Details/Page_AppCohesion/upc_noid' is visible

2018-11-14 11:59:54 - [TEST_STEP][PASSED] - verifyElementText: Actual text and expected text of test object 'Object Repository/retailer admin All Repo/Search Products Details/Page_AppCohesion/upc_noid' are matched.

2018-11-14 11:59:54 - [MESSAGE][PASSED] - Actual text and expected text of test object 'Object Repository/retailer admin All Repo/Search Products Details/Page_AppCohesion/upc_noid' are matched.

2018-11-14 11:59:54 - [TEST_STEP][PASSED] - verifyElementVisible: Object 'Object Repository/retailer admin All Repo/Search Products Details/Page_AppCohesion/created_id/baseprice_header' is visible

2018-11-14 11:59:54 - [MESSAGE][PASSED] - Object 'Object Repository/retailer admin All Repo/Search Products Details/Page_AppCohesion/created_id/baseprice_header' is visible

2018-11-14 11:59:54 - [TEST_STEP][PASSED] - verifyElementVisible: Object 'Object Repository/retailer admin All Repo/Search Products Details/Page_AppCohesion/created_id/baseprice_id' is visible

2018-11-14 11:59:54 - [MESSAGE][PASSED] - Object 'Object Repository/retailer admin All Repo/Search Products Details/Page_AppCohesion/created_id/baseprice_id' is visible

2018-11-14 11:59:54 - [TEST_STEP][PASSED] - verifyElementText: Actual text and expected text of test object 'Object Repository/retailer admin All Repo/Search Products Details/Page_AppCohesion/created_id/baseprice_id' are matched.

2018-11-14 11:59:54 - [MESSAGE][PASSED] - Actual text and expected text of test object 'Object Repository/retailer admin All Repo/Search Products Details/Page_AppCohesion/created_id/baseprice_id' are matched.

2018-11-14 11:59:54 - [TEST_STEP][PASSED] - verifyElementVisible: Object 'Object Repository/retailer admin All Repo/Search Products Details/Page_AppCohesion/created_id/markup_header' is visible

2018-11-14 11:59:54 - [MESSAGE][PASSED] - Object 'Object Repository/retailer admin All Repo/Search Products Details/Page_AppCohesion/created_id/markup_header' is visible

2018-11-14 11:59:54 - [TEST_STEP][PASSED] - verifyElementVisible: Object 'Object Repository/retailer admin All Repo/Search Products Details/Page_AppCohesion/created_id/markup_id' is visible

2018-11-14 11:59:54 - [MESSAGE][PASSED] - Object 'Object Repository/retailer admin All Repo/Search Products Details/Page_AppCohesion/created_id/markup_id' is visible

2018-11-14 11:59:54 - [TEST_STEP][PASSED] - verifyElementText: Actual text and expected text of test object 'Object Repository/retailer admin All Repo/Search Products Details/Page_AppCohesion/created_id/markup_id' are matched.

2018-11-14 11:59:54 - [MESSAGE][PASSED] - Actual text and expected text of test object 'Object Repository/retailer admin All Repo/Search Products Details/Page_AppCohesion/created_id/markup_id' are matched.

2018-11-14 11:59:54 - [TEST_STEP][PASSED] - verifyElementVisible: Object 'Object Repository/retailer admin All Repo/Search Products Details/Page_AppCohesion/created_id/amtpay_header' is visible

2018-11-14 11:59:54 - [MESSAGE][PASSED] - Object 'Object Repository/retailer admin All Repo/Search Products Details/Page_AppCohesion/created_id/amtpay_header' is visible

2018-11-14 11:59:54 - [TEST_STEP][PASSED] - verifyElementVisible: Object 'Object Repository/retailer admin All Repo/Search Products Details/Page_AppCohesion/created_id/amtpay_id' is visible

2018-11-14 11:59:54 - [MESSAGE][PASSED] - Object 'Object Repository/retailer admin All Repo/Search Products Details/Page_AppCohesion/created_id/amtpay_id' is visible

2018-11-14 11:59:54 - [TEST_STEP][PASSED] - verifyElementText: Actual text and expected text of test object 'Object Repository/retailer admin All Repo/Search Products Details/Page_AppCohesion/created_id/amtpay_id' are matched.

2018-11-14 11:59:54 - [MESSAGE][PASSED] - Actual text and expected text of test object 'Object Repository/retailer admin All Repo/Search Products Details/Page_AppCohesion/created_id/amtpay_id' are matched.

2018-11-14 11:59:54 - [TEST_STEP][NOT_RUN] - verifyElementVisible: NOT_RUN: verifyElementVisible

2018-11-14 11:59:54 - [MESSAGE][NOT_RUN] - NOT_RUN: verifyElementVisible

2018-11-14 11:59:54 - [TEST_STEP][NOT_RUN] - verifyElementText: NOT_RUN: verifyElementText

2018-11-14 11:59:54 - [MESSAGE][NOT_RUN] - NOT_RUN: verifyElementText

2018-11-14 11:59:54 - [TEST_STEP][NOT_RUN] - verifyElementVisible: NOT_RUN: verifyElementVisible

2018-11-14 11:59:54 - [MESSAGE][NOT_RUN] - NOT_RUN: verifyElementVisible

2018-11-14 11:59:54 - [TEST_STEP][NOT_RUN] - verifyElementText: NOT_RUN: verifyElementText

2018-11-14 11:59:54 - [MESSAGE][NOT_RUN] - NOT_RUN: verifyElementText

2018-11-14 11:59:54 - [TEST_STEP][PASSED] - verifyElementVisible: Object 'Object Repository/retailer admin All Repo/Search Products Details/Page_AppCohesion/created_id/product_specification' is visible

2018-11-14 11:59:54 - [MESSAGE][PASSED] - Object 'Object Repository/retailer admin All Repo/Search Products Details/Page_AppCohesion/created_id/product_specification' is visible

2018-11-14 11:59:54 - [TEST_STEP][PASSED] - verifyElementVisible: Object 'Object Repository/retailer admin All Repo/Search Products Details/Page_AppCohesion/a_Back to Search' is visible

2018-11-14 11:59:54 - [MESSAGE][PASSED] - Object 'Object Repository/retailer admin All Repo/Search Products Details/Page_AppCohesion/a_Back to Search' is visible

2018-11-14 11:59:54 - [TEST_STEP][PASSED] - click: Object: 'Object Repository/retailer admin All Repo/Search Products Details/Page_AppCohesion/a_Back to Search' is clicked on

2018-11-14 11:59:54 - [MESSAGE][PASSED] - Object: 'Object Repository/retailer admin All Repo/Search Products Details/Page_AppCohesion/a_Back to Search' is clicked on

2018-11-14 11:59:54 - [TEST_STEP][PASSED] - click: Object: 'Object Repository/retailer admin All Repo/retailer_order_placement/key_press_orderList/Page_AppCohesion/a_Dashboard              Dashb' is clicked on

2018-11-14 11:59:54 - [MESSAGE][PASSED] - Object: 'Object Repository/retailer admin All Repo/retailer_order_placement/key_press_orderList/Page_AppCohesion/a_Dashboard              Dashb' is clicked on

2018-11-14 11:59:54 - [TEST_STEP][PASSED] - verifyElementVisible: Object 'Object Repository/retailer admin All Repo/retailer_order_placement/key_press_orderList/Page_AppCohesion/a_Dashboard              Dashb' is visible

2018-11-14 11:59:54 - [MESSAGE][PASSED] - Object 'Object Repository/retailer admin All Repo/retailer_order_placement/key_press_orderList/Page_AppCohesion/a_Dashboard              Dashb' is visible

2018-11-14 11:59:54 - [TEST_STEP][PASSED] - Statement - java.lang.Thread.sleep(8000): null

2018-11-14 12:00:02 - [TEST_STEP][PASSED] - setText: Text 'SGSAR-T678CLPI' is set on object 'Object Repository/retailer admin All Repo/Search Products Details/Page_AppCohesion/input_Settings_searchproduct'

2018-11-14 12:00:03 - [MESSAGE][PASSED] - Text 'SGSAR-T678CLPI' is set on object 'Object Repository/retailer admin All Repo/Search Products Details/Page_AppCohesion/input_Settings_searchproduct'

2018-11-14 12:00:03 - [TEST_STEP][PASSED] - verifyElementVisible: Object 'Object Repository/retailer admin All Repo/Search Products Details/Page_AppCohesion/button_Settings_searchbutton' is visible

2018-11-14 12:00:03 - [MESSAGE][PASSED] - Object 'Object Repository/retailer admin All Repo/Search Products Details/Page_AppCohesion/button_Settings_searchbutton' is visible

2018-11-14 12:00:03 - [TEST_STEP][PASSED] - verifyElementVisible: Object 'Object Repository/retailer admin All Repo/Search Products Details/Page_AppCohesion/input_Settings_searchproduct' is visible

2018-11-14 12:00:03 - [MESSAGE][PASSED] - Object 'Object Repository/retailer admin All Repo/Search Products Details/Page_AppCohesion/input_Settings_searchproduct' is visible

2018-11-14 12:00:03 - [TEST_STEP][PASSED] - click: Object: 'Object Repository/retailer admin All Repo/Search Products Details/Page_AppCohesion/button_Settings_searchbutton' is clicked on

2018-11-14 12:00:03 - [MESSAGE][PASSED] - Object: 'Object Repository/retailer admin All Repo/Search Products Details/Page_AppCohesion/button_Settings_searchbutton' is clicked on

2018-11-14 12:00:03 - [TEST_STEP][PASSED] - delay: Delayed 10 second(s)

2018-11-14 12:00:13 - [MESSAGE][PASSED] - Delayed 10 second(s)

2018-11-14 12:00:13 - [TEST_STEP][PASSED] - verifyElementVisible: Object 'Object Repository/retailer admin All Repo/Search Products Details/Page_AppCohesion/created_id/product_details_rowid' is visible

2018-11-14 12:00:13 - [MESSAGE][PASSED] - Object 'Object Repository/retailer admin All Repo/Search Products Details/Page_AppCohesion/created_id/product_details_rowid' is visible

2018-11-14 12:00:13 - [TEST_STEP][PASSED] - click: Object: 'Object Repository/retailer admin All Repo/Search Products Details/Page_AppCohesion/created_id/product_details_rowid' is clicked on

2018-11-14 12:00:13 - [MESSAGE][PASSED] - Object: 'Object Repository/retailer admin All Repo/Search Products Details/Page_AppCohesion/created_id/product_details_rowid' is clicked on

2018-11-14 12:00:13 - [TEST_STEP][PASSED] - delay: Delayed 5 second(s)

2018-11-14 12:00:18 - [MESSAGE][PASSED] - Delayed 5 second(s)

2018-11-14 12:00:18 - [TEST_STEP][PASSED] - verifyElementVisible: Object 'Object Repository/retailer admin All Repo/Search Products Details/Page_AppCohesion/created_id/product_title' is visible

2018-11-14 12:00:18 - [MESSAGE][PASSED] - Object 'Object Repository/retailer admin All Repo/Search Products Details/Page_AppCohesion/created_id/product_title' is visible

2018-11-14 12:00:18 - [TEST_STEP][PASSED] - verifyElementText: Actual text and expected text of test object 'Object Repository/retailer admin All Repo/Search Products Details/Page_AppCohesion/created_id/product_title' are matched.

2018-11-14 12:00:18 - [MESSAGE][PASSED] - Actual text and expected text of test object 'Object Repository/retailer admin All Repo/Search Products Details/Page_AppCohesion/created_id/product_title' are matched.

2018-11-14 12:00:18 - [TEST_STEP][PASSED] - verifyElementVisible: Object 'Object Repository/retailer admin All Repo/Search Products Details/Page_AppCohesion/created_id/manufaturer_header' is visible

2018-11-14 12:00:18 - [MESSAGE][PASSED] - Object 'Object Repository/retailer admin All Repo/Search Products Details/Page_AppCohesion/created_id/manufaturer_header' is visible

2018-11-14 12:00:18 - [TEST_STEP][PASSED] - verifyElementVisible: Object 'Object Repository/retailer admin All Repo/Search Products Details/Page_AppCohesion/created_id/manufacture_partno_id' is visible

2018-11-14 12:00:18 - [MESSAGE][PASSED] - Object 'Object Repository/retailer admin All Repo/Search Products Details/Page_AppCohesion/created_id/manufacture_partno_id' is visible

2018-11-14 12:00:18 - [TEST_STEP][PASSED] - verifyElementText: Actual text and expected text of test object 'Object Repository/retailer admin All Repo/Search Products Details/Page_AppCohesion/created_id/manufacture_partno_id' are matched.

2018-11-14 12:00:18 - [MESSAGE][PASSED] - Actual text and expected text of test object 'Object Repository/retailer admin All Repo/Search Products Details/Page_AppCohesion/created_id/manufacture_partno_id' are matched.

2018-11-14 12:00:18 - [TEST_STEP][PASSED] - verifyElementVisible: Object 'Object Repository/retailer admin All Repo/Search Products Details/Page_AppCohesion/created_id/manufacture_name_header' is visible

2018-11-14 12:00:18 - [MESSAGE][PASSED] - Object 'Object Repository/retailer admin All Repo/Search Products Details/Page_AppCohesion/created_id/manufacture_name_header' is visible

2018-11-14 12:00:18 - [TEST_STEP][PASSED] - verifyElementVisible: Object 'Object Repository/retailer admin All Repo/Search Products Details/Page_AppCohesion/created_id/manufacture_name' is visible

2018-11-14 12:00:18 - [MESSAGE][PASSED] - Object 'Object Repository/retailer admin All Repo/Search Products Details/Page_AppCohesion/created_id/manufacture_name' is visible

2018-11-14 12:00:18 - [TEST_STEP][PASSED] - verifyElementText: Actual text and expected text of test object 'Object Repository/retailer admin All Repo/Search Products Details/Page_AppCohesion/created_id/manufacture_name' are matched.

2018-11-14 12:00:18 - [MESSAGE][PASSED] - Actual text and expected text of test object 'Object Repository/retailer admin All Repo/Search Products Details/Page_AppCohesion/created_id/manufacture_name' are matched.

2018-11-14 12:00:18 - [TEST_STEP][PASSED] - verifyElementVisible: Object 'Object Repository/retailer admin All Repo/Search Products Details/Page_AppCohesion/created_id/distributor_header' is visible

2018-11-14 12:00:18 - [MESSAGE][PASSED] - Object 'Object Repository/retailer admin All Repo/Search Products Details/Page_AppCohesion/created_id/distributor_header' is visible

2018-11-14 12:00:18 - [TEST_STEP][PASSED] - verifyElementVisible: Object 'Object Repository/retailer admin All Repo/Search Products Details/Page_AppCohesion/created_id/distributorname_id' is visible

2018-11-14 12:00:18 - [MESSAGE][PASSED] - Object 'Object Repository/retailer admin All Repo/Search Products Details/Page_AppCohesion/created_id/distributorname_id' is visible

2018-11-14 12:00:18 - [TEST_STEP][PASSED] - verifyElementText: Actual text and expected text of test object 'Object Repository/retailer admin All Repo/Search Products Details/Page_AppCohesion/created_id/distributorname_id' are matched.

2018-11-14 12:00:18 - [MESSAGE][PASSED] - Actual text and expected text of test object 'Object Repository/retailer admin All Repo/Search Products Details/Page_AppCohesion/created_id/distributorname_id' are matched.

2018-11-14 12:00:18 - [TEST_STEP][PASSED] - verifyElementVisible: Object 'Object Repository/retailer admin All Repo/Search Products Details/Page_AppCohesion/upc_header' is visible

2018-11-14 12:00:18 - [MESSAGE][PASSED] - Object 'Object Repository/retailer admin All Repo/Search Products Details/Page_AppCohesion/upc_header' is visible

2018-11-14 12:00:18 - [TEST_STEP][PASSED] - verifyElementVisible: Object 'Object Repository/retailer admin All Repo/Search Products Details/Page_AppCohesion/upc_noid' is visible

2018-11-14 12:00:18 - [MESSAGE][PASSED] - Object 'Object Repository/retailer admin All Repo/Search Products Details/Page_AppCohesion/upc_noid' is visible

2018-11-14 12:00:18 - [TEST_STEP][PASSED] - verifyElementText: Actual text and expected text of test object 'Object Repository/retailer admin All Repo/Search Products Details/Page_AppCohesion/upc_noid' are matched.

2018-11-14 12:00:18 - [MESSAGE][PASSED] - Actual text and expected text of test object 'Object Repository/retailer admin All Repo/Search Products Details/Page_AppCohesion/upc_noid' are matched.

2018-11-14 12:00:18 - [TEST_STEP][PASSED] - verifyElementVisible: Object 'Object Repository/retailer admin All Repo/Search Products Details/Page_AppCohesion/created_id/baseprice_header' is visible

2018-11-14 12:00:18 - [MESSAGE][PASSED] - Object 'Object Repository/retailer admin All Repo/Search Products Details/Page_AppCohesion/created_id/baseprice_header' is visible

2018-11-14 12:00:18 - [TEST_STEP][PASSED] - verifyElementVisible: Object 'Object Repository/retailer admin All Repo/Search Products Details/Page_AppCohesion/created_id/baseprice_id' is visible

2018-11-14 12:00:18 - [MESSAGE][PASSED] - Object 'Object Repository/retailer admin All Repo/Search Products Details/Page_AppCohesion/created_id/baseprice_id' is visible

2018-11-14 12:00:18 - [TEST_STEP][PASSED] - verifyElementText: Actual text and expected text of test object 'Object Repository/retailer admin All Repo/Search Products Details/Page_AppCohesion/created_id/baseprice_id' are matched.

2018-11-14 12:00:18 - [MESSAGE][PASSED] - Actual text and expected text of test object 'Object Repository/retailer admin All Repo/Search Products Details/Page_AppCohesion/created_id/baseprice_id' are matched.

2018-11-14 12:00:18 - [TEST_STEP][PASSED] - verifyElementVisible: Object 'Object Repository/retailer admin All Repo/Search Products Details/Page_AppCohesion/created_id/markup_header' is visible

2018-11-14 12:00:18 - [MESSAGE][PASSED] - Object 'Object Repository/retailer admin All Repo/Search Products Details/Page_AppCohesion/created_id/markup_header' is visible

2018-11-14 12:00:18 - [TEST_STEP][PASSED] - verifyElementVisible: Object 'Object Repository/retailer admin All Repo/Search Products Details/Page_AppCohesion/created_id/markup_id' is visible

2018-11-14 12:00:18 - [MESSAGE][PASSED] - Object 'Object Repository/retailer admin All Repo/Search Products Details/Page_AppCohesion/created_id/markup_id' is visible

2018-11-14 12:00:18 - [TEST_STEP][PASSED] - verifyElementText: Actual text and expected text of test object 'Object Repository/retailer admin All Repo/Search Products Details/Page_AppCohesion/created_id/markup_id' are matched.

2018-11-14 12:00:18 - [MESSAGE][PASSED] - Actual text and expected text of test object 'Object Repository/retailer admin All Repo/Search Products Details/Page_AppCohesion/created_id/markup_id' are matched.

2018-11-14 12:00:18 - [TEST_STEP][PASSED] - verifyElementVisible: Object 'Object Repository/retailer admin All Repo/Search Products Details/Page_AppCohesion/created_id/amtpay_header' is visible

2018-11-14 12:00:18 - [MESSAGE][PASSED] - Object 'Object Repository/retailer admin All Repo/Search Products Details/Page_AppCohesion/created_id/amtpay_header' is visible

2018-11-14 12:00:18 - [TEST_STEP][PASSED] - verifyElementVisible: Object 'Object Repository/retailer admin All Repo/Search Products Details/Page_AppCohesion/created_id/amtpay_id' is visible

2018-11-14 12:00:18 - [MESSAGE][PASSED] - Object 'Object Repository/retailer admin All Repo/Search Products Details/Page_AppCohesion/created_id/amtpay_id' is visible

2018-11-14 12:00:18 - [TEST_STEP][PASSED] - verifyElementText: Actual text and expected text of test object 'Object Repository/retailer admin All Repo/Search Products Details/Page_AppCohesion/created_id/amtpay_id' are matched.

2018-11-14 12:00:18 - [MESSAGE][PASSED] - Actual text and expected text of test object 'Object Repository/retailer admin All Repo/Search Products Details/Page_AppCohesion/created_id/amtpay_id' are matched.

2018-11-14 12:00:18 - [TEST_STEP][NOT_RUN] - verifyElementVisible: NOT_RUN: verifyElementVisible

2018-11-14 12:00:18 - [MESSAGE][NOT_RUN] - NOT_RUN: verifyElementVisible

2018-11-14 12:00:18 - [TEST_STEP][NOT_RUN] - verifyElementText: NOT_RUN: verifyElementText

2018-11-14 12:00:18 - [MESSAGE][NOT_RUN] - NOT_RUN: verifyElementText

2018-11-14 12:00:18 - [TEST_STEP][NOT_RUN] - verifyElementVisible: NOT_RUN: verifyElementVisible

2018-11-14 12:00:18 - [MESSAGE][NOT_RUN] - NOT_RUN: verifyElementVisible

2018-11-14 12:00:18 - [TEST_STEP][NOT_RUN] - verifyElementText: NOT_RUN: verifyElementText

2018-11-14 12:00:18 - [MESSAGE][NOT_RUN] - NOT_RUN: verifyElementText

2018-11-14 12:00:18 - [TEST_STEP][PASSED] - verifyElementVisible: Object 'Object Repository/retailer admin All Repo/Search Products Details/Page_AppCohesion/created_id/product_specification' is visible

2018-11-14 12:00:18 - [MESSAGE][PASSED] - Object 'Object Repository/retailer admin All Repo/Search Products Details/Page_AppCohesion/created_id/product_specification' is visible

2018-11-14 12:00:18 - [TEST_STEP][PASSED] - verifyElementVisible: Object 'Object Repository/retailer admin All Repo/Search Products Details/Page_AppCohesion/a_Back to Search' is visible

2018-11-14 12:00:18 - [MESSAGE][PASSED] - Object 'Object Repository/retailer admin All Repo/Search Products Details/Page_AppCohesion/a_Back to Search' is visible

2018-11-14 12:00:18 - [TEST_STEP][PASSED] - click: Object: 'Object Repository/retailer admin All Repo/Search Products Details/Page_AppCohesion/a_Back to Search' is clicked on

2018-11-14 12:00:19 - [MESSAGE][PASSED] - Object: 'Object Repository/retailer admin All Repo/Search Products Details/Page_AppCohesion/a_Back to Search' is clicked on

2018-11-14 12:00:19 - [TEST_STEP][PASSED] - click: Object: 'Object Repository/retailer admin All Repo/retailer_order_placement/key_press_orderList/Page_AppCohesion/a_Dashboard              Dashb' is clicked on

2018-11-14 12:00:19 - [MESSAGE][PASSED] - Object: 'Object Repository/retailer admin All Repo/retailer_order_placement/key_press_orderList/Page_AppCohesion/a_Dashboard              Dashb' is clicked on

2018-11-14 12:00:19 - [TEST_STEP][PASSED] - verifyElementVisible: Object 'Object Repository/retailer admin All Repo/retailer_order_placement/key_press_orderList/Page_AppCohesion/a_Dashboard              Dashb' is visible

2018-11-14 12:00:19 - [MESSAGE][PASSED] - Object 'Object Repository/retailer admin All Repo/retailer_order_placement/key_press_orderList/Page_AppCohesion/a_Dashboard              Dashb' is visible

2018-11-14 12:00:19 - [TEST_STEP][PASSED] - Statement - java.lang.Thread.sleep(8000): null

2018-11-14 12:00:27 - [TEST_STEP][PASSED] - setText: Text 'BNDRM-3TJZ4D5G' is set on object 'Object Repository/retailer admin All Repo/Search Products Details/Page_AppCohesion/input_Settings_searchproduct'

2018-11-14 12:00:27 - [MESSAGE][PASSED] - Text 'BNDRM-3TJZ4D5G' is set on object 'Object Repository/retailer admin All Repo/Search Products Details/Page_AppCohesion/input_Settings_searchproduct'

2018-11-14 12:00:27 - [TEST_STEP][PASSED] - verifyElementVisible: Object 'Object Repository/retailer admin All Repo/Search Products Details/Page_AppCohesion/button_Settings_searchbutton' is visible

2018-11-14 12:00:27 - [MESSAGE][PASSED] - Object 'Object Repository/retailer admin All Repo/Search Products Details/Page_AppCohesion/button_Settings_searchbutton' is visible

2018-11-14 12:00:27 - [TEST_STEP][PASSED] - verifyElementVisible: Object 'Object Repository/retailer admin All Repo/Search Products Details/Page_AppCohesion/input_Settings_searchproduct' is visible

2018-11-14 12:00:27 - [MESSAGE][PASSED] - Object 'Object Repository/retailer admin All Repo/Search Products Details/Page_AppCohesion/input_Settings_searchproduct' is visible

2018-11-14 12:00:27 - [TEST_STEP][PASSED] - click: Object: 'Object Repository/retailer admin All Repo/Search Products Details/Page_AppCohesion/button_Settings_searchbutton' is clicked on

2018-11-14 12:00:27 - [MESSAGE][PASSED] - Object: 'Object Repository/retailer admin All Repo/Search Products Details/Page_AppCohesion/button_Settings_searchbutton' is clicked on

2018-11-14 12:00:27 - [TEST_STEP][PASSED] - delay: Delayed 10 second(s)

2018-11-14 12:00:37 - [MESSAGE][PASSED] - Delayed 10 second(s)

2018-11-14 12:00:37 - [TEST_STEP][PASSED] - verifyElementVisible: Object 'Object Repository/retailer admin All Repo/Search Products Details/Page_AppCohesion/created_id/product_details_rowid' is visible

2018-11-14 12:00:37 - [MESSAGE][PASSED] - Object 'Object Repository/retailer admin All Repo/Search Products Details/Page_AppCohesion/created_id/product_details_rowid' is visible

2018-11-14 12:00:37 - [TEST_STEP][PASSED] - click: Object: 'Object Repository/retailer admin All Repo/Search Products Details/Page_AppCohesion/created_id/product_details_rowid' is clicked on

2018-11-14 12:00:37 - [MESSAGE][PASSED] - Object: 'Object Repository/retailer admin All Repo/Search Products Details/Page_AppCohesion/created_id/product_details_rowid' is clicked on

2018-11-14 12:00:37 - [TEST_STEP][PASSED] - delay: Delayed 5 second(s)

2018-11-14 12:00:42 - [MESSAGE][PASSED] - Delayed 5 second(s)

2018-11-14 12:00:42 - [TEST_STEP][PASSED] - verifyElementVisible: Object 'Object Repository/retailer admin All Repo/Search Products Details/Page_AppCohesion/created_id/product_title' is visible

2018-11-14 12:00:42 - [MESSAGE][PASSED] - Object 'Object Repository/retailer admin All Repo/Search Products Details/Page_AppCohesion/created_id/product_title' is visible

2018-11-14 12:00:42 - [TEST_STEP][PASSED] - verifyElementText: Actual text and expected text of test object 'Object Repository/retailer admin All Repo/Search Products Details/Page_AppCohesion/created_id/product_title' are matched.

2018-11-14 12:00:42 - [MESSAGE][PASSED] - Actual text and expected text of test object 'Object Repository/retailer admin All Repo/Search Products Details/Page_AppCohesion/created_id/product_title' are matched.

2018-11-14 12:00:42 - [TEST_STEP][PASSED] - verifyElementVisible: Object 'Object Repository/retailer admin All Repo/Search Products Details/Page_AppCohesion/created_id/manufaturer_header' is visible

2018-11-14 12:00:42 - [MESSAGE][PASSED] - Object 'Object Repository/retailer admin All Repo/Search Products Details/Page_AppCohesion/created_id/manufaturer_header' is visible

2018-11-14 12:00:42 - [TEST_STEP][PASSED] - verifyElementVisible: Object 'Object Repository/retailer admin All Repo/Search Products Details/Page_AppCohesion/created_id/manufacture_partno_id' is visible

2018-11-14 12:00:42 - [MESSAGE][PASSED] - Object 'Object Repository/retailer admin All Repo/Search Products Details/Page_AppCohesion/created_id/manufacture_partno_id' is visible

2018-11-14 12:00:42 - [TEST_STEP][PASSED] - verifyElementText: Actual text and expected text of test object 'Object Repository/retailer admin All Repo/Search Products Details/Page_AppCohesion/created_id/manufacture_partno_id' are matched.

2018-11-14 12:00:42 - [MESSAGE][PASSED] - Actual text and expected text of test object 'Object Repository/retailer admin All Repo/Search Products Details/Page_AppCohesion/created_id/manufacture_partno_id' are matched.

2018-11-14 12:00:42 - [TEST_STEP][PASSED] - verifyElementVisible: Object 'Object Repository/retailer admin All Repo/Search Products Details/Page_AppCohesion/created_id/manufacture_name_header' is visible

2018-11-14 12:00:42 - [MESSAGE][PASSED] - Object 'Object Repository/retailer admin All Repo/Search Products Details/Page_AppCohesion/created_id/manufacture_name_header' is visible

2018-11-14 12:00:42 - [TEST_STEP][PASSED] - verifyElementVisible: Object 'Object Repository/retailer admin All Repo/Search Products Details/Page_AppCohesion/created_id/manufacture_name' is visible

2018-11-14 12:00:42 - [MESSAGE][PASSED] - Object 'Object Repository/retailer admin All Repo/Search Products Details/Page_AppCohesion/created_id/manufacture_name' is visible

2018-11-14 12:00:42 - [TEST_STEP][PASSED] - verifyElementText: Actual text and expected text of test object 'Object Repository/retailer admin All Repo/Search Products Details/Page_AppCohesion/created_id/manufacture_name' are matched.

2018-11-14 12:00:42 - [MESSAGE][PASSED] - Actual text and expected text of test object 'Object Repository/retailer admin All Repo/Search Products Details/Page_AppCohesion/created_id/manufacture_name' are matched.

2018-11-14 12:00:42 - [TEST_STEP][PASSED] - verifyElementVisible: Object 'Object Repository/retailer admin All Repo/Search Products Details/Page_AppCohesion/created_id/distributor_header' is visible

2018-11-14 12:00:42 - [MESSAGE][PASSED] - Object 'Object Repository/retailer admin All Repo/Search Products Details/Page_AppCohesion/created_id/distributor_header' is visible

2018-11-14 12:00:42 - [TEST_STEP][PASSED] - verifyElementVisible: Object 'Object Repository/retailer admin All Repo/Search Products Details/Page_AppCohesion/created_id/distributorname_id' is visible

2018-11-14 12:00:42 - [MESSAGE][PASSED] - Object 'Object Repository/retailer admin All Repo/Search Products Details/Page_AppCohesion/created_id/distributorname_id' is visible

2018-11-14 12:00:42 - [TEST_STEP][PASSED] - verifyElementText: Actual text and expected text of test object 'Object Repository/retailer admin All Repo/Search Products Details/Page_AppCohesion/created_id/distributorname_id' are matched.

2018-11-14 12:00:42 - [MESSAGE][PASSED] - Actual text and expected text of test object 'Object Repository/retailer admin All Repo/Search Products Details/Page_AppCohesion/created_id/distributorname_id' are matched.

2018-11-14 12:00:42 - [TEST_STEP][PASSED] - verifyElementVisible: Object 'Object Repository/retailer admin All Repo/Search Products Details/Page_AppCohesion/upc_header' is visible

2018-11-14 12:00:42 - [MESSAGE][PASSED] - Object 'Object Repository/retailer admin All Repo/Search Products Details/Page_AppCohesion/upc_header' is visible

2018-11-14 12:00:42 - [TEST_STEP][PASSED] - verifyElementVisible: Object 'Object Repository/retailer admin All Repo/Search Products Details/Page_AppCohesion/upc_noid' is visible

2018-11-14 12:00:42 - [MESSAGE][PASSED] - Object 'Object Repository/retailer admin All Repo/Search Products Details/Page_AppCohesion/upc_noid' is visible

2018-11-14 12:00:42 - [TEST_STEP][PASSED] - verifyElementText: Actual text and expected text of test object 'Object Repository/retailer admin All Repo/Search Products Details/Page_AppCohesion/upc_noid' are matched.

2018-11-14 12:00:42 - [MESSAGE][PASSED] - Actual text and expected text of test object 'Object Repository/retailer admin All Repo/Search Products Details/Page_AppCohesion/upc_noid' are matched.

2018-11-14 12:00:42 - [TEST_STEP][PASSED] - verifyElementVisible: Object 'Object Repository/retailer admin All Repo/Search Products Details/Page_AppCohesion/created_id/baseprice_header' is visible

2018-11-14 12:00:42 - [MESSAGE][PASSED] - Object 'Object Repository/retailer admin All Repo/Search Products Details/Page_AppCohesion/created_id/baseprice_header' is visible

2018-11-14 12:00:42 - [TEST_STEP][PASSED] - verifyElementVisible: Object 'Object Repository/retailer admin All Repo/Search Products Details/Page_AppCohesion/created_id/baseprice_id' is visible

2018-11-14 12:00:42 - [MESSAGE][PASSED] - Object 'Object Repository/retailer admin All Repo/Search Products Details/Page_AppCohesion/created_id/baseprice_id' is visible

2018-11-14 12:00:42 - [TEST_STEP][PASSED] - verifyElementText: Actual text and expected text of test object 'Object Repository/retailer admin All Repo/Search Products Details/Page_AppCohesion/created_id/baseprice_id' are matched.

2018-11-14 12:00:42 - [MESSAGE][PASSED] - Actual text and expected text of test object 'Object Repository/retailer admin All Repo/Search Products Details/Page_AppCohesion/created_id/baseprice_id' are matched.

2018-11-14 12:00:42 - [TEST_STEP][PASSED] - verifyElementVisible: Object 'Object Repository/retailer admin All Repo/Search Products Details/Page_AppCohesion/created_id/markup_header' is visible

2018-11-14 12:00:43 - [MESSAGE][PASSED] - Object 'Object Repository/retailer admin All Repo/Search Products Details/Page_AppCohesion/created_id/markup_header' is visible

2018-11-14 12:00:43 - [TEST_STEP][PASSED] - verifyElementVisible: Object 'Object Repository/retailer admin All Repo/Search Products Details/Page_AppCohesion/created_id/markup_id' is visible

2018-11-14 12:00:43 - [MESSAGE][PASSED] - Object 'Object Repository/retailer admin All Repo/Search Products Details/Page_AppCohesion/created_id/markup_id' is visible

2018-11-14 12:00:43 - [TEST_STEP][PASSED] - verifyElementText: Actual text and expected text of test object 'Object Repository/retailer admin All Repo/Search Products Details/Page_AppCohesion/created_id/markup_id' are matched.

2018-11-14 12:00:43 - [MESSAGE][PASSED] - Actual text and expected text of test object 'Object Repository/retailer admin All Repo/Search Products Details/Page_AppCohesion/created_id/markup_id' are matched.

2018-11-14 12:00:43 - [TEST_STEP][PASSED] - verifyElementVisible: Object 'Object Repository/retailer admin All Repo/Search Products Details/Page_AppCohesion/created_id/amtpay_header' is visible

2018-11-14 12:00:43 - [MESSAGE][PASSED] - Object 'Object Repository/retailer admin All Repo/Search Products Details/Page_AppCohesion/created_id/amtpay_header' is visible

2018-11-14 12:00:43 - [TEST_STEP][PASSED] - verifyElementVisible: Object 'Object Repository/retailer admin All Repo/Search Products Details/Page_AppCohesion/created_id/amtpay_id' is visible

2018-11-14 12:00:43 - [MESSAGE][PASSED] - Object 'Object Repository/retailer admin All Repo/Search Products Details/Page_AppCohesion/created_id/amtpay_id' is visible

2018-11-14 12:00:43 - [TEST_STEP][PASSED] - verifyElementText: Actual text and expected text of test object 'Object Repository/retailer admin All Repo/Search Products Details/Page_AppCohesion/created_id/amtpay_id' are matched.

2018-11-14 12:00:43 - [MESSAGE][PASSED] - Actual text and expected text of test object 'Object Repository/retailer admin All Repo/Search Products Details/Page_AppCohesion/created_id/amtpay_id' are matched.

2018-11-14 12:00:43 - [TEST_STEP][NOT_RUN] - verifyElementVisible: NOT_RUN: verifyElementVisible

2018-11-14 12:00:43 - [MESSAGE][NOT_RUN] - NOT_RUN: verifyElementVisible

2018-11-14 12:00:43 - [TEST_STEP][NOT_RUN] - verifyElementText: NOT_RUN: verifyElementText

2018-11-14 12:00:43 - [MESSAGE][NOT_RUN] - NOT_RUN: verifyElementText

2018-11-14 12:00:43 - [TEST_STEP][NOT_RUN] - verifyElementVisible: NOT_RUN: verifyElementVisible

2018-11-14 12:00:43 - [MESSAGE][NOT_RUN] - NOT_RUN: verifyElementVisible

2018-11-14 12:00:43 - [TEST_STEP][NOT_RUN] - verifyElementText: NOT_RUN: verifyElementText

2018-11-14 12:00:43 - [MESSAGE][NOT_RUN] - NOT_RUN: verifyElementText

2018-11-14 12:00:43 - [TEST_STEP][PASSED] - verifyElementVisible: Object 'Object Repository/retailer admin All Repo/Search Products Details/Page_AppCohesion/created_id/product_specification' is visible

2018-11-14 12:00:43 - [MESSAGE][PASSED] - Object 'Object Repository/retailer admin All Repo/Search Products Details/Page_AppCohesion/created_id/product_specification' is visible

2018-11-14 12:00:43 - [TEST_STEP][PASSED] - verifyElementVisible: Object 'Object Repository/retailer admin All Repo/Search Products Details/Page_AppCohesion/a_Back to Search' is visible

2018-11-14 12:00:43 - [MESSAGE][PASSED] - Object 'Object Repository/retailer admin All Repo/Search Products Details/Page_AppCohesion/a_Back to Search' is visible

2018-11-14 12:00:43 - [TEST_STEP][PASSED] - click: Object: 'Object Repository/retailer admin All Repo/Search Products Details/Page_AppCohesion/a_Back to Search' is clicked on

2018-11-14 12:00:43 - [MESSAGE][PASSED] - Object: 'Object Repository/retailer admin All Repo/Search Products Details/Page_AppCohesion/a_Back to Search' is clicked on

2018-11-14 12:00:43 - [TEST_STEP][PASSED] - click: Object: 'Object Repository/retailer admin All Repo/retailer_order_placement/key_press_orderList/Page_AppCohesion/a_Dashboard              Dashb' is clicked on

2018-11-14 12:00:43 - [MESSAGE][PASSED] - Object: 'Object Repository/retailer admin All Repo/retailer_order_placement/key_press_orderList/Page_AppCohesion/a_Dashboard              Dashb' is clicked on

2018-11-14 12:00:43 - [TEST_STEP][PASSED] - verifyElementVisible: Object 'Object Repository/retailer admin All Repo/retailer_order_placement/key_press_orderList/Page_AppCohesion/a_Dashboard              Dashb' is visible

2018-11-14 12:00:43 - [MESSAGE][PASSED] - Object 'Object Repository/retailer admin All Repo/retailer_order_placement/key_press_orderList/Page_AppCohesion/a_Dashboard              Dashb' is visible

2018-11-14 12:00:43 - [TEST_STEP][PASSED] - Statement - java.lang.Thread.sleep(8000): null]]></system-out>
         <system-err><![CDATA[]]></system-err>
      </testcase>
      <testcase name="Test Cases/RetailerAdmin_Login_All_Functionality/Product_details/search_products_details_datafile" classname="Test Cases/RetailerAdmin_Login_All_Functionality/Product_details/search_products_details_datafile" status="PASSED">
         <system-out><![CDATA[2018-11-14 12:00:51 - [TEST_CASE][PASSED] - Test Cases/RetailerAdmin_Login_All_Functionality/Product_details/search_products_details_datafile: Test Cases/RetailerAdmin_Login_All_Functionality/Product_details/search_products_details_datafile

2018-11-14 12:00:51 - [TEST_STEP][PASSED] - callTestCase: Call Test Case 'Test Cases/Call Test Case/Login_retailer_testcase' successfully

2018-11-14 12:00:51 - [TEST_CASE][PASSED] - Test Cases/Call Test Case/Login_retailer_testcase: Test Cases/Call Test Case/Login_retailer_testcase

2018-11-14 12:00:51 - [TEST_STEP][PASSED] - openBrowser: Browser is opened with url: 'https://app-qa.appcohesion.io/'

2018-11-14 12:00:51 - [MESSAGE][WARNING] - A browser is already opened. Closing browser and opening a new one

2018-11-14 12:00:58 - [MESSAGE][PASSED] - Browser is opened with url: 'https://app-qa.appcohesion.io/'

2018-11-14 12:00:58 - [TEST_STEP][PASSED] - maximizeWindow: Current window maximized

2018-11-14 12:00:59 - [MESSAGE][PASSED] - Current window maximized

2018-11-14 12:00:59 - [TEST_STEP][PASSED] - setText: Text 'RACreation@10_9' is set on object 'Object Repository/Login_OR/Page_AppCohesion/input_User Name_ac_username'

2018-11-14 12:00:59 - [MESSAGE][PASSED] - Text 'RACreation@10_9' is set on object 'Object Repository/Login_OR/Page_AppCohesion/input_User Name_ac_username'

2018-11-14 12:00:59 - [TEST_STEP][PASSED] - setText: Text 'RACreation@10_9' is set on object 'Object Repository/Login_OR/Page_AppCohesion/input_Password_ac_password'

2018-11-14 12:00:59 - [MESSAGE][PASSED] - Text 'RACreation@10_9' is set on object 'Object Repository/Login_OR/Page_AppCohesion/input_Password_ac_password'

2018-11-14 12:00:59 - [TEST_STEP][PASSED] - click: Object: 'Object Repository/Login_OR/Page_AppCohesion/button_Login Now' is clicked on

2018-11-14 12:00:59 - [MESSAGE][PASSED] - Object: 'Object Repository/Login_OR/Page_AppCohesion/button_Login Now' is clicked on

2018-11-14 12:00:59 - [TEST_STEP][PASSED] - waitForPageLoad: Wait for page load successfully

2018-11-14 12:00:59 - [MESSAGE][PASSED] - Wait for page load successfully

2018-11-14 12:00:59 - [MESSAGE][PASSED] - Call Test Case 'Test Cases/Call Test Case/Login_retailer_testcase' successfully

2018-11-14 12:00:59 - [TEST_STEP][PASSED] - Statement - For ([rowNum = 1, rowNum <= 4, (rowNum++)]): null

2018-11-14 12:00:59 - [TEST_STEP][PASSED] - setText: Text 'RUGER-UCSR7GCZ' is set on object 'Object Repository/retailer admin All Repo/Search Products Details/Page_AppCohesion/input_Settings_searchproduct'

2018-11-14 12:01:03 - [MESSAGE][PASSED] - Text 'RUGER-UCSR7GCZ' is set on object 'Object Repository/retailer admin All Repo/Search Products Details/Page_AppCohesion/input_Settings_searchproduct'

2018-11-14 12:01:03 - [TEST_STEP][PASSED] - verifyElementVisible: Object 'Object Repository/retailer admin All Repo/Search Products Details/Page_AppCohesion/button_Settings_searchbutton' is visible

2018-11-14 12:01:03 - [MESSAGE][PASSED] - Object 'Object Repository/retailer admin All Repo/Search Products Details/Page_AppCohesion/button_Settings_searchbutton' is visible

2018-11-14 12:01:03 - [TEST_STEP][PASSED] - verifyElementVisible: Object 'Object Repository/retailer admin All Repo/Search Products Details/Page_AppCohesion/input_Settings_searchproduct' is visible

2018-11-14 12:01:03 - [MESSAGE][PASSED] - Object 'Object Repository/retailer admin All Repo/Search Products Details/Page_AppCohesion/input_Settings_searchproduct' is visible

2018-11-14 12:01:03 - [TEST_STEP][PASSED] - click: Object: 'Object Repository/retailer admin All Repo/Search Products Details/Page_AppCohesion/button_Settings_searchbutton' is clicked on

2018-11-14 12:01:03 - [MESSAGE][PASSED] - Object: 'Object Repository/retailer admin All Repo/Search Products Details/Page_AppCohesion/button_Settings_searchbutton' is clicked on

2018-11-14 12:01:03 - [TEST_STEP][PASSED] - delay: Delayed 10 second(s)

2018-11-14 12:01:13 - [MESSAGE][PASSED] - Delayed 10 second(s)

2018-11-14 12:01:13 - [TEST_STEP][PASSED] - verifyElementVisible: Object 'Object Repository/retailer admin All Repo/Search Products Details/Page_AppCohesion/created_id/product_details_rowid' is visible

2018-11-14 12:01:13 - [MESSAGE][PASSED] - Object 'Object Repository/retailer admin All Repo/Search Products Details/Page_AppCohesion/created_id/product_details_rowid' is visible

2018-11-14 12:01:13 - [TEST_STEP][PASSED] - click: Object: 'Object Repository/retailer admin All Repo/Search Products Details/Page_AppCohesion/created_id/product_details_rowid' is clicked on

2018-11-14 12:01:13 - [MESSAGE][PASSED] - Object: 'Object Repository/retailer admin All Repo/Search Products Details/Page_AppCohesion/created_id/product_details_rowid' is clicked on

2018-11-14 12:01:13 - [TEST_STEP][PASSED] - delay: Delayed 5 second(s)

2018-11-14 12:01:18 - [MESSAGE][PASSED] - Delayed 5 second(s)

2018-11-14 12:01:18 - [TEST_STEP][PASSED] - verifyElementVisible: Object 'Object Repository/retailer admin All Repo/Search Products Details/Page_AppCohesion/created_id/product_title' is visible

2018-11-14 12:01:18 - [MESSAGE][PASSED] - Object 'Object Repository/retailer admin All Repo/Search Products Details/Page_AppCohesion/created_id/product_title' is visible

2018-11-14 12:01:18 - [TEST_STEP][PASSED] - verifyElementText: Actual text and expected text of test object 'Object Repository/retailer admin All Repo/Search Products Details/Page_AppCohesion/created_id/product_title' are matched.

2018-11-14 12:01:18 - [MESSAGE][PASSED] - Actual text and expected text of test object 'Object Repository/retailer admin All Repo/Search Products Details/Page_AppCohesion/created_id/product_title' are matched.

2018-11-14 12:01:18 - [TEST_STEP][PASSED] - verifyElementVisible: Object 'Object Repository/retailer admin All Repo/Search Products Details/Page_AppCohesion/created_id/manufaturer_header' is visible

2018-11-14 12:01:18 - [MESSAGE][PASSED] - Object 'Object Repository/retailer admin All Repo/Search Products Details/Page_AppCohesion/created_id/manufaturer_header' is visible

2018-11-14 12:01:18 - [TEST_STEP][PASSED] - verifyElementVisible: Object 'Object Repository/retailer admin All Repo/Search Products Details/Page_AppCohesion/created_id/manufacture_partno_id' is visible

2018-11-14 12:01:18 - [MESSAGE][PASSED] - Object 'Object Repository/retailer admin All Repo/Search Products Details/Page_AppCohesion/created_id/manufacture_partno_id' is visible

2018-11-14 12:01:18 - [TEST_STEP][PASSED] - verifyElementText: Actual text and expected text of test object 'Object Repository/retailer admin All Repo/Search Products Details/Page_AppCohesion/created_id/manufacture_partno_id' are matched.

2018-11-14 12:01:18 - [MESSAGE][PASSED] - Actual text and expected text of test object 'Object Repository/retailer admin All Repo/Search Products Details/Page_AppCohesion/created_id/manufacture_partno_id' are matched.

2018-11-14 12:01:18 - [TEST_STEP][PASSED] - verifyElementVisible: Object 'Object Repository/retailer admin All Repo/Search Products Details/Page_AppCohesion/created_id/manufacture_name_header' is visible

2018-11-14 12:01:18 - [MESSAGE][PASSED] - Object 'Object Repository/retailer admin All Repo/Search Products Details/Page_AppCohesion/created_id/manufacture_name_header' is visible

2018-11-14 12:01:18 - [TEST_STEP][PASSED] - verifyElementVisible: Object 'Object Repository/retailer admin All Repo/Search Products Details/Page_AppCohesion/created_id/manufacture_name' is visible

2018-11-14 12:01:18 - [MESSAGE][PASSED] - Object 'Object Repository/retailer admin All Repo/Search Products Details/Page_AppCohesion/created_id/manufacture_name' is visible

2018-11-14 12:01:18 - [TEST_STEP][PASSED] - verifyElementText: Actual text and expected text of test object 'Object Repository/retailer admin All Repo/Search Products Details/Page_AppCohesion/created_id/manufacture_name' are matched.

2018-11-14 12:01:18 - [MESSAGE][PASSED] - Actual text and expected text of test object 'Object Repository/retailer admin All Repo/Search Products Details/Page_AppCohesion/created_id/manufacture_name' are matched.

2018-11-14 12:01:18 - [TEST_STEP][PASSED] - verifyElementVisible: Object 'Object Repository/retailer admin All Repo/Search Products Details/Page_AppCohesion/created_id/distributor_header' is visible

2018-11-14 12:01:18 - [MESSAGE][PASSED] - Object 'Object Repository/retailer admin All Repo/Search Products Details/Page_AppCohesion/created_id/distributor_header' is visible

2018-11-14 12:01:18 - [TEST_STEP][PASSED] - verifyElementVisible: Object 'Object Repository/retailer admin All Repo/Search Products Details/Page_AppCohesion/created_id/distributorname_id' is visible

2018-11-14 12:01:18 - [MESSAGE][PASSED] - Object 'Object Repository/retailer admin All Repo/Search Products Details/Page_AppCohesion/created_id/distributorname_id' is visible

2018-11-14 12:01:18 - [TEST_STEP][PASSED] - verifyElementText: Actual text and expected text of test object 'Object Repository/retailer admin All Repo/Search Products Details/Page_AppCohesion/created_id/distributorname_id' are matched.

2018-11-14 12:01:18 - [MESSAGE][PASSED] - Actual text and expected text of test object 'Object Repository/retailer admin All Repo/Search Products Details/Page_AppCohesion/created_id/distributorname_id' are matched.

2018-11-14 12:01:18 - [TEST_STEP][PASSED] - verifyElementVisible: Object 'Object Repository/retailer admin All Repo/Search Products Details/Page_AppCohesion/upc_header' is visible

2018-11-14 12:01:18 - [MESSAGE][PASSED] - Object 'Object Repository/retailer admin All Repo/Search Products Details/Page_AppCohesion/upc_header' is visible

2018-11-14 12:01:18 - [TEST_STEP][PASSED] - verifyElementVisible: Object 'Object Repository/retailer admin All Repo/Search Products Details/Page_AppCohesion/upc_noid' is visible

2018-11-14 12:01:18 - [MESSAGE][PASSED] - Object 'Object Repository/retailer admin All Repo/Search Products Details/Page_AppCohesion/upc_noid' is visible

2018-11-14 12:01:18 - [TEST_STEP][PASSED] - verifyElementText: Actual text and expected text of test object 'Object Repository/retailer admin All Repo/Search Products Details/Page_AppCohesion/upc_noid' are matched.

2018-11-14 12:01:18 - [MESSAGE][PASSED] - Actual text and expected text of test object 'Object Repository/retailer admin All Repo/Search Products Details/Page_AppCohesion/upc_noid' are matched.

2018-11-14 12:01:18 - [TEST_STEP][PASSED] - verifyElementVisible: Object 'Object Repository/retailer admin All Repo/Search Products Details/Page_AppCohesion/created_id/baseprice_header' is visible

2018-11-14 12:01:18 - [MESSAGE][PASSED] - Object 'Object Repository/retailer admin All Repo/Search Products Details/Page_AppCohesion/created_id/baseprice_header' is visible

2018-11-14 12:01:18 - [TEST_STEP][PASSED] - verifyElementVisible: Object 'Object Repository/retailer admin All Repo/Search Products Details/Page_AppCohesion/created_id/baseprice_id' is visible

2018-11-14 12:01:18 - [MESSAGE][PASSED] - Object 'Object Repository/retailer admin All Repo/Search Products Details/Page_AppCohesion/created_id/baseprice_id' is visible

2018-11-14 12:01:18 - [TEST_STEP][PASSED] - verifyElementText: Actual text and expected text of test object 'Object Repository/retailer admin All Repo/Search Products Details/Page_AppCohesion/created_id/baseprice_id' are matched.

2018-11-14 12:01:18 - [MESSAGE][PASSED] - Actual text and expected text of test object 'Object Repository/retailer admin All Repo/Search Products Details/Page_AppCohesion/created_id/baseprice_id' are matched.

2018-11-14 12:01:18 - [TEST_STEP][PASSED] - verifyElementVisible: Object 'Object Repository/retailer admin All Repo/Search Products Details/Page_AppCohesion/created_id/markup_header' is visible

2018-11-14 12:01:18 - [MESSAGE][PASSED] - Object 'Object Repository/retailer admin All Repo/Search Products Details/Page_AppCohesion/created_id/markup_header' is visible

2018-11-14 12:01:18 - [TEST_STEP][PASSED] - verifyElementVisible: Object 'Object Repository/retailer admin All Repo/Search Products Details/Page_AppCohesion/created_id/markup_id' is visible

2018-11-14 12:01:18 - [MESSAGE][PASSED] - Object 'Object Repository/retailer admin All Repo/Search Products Details/Page_AppCohesion/created_id/markup_id' is visible

2018-11-14 12:01:18 - [TEST_STEP][PASSED] - verifyElementText: Actual text and expected text of test object 'Object Repository/retailer admin All Repo/Search Products Details/Page_AppCohesion/created_id/markup_id' are matched.

2018-11-14 12:01:18 - [MESSAGE][PASSED] - Actual text and expected text of test object 'Object Repository/retailer admin All Repo/Search Products Details/Page_AppCohesion/created_id/markup_id' are matched.

2018-11-14 12:01:18 - [TEST_STEP][PASSED] - verifyElementVisible: Object 'Object Repository/retailer admin All Repo/Search Products Details/Page_AppCohesion/created_id/amtpay_header' is visible

2018-11-14 12:01:18 - [MESSAGE][PASSED] - Object 'Object Repository/retailer admin All Repo/Search Products Details/Page_AppCohesion/created_id/amtpay_header' is visible

2018-11-14 12:01:18 - [TEST_STEP][PASSED] - verifyElementVisible: Object 'Object Repository/retailer admin All Repo/Search Products Details/Page_AppCohesion/created_id/amtpay_id' is visible

2018-11-14 12:01:18 - [MESSAGE][PASSED] - Object 'Object Repository/retailer admin All Repo/Search Products Details/Page_AppCohesion/created_id/amtpay_id' is visible

2018-11-14 12:01:18 - [TEST_STEP][PASSED] - verifyElementText: Actual text and expected text of test object 'Object Repository/retailer admin All Repo/Search Products Details/Page_AppCohesion/created_id/amtpay_id' are matched.

2018-11-14 12:01:18 - [MESSAGE][PASSED] - Actual text and expected text of test object 'Object Repository/retailer admin All Repo/Search Products Details/Page_AppCohesion/created_id/amtpay_id' are matched.

2018-11-14 12:01:18 - [TEST_STEP][NOT_RUN] - verifyElementVisible: NOT_RUN: verifyElementVisible

2018-11-14 12:01:18 - [MESSAGE][NOT_RUN] - NOT_RUN: verifyElementVisible

2018-11-14 12:01:18 - [TEST_STEP][NOT_RUN] - verifyElementText: NOT_RUN: verifyElementText

2018-11-14 12:01:18 - [MESSAGE][NOT_RUN] - NOT_RUN: verifyElementText

2018-11-14 12:01:18 - [TEST_STEP][NOT_RUN] - verifyElementVisible: NOT_RUN: verifyElementVisible

2018-11-14 12:01:18 - [MESSAGE][NOT_RUN] - NOT_RUN: verifyElementVisible

2018-11-14 12:01:18 - [TEST_STEP][NOT_RUN] - verifyElementText: NOT_RUN: verifyElementText

2018-11-14 12:01:18 - [MESSAGE][NOT_RUN] - NOT_RUN: verifyElementText

2018-11-14 12:01:18 - [TEST_STEP][PASSED] - verifyElementVisible: Object 'Object Repository/retailer admin All Repo/Search Products Details/Page_AppCohesion/created_id/product_specification' is visible

2018-11-14 12:01:19 - [MESSAGE][PASSED] - Object 'Object Repository/retailer admin All Repo/Search Products Details/Page_AppCohesion/created_id/product_specification' is visible

2018-11-14 12:01:19 - [TEST_STEP][PASSED] - verifyElementVisible: Object 'Object Repository/retailer admin All Repo/Search Products Details/Page_AppCohesion/a_Back to Search' is visible

2018-11-14 12:01:19 - [MESSAGE][PASSED] - Object 'Object Repository/retailer admin All Repo/Search Products Details/Page_AppCohesion/a_Back to Search' is visible

2018-11-14 12:01:19 - [TEST_STEP][PASSED] - click: Object: 'Object Repository/retailer admin All Repo/Search Products Details/Page_AppCohesion/a_Back to Search' is clicked on

2018-11-14 12:01:19 - [MESSAGE][PASSED] - Object: 'Object Repository/retailer admin All Repo/Search Products Details/Page_AppCohesion/a_Back to Search' is clicked on

2018-11-14 12:01:19 - [TEST_STEP][PASSED] - click: Object: 'Object Repository/retailer admin All Repo/retailer_order_placement/key_press_orderList/Page_AppCohesion/a_Dashboard              Dashb' is clicked on

2018-11-14 12:01:19 - [MESSAGE][PASSED] - Object: 'Object Repository/retailer admin All Repo/retailer_order_placement/key_press_orderList/Page_AppCohesion/a_Dashboard              Dashb' is clicked on

2018-11-14 12:01:19 - [TEST_STEP][PASSED] - verifyElementVisible: Object 'Object Repository/retailer admin All Repo/retailer_order_placement/key_press_orderList/Page_AppCohesion/a_Dashboard              Dashb' is visible

2018-11-14 12:01:19 - [MESSAGE][PASSED] - Object 'Object Repository/retailer admin All Repo/retailer_order_placement/key_press_orderList/Page_AppCohesion/a_Dashboard              Dashb' is visible

2018-11-14 12:01:19 - [TEST_STEP][PASSED] - Statement - java.lang.Thread.sleep(8000): null

2018-11-14 12:01:27 - [TEST_STEP][PASSED] - setText: Text 'THMPS-TUIPSIUJ' is set on object 'Object Repository/retailer admin All Repo/Search Products Details/Page_AppCohesion/input_Settings_searchproduct'

2018-11-14 12:01:27 - [MESSAGE][PASSED] - Text 'THMPS-TUIPSIUJ' is set on object 'Object Repository/retailer admin All Repo/Search Products Details/Page_AppCohesion/input_Settings_searchproduct'

2018-11-14 12:01:27 - [TEST_STEP][PASSED] - verifyElementVisible: Object 'Object Repository/retailer admin All Repo/Search Products Details/Page_AppCohesion/button_Settings_searchbutton' is visible

2018-11-14 12:01:27 - [MESSAGE][PASSED] - Object 'Object Repository/retailer admin All Repo/Search Products Details/Page_AppCohesion/button_Settings_searchbutton' is visible

2018-11-14 12:01:27 - [TEST_STEP][PASSED] - verifyElementVisible: Object 'Object Repository/retailer admin All Repo/Search Products Details/Page_AppCohesion/input_Settings_searchproduct' is visible

2018-11-14 12:01:27 - [MESSAGE][PASSED] - Object 'Object Repository/retailer admin All Repo/Search Products Details/Page_AppCohesion/input_Settings_searchproduct' is visible

2018-11-14 12:01:27 - [TEST_STEP][PASSED] - click: Object: 'Object Repository/retailer admin All Repo/Search Products Details/Page_AppCohesion/button_Settings_searchbutton' is clicked on

2018-11-14 12:01:27 - [MESSAGE][PASSED] - Object: 'Object Repository/retailer admin All Repo/Search Products Details/Page_AppCohesion/button_Settings_searchbutton' is clicked on

2018-11-14 12:01:27 - [TEST_STEP][PASSED] - delay: Delayed 10 second(s)

2018-11-14 12:01:37 - [MESSAGE][PASSED] - Delayed 10 second(s)

2018-11-14 12:01:37 - [TEST_STEP][PASSED] - verifyElementVisible: Object 'Object Repository/retailer admin All Repo/Search Products Details/Page_AppCohesion/created_id/product_details_rowid' is visible

2018-11-14 12:01:37 - [MESSAGE][PASSED] - Object 'Object Repository/retailer admin All Repo/Search Products Details/Page_AppCohesion/created_id/product_details_rowid' is visible

2018-11-14 12:01:37 - [TEST_STEP][PASSED] - click: Object: 'Object Repository/retailer admin All Repo/Search Products Details/Page_AppCohesion/created_id/product_details_rowid' is clicked on

2018-11-14 12:01:37 - [MESSAGE][PASSED] - Object: 'Object Repository/retailer admin All Repo/Search Products Details/Page_AppCohesion/created_id/product_details_rowid' is clicked on

2018-11-14 12:01:37 - [TEST_STEP][PASSED] - delay: Delayed 5 second(s)

2018-11-14 12:01:42 - [MESSAGE][PASSED] - Delayed 5 second(s)

2018-11-14 12:01:42 - [TEST_STEP][PASSED] - verifyElementVisible: Object 'Object Repository/retailer admin All Repo/Search Products Details/Page_AppCohesion/created_id/product_title' is visible

2018-11-14 12:01:42 - [MESSAGE][PASSED] - Object 'Object Repository/retailer admin All Repo/Search Products Details/Page_AppCohesion/created_id/product_title' is visible

2018-11-14 12:01:42 - [TEST_STEP][PASSED] - verifyElementText: Actual text and expected text of test object 'Object Repository/retailer admin All Repo/Search Products Details/Page_AppCohesion/created_id/product_title' are matched.

2018-11-14 12:01:42 - [MESSAGE][PASSED] - Actual text and expected text of test object 'Object Repository/retailer admin All Repo/Search Products Details/Page_AppCohesion/created_id/product_title' are matched.

2018-11-14 12:01:42 - [TEST_STEP][PASSED] - verifyElementVisible: Object 'Object Repository/retailer admin All Repo/Search Products Details/Page_AppCohesion/created_id/manufaturer_header' is visible

2018-11-14 12:01:42 - [MESSAGE][PASSED] - Object 'Object Repository/retailer admin All Repo/Search Products Details/Page_AppCohesion/created_id/manufaturer_header' is visible

2018-11-14 12:01:42 - [TEST_STEP][PASSED] - verifyElementVisible: Object 'Object Repository/retailer admin All Repo/Search Products Details/Page_AppCohesion/created_id/manufacture_partno_id' is visible

2018-11-14 12:01:42 - [MESSAGE][PASSED] - Object 'Object Repository/retailer admin All Repo/Search Products Details/Page_AppCohesion/created_id/manufacture_partno_id' is visible

2018-11-14 12:01:42 - [TEST_STEP][PASSED] - verifyElementText: Actual text and expected text of test object 'Object Repository/retailer admin All Repo/Search Products Details/Page_AppCohesion/created_id/manufacture_partno_id' are matched.

2018-11-14 12:01:42 - [MESSAGE][PASSED] - Actual text and expected text of test object 'Object Repository/retailer admin All Repo/Search Products Details/Page_AppCohesion/created_id/manufacture_partno_id' are matched.

2018-11-14 12:01:42 - [TEST_STEP][PASSED] - verifyElementVisible: Object 'Object Repository/retailer admin All Repo/Search Products Details/Page_AppCohesion/created_id/manufacture_name_header' is visible

2018-11-14 12:01:42 - [MESSAGE][PASSED] - Object 'Object Repository/retailer admin All Repo/Search Products Details/Page_AppCohesion/created_id/manufacture_name_header' is visible

2018-11-14 12:01:42 - [TEST_STEP][PASSED] - verifyElementVisible: Object 'Object Repository/retailer admin All Repo/Search Products Details/Page_AppCohesion/created_id/manufacture_name' is visible

2018-11-14 12:01:42 - [MESSAGE][PASSED] - Object 'Object Repository/retailer admin All Repo/Search Products Details/Page_AppCohesion/created_id/manufacture_name' is visible

2018-11-14 12:01:42 - [TEST_STEP][PASSED] - verifyElementText: Actual text and expected text of test object 'Object Repository/retailer admin All Repo/Search Products Details/Page_AppCohesion/created_id/manufacture_name' are matched.

2018-11-14 12:01:42 - [MESSAGE][PASSED] - Actual text and expected text of test object 'Object Repository/retailer admin All Repo/Search Products Details/Page_AppCohesion/created_id/manufacture_name' are matched.

2018-11-14 12:01:42 - [TEST_STEP][PASSED] - verifyElementVisible: Object 'Object Repository/retailer admin All Repo/Search Products Details/Page_AppCohesion/created_id/distributor_header' is visible

2018-11-14 12:01:42 - [MESSAGE][PASSED] - Object 'Object Repository/retailer admin All Repo/Search Products Details/Page_AppCohesion/created_id/distributor_header' is visible

2018-11-14 12:01:42 - [TEST_STEP][PASSED] - verifyElementVisible: Object 'Object Repository/retailer admin All Repo/Search Products Details/Page_AppCohesion/created_id/distributorname_id' is visible

2018-11-14 12:01:42 - [MESSAGE][PASSED] - Object 'Object Repository/retailer admin All Repo/Search Products Details/Page_AppCohesion/created_id/distributorname_id' is visible

2018-11-14 12:01:42 - [TEST_STEP][PASSED] - verifyElementText: Actual text and expected text of test object 'Object Repository/retailer admin All Repo/Search Products Details/Page_AppCohesion/created_id/distributorname_id' are matched.

2018-11-14 12:01:42 - [MESSAGE][PASSED] - Actual text and expected text of test object 'Object Repository/retailer admin All Repo/Search Products Details/Page_AppCohesion/created_id/distributorname_id' are matched.

2018-11-14 12:01:42 - [TEST_STEP][PASSED] - verifyElementVisible: Object 'Object Repository/retailer admin All Repo/Search Products Details/Page_AppCohesion/upc_header' is visible

2018-11-14 12:01:42 - [MESSAGE][PASSED] - Object 'Object Repository/retailer admin All Repo/Search Products Details/Page_AppCohesion/upc_header' is visible

2018-11-14 12:01:42 - [TEST_STEP][PASSED] - verifyElementVisible: Object 'Object Repository/retailer admin All Repo/Search Products Details/Page_AppCohesion/upc_noid' is visible

2018-11-14 12:01:43 - [MESSAGE][PASSED] - Object 'Object Repository/retailer admin All Repo/Search Products Details/Page_AppCohesion/upc_noid' is visible

2018-11-14 12:01:43 - [TEST_STEP][PASSED] - verifyElementText: Actual text and expected text of test object 'Object Repository/retailer admin All Repo/Search Products Details/Page_AppCohesion/upc_noid' are matched.

2018-11-14 12:01:43 - [MESSAGE][PASSED] - Actual text and expected text of test object 'Object Repository/retailer admin All Repo/Search Products Details/Page_AppCohesion/upc_noid' are matched.

2018-11-14 12:01:43 - [TEST_STEP][PASSED] - verifyElementVisible: Object 'Object Repository/retailer admin All Repo/Search Products Details/Page_AppCohesion/created_id/baseprice_header' is visible

2018-11-14 12:01:43 - [MESSAGE][PASSED] - Object 'Object Repository/retailer admin All Repo/Search Products Details/Page_AppCohesion/created_id/baseprice_header' is visible

2018-11-14 12:01:43 - [TEST_STEP][PASSED] - verifyElementVisible: Object 'Object Repository/retailer admin All Repo/Search Products Details/Page_AppCohesion/created_id/baseprice_id' is visible

2018-11-14 12:01:43 - [MESSAGE][PASSED] - Object 'Object Repository/retailer admin All Repo/Search Products Details/Page_AppCohesion/created_id/baseprice_id' is visible

2018-11-14 12:01:43 - [TEST_STEP][PASSED] - verifyElementText: Actual text and expected text of test object 'Object Repository/retailer admin All Repo/Search Products Details/Page_AppCohesion/created_id/baseprice_id' are matched.

2018-11-14 12:01:43 - [MESSAGE][PASSED] - Actual text and expected text of test object 'Object Repository/retailer admin All Repo/Search Products Details/Page_AppCohesion/created_id/baseprice_id' are matched.

2018-11-14 12:01:43 - [TEST_STEP][PASSED] - verifyElementVisible: Object 'Object Repository/retailer admin All Repo/Search Products Details/Page_AppCohesion/created_id/markup_header' is visible

2018-11-14 12:01:43 - [MESSAGE][PASSED] - Object 'Object Repository/retailer admin All Repo/Search Products Details/Page_AppCohesion/created_id/markup_header' is visible

2018-11-14 12:01:43 - [TEST_STEP][PASSED] - verifyElementVisible: Object 'Object Repository/retailer admin All Repo/Search Products Details/Page_AppCohesion/created_id/markup_id' is visible

2018-11-14 12:01:43 - [MESSAGE][PASSED] - Object 'Object Repository/retailer admin All Repo/Search Products Details/Page_AppCohesion/created_id/markup_id' is visible

2018-11-14 12:01:43 - [TEST_STEP][PASSED] - verifyElementText: Actual text and expected text of test object 'Object Repository/retailer admin All Repo/Search Products Details/Page_AppCohesion/created_id/markup_id' are matched.

2018-11-14 12:01:43 - [MESSAGE][PASSED] - Actual text and expected text of test object 'Object Repository/retailer admin All Repo/Search Products Details/Page_AppCohesion/created_id/markup_id' are matched.

2018-11-14 12:01:43 - [TEST_STEP][PASSED] - verifyElementVisible: Object 'Object Repository/retailer admin All Repo/Search Products Details/Page_AppCohesion/created_id/amtpay_header' is visible

2018-11-14 12:01:43 - [MESSAGE][PASSED] - Object 'Object Repository/retailer admin All Repo/Search Products Details/Page_AppCohesion/created_id/amtpay_header' is visible

2018-11-14 12:01:43 - [TEST_STEP][PASSED] - verifyElementVisible: Object 'Object Repository/retailer admin All Repo/Search Products Details/Page_AppCohesion/created_id/amtpay_id' is visible

2018-11-14 12:01:43 - [MESSAGE][PASSED] - Object 'Object Repository/retailer admin All Repo/Search Products Details/Page_AppCohesion/created_id/amtpay_id' is visible

2018-11-14 12:01:43 - [TEST_STEP][PASSED] - verifyElementText: Actual text and expected text of test object 'Object Repository/retailer admin All Repo/Search Products Details/Page_AppCohesion/created_id/amtpay_id' are matched.

2018-11-14 12:01:43 - [MESSAGE][PASSED] - Actual text and expected text of test object 'Object Repository/retailer admin All Repo/Search Products Details/Page_AppCohesion/created_id/amtpay_id' are matched.

2018-11-14 12:01:43 - [TEST_STEP][NOT_RUN] - verifyElementVisible: NOT_RUN: verifyElementVisible

2018-11-14 12:01:43 - [MESSAGE][NOT_RUN] - NOT_RUN: verifyElementVisible

2018-11-14 12:01:43 - [TEST_STEP][NOT_RUN] - verifyElementText: NOT_RUN: verifyElementText

2018-11-14 12:01:43 - [MESSAGE][NOT_RUN] - NOT_RUN: verifyElementText

2018-11-14 12:01:43 - [TEST_STEP][NOT_RUN] - verifyElementVisible: NOT_RUN: verifyElementVisible

2018-11-14 12:01:43 - [MESSAGE][NOT_RUN] - NOT_RUN: verifyElementVisible

2018-11-14 12:01:43 - [TEST_STEP][NOT_RUN] - verifyElementText: NOT_RUN: verifyElementText

2018-11-14 12:01:43 - [MESSAGE][NOT_RUN] - NOT_RUN: verifyElementText

2018-11-14 12:01:43 - [TEST_STEP][PASSED] - verifyElementVisible: Object 'Object Repository/retailer admin All Repo/Search Products Details/Page_AppCohesion/created_id/product_specification' is visible

2018-11-14 12:01:43 - [MESSAGE][PASSED] - Object 'Object Repository/retailer admin All Repo/Search Products Details/Page_AppCohesion/created_id/product_specification' is visible

2018-11-14 12:01:43 - [TEST_STEP][PASSED] - verifyElementVisible: Object 'Object Repository/retailer admin All Repo/Search Products Details/Page_AppCohesion/a_Back to Search' is visible

2018-11-14 12:01:43 - [MESSAGE][PASSED] - Object 'Object Repository/retailer admin All Repo/Search Products Details/Page_AppCohesion/a_Back to Search' is visible

2018-11-14 12:01:43 - [TEST_STEP][PASSED] - click: Object: 'Object Repository/retailer admin All Repo/Search Products Details/Page_AppCohesion/a_Back to Search' is clicked on

2018-11-14 12:01:43 - [MESSAGE][PASSED] - Object: 'Object Repository/retailer admin All Repo/Search Products Details/Page_AppCohesion/a_Back to Search' is clicked on

2018-11-14 12:01:43 - [TEST_STEP][PASSED] - click: Object: 'Object Repository/retailer admin All Repo/retailer_order_placement/key_press_orderList/Page_AppCohesion/a_Dashboard              Dashb' is clicked on

2018-11-14 12:01:43 - [MESSAGE][PASSED] - Object: 'Object Repository/retailer admin All Repo/retailer_order_placement/key_press_orderList/Page_AppCohesion/a_Dashboard              Dashb' is clicked on

2018-11-14 12:01:43 - [TEST_STEP][PASSED] - verifyElementVisible: Object 'Object Repository/retailer admin All Repo/retailer_order_placement/key_press_orderList/Page_AppCohesion/a_Dashboard              Dashb' is visible

2018-11-14 12:01:43 - [MESSAGE][PASSED] - Object 'Object Repository/retailer admin All Repo/retailer_order_placement/key_press_orderList/Page_AppCohesion/a_Dashboard              Dashb' is visible

2018-11-14 12:01:43 - [TEST_STEP][PASSED] - Statement - java.lang.Thread.sleep(8000): null

2018-11-14 12:01:51 - [TEST_STEP][PASSED] - setText: Text 'SGSAR-T678CLPI' is set on object 'Object Repository/retailer admin All Repo/Search Products Details/Page_AppCohesion/input_Settings_searchproduct'

2018-11-14 12:01:51 - [MESSAGE][PASSED] - Text 'SGSAR-T678CLPI' is set on object 'Object Repository/retailer admin All Repo/Search Products Details/Page_AppCohesion/input_Settings_searchproduct'

2018-11-14 12:01:51 - [TEST_STEP][PASSED] - verifyElementVisible: Object 'Object Repository/retailer admin All Repo/Search Products Details/Page_AppCohesion/button_Settings_searchbutton' is visible

2018-11-14 12:01:51 - [MESSAGE][PASSED] - Object 'Object Repository/retailer admin All Repo/Search Products Details/Page_AppCohesion/button_Settings_searchbutton' is visible

2018-11-14 12:01:51 - [TEST_STEP][PASSED] - verifyElementVisible: Object 'Object Repository/retailer admin All Repo/Search Products Details/Page_AppCohesion/input_Settings_searchproduct' is visible

2018-11-14 12:01:51 - [MESSAGE][PASSED] - Object 'Object Repository/retailer admin All Repo/Search Products Details/Page_AppCohesion/input_Settings_searchproduct' is visible

2018-11-14 12:01:51 - [TEST_STEP][PASSED] - click: Object: 'Object Repository/retailer admin All Repo/Search Products Details/Page_AppCohesion/button_Settings_searchbutton' is clicked on

2018-11-14 12:01:51 - [MESSAGE][PASSED] - Object: 'Object Repository/retailer admin All Repo/Search Products Details/Page_AppCohesion/button_Settings_searchbutton' is clicked on

2018-11-14 12:01:51 - [TEST_STEP][PASSED] - delay: Delayed 10 second(s)

2018-11-14 12:02:01 - [MESSAGE][PASSED] - Delayed 10 second(s)

2018-11-14 12:02:01 - [TEST_STEP][PASSED] - verifyElementVisible: Object 'Object Repository/retailer admin All Repo/Search Products Details/Page_AppCohesion/created_id/product_details_rowid' is visible

2018-11-14 12:02:01 - [MESSAGE][PASSED] - Object 'Object Repository/retailer admin All Repo/Search Products Details/Page_AppCohesion/created_id/product_details_rowid' is visible

2018-11-14 12:02:01 - [TEST_STEP][PASSED] - click: Object: 'Object Repository/retailer admin All Repo/Search Products Details/Page_AppCohesion/created_id/product_details_rowid' is clicked on

2018-11-14 12:02:01 - [MESSAGE][PASSED] - Object: 'Object Repository/retailer admin All Repo/Search Products Details/Page_AppCohesion/created_id/product_details_rowid' is clicked on

2018-11-14 12:02:01 - [TEST_STEP][PASSED] - delay: Delayed 5 second(s)

2018-11-14 12:02:06 - [MESSAGE][PASSED] - Delayed 5 second(s)

2018-11-14 12:02:06 - [TEST_STEP][PASSED] - verifyElementVisible: Object 'Object Repository/retailer admin All Repo/Search Products Details/Page_AppCohesion/created_id/product_title' is visible

2018-11-14 12:02:06 - [MESSAGE][PASSED] - Object 'Object Repository/retailer admin All Repo/Search Products Details/Page_AppCohesion/created_id/product_title' is visible

2018-11-14 12:02:06 - [TEST_STEP][PASSED] - verifyElementText: Actual text and expected text of test object 'Object Repository/retailer admin All Repo/Search Products Details/Page_AppCohesion/created_id/product_title' are matched.

2018-11-14 12:02:06 - [MESSAGE][PASSED] - Actual text and expected text of test object 'Object Repository/retailer admin All Repo/Search Products Details/Page_AppCohesion/created_id/product_title' are matched.

2018-11-14 12:02:06 - [TEST_STEP][PASSED] - verifyElementVisible: Object 'Object Repository/retailer admin All Repo/Search Products Details/Page_AppCohesion/created_id/manufaturer_header' is visible

2018-11-14 12:02:07 - [MESSAGE][PASSED] - Object 'Object Repository/retailer admin All Repo/Search Products Details/Page_AppCohesion/created_id/manufaturer_header' is visible

2018-11-14 12:02:07 - [TEST_STEP][PASSED] - verifyElementVisible: Object 'Object Repository/retailer admin All Repo/Search Products Details/Page_AppCohesion/created_id/manufacture_partno_id' is visible

2018-11-14 12:02:07 - [MESSAGE][PASSED] - Object 'Object Repository/retailer admin All Repo/Search Products Details/Page_AppCohesion/created_id/manufacture_partno_id' is visible

2018-11-14 12:02:07 - [TEST_STEP][PASSED] - verifyElementText: Actual text and expected text of test object 'Object Repository/retailer admin All Repo/Search Products Details/Page_AppCohesion/created_id/manufacture_partno_id' are matched.

2018-11-14 12:02:07 - [MESSAGE][PASSED] - Actual text and expected text of test object 'Object Repository/retailer admin All Repo/Search Products Details/Page_AppCohesion/created_id/manufacture_partno_id' are matched.

2018-11-14 12:02:07 - [TEST_STEP][PASSED] - verifyElementVisible: Object 'Object Repository/retailer admin All Repo/Search Products Details/Page_AppCohesion/created_id/manufacture_name_header' is visible

2018-11-14 12:02:07 - [MESSAGE][PASSED] - Object 'Object Repository/retailer admin All Repo/Search Products Details/Page_AppCohesion/created_id/manufacture_name_header' is visible

2018-11-14 12:02:07 - [TEST_STEP][PASSED] - verifyElementVisible: Object 'Object Repository/retailer admin All Repo/Search Products Details/Page_AppCohesion/created_id/manufacture_name' is visible

2018-11-14 12:02:07 - [MESSAGE][PASSED] - Object 'Object Repository/retailer admin All Repo/Search Products Details/Page_AppCohesion/created_id/manufacture_name' is visible

2018-11-14 12:02:07 - [TEST_STEP][PASSED] - verifyElementText: Actual text and expected text of test object 'Object Repository/retailer admin All Repo/Search Products Details/Page_AppCohesion/created_id/manufacture_name' are matched.

2018-11-14 12:02:07 - [MESSAGE][PASSED] - Actual text and expected text of test object 'Object Repository/retailer admin All Repo/Search Products Details/Page_AppCohesion/created_id/manufacture_name' are matched.

2018-11-14 12:02:07 - [TEST_STEP][PASSED] - verifyElementVisible: Object 'Object Repository/retailer admin All Repo/Search Products Details/Page_AppCohesion/created_id/distributor_header' is visible

2018-11-14 12:02:07 - [MESSAGE][PASSED] - Object 'Object Repository/retailer admin All Repo/Search Products Details/Page_AppCohesion/created_id/distributor_header' is visible

2018-11-14 12:02:07 - [TEST_STEP][PASSED] - verifyElementVisible: Object 'Object Repository/retailer admin All Repo/Search Products Details/Page_AppCohesion/created_id/distributorname_id' is visible

2018-11-14 12:02:07 - [MESSAGE][PASSED] - Object 'Object Repository/retailer admin All Repo/Search Products Details/Page_AppCohesion/created_id/distributorname_id' is visible

2018-11-14 12:02:07 - [TEST_STEP][PASSED] - verifyElementText: Actual text and expected text of test object 'Object Repository/retailer admin All Repo/Search Products Details/Page_AppCohesion/created_id/distributorname_id' are matched.

2018-11-14 12:02:07 - [MESSAGE][PASSED] - Actual text and expected text of test object 'Object Repository/retailer admin All Repo/Search Products Details/Page_AppCohesion/created_id/distributorname_id' are matched.

2018-11-14 12:02:07 - [TEST_STEP][PASSED] - verifyElementVisible: Object 'Object Repository/retailer admin All Repo/Search Products Details/Page_AppCohesion/upc_header' is visible

2018-11-14 12:02:07 - [MESSAGE][PASSED] - Object 'Object Repository/retailer admin All Repo/Search Products Details/Page_AppCohesion/upc_header' is visible

2018-11-14 12:02:07 - [TEST_STEP][PASSED] - verifyElementVisible: Object 'Object Repository/retailer admin All Repo/Search Products Details/Page_AppCohesion/upc_noid' is visible

2018-11-14 12:02:07 - [MESSAGE][PASSED] - Object 'Object Repository/retailer admin All Repo/Search Products Details/Page_AppCohesion/upc_noid' is visible

2018-11-14 12:02:07 - [TEST_STEP][PASSED] - verifyElementText: Actual text and expected text of test object 'Object Repository/retailer admin All Repo/Search Products Details/Page_AppCohesion/upc_noid' are matched.

2018-11-14 12:02:07 - [MESSAGE][PASSED] - Actual text and expected text of test object 'Object Repository/retailer admin All Repo/Search Products Details/Page_AppCohesion/upc_noid' are matched.

2018-11-14 12:02:07 - [TEST_STEP][PASSED] - verifyElementVisible: Object 'Object Repository/retailer admin All Repo/Search Products Details/Page_AppCohesion/created_id/baseprice_header' is visible

2018-11-14 12:02:07 - [MESSAGE][PASSED] - Object 'Object Repository/retailer admin All Repo/Search Products Details/Page_AppCohesion/created_id/baseprice_header' is visible

2018-11-14 12:02:07 - [TEST_STEP][PASSED] - verifyElementVisible: Object 'Object Repository/retailer admin All Repo/Search Products Details/Page_AppCohesion/created_id/baseprice_id' is visible

2018-11-14 12:02:07 - [MESSAGE][PASSED] - Object 'Object Repository/retailer admin All Repo/Search Products Details/Page_AppCohesion/created_id/baseprice_id' is visible

2018-11-14 12:02:07 - [TEST_STEP][PASSED] - verifyElementText: Actual text and expected text of test object 'Object Repository/retailer admin All Repo/Search Products Details/Page_AppCohesion/created_id/baseprice_id' are matched.

2018-11-14 12:02:07 - [MESSAGE][PASSED] - Actual text and expected text of test object 'Object Repository/retailer admin All Repo/Search Products Details/Page_AppCohesion/created_id/baseprice_id' are matched.

2018-11-14 12:02:07 - [TEST_STEP][PASSED] - verifyElementVisible: Object 'Object Repository/retailer admin All Repo/Search Products Details/Page_AppCohesion/created_id/markup_header' is visible

2018-11-14 12:02:07 - [MESSAGE][PASSED] - Object 'Object Repository/retailer admin All Repo/Search Products Details/Page_AppCohesion/created_id/markup_header' is visible

2018-11-14 12:02:07 - [TEST_STEP][PASSED] - verifyElementVisible: Object 'Object Repository/retailer admin All Repo/Search Products Details/Page_AppCohesion/created_id/markup_id' is visible

2018-11-14 12:02:07 - [MESSAGE][PASSED] - Object 'Object Repository/retailer admin All Repo/Search Products Details/Page_AppCohesion/created_id/markup_id' is visible

2018-11-14 12:02:07 - [TEST_STEP][PASSED] - verifyElementText: Actual text and expected text of test object 'Object Repository/retailer admin All Repo/Search Products Details/Page_AppCohesion/created_id/markup_id' are matched.

2018-11-14 12:02:07 - [MESSAGE][PASSED] - Actual text and expected text of test object 'Object Repository/retailer admin All Repo/Search Products Details/Page_AppCohesion/created_id/markup_id' are matched.

2018-11-14 12:02:07 - [TEST_STEP][PASSED] - verifyElementVisible: Object 'Object Repository/retailer admin All Repo/Search Products Details/Page_AppCohesion/created_id/amtpay_header' is visible

2018-11-14 12:02:07 - [MESSAGE][PASSED] - Object 'Object Repository/retailer admin All Repo/Search Products Details/Page_AppCohesion/created_id/amtpay_header' is visible

2018-11-14 12:02:07 - [TEST_STEP][PASSED] - verifyElementVisible: Object 'Object Repository/retailer admin All Repo/Search Products Details/Page_AppCohesion/created_id/amtpay_id' is visible

2018-11-14 12:02:07 - [MESSAGE][PASSED] - Object 'Object Repository/retailer admin All Repo/Search Products Details/Page_AppCohesion/created_id/amtpay_id' is visible

2018-11-14 12:02:07 - [TEST_STEP][PASSED] - verifyElementText: Actual text and expected text of test object 'Object Repository/retailer admin All Repo/Search Products Details/Page_AppCohesion/created_id/amtpay_id' are matched.

2018-11-14 12:02:07 - [MESSAGE][PASSED] - Actual text and expected text of test object 'Object Repository/retailer admin All Repo/Search Products Details/Page_AppCohesion/created_id/amtpay_id' are matched.

2018-11-14 12:02:07 - [TEST_STEP][NOT_RUN] - verifyElementVisible: NOT_RUN: verifyElementVisible

2018-11-14 12:02:07 - [MESSAGE][NOT_RUN] - NOT_RUN: verifyElementVisible

2018-11-14 12:02:07 - [TEST_STEP][NOT_RUN] - verifyElementText: NOT_RUN: verifyElementText

2018-11-14 12:02:07 - [MESSAGE][NOT_RUN] - NOT_RUN: verifyElementText

2018-11-14 12:02:07 - [TEST_STEP][NOT_RUN] - verifyElementVisible: NOT_RUN: verifyElementVisible

2018-11-14 12:02:07 - [MESSAGE][NOT_RUN] - NOT_RUN: verifyElementVisible

2018-11-14 12:02:07 - [TEST_STEP][NOT_RUN] - verifyElementText: NOT_RUN: verifyElementText

2018-11-14 12:02:07 - [MESSAGE][NOT_RUN] - NOT_RUN: verifyElementText

2018-11-14 12:02:07 - [TEST_STEP][PASSED] - verifyElementVisible: Object 'Object Repository/retailer admin All Repo/Search Products Details/Page_AppCohesion/created_id/product_specification' is visible

2018-11-14 12:02:07 - [MESSAGE][PASSED] - Object 'Object Repository/retailer admin All Repo/Search Products Details/Page_AppCohesion/created_id/product_specification' is visible

2018-11-14 12:02:07 - [TEST_STEP][PASSED] - verifyElementVisible: Object 'Object Repository/retailer admin All Repo/Search Products Details/Page_AppCohesion/a_Back to Search' is visible

2018-11-14 12:02:07 - [MESSAGE][PASSED] - Object 'Object Repository/retailer admin All Repo/Search Products Details/Page_AppCohesion/a_Back to Search' is visible

2018-11-14 12:02:07 - [TEST_STEP][PASSED] - click: Object: 'Object Repository/retailer admin All Repo/Search Products Details/Page_AppCohesion/a_Back to Search' is clicked on

2018-11-14 12:02:07 - [MESSAGE][PASSED] - Object: 'Object Repository/retailer admin All Repo/Search Products Details/Page_AppCohesion/a_Back to Search' is clicked on

2018-11-14 12:02:07 - [TEST_STEP][PASSED] - click: Object: 'Object Repository/retailer admin All Repo/retailer_order_placement/key_press_orderList/Page_AppCohesion/a_Dashboard              Dashb' is clicked on

2018-11-14 12:02:07 - [MESSAGE][PASSED] - Object: 'Object Repository/retailer admin All Repo/retailer_order_placement/key_press_orderList/Page_AppCohesion/a_Dashboard              Dashb' is clicked on

2018-11-14 12:02:07 - [TEST_STEP][PASSED] - verifyElementVisible: Object 'Object Repository/retailer admin All Repo/retailer_order_placement/key_press_orderList/Page_AppCohesion/a_Dashboard              Dashb' is visible

2018-11-14 12:02:07 - [MESSAGE][PASSED] - Object 'Object Repository/retailer admin All Repo/retailer_order_placement/key_press_orderList/Page_AppCohesion/a_Dashboard              Dashb' is visible

2018-11-14 12:02:07 - [TEST_STEP][PASSED] - Statement - java.lang.Thread.sleep(8000): null

2018-11-14 12:02:15 - [TEST_STEP][PASSED] - setText: Text 'BNDRM-3TJZ4D5G' is set on object 'Object Repository/retailer admin All Repo/Search Products Details/Page_AppCohesion/input_Settings_searchproduct'

2018-11-14 12:02:16 - [MESSAGE][PASSED] - Text 'BNDRM-3TJZ4D5G' is set on object 'Object Repository/retailer admin All Repo/Search Products Details/Page_AppCohesion/input_Settings_searchproduct'

2018-11-14 12:02:16 - [TEST_STEP][PASSED] - verifyElementVisible: Object 'Object Repository/retailer admin All Repo/Search Products Details/Page_AppCohesion/button_Settings_searchbutton' is visible

2018-11-14 12:02:16 - [MESSAGE][PASSED] - Object 'Object Repository/retailer admin All Repo/Search Products Details/Page_AppCohesion/button_Settings_searchbutton' is visible

2018-11-14 12:02:16 - [TEST_STEP][PASSED] - verifyElementVisible: Object 'Object Repository/retailer admin All Repo/Search Products Details/Page_AppCohesion/input_Settings_searchproduct' is visible

2018-11-14 12:02:16 - [MESSAGE][PASSED] - Object 'Object Repository/retailer admin All Repo/Search Products Details/Page_AppCohesion/input_Settings_searchproduct' is visible

2018-11-14 12:02:16 - [TEST_STEP][PASSED] - click: Object: 'Object Repository/retailer admin All Repo/Search Products Details/Page_AppCohesion/button_Settings_searchbutton' is clicked on

2018-11-14 12:02:16 - [MESSAGE][PASSED] - Object: 'Object Repository/retailer admin All Repo/Search Products Details/Page_AppCohesion/button_Settings_searchbutton' is clicked on

2018-11-14 12:02:16 - [TEST_STEP][PASSED] - delay: Delayed 10 second(s)

2018-11-14 12:02:26 - [MESSAGE][PASSED] - Delayed 10 second(s)

2018-11-14 12:02:26 - [TEST_STEP][PASSED] - verifyElementVisible: Object 'Object Repository/retailer admin All Repo/Search Products Details/Page_AppCohesion/created_id/product_details_rowid' is visible

2018-11-14 12:02:26 - [MESSAGE][PASSED] - Object 'Object Repository/retailer admin All Repo/Search Products Details/Page_AppCohesion/created_id/product_details_rowid' is visible

2018-11-14 12:02:26 - [TEST_STEP][PASSED] - click: Object: 'Object Repository/retailer admin All Repo/Search Products Details/Page_AppCohesion/created_id/product_details_rowid' is clicked on

2018-11-14 12:02:26 - [MESSAGE][PASSED] - Object: 'Object Repository/retailer admin All Repo/Search Products Details/Page_AppCohesion/created_id/product_details_rowid' is clicked on

2018-11-14 12:02:26 - [TEST_STEP][PASSED] - delay: Delayed 5 second(s)

2018-11-14 12:02:31 - [MESSAGE][PASSED] - Delayed 5 second(s)

2018-11-14 12:02:31 - [TEST_STEP][PASSED] - verifyElementVisible: Object 'Object Repository/retailer admin All Repo/Search Products Details/Page_AppCohesion/created_id/product_title' is visible

2018-11-14 12:02:31 - [MESSAGE][PASSED] - Object 'Object Repository/retailer admin All Repo/Search Products Details/Page_AppCohesion/created_id/product_title' is visible

2018-11-14 12:02:31 - [TEST_STEP][PASSED] - verifyElementText: Actual text and expected text of test object 'Object Repository/retailer admin All Repo/Search Products Details/Page_AppCohesion/created_id/product_title' are matched.

2018-11-14 12:02:31 - [MESSAGE][PASSED] - Actual text and expected text of test object 'Object Repository/retailer admin All Repo/Search Products Details/Page_AppCohesion/created_id/product_title' are matched.

2018-11-14 12:02:31 - [TEST_STEP][PASSED] - verifyElementVisible: Object 'Object Repository/retailer admin All Repo/Search Products Details/Page_AppCohesion/created_id/manufaturer_header' is visible

2018-11-14 12:02:31 - [MESSAGE][PASSED] - Object 'Object Repository/retailer admin All Repo/Search Products Details/Page_AppCohesion/created_id/manufaturer_header' is visible

2018-11-14 12:02:31 - [TEST_STEP][PASSED] - verifyElementVisible: Object 'Object Repository/retailer admin All Repo/Search Products Details/Page_AppCohesion/created_id/manufacture_partno_id' is visible

2018-11-14 12:02:31 - [MESSAGE][PASSED] - Object 'Object Repository/retailer admin All Repo/Search Products Details/Page_AppCohesion/created_id/manufacture_partno_id' is visible

2018-11-14 12:02:31 - [TEST_STEP][PASSED] - verifyElementText: Actual text and expected text of test object 'Object Repository/retailer admin All Repo/Search Products Details/Page_AppCohesion/created_id/manufacture_partno_id' are matched.

2018-11-14 12:02:31 - [MESSAGE][PASSED] - Actual text and expected text of test object 'Object Repository/retailer admin All Repo/Search Products Details/Page_AppCohesion/created_id/manufacture_partno_id' are matched.

2018-11-14 12:02:31 - [TEST_STEP][PASSED] - verifyElementVisible: Object 'Object Repository/retailer admin All Repo/Search Products Details/Page_AppCohesion/created_id/manufacture_name_header' is visible

2018-11-14 12:02:31 - [MESSAGE][PASSED] - Object 'Object Repository/retailer admin All Repo/Search Products Details/Page_AppCohesion/created_id/manufacture_name_header' is visible

2018-11-14 12:02:31 - [TEST_STEP][PASSED] - verifyElementVisible: Object 'Object Repository/retailer admin All Repo/Search Products Details/Page_AppCohesion/created_id/manufacture_name' is visible

2018-11-14 12:02:31 - [MESSAGE][PASSED] - Object 'Object Repository/retailer admin All Repo/Search Products Details/Page_AppCohesion/created_id/manufacture_name' is visible

2018-11-14 12:02:31 - [TEST_STEP][PASSED] - verifyElementText: Actual text and expected text of test object 'Object Repository/retailer admin All Repo/Search Products Details/Page_AppCohesion/created_id/manufacture_name' are matched.

2018-11-14 12:02:31 - [MESSAGE][PASSED] - Actual text and expected text of test object 'Object Repository/retailer admin All Repo/Search Products Details/Page_AppCohesion/created_id/manufacture_name' are matched.

2018-11-14 12:02:31 - [TEST_STEP][PASSED] - verifyElementVisible: Object 'Object Repository/retailer admin All Repo/Search Products Details/Page_AppCohesion/created_id/distributor_header' is visible

2018-11-14 12:02:31 - [MESSAGE][PASSED] - Object 'Object Repository/retailer admin All Repo/Search Products Details/Page_AppCohesion/created_id/distributor_header' is visible

2018-11-14 12:02:31 - [TEST_STEP][PASSED] - verifyElementVisible: Object 'Object Repository/retailer admin All Repo/Search Products Details/Page_AppCohesion/created_id/distributorname_id' is visible

2018-11-14 12:02:31 - [MESSAGE][PASSED] - Object 'Object Repository/retailer admin All Repo/Search Products Details/Page_AppCohesion/created_id/distributorname_id' is visible

2018-11-14 12:02:31 - [TEST_STEP][PASSED] - verifyElementText: Actual text and expected text of test object 'Object Repository/retailer admin All Repo/Search Products Details/Page_AppCohesion/created_id/distributorname_id' are matched.

2018-11-14 12:02:31 - [MESSAGE][PASSED] - Actual text and expected text of test object 'Object Repository/retailer admin All Repo/Search Products Details/Page_AppCohesion/created_id/distributorname_id' are matched.

2018-11-14 12:02:31 - [TEST_STEP][PASSED] - verifyElementVisible: Object 'Object Repository/retailer admin All Repo/Search Products Details/Page_AppCohesion/upc_header' is visible

2018-11-14 12:02:31 - [MESSAGE][PASSED] - Object 'Object Repository/retailer admin All Repo/Search Products Details/Page_AppCohesion/upc_header' is visible

2018-11-14 12:02:31 - [TEST_STEP][PASSED] - verifyElementVisible: Object 'Object Repository/retailer admin All Repo/Search Products Details/Page_AppCohesion/upc_noid' is visible

2018-11-14 12:02:31 - [MESSAGE][PASSED] - Object 'Object Repository/retailer admin All Repo/Search Products Details/Page_AppCohesion/upc_noid' is visible

2018-11-14 12:02:31 - [TEST_STEP][PASSED] - verifyElementText: Actual text and expected text of test object 'Object Repository/retailer admin All Repo/Search Products Details/Page_AppCohesion/upc_noid' are matched.

2018-11-14 12:02:31 - [MESSAGE][PASSED] - Actual text and expected text of test object 'Object Repository/retailer admin All Repo/Search Products Details/Page_AppCohesion/upc_noid' are matched.

2018-11-14 12:02:31 - [TEST_STEP][PASSED] - verifyElementVisible: Object 'Object Repository/retailer admin All Repo/Search Products Details/Page_AppCohesion/created_id/baseprice_header' is visible

2018-11-14 12:02:31 - [MESSAGE][PASSED] - Object 'Object Repository/retailer admin All Repo/Search Products Details/Page_AppCohesion/created_id/baseprice_header' is visible

2018-11-14 12:02:31 - [TEST_STEP][PASSED] - verifyElementVisible: Object 'Object Repository/retailer admin All Repo/Search Products Details/Page_AppCohesion/created_id/baseprice_id' is visible

2018-11-14 12:02:31 - [MESSAGE][PASSED] - Object 'Object Repository/retailer admin All Repo/Search Products Details/Page_AppCohesion/created_id/baseprice_id' is visible

2018-11-14 12:02:31 - [TEST_STEP][PASSED] - verifyElementText: Actual text and expected text of test object 'Object Repository/retailer admin All Repo/Search Products Details/Page_AppCohesion/created_id/baseprice_id' are matched.

2018-11-14 12:02:31 - [MESSAGE][PASSED] - Actual text and expected text of test object 'Object Repository/retailer admin All Repo/Search Products Details/Page_AppCohesion/created_id/baseprice_id' are matched.

2018-11-14 12:02:31 - [TEST_STEP][PASSED] - verifyElementVisible: Object 'Object Repository/retailer admin All Repo/Search Products Details/Page_AppCohesion/created_id/markup_header' is visible

2018-11-14 12:02:31 - [MESSAGE][PASSED] - Object 'Object Repository/retailer admin All Repo/Search Products Details/Page_AppCohesion/created_id/markup_header' is visible

2018-11-14 12:02:31 - [TEST_STEP][PASSED] - verifyElementVisible: Object 'Object Repository/retailer admin All Repo/Search Products Details/Page_AppCohesion/created_id/markup_id' is visible

2018-11-14 12:02:31 - [MESSAGE][PASSED] - Object 'Object Repository/retailer admin All Repo/Search Products Details/Page_AppCohesion/created_id/markup_id' is visible

2018-11-14 12:02:31 - [TEST_STEP][PASSED] - verifyElementText: Actual text and expected text of test object 'Object Repository/retailer admin All Repo/Search Products Details/Page_AppCohesion/created_id/markup_id' are matched.

2018-11-14 12:02:31 - [MESSAGE][PASSED] - Actual text and expected text of test object 'Object Repository/retailer admin All Repo/Search Products Details/Page_AppCohesion/created_id/markup_id' are matched.

2018-11-14 12:02:31 - [TEST_STEP][PASSED] - verifyElementVisible: Object 'Object Repository/retailer admin All Repo/Search Products Details/Page_AppCohesion/created_id/amtpay_header' is visible

2018-11-14 12:02:31 - [MESSAGE][PASSED] - Object 'Object Repository/retailer admin All Repo/Search Products Details/Page_AppCohesion/created_id/amtpay_header' is visible

2018-11-14 12:02:31 - [TEST_STEP][PASSED] - verifyElementVisible: Object 'Object Repository/retailer admin All Repo/Search Products Details/Page_AppCohesion/created_id/amtpay_id' is visible

2018-11-14 12:02:31 - [MESSAGE][PASSED] - Object 'Object Repository/retailer admin All Repo/Search Products Details/Page_AppCohesion/created_id/amtpay_id' is visible

2018-11-14 12:02:31 - [TEST_STEP][PASSED] - verifyElementText: Actual text and expected text of test object 'Object Repository/retailer admin All Repo/Search Products Details/Page_AppCohesion/created_id/amtpay_id' are matched.

2018-11-14 12:02:31 - [MESSAGE][PASSED] - Actual text and expected text of test object 'Object Repository/retailer admin All Repo/Search Products Details/Page_AppCohesion/created_id/amtpay_id' are matched.

2018-11-14 12:02:31 - [TEST_STEP][NOT_RUN] - verifyElementVisible: NOT_RUN: verifyElementVisible

2018-11-14 12:02:31 - [MESSAGE][NOT_RUN] - NOT_RUN: verifyElementVisible

2018-11-14 12:02:31 - [TEST_STEP][NOT_RUN] - verifyElementText: NOT_RUN: verifyElementText

2018-11-14 12:02:31 - [MESSAGE][NOT_RUN] - NOT_RUN: verifyElementText

2018-11-14 12:02:31 - [TEST_STEP][NOT_RUN] - verifyElementVisible: NOT_RUN: verifyElementVisible

2018-11-14 12:02:31 - [MESSAGE][NOT_RUN] - NOT_RUN: verifyElementVisible

2018-11-14 12:02:31 - [TEST_STEP][NOT_RUN] - verifyElementText: NOT_RUN: verifyElementText

2018-11-14 12:02:31 - [MESSAGE][NOT_RUN] - NOT_RUN: verifyElementText

2018-11-14 12:02:31 - [TEST_STEP][PASSED] - verifyElementVisible: Object 'Object Repository/retailer admin All Repo/Search Products Details/Page_AppCohesion/created_id/product_specification' is visible

2018-11-14 12:02:31 - [MESSAGE][PASSED] - Object 'Object Repository/retailer admin All Repo/Search Products Details/Page_AppCohesion/created_id/product_specification' is visible

2018-11-14 12:02:31 - [TEST_STEP][PASSED] - verifyElementVisible: Object 'Object Repository/retailer admin All Repo/Search Products Details/Page_AppCohesion/a_Back to Search' is visible

2018-11-14 12:02:31 - [MESSAGE][PASSED] - Object 'Object Repository/retailer admin All Repo/Search Products Details/Page_AppCohesion/a_Back to Search' is visible

2018-11-14 12:02:31 - [TEST_STEP][PASSED] - click: Object: 'Object Repository/retailer admin All Repo/Search Products Details/Page_AppCohesion/a_Back to Search' is clicked on

2018-11-14 12:02:31 - [MESSAGE][PASSED] - Object: 'Object Repository/retailer admin All Repo/Search Products Details/Page_AppCohesion/a_Back to Search' is clicked on

2018-11-14 12:02:31 - [TEST_STEP][PASSED] - click: Object: 'Object Repository/retailer admin All Repo/retailer_order_placement/key_press_orderList/Page_AppCohesion/a_Dashboard              Dashb' is clicked on

2018-11-14 12:02:32 - [MESSAGE][PASSED] - Object: 'Object Repository/retailer admin All Repo/retailer_order_placement/key_press_orderList/Page_AppCohesion/a_Dashboard              Dashb' is clicked on

2018-11-14 12:02:32 - [TEST_STEP][PASSED] - verifyElementVisible: Object 'Object Repository/retailer admin All Repo/retailer_order_placement/key_press_orderList/Page_AppCohesion/a_Dashboard              Dashb' is visible

2018-11-14 12:02:32 - [MESSAGE][PASSED] - Object 'Object Repository/retailer admin All Repo/retailer_order_placement/key_press_orderList/Page_AppCohesion/a_Dashboard              Dashb' is visible

2018-11-14 12:02:32 - [TEST_STEP][PASSED] - Statement - java.lang.Thread.sleep(8000): null]]></system-out>
         <system-err><![CDATA[]]></system-err>
      </testcase>
      <testcase name="Test Cases/RetailerAdmin_Login_All_Functionality/Product_details/Search Products Details" classname="Test Cases/RetailerAdmin_Login_All_Functionality/Product_details/Search Products Details" status="PASSED">
         <system-out><![CDATA[2018-11-14 12:02:40 - [TEST_CASE][PASSED] - Test Cases/RetailerAdmin_Login_All_Functionality/Product_details/Search Products Details: Test Cases/RetailerAdmin_Login_All_Functionality/Product_details/Search Products Details

2018-11-14 12:02:40 - [TEST_STEP][PASSED] - callTestCase: Call Test Case 'Test Cases/Call Test Case/Login_retailer_testcase' successfully

2018-11-14 12:02:40 - [TEST_CASE][PASSED] - Test Cases/Call Test Case/Login_retailer_testcase: Test Cases/Call Test Case/Login_retailer_testcase

2018-11-14 12:02:40 - [TEST_STEP][PASSED] - openBrowser: Browser is opened with url: 'https://app-qa.appcohesion.io/'

2018-11-14 12:02:40 - [MESSAGE][WARNING] - A browser is already opened. Closing browser and opening a new one

2018-11-14 12:02:47 - [MESSAGE][PASSED] - Browser is opened with url: 'https://app-qa.appcohesion.io/'

2018-11-14 12:02:47 - [TEST_STEP][PASSED] - maximizeWindow: Current window maximized

2018-11-14 12:02:48 - [MESSAGE][PASSED] - Current window maximized

2018-11-14 12:02:48 - [TEST_STEP][PASSED] - setText: Text 'RACreation@10_9' is set on object 'Object Repository/Login_OR/Page_AppCohesion/input_User Name_ac_username'

2018-11-14 12:02:48 - [MESSAGE][PASSED] - Text 'RACreation@10_9' is set on object 'Object Repository/Login_OR/Page_AppCohesion/input_User Name_ac_username'

2018-11-14 12:02:48 - [TEST_STEP][PASSED] - setText: Text 'RACreation@10_9' is set on object 'Object Repository/Login_OR/Page_AppCohesion/input_Password_ac_password'

2018-11-14 12:02:48 - [MESSAGE][PASSED] - Text 'RACreation@10_9' is set on object 'Object Repository/Login_OR/Page_AppCohesion/input_Password_ac_password'

2018-11-14 12:02:48 - [TEST_STEP][PASSED] - click: Object: 'Object Repository/Login_OR/Page_AppCohesion/button_Login Now' is clicked on

2018-11-14 12:02:48 - [MESSAGE][PASSED] - Object: 'Object Repository/Login_OR/Page_AppCohesion/button_Login Now' is clicked on

2018-11-14 12:02:48 - [TEST_STEP][PASSED] - waitForPageLoad: Wait for page load successfully

2018-11-14 12:02:48 - [MESSAGE][PASSED] - Wait for page load successfully

2018-11-14 12:02:48 - [MESSAGE][PASSED] - Call Test Case 'Test Cases/Call Test Case/Login_retailer_testcase' successfully

2018-11-14 12:02:48 - [TEST_STEP][PASSED] - verifyElementVisible: Object 'Object Repository/retailer admin All Repo/Search Products Details/Page_AppCohesion/input_Settings_searchproduct' is visible

2018-11-14 12:02:51 - [MESSAGE][PASSED] - Object 'Object Repository/retailer admin All Repo/Search Products Details/Page_AppCohesion/input_Settings_searchproduct' is visible

2018-11-14 12:02:51 - [TEST_STEP][PASSED] - setText: Text 'RUGER-UCSR7GCZ' is set on object 'Object Repository/retailer admin All Repo/Search Products Details/Page_AppCohesion/input_Settings_searchproduct'

2018-11-14 12:02:51 - [MESSAGE][PASSED] - Text 'RUGER-UCSR7GCZ' is set on object 'Object Repository/retailer admin All Repo/Search Products Details/Page_AppCohesion/input_Settings_searchproduct'

2018-11-14 12:02:51 - [TEST_STEP][PASSED] - verifyElementVisible: Object 'Object Repository/retailer admin All Repo/Search Products Details/Page_AppCohesion/button_Settings_searchbutton' is visible

2018-11-14 12:02:51 - [MESSAGE][PASSED] - Object 'Object Repository/retailer admin All Repo/Search Products Details/Page_AppCohesion/button_Settings_searchbutton' is visible

2018-11-14 12:02:51 - [TEST_STEP][PASSED] - click: Object: 'Object Repository/retailer admin All Repo/Search Products Details/Page_AppCohesion/button_Settings_searchbutton' is clicked on

2018-11-14 12:02:52 - [MESSAGE][PASSED] - Object: 'Object Repository/retailer admin All Repo/Search Products Details/Page_AppCohesion/button_Settings_searchbutton' is clicked on

2018-11-14 12:02:52 - [TEST_STEP][PASSED] - delay: Delayed 10 second(s)

2018-11-14 12:03:02 - [MESSAGE][PASSED] - Delayed 10 second(s)

2018-11-14 12:03:02 - [TEST_STEP][PASSED] - verifyElementVisible: Object 'Object Repository/retailer admin All Repo/Search Products Details/Page_AppCohesion/td_Ruger LC LCP' is visible

2018-11-14 12:03:02 - [MESSAGE][PASSED] - Object 'Object Repository/retailer admin All Repo/Search Products Details/Page_AppCohesion/td_Ruger LC LCP' is visible

2018-11-14 12:03:02 - [TEST_STEP][PASSED] - click: Object: 'Object Repository/retailer admin All Repo/Search Products Details/Page_AppCohesion/td_Ruger LC LCP' is clicked on

2018-11-14 12:03:02 - [MESSAGE][PASSED] - Object: 'Object Repository/retailer admin All Repo/Search Products Details/Page_AppCohesion/td_Ruger LC LCP' is clicked on

2018-11-14 12:03:02 - [TEST_STEP][PASSED] - verifyElementVisible: Object 'Object Repository/retailer admin All Repo/Search Products Details/Page_AppCohesion/h2_Ruger LC LCP' is visible

2018-11-14 12:03:04 - [MESSAGE][PASSED] - Object 'Object Repository/retailer admin All Repo/Search Products Details/Page_AppCohesion/h2_Ruger LC LCP' is visible

2018-11-14 12:03:04 - [TEST_STEP][PASSED] - verifyElementText: Actual text and expected text of test object 'Object Repository/retailer admin All Repo/Search Products Details/Page_AppCohesion/h2_Ruger LC LCP' are matched.

2018-11-14 12:03:04 - [MESSAGE][PASSED] - Actual text and expected text of test object 'Object Repository/retailer admin All Repo/Search Products Details/Page_AppCohesion/h2_Ruger LC LCP' are matched.

2018-11-14 12:03:04 - [TEST_STEP][PASSED] - verifyElementVisible: Object 'Object Repository/retailer admin All Repo/Search Products Details/Page_AppCohesion/span_Manufacturer Part Number3' is visible

2018-11-14 12:03:04 - [MESSAGE][PASSED] - Object 'Object Repository/retailer admin All Repo/Search Products Details/Page_AppCohesion/span_Manufacturer Part Number3' is visible

2018-11-14 12:03:04 - [TEST_STEP][PASSED] - verifyElementVisible: Object 'Object Repository/retailer admin All Repo/Search Products Details/Page_AppCohesion/strong_3701' is visible

2018-11-14 12:03:04 - [MESSAGE][PASSED] - Object 'Object Repository/retailer admin All Repo/Search Products Details/Page_AppCohesion/strong_3701' is visible

2018-11-14 12:03:04 - [TEST_STEP][PASSED] - verifyElementText: Actual text and expected text of test object 'Object Repository/retailer admin All Repo/Search Products Details/Page_AppCohesion/strong_3701' are matched.

2018-11-14 12:03:04 - [MESSAGE][PASSED] - Actual text and expected text of test object 'Object Repository/retailer admin All Repo/Search Products Details/Page_AppCohesion/strong_3701' are matched.

2018-11-14 12:03:04 - [TEST_STEP][PASSED] - verifyElementVisible: Object 'Object Repository/retailer admin All Repo/Search Products Details/Page_AppCohesion/span_ManufacturerRuger' is visible

2018-11-14 12:03:05 - [MESSAGE][PASSED] - Object 'Object Repository/retailer admin All Repo/Search Products Details/Page_AppCohesion/span_ManufacturerRuger' is visible

2018-11-14 12:03:05 - [TEST_STEP][PASSED] - verifyElementVisible: Object 'Object Repository/retailer admin All Repo/Search Products Details/Page_AppCohesion/strong_Ruger' is visible

2018-11-14 12:03:05 - [MESSAGE][PASSED] - Object 'Object Repository/retailer admin All Repo/Search Products Details/Page_AppCohesion/strong_Ruger' is visible

2018-11-14 12:03:05 - [TEST_STEP][PASSED] - verifyElementText: Actual text and expected text of test object 'Object Repository/retailer admin All Repo/Search Products Details/Page_AppCohesion/strong_Ruger' are matched.

2018-11-14 12:03:05 - [MESSAGE][PASSED] - Actual text and expected text of test object 'Object Repository/retailer admin All Repo/Search Products Details/Page_AppCohesion/strong_Ruger' are matched.

2018-11-14 12:03:05 - [TEST_STEP][PASSED] - verifyElementVisible: Object 'Object Repository/retailer admin All Repo/Search Products Details/Page_AppCohesion/span_DistributorSS' is visible

2018-11-14 12:03:05 - [MESSAGE][PASSED] - Object 'Object Repository/retailer admin All Repo/Search Products Details/Page_AppCohesion/span_DistributorSS' is visible

2018-11-14 12:03:05 - [TEST_STEP][PASSED] - verifyElementVisible: Object 'Object Repository/retailer admin All Repo/Search Products Details/Page_AppCohesion/strong_SS' is visible

2018-11-14 12:03:05 - [MESSAGE][PASSED] - Object 'Object Repository/retailer admin All Repo/Search Products Details/Page_AppCohesion/strong_SS' is visible

2018-11-14 12:03:05 - [TEST_STEP][PASSED] - verifyElementText: Actual text and expected text of test object 'Object Repository/retailer admin All Repo/Search Products Details/Page_AppCohesion/strong_SS' are matched.

2018-11-14 12:03:05 - [MESSAGE][PASSED] - Actual text and expected text of test object 'Object Repository/retailer admin All Repo/Search Products Details/Page_AppCohesion/strong_SS' are matched.

2018-11-14 12:03:05 - [TEST_STEP][PASSED] - verifyElementVisible: Object 'Object Repository/retailer admin All Repo/Search Products Details/Page_AppCohesion/span_UPC736676037018' is visible

2018-11-14 12:03:05 - [MESSAGE][PASSED] - Object 'Object Repository/retailer admin All Repo/Search Products Details/Page_AppCohesion/span_UPC736676037018' is visible

2018-11-14 12:03:05 - [TEST_STEP][PASSED] - verifyElementVisible: Object 'Object Repository/retailer admin All Repo/Search Products Details/Page_AppCohesion/strong_736676037018' is visible

2018-11-14 12:03:05 - [MESSAGE][PASSED] - Object 'Object Repository/retailer admin All Repo/Search Products Details/Page_AppCohesion/strong_736676037018' is visible

2018-11-14 12:03:05 - [TEST_STEP][PASSED] - verifyElementText: Actual text and expected text of test object 'Object Repository/retailer admin All Repo/Search Products Details/Page_AppCohesion/strong_736676037018' are matched.

2018-11-14 12:03:05 - [MESSAGE][PASSED] - Actual text and expected text of test object 'Object Repository/retailer admin All Repo/Search Products Details/Page_AppCohesion/strong_736676037018' are matched.

2018-11-14 12:03:05 - [TEST_STEP][PASSED] - verifyElementVisible: Object 'Object Repository/retailer admin All Repo/Search Products Details/Page_AppCohesion/span_Base Price180.00' is visible

2018-11-14 12:03:05 - [MESSAGE][PASSED] - Object 'Object Repository/retailer admin All Repo/Search Products Details/Page_AppCohesion/span_Base Price180.00' is visible

2018-11-14 12:03:05 - [TEST_STEP][PASSED] - verifyElementVisible: Object 'Object Repository/retailer admin All Repo/Search Products Details/Page_AppCohesion/strong_180.00' is visible

2018-11-14 12:03:05 - [MESSAGE][PASSED] - Object 'Object Repository/retailer admin All Repo/Search Products Details/Page_AppCohesion/strong_180.00' is visible

2018-11-14 12:03:05 - [TEST_STEP][PASSED] - verifyElementText: Actual text and expected text of test object 'Object Repository/retailer admin All Repo/Search Products Details/Page_AppCohesion/strong_180.00' are matched.

2018-11-14 12:03:05 - [MESSAGE][PASSED] - Actual text and expected text of test object 'Object Repository/retailer admin All Repo/Search Products Details/Page_AppCohesion/strong_180.00' are matched.

2018-11-14 12:03:05 - [TEST_STEP][PASSED] - verifyElementVisible: Object 'Object Repository/retailer admin All Repo/Search Products Details/Page_AppCohesion/span_Retailer Markup0.00' is visible

2018-11-14 12:03:05 - [MESSAGE][PASSED] - Object 'Object Repository/retailer admin All Repo/Search Products Details/Page_AppCohesion/span_Retailer Markup0.00' is visible

2018-11-14 12:03:05 - [TEST_STEP][PASSED] - verifyElementVisible: Object 'Object Repository/retailer admin All Repo/Search Products Details/Page_AppCohesion/strong_0.00' is visible

2018-11-14 12:03:05 - [MESSAGE][PASSED] - Object 'Object Repository/retailer admin All Repo/Search Products Details/Page_AppCohesion/strong_0.00' is visible

2018-11-14 12:03:05 - [TEST_STEP][PASSED] - verifyElementText: Actual text and expected text of test object 'Object Repository/retailer admin All Repo/Search Products Details/Page_AppCohesion/strong_0.00' are matched.

2018-11-14 12:03:05 - [MESSAGE][PASSED] - Actual text and expected text of test object 'Object Repository/retailer admin All Repo/Search Products Details/Page_AppCohesion/strong_0.00' are matched.

2018-11-14 12:03:05 - [TEST_STEP][PASSED] - verifyElementVisible: Object 'Object Repository/retailer admin All Repo/Search Products Details/Page_AppCohesion/span_Amount Payable180.00' is visible

2018-11-14 12:03:05 - [MESSAGE][PASSED] - Object 'Object Repository/retailer admin All Repo/Search Products Details/Page_AppCohesion/span_Amount Payable180.00' is visible

2018-11-14 12:03:05 - [TEST_STEP][PASSED] - verifyElementVisible: Object 'Object Repository/retailer admin All Repo/inventory retailer markup repo/Page_AppCohesion/Page_AppCohesion/strong_203.04' is visible

2018-11-14 12:03:05 - [MESSAGE][PASSED] - Object 'Object Repository/retailer admin All Repo/inventory retailer markup repo/Page_AppCohesion/Page_AppCohesion/strong_203.04' is visible

2018-11-14 12:03:05 - [TEST_STEP][PASSED] - verifyElementText: Actual text and expected text of test object 'Object Repository/retailer admin All Repo/inventory retailer markup repo/Page_AppCohesion/Page_AppCohesion/strong_203.04' are matched.

2018-11-14 12:03:05 - [MESSAGE][PASSED] - Actual text and expected text of test object 'Object Repository/retailer admin All Repo/inventory retailer markup repo/Page_AppCohesion/Page_AppCohesion/strong_203.04' are matched.

2018-11-14 12:03:05 - [TEST_STEP][PASSED] - verifyElementVisible: Object 'Object Repository/retailer admin All Repo/Search Products Details/Page_AppCohesion/h4_Only 25 left in stock' is visible

2018-11-14 12:03:05 - [MESSAGE][PASSED] - Object 'Object Repository/retailer admin All Repo/Search Products Details/Page_AppCohesion/h4_Only 25 left in stock' is visible

2018-11-14 12:03:05 - [TEST_STEP][PASSED] - verifyElementText: Actual text and expected text of test object 'Object Repository/retailer admin All Repo/Search Products Details/Page_AppCohesion/h4_Only 25 left in stock' are matched.

2018-11-14 12:03:05 - [MESSAGE][PASSED] - Actual text and expected text of test object 'Object Repository/retailer admin All Repo/Search Products Details/Page_AppCohesion/h4_Only 25 left in stock' are matched.

2018-11-14 12:03:05 - [TEST_STEP][PASSED] - verifyElementVisible: Object 'Object Repository/retailer admin All Repo/Search Products Details/Page_AppCohesion/span_25' is visible

2018-11-14 12:03:05 - [MESSAGE][PASSED] - Object 'Object Repository/retailer admin All Repo/Search Products Details/Page_AppCohesion/span_25' is visible

2018-11-14 12:03:05 - [TEST_STEP][PASSED] - verifyElementText: Actual text and expected text of test object 'Object Repository/retailer admin All Repo/Search Products Details/Page_AppCohesion/span_25' are matched.

2018-11-14 12:03:05 - [MESSAGE][PASSED] - Actual text and expected text of test object 'Object Repository/retailer admin All Repo/Search Products Details/Page_AppCohesion/span_25' are matched.

2018-11-14 12:03:05 - [TEST_STEP][PASSED] - verifyElementVisible: Object 'Object Repository/retailer admin All Repo/Search Products Details/Page_AppCohesion/p_Manufacturer Part 3701UPC 73' is visible

2018-11-14 12:03:05 - [MESSAGE][PASSED] - Object 'Object Repository/retailer admin All Repo/Search Products Details/Page_AppCohesion/p_Manufacturer Part 3701UPC 73' is visible

2018-11-14 12:03:05 - [TEST_STEP][PASSED] - verifyElementVisible: Object 'Object Repository/retailer admin All Repo/Search Products Details/Page_AppCohesion/a_Back to Search' is visible

2018-11-14 12:03:05 - [MESSAGE][PASSED] - Object 'Object Repository/retailer admin All Repo/Search Products Details/Page_AppCohesion/a_Back to Search' is visible

2018-11-14 12:03:05 - [TEST_STEP][PASSED] - click: Object: 'Object Repository/retailer admin All Repo/Search Products Details/Page_AppCohesion/a_Back to Search' is clicked on

2018-11-14 12:03:05 - [MESSAGE][PASSED] - Object: 'Object Repository/retailer admin All Repo/Search Products Details/Page_AppCohesion/a_Back to Search' is clicked on]]></system-out>
         <system-err><![CDATA[]]></system-err>
      </testcase>
      <testcase name="Test Cases/RetailerAdmin_Login_All_Functionality/Retailer_Store_managment/Retailer_store_creation_edit_delete" classname="Test Cases/RetailerAdmin_Login_All_Functionality/Retailer_Store_managment/Retailer_store_creation_edit_delete" status="PASSED">
         <system-out><![CDATA[2018-11-14 12:03:05 - [TEST_CASE][PASSED] - Test Cases/RetailerAdmin_Login_All_Functionality/Retailer_Store_managment/Retailer_store_creation_edit_delete: Test Cases/RetailerAdmin_Login_All_Functionality/Retailer_Store_managment/Retailer_store_creation_edit_delete

2018-11-14 12:03:05 - [TEST_STEP][PASSED] - callTestCase: Call Test Case 'Test Cases/Call Test Case/Login_retailer_testcase' successfully

2018-11-14 12:03:05 - [TEST_CASE][PASSED] - Test Cases/Call Test Case/Login_retailer_testcase: Test Cases/Call Test Case/Login_retailer_testcase

2018-11-14 12:03:05 - [TEST_STEP][PASSED] - openBrowser: Browser is opened with url: 'https://app-qa.appcohesion.io/'

2018-11-14 12:03:05 - [MESSAGE][WARNING] - A browser is already opened. Closing browser and opening a new one

2018-11-14 12:03:12 - [MESSAGE][PASSED] - Browser is opened with url: 'https://app-qa.appcohesion.io/'

2018-11-14 12:03:12 - [TEST_STEP][PASSED] - maximizeWindow: Current window maximized

2018-11-14 12:03:13 - [MESSAGE][PASSED] - Current window maximized

2018-11-14 12:03:13 - [TEST_STEP][PASSED] - setText: Text 'RACreation@10_9' is set on object 'Object Repository/Login_OR/Page_AppCohesion/input_User Name_ac_username'

2018-11-14 12:03:13 - [MESSAGE][PASSED] - Text 'RACreation@10_9' is set on object 'Object Repository/Login_OR/Page_AppCohesion/input_User Name_ac_username'

2018-11-14 12:03:13 - [TEST_STEP][PASSED] - setText: Text 'RACreation@10_9' is set on object 'Object Repository/Login_OR/Page_AppCohesion/input_Password_ac_password'

2018-11-14 12:03:14 - [MESSAGE][PASSED] - Text 'RACreation@10_9' is set on object 'Object Repository/Login_OR/Page_AppCohesion/input_Password_ac_password'

2018-11-14 12:03:14 - [TEST_STEP][PASSED] - click: Object: 'Object Repository/Login_OR/Page_AppCohesion/button_Login Now' is clicked on

2018-11-14 12:03:14 - [MESSAGE][PASSED] - Object: 'Object Repository/Login_OR/Page_AppCohesion/button_Login Now' is clicked on

2018-11-14 12:03:14 - [TEST_STEP][PASSED] - waitForPageLoad: Wait for page load successfully

2018-11-14 12:03:14 - [MESSAGE][PASSED] - Wait for page load successfully

2018-11-14 12:03:14 - [MESSAGE][PASSED] - Call Test Case 'Test Cases/Call Test Case/Login_retailer_testcase' successfully

2018-11-14 12:03:14 - [TEST_STEP][PASSED] - click: Object: 'Object Repository/retailer admin All Repo/store_object_repo/store_tab' is clicked on

2018-11-14 12:03:17 - [MESSAGE][PASSED] - Object: 'Object Repository/retailer admin All Repo/store_object_repo/store_tab' is clicked on

2018-11-14 12:03:17 - [TEST_STEP][PASSED] - click: Object: 'Object Repository/retailer admin All Repo/store_object_repo/store_new_button' is clicked on

2018-11-14 12:03:17 - [MESSAGE][PASSED] - Object: 'Object Repository/retailer admin All Repo/store_object_repo/store_new_button' is clicked on

2018-11-14 12:03:17 - [TEST_STEP][PASSED] - setText: Text 'Store Automation' is set on object 'Object Repository/retailer admin All Repo/store_object_repo/store_name'

2018-11-14 12:03:17 - [MESSAGE][PASSED] - Text 'Store Automation' is set on object 'Object Repository/retailer admin All Repo/store_object_repo/store_name'

2018-11-14 12:03:17 - [TEST_STEP][PASSED] - Statement - ts = java.lang.System.currentTimeMillis().toString(): null

2018-11-14 12:03:17 - [TEST_STEP][PASSED] - setText: Text '1542177197573' is set on object 'Object Repository/retailer admin All Repo/store_object_repo/FFL_no'

2018-11-14 12:03:17 - [MESSAGE][PASSED] - Text '1542177197573' is set on object 'Object Repository/retailer admin All Repo/store_object_repo/FFL_no'

2018-11-14 12:03:17 - [TEST_STEP][PASSED] - uploadFile: File 'D:\sample_doc\sample.pdf' sent to object: 'Object Repository/retailer admin All Repo/store_object_repo/FFL_doc'

2018-11-14 12:03:17 - [MESSAGE][PASSED] - File 'D:\sample_doc\sample.pdf' sent to object: 'Object Repository/retailer admin All Repo/store_object_repo/FFL_doc'

2018-11-14 12:03:17 - [TEST_STEP][PASSED] - setText: Text '3/10, New QA Build' is set on object 'Object Repository/retailer admin All Repo/store_object_repo/store_address'

2018-11-14 12:03:17 - [MESSAGE][PASSED] - Text '3/10, New QA Build' is set on object 'Object Repository/retailer admin All Repo/store_object_repo/store_address'

2018-11-14 12:03:17 - [TEST_STEP][PASSED] - setText: Text '24143' is set on object 'Object Repository/retailer admin All Repo/store_object_repo/zip_code'

2018-11-14 12:03:18 - [MESSAGE][PASSED] - Text '24143' is set on object 'Object Repository/retailer admin All Repo/store_object_repo/zip_code'

2018-11-14 12:03:18 - [TEST_STEP][PASSED] - setText: Text 'Newton Falls' is set on object 'Object Repository/retailer admin All Repo/store_object_repo/city_name'

2018-11-14 12:03:18 - [MESSAGE][PASSED] - Text 'Newton Falls' is set on object 'Object Repository/retailer admin All Repo/store_object_repo/city_name'

2018-11-14 12:03:18 - [TEST_STEP][PASSED] - setText: Text 'Ohio' is set on object 'Object Repository/retailer admin All Repo/store_object_repo/state_name'

2018-11-14 12:03:18 - [MESSAGE][PASSED] - Text 'Ohio' is set on object 'Object Repository/retailer admin All Repo/store_object_repo/state_name'

2018-11-14 12:03:18 - [TEST_STEP][PASSED] - delay: Delayed 10 second(s)

2018-11-14 12:03:28 - [MESSAGE][PASSED] - Delayed 10 second(s)

2018-11-14 12:03:28 - [TEST_STEP][PASSED] - waitForElementVisible: Object 'Object Repository/retailer admin All Repo/store_object_repo/check_default_store' is visible

2018-11-14 12:03:28 - [MESSAGE][PASSED] - Object 'Object Repository/retailer admin All Repo/store_object_repo/check_default_store' is visible

2018-11-14 12:03:28 - [TEST_STEP][PASSED] - check: Object 'Object Repository/retailer admin All Repo/store_object_repo/check_default_store' is checked

2018-11-14 12:03:28 - [MESSAGE][PASSED] - Object 'Object Repository/retailer admin All Repo/store_object_repo/check_default_store' is checked

2018-11-14 12:03:28 - [TEST_STEP][NOT_RUN] - verifyElementChecked: NOT_RUN: verifyElementChecked

2018-11-14 12:03:28 - [MESSAGE][NOT_RUN] - NOT_RUN: verifyElementChecked

2018-11-14 12:03:28 - [TEST_STEP][PASSED] - waitForElementPresent: Object 'Object Repository/retailer admin All Repo/store_object_repo/add_store_button' is present

2018-11-14 12:03:28 - [MESSAGE][PASSED] - Object 'Object Repository/retailer admin All Repo/store_object_repo/add_store_button' is present

2018-11-14 12:03:28 - [TEST_STEP][PASSED] - verifyElementVisible: Object 'Object Repository/retailer admin All Repo/store_object_repo/add_store_button' is visible

2018-11-14 12:03:28 - [MESSAGE][PASSED] - Object 'Object Repository/retailer admin All Repo/store_object_repo/add_store_button' is visible

2018-11-14 12:03:28 - [TEST_STEP][PASSED] - click: Object: 'Object Repository/retailer admin All Repo/store_object_repo/add_store_button' is clicked on

2018-11-14 12:03:28 - [MESSAGE][PASSED] - Object: 'Object Repository/retailer admin All Repo/store_object_repo/add_store_button' is clicked on

2018-11-14 12:03:28 - [TEST_STEP][PASSED] - delay: Delayed 2 second(s)

2018-11-14 12:03:30 - [MESSAGE][PASSED] - Delayed 2 second(s)

2018-11-14 12:03:30 - [TEST_STEP][PASSED] - verifyElementVisible: Object 'Object Repository/retailer admin All Repo/store_object_repo/h5_Success  Store created succ' is visible

2018-11-14 12:03:44 - [MESSAGE][PASSED] - Object 'Object Repository/retailer admin All Repo/store_object_repo/h5_Success  Store created succ' is visible

2018-11-14 12:03:44 - [TEST_STEP][PASSED] - verifyElementText: Actual text and expected text of test object 'Object Repository/retailer admin All Repo/store_object_repo/h5_Success  Store created succ' are matched.

2018-11-14 12:03:44 - [MESSAGE][PASSED] - Actual text and expected text of test object 'Object Repository/retailer admin All Repo/store_object_repo/h5_Success  Store created succ' are matched.

2018-11-14 12:03:44 - [TEST_STEP][PASSED] - delay: Delayed 5 second(s)

2018-11-14 12:03:49 - [MESSAGE][PASSED] - Delayed 5 second(s)

2018-11-14 12:03:49 - [TEST_STEP][NOT_RUN] - verifyElementText: NOT_RUN: verifyElementText

2018-11-14 12:03:49 - [MESSAGE][NOT_RUN] - NOT_RUN: verifyElementText

2018-11-14 12:03:49 - [TEST_STEP][NOT_RUN] - verifyElementText: NOT_RUN: verifyElementText

2018-11-14 12:03:49 - [MESSAGE][NOT_RUN] - NOT_RUN: verifyElementText

2018-11-14 12:03:49 - [TEST_STEP][NOT_RUN] - click: NOT_RUN: click

2018-11-14 12:03:49 - [MESSAGE][NOT_RUN] - NOT_RUN: click

2018-11-14 12:03:49 - [TEST_STEP][PASSED] - delay: Delayed 5 second(s)

2018-11-14 12:03:54 - [MESSAGE][PASSED] - Delayed 5 second(s)

2018-11-14 12:03:54 - [TEST_STEP][PASSED] - verifyElementVisible: Object 'Object Repository/retailer admin All Repo/store_object_repo/default store container' is visible

2018-11-14 12:03:54 - [MESSAGE][PASSED] - Object 'Object Repository/retailer admin All Repo/store_object_repo/default store container' is visible

2018-11-14 12:03:54 - [TEST_STEP][PASSED] - verifyElementVisible: Object 'Object Repository/retailer admin All Repo/store_object_repo/store_container0' is visible

2018-11-14 12:03:54 - [MESSAGE][PASSED] - Object 'Object Repository/retailer admin All Repo/store_object_repo/store_container0' is visible

2018-11-14 12:03:54 - [TEST_STEP][PASSED] - click: Object: 'Object Repository/retailer admin All Repo/store_object_repo/store_container0' is clicked on

2018-11-14 12:03:54 - [MESSAGE][PASSED] - Object: 'Object Repository/retailer admin All Repo/store_object_repo/store_container0' is clicked on

2018-11-14 12:03:54 - [TEST_STEP][PASSED] - waitForElementVisible: Object 'Object Repository/retailer admin All Repo/store_object_repo/storeeditbutton' is visible

2018-11-14 12:03:55 - [MESSAGE][PASSED] - Object 'Object Repository/retailer admin All Repo/store_object_repo/storeeditbutton' is visible

2018-11-14 12:03:55 - [TEST_STEP][PASSED] - click: Object: 'Object Repository/retailer admin All Repo/store_object_repo/storeeditbutton' is clicked on

2018-11-14 12:03:55 - [MESSAGE][PASSED] - Object: 'Object Repository/retailer admin All Repo/store_object_repo/storeeditbutton' is clicked on

2018-11-14 12:03:55 - [TEST_STEP][PASSED] - setText: Text 'edit Store automation' is set on object 'Object Repository/retailer admin All Repo/store_object_repo/store_name'

2018-11-14 12:03:55 - [MESSAGE][PASSED] - Text 'edit Store automation' is set on object 'Object Repository/retailer admin All Repo/store_object_repo/store_name'

2018-11-14 12:03:55 - [TEST_STEP][PASSED] - Statement - ts1 = java.lang.System.currentTimeMillis().toString(): null

2018-11-14 12:03:55 - [TEST_STEP][PASSED] - setText: Text '1542177235655' is set on object 'Object Repository/retailer admin All Repo/store_object_repo/FFL_no'

2018-11-14 12:03:55 - [MESSAGE][PASSED] - Text '1542177235655' is set on object 'Object Repository/retailer admin All Repo/store_object_repo/FFL_no'

2018-11-14 12:03:55 - [TEST_STEP][NOT_RUN] - uploadFile: NOT_RUN: uploadFile

2018-11-14 12:03:55 - [MESSAGE][NOT_RUN] - NOT_RUN: uploadFile

2018-11-14 12:03:55 - [TEST_STEP][PASSED] - setText: Text '3/10, New QA Build' is set on object 'Object Repository/retailer admin All Repo/store_object_repo/store_address'

2018-11-14 12:03:55 - [MESSAGE][PASSED] - Text '3/10, New QA Build' is set on object 'Object Repository/retailer admin All Repo/store_object_repo/store_address'

2018-11-14 12:03:55 - [TEST_STEP][PASSED] - setText: Text '24143' is set on object 'Object Repository/retailer admin All Repo/store_object_repo/zip_code'

2018-11-14 12:03:56 - [MESSAGE][PASSED] - Text '24143' is set on object 'Object Repository/retailer admin All Repo/store_object_repo/zip_code'

2018-11-14 12:03:56 - [TEST_STEP][PASSED] - setText: Text 'Newton Falls' is set on object 'Object Repository/retailer admin All Repo/store_object_repo/city_name'

2018-11-14 12:03:56 - [MESSAGE][PASSED] - Text 'Newton Falls' is set on object 'Object Repository/retailer admin All Repo/store_object_repo/city_name'

2018-11-14 12:03:56 - [TEST_STEP][PASSED] - setText: Text 'Ohio' is set on object 'Object Repository/retailer admin All Repo/store_object_repo/state_name'

2018-11-14 12:03:56 - [MESSAGE][PASSED] - Text 'Ohio' is set on object 'Object Repository/retailer admin All Repo/store_object_repo/state_name'

2018-11-14 12:03:56 - [TEST_STEP][PASSED] - waitForElementVisible: Object 'Object Repository/retailer admin All Repo/store_object_repo/store_update_button' is visible

2018-11-14 12:03:56 - [MESSAGE][PASSED] - Object 'Object Repository/retailer admin All Repo/store_object_repo/store_update_button' is visible

2018-11-14 12:03:56 - [TEST_STEP][PASSED] - verifyElementVisible: Object 'Object Repository/retailer admin All Repo/store_object_repo/store_update_button' is visible

2018-11-14 12:03:56 - [MESSAGE][PASSED] - Object 'Object Repository/retailer admin All Repo/store_object_repo/store_update_button' is visible

2018-11-14 12:03:56 - [TEST_STEP][PASSED] - click: Object: 'Object Repository/retailer admin All Repo/store_object_repo/store_update_button' is clicked on

2018-11-14 12:03:56 - [MESSAGE][PASSED] - Object: 'Object Repository/retailer admin All Repo/store_object_repo/store_update_button' is clicked on

2018-11-14 12:03:56 - [TEST_STEP][PASSED] - waitForElementVisible: Object 'Object Repository/retailer admin All Repo/store_object_repo/alert_proceed' is visible

2018-11-14 12:03:56 - [MESSAGE][PASSED] - Object 'Object Repository/retailer admin All Repo/store_object_repo/alert_proceed' is visible

2018-11-14 12:03:56 - [TEST_STEP][PASSED] - click: Object: 'Object Repository/retailer admin All Repo/store_object_repo/alert_proceed' is clicked on

2018-11-14 12:03:56 - [MESSAGE][PASSED] - Object: 'Object Repository/retailer admin All Repo/store_object_repo/alert_proceed' is clicked on

2018-11-14 12:03:56 - [TEST_STEP][PASSED] - verifyElementText: Actual text and expected text of test object 'Object Repository/retailer admin All Repo/store_object_repo/h5_Success  Store details upda' are matched.

2018-11-14 12:04:10 - [MESSAGE][PASSED] - Actual text and expected text of test object 'Object Repository/retailer admin All Repo/store_object_repo/h5_Success  Store details upda' are matched.

2018-11-14 12:04:10 - [TEST_STEP][PASSED] - delay: Delayed 5 second(s)

2018-11-14 12:04:15 - [MESSAGE][PASSED] - Delayed 5 second(s)

2018-11-14 12:04:15 - [TEST_STEP][PASSED] - verifyElementVisible: Object 'Object Repository/retailer admin All Repo/store_object_repo/store_container0' is visible

2018-11-14 12:04:16 - [MESSAGE][PASSED] - Object 'Object Repository/retailer admin All Repo/store_object_repo/store_container0' is visible

2018-11-14 12:04:16 - [TEST_STEP][PASSED] - verifyElementVisible: Object 'Object Repository/retailer admin All Repo/store_object_repo/default store container' is visible

2018-11-14 12:04:16 - [MESSAGE][PASSED] - Object 'Object Repository/retailer admin All Repo/store_object_repo/default store container' is visible

2018-11-14 12:04:16 - [TEST_STEP][PASSED] - verifyElementVisible: Object 'Object Repository/retailer admin All Repo/store_object_repo/store_container1' is visible

2018-11-14 12:04:16 - [MESSAGE][PASSED] - Object 'Object Repository/retailer admin All Repo/store_object_repo/store_container1' is visible

2018-11-14 12:04:16 - [TEST_STEP][PASSED] - check: Object 'Object Repository/retailer admin All Repo/store_object_repo/change_default_store' is checked

2018-11-14 12:04:16 - [MESSAGE][PASSED] - Object 'Object Repository/retailer admin All Repo/store_object_repo/change_default_store' is checked

2018-11-14 12:04:16 - [TEST_STEP][PASSED] - verifyElementVisible: Object 'Object Repository/retailer admin All Repo/store_object_repo/h5_Success  Your default store' is visible

2018-11-14 12:04:17 - [MESSAGE][PASSED] - Object 'Object Repository/retailer admin All Repo/store_object_repo/h5_Success  Your default store' is visible

2018-11-14 12:04:17 - [TEST_STEP][PASSED] - verifyElementText: Actual text and expected text of test object 'Object Repository/retailer admin All Repo/store_object_repo/h5_Success  Your default store' are matched.

2018-11-14 12:04:17 - [MESSAGE][PASSED] - Actual text and expected text of test object 'Object Repository/retailer admin All Repo/store_object_repo/h5_Success  Your default store' are matched.

2018-11-14 12:04:17 - [TEST_STEP][PASSED] - delay: Delayed 10 second(s)

2018-11-14 12:04:27 - [MESSAGE][PASSED] - Delayed 10 second(s)

2018-11-14 12:04:27 - [TEST_STEP][PASSED] - click: Object: 'Object Repository/retailer admin All Repo/store_object_repo/store_container0' is clicked on

2018-11-14 12:04:27 - [MESSAGE][PASSED] - Object: 'Object Repository/retailer admin All Repo/store_object_repo/store_container0' is clicked on

2018-11-14 12:04:27 - [TEST_STEP][PASSED] - waitForElementVisible: Object 'Object Repository/retailer admin All Repo/store_object_repo/store_delete_button' is visible

2018-11-14 12:04:28 - [MESSAGE][PASSED] - Object 'Object Repository/retailer admin All Repo/store_object_repo/store_delete_button' is visible

2018-11-14 12:04:28 - [TEST_STEP][PASSED] - click: Object: 'Object Repository/retailer admin All Repo/store_object_repo/store_delete_button' is clicked on

2018-11-14 12:04:28 - [MESSAGE][PASSED] - Object: 'Object Repository/retailer admin All Repo/store_object_repo/store_delete_button' is clicked on

2018-11-14 12:04:28 - [TEST_STEP][NOT_RUN] - waitForAlert: NOT_RUN: waitForAlert

2018-11-14 12:04:28 - [MESSAGE][NOT_RUN] - NOT_RUN: waitForAlert

2018-11-14 12:04:28 - [TEST_STEP][PASSED] - verifyElementVisible: Object 'Object Repository/retailer admin All Repo/store_object_repo/delete_yes_button' is visible

2018-11-14 12:04:28 - [MESSAGE][PASSED] - Object 'Object Repository/retailer admin All Repo/store_object_repo/delete_yes_button' is visible

2018-11-14 12:04:28 - [TEST_STEP][PASSED] - click: Object: 'Object Repository/retailer admin All Repo/store_object_repo/delete_yes_button' is clicked on

2018-11-14 12:04:28 - [MESSAGE][PASSED] - Object: 'Object Repository/retailer admin All Repo/store_object_repo/delete_yes_button' is clicked on

2018-11-14 12:04:28 - [TEST_STEP][PASSED] - verifyElementVisible: Object 'Object Repository/retailer admin All Repo/store_object_repo/h5_Success  Store has been del' is visible

2018-11-14 12:04:42 - [MESSAGE][PASSED] - Object 'Object Repository/retailer admin All Repo/store_object_repo/h5_Success  Store has been del' is visible

2018-11-14 12:04:42 - [TEST_STEP][PASSED] - verifyElementText: Actual text and expected text of test object 'Object Repository/retailer admin All Repo/store_object_repo/h5_Success  Store has been del' are matched.

2018-11-14 12:04:42 - [MESSAGE][PASSED] - Actual text and expected text of test object 'Object Repository/retailer admin All Repo/store_object_repo/h5_Success  Store has been del' are matched.

2018-11-14 12:04:42 - [TEST_STEP][PASSED] - delay: Delayed 5 second(s)

2018-11-14 12:04:47 - [MESSAGE][PASSED] - Delayed 5 second(s)

2018-11-14 12:04:47 - [TEST_STEP][PASSED] - verifyElementVisible: Object 'Object Repository/retailer admin All Repo/store_object_repo/a_Dashboard              Dashb' is visible

2018-11-14 12:04:47 - [MESSAGE][PASSED] - Object 'Object Repository/retailer admin All Repo/store_object_repo/a_Dashboard              Dashb' is visible

2018-11-14 12:04:47 - [TEST_STEP][PASSED] - click: Object: 'Object Repository/retailer admin All Repo/store_object_repo/a_Dashboard              Dashb' is clicked on

2018-11-14 12:04:47 - [MESSAGE][PASSED] - Object: 'Object Repository/retailer admin All Repo/store_object_repo/a_Dashboard              Dashb' is clicked on]]></system-out>
         <system-err><![CDATA[]]></system-err>
      </testcase>
      <testcase name="Test Cases/RetailerAdmin_Login_All_Functionality/order_placement_order_details/Retailer Add Markup" classname="Test Cases/RetailerAdmin_Login_All_Functionality/order_placement_order_details/Retailer Add Markup" status="PASSED">
         <system-out><![CDATA[2018-11-14 12:04:47 - [TEST_CASE][PASSED] - Test Cases/RetailerAdmin_Login_All_Functionality/order_placement_order_details/Retailer Add Markup: Test Cases/RetailerAdmin_Login_All_Functionality/order_placement_order_details/Retailer Add Markup

2018-11-14 12:04:47 - [TEST_STEP][PASSED] - callTestCase: Call Test Case 'Test Cases/Call Test Case/Login_retailer_testcase' successfully

2018-11-14 12:04:47 - [TEST_CASE][PASSED] - Test Cases/Call Test Case/Login_retailer_testcase: Test Cases/Call Test Case/Login_retailer_testcase

2018-11-14 12:04:47 - [TEST_STEP][PASSED] - openBrowser: Browser is opened with url: 'https://app-qa.appcohesion.io/'

2018-11-14 12:04:47 - [MESSAGE][WARNING] - A browser is already opened. Closing browser and opening a new one

2018-11-14 12:04:54 - [MESSAGE][PASSED] - Browser is opened with url: 'https://app-qa.appcohesion.io/'

2018-11-14 12:04:54 - [TEST_STEP][PASSED] - maximizeWindow: Current window maximized

2018-11-14 12:04:56 - [MESSAGE][PASSED] - Current window maximized

2018-11-14 12:04:56 - [TEST_STEP][PASSED] - setText: Text 'RACreation@10_9' is set on object 'Object Repository/Login_OR/Page_AppCohesion/input_User Name_ac_username'

2018-11-14 12:04:56 - [MESSAGE][PASSED] - Text 'RACreation@10_9' is set on object 'Object Repository/Login_OR/Page_AppCohesion/input_User Name_ac_username'

2018-11-14 12:04:56 - [TEST_STEP][PASSED] - setText: Text 'RACreation@10_9' is set on object 'Object Repository/Login_OR/Page_AppCohesion/input_Password_ac_password'

2018-11-14 12:04:56 - [MESSAGE][PASSED] - Text 'RACreation@10_9' is set on object 'Object Repository/Login_OR/Page_AppCohesion/input_Password_ac_password'

2018-11-14 12:04:56 - [TEST_STEP][PASSED] - click: Object: 'Object Repository/Login_OR/Page_AppCohesion/button_Login Now' is clicked on

2018-11-14 12:04:56 - [MESSAGE][PASSED] - Object: 'Object Repository/Login_OR/Page_AppCohesion/button_Login Now' is clicked on

2018-11-14 12:04:56 - [TEST_STEP][PASSED] - waitForPageLoad: Wait for page load successfully

2018-11-14 12:04:56 - [MESSAGE][PASSED] - Wait for page load successfully

2018-11-14 12:04:56 - [MESSAGE][PASSED] - Call Test Case 'Test Cases/Call Test Case/Login_retailer_testcase' successfully

2018-11-14 12:04:56 - [TEST_STEP][PASSED] - waitForPageLoad: Wait for page load successfully

2018-11-14 12:04:56 - [MESSAGE][PASSED] - Wait for page load successfully

2018-11-14 12:04:56 - [TEST_STEP][PASSED] - verifyElementVisible: Object 'Object Repository/retailer admin All Repo/inventory retailer markup repo/Inventory_tab' is visible

2018-11-14 12:05:00 - [MESSAGE][PASSED] - Object 'Object Repository/retailer admin All Repo/inventory retailer markup repo/Inventory_tab' is visible

2018-11-14 12:05:00 - [TEST_STEP][PASSED] - click: Object: 'Object Repository/retailer admin All Repo/inventory retailer markup repo/Inventory_tab' is clicked on

2018-11-14 12:05:00 - [MESSAGE][PASSED] - Object: 'Object Repository/retailer admin All Repo/inventory retailer markup repo/Inventory_tab' is clicked on

2018-11-14 12:05:00 - [TEST_STEP][PASSED] - verifyElementVisible: Object 'Object Repository/retailer admin All Repo/inventory retailer markup repo/choose options' is visible

2018-11-14 12:05:01 - [MESSAGE][PASSED] - Object 'Object Repository/retailer admin All Repo/inventory retailer markup repo/choose options' is visible

2018-11-14 12:05:01 - [TEST_STEP][PASSED] - click: Object: 'Object Repository/retailer admin All Repo/inventory retailer markup repo/choose options' is clicked on

2018-11-14 12:05:01 - [MESSAGE][PASSED] - Object: 'Object Repository/retailer admin All Repo/inventory retailer markup repo/choose options' is clicked on

2018-11-14 12:05:01 - [TEST_STEP][NOT_RUN] - verifyElementVisible: NOT_RUN: verifyElementVisible

2018-11-14 12:05:01 - [MESSAGE][NOT_RUN] - NOT_RUN: verifyElementVisible

2018-11-14 12:05:01 - [TEST_STEP][NOT_RUN] - click: NOT_RUN: click

2018-11-14 12:05:01 - [MESSAGE][NOT_RUN] - NOT_RUN: click

2018-11-14 12:05:01 - [TEST_STEP][NOT_RUN] - verifyElementVisible: NOT_RUN: verifyElementVisible

2018-11-14 12:05:01 - [MESSAGE][NOT_RUN] - NOT_RUN: verifyElementVisible

2018-11-14 12:05:01 - [TEST_STEP][NOT_RUN] - click: NOT_RUN: click

2018-11-14 12:05:01 - [MESSAGE][NOT_RUN] - NOT_RUN: click

2018-11-14 12:05:01 - [TEST_STEP][PASSED] - waitForPageLoad: Wait for page load successfully

2018-11-14 12:05:01 - [MESSAGE][PASSED] - Wait for page load successfully

2018-11-14 12:05:01 - [TEST_STEP][PASSED] - setText: Text 'RUGER-UCSR7GCZ' is set on object 'Object Repository/retailer admin All Repo/inventory retailer markup repo/searchProduct markup'

2018-11-14 12:05:17 - [MESSAGE][PASSED] - Text 'RUGER-UCSR7GCZ' is set on object 'Object Repository/retailer admin All Repo/inventory retailer markup repo/searchProduct markup'

2018-11-14 12:05:17 - [TEST_STEP][PASSED] - verifyElementVisible: Object 'Object Repository/retailer admin All Repo/inventory retailer markup repo/search markup icon' is visible

2018-11-14 12:05:17 - [MESSAGE][PASSED] - Object 'Object Repository/retailer admin All Repo/inventory retailer markup repo/search markup icon' is visible

2018-11-14 12:05:17 - [TEST_STEP][PASSED] - click: Object: 'Object Repository/retailer admin All Repo/inventory retailer markup repo/search markup icon' is clicked on

2018-11-14 12:05:17 - [MESSAGE][PASSED] - Object: 'Object Repository/retailer admin All Repo/inventory retailer markup repo/search markup icon' is clicked on

2018-11-14 12:05:17 - [TEST_STEP][PASSED] - verifyElementVisible: Object 'Object Repository/retailer admin All Repo/inventory retailer markup repo/product listed' is visible

2018-11-14 12:05:35 - [MESSAGE][PASSED] - Object 'Object Repository/retailer admin All Repo/inventory retailer markup repo/product listed' is visible

2018-11-14 12:05:35 - [TEST_STEP][PASSED] - verifyElementVisible: Object 'Object Repository/retailer admin All Repo/inventory retailer markup repo/add_markupvalue_input' is visible

2018-11-14 12:05:35 - [MESSAGE][PASSED] - Object 'Object Repository/retailer admin All Repo/inventory retailer markup repo/add_markupvalue_input' is visible

2018-11-14 12:05:35 - [TEST_STEP][PASSED] - setText: Text '12.8' is set on object 'Object Repository/retailer admin All Repo/inventory retailer markup repo/add_markupvalue_input'

2018-11-14 12:05:35 - [MESSAGE][PASSED] - Text '12.8' is set on object 'Object Repository/retailer admin All Repo/inventory retailer markup repo/add_markupvalue_input'

2018-11-14 12:05:35 - [TEST_STEP][PASSED] - verifyElementVisible: Object 'Object Repository/retailer admin All Repo/inventory retailer markup repo/add_markup button' is visible

2018-11-14 12:05:35 - [MESSAGE][PASSED] - Object 'Object Repository/retailer admin All Repo/inventory retailer markup repo/add_markup button' is visible

2018-11-14 12:05:35 - [TEST_STEP][PASSED] - click: Object: 'Object Repository/retailer admin All Repo/inventory retailer markup repo/add_markup button' is clicked on

2018-11-14 12:05:35 - [MESSAGE][PASSED] - Object: 'Object Repository/retailer admin All Repo/inventory retailer markup repo/add_markup button' is clicked on

2018-11-14 12:05:35 - [TEST_STEP][PASSED] - verifyElementText: Actual text and expected text of test object 'Object Repository/retailer admin All Repo/retailer_order_placement/order_placement_verifymarkup/Page_AppCohesion/h5_Success  Markup updated suc' are matched.

2018-11-14 12:05:50 - [MESSAGE][PASSED] - Actual text and expected text of test object 'Object Repository/retailer admin All Repo/retailer_order_placement/order_placement_verifymarkup/Page_AppCohesion/h5_Success  Markup updated suc' are matched.

2018-11-14 12:05:50 - [TEST_STEP][PASSED] - verifyElementVisible: Object 'Object Repository/retailer admin All Repo/inventory retailer markup repo/common search product' is visible

2018-11-14 12:05:50 - [MESSAGE][PASSED] - Object 'Object Repository/retailer admin All Repo/inventory retailer markup repo/common search product' is visible

2018-11-14 12:05:50 - [TEST_STEP][PASSED] - setText: Text 'RUGER-UCSR7GCZ' is set on object 'Object Repository/retailer admin All Repo/inventory retailer markup repo/common search product'

2018-11-14 12:05:51 - [MESSAGE][PASSED] - Text 'RUGER-UCSR7GCZ' is set on object 'Object Repository/retailer admin All Repo/inventory retailer markup repo/common search product'

2018-11-14 12:05:51 - [TEST_STEP][PASSED] - verifyElementVisible: Object 'Object Repository/retailer admin All Repo/Search Products Details/Page_AppCohesion/button_Settings_searchbutton' is visible

2018-11-14 12:05:51 - [MESSAGE][PASSED] - Object 'Object Repository/retailer admin All Repo/Search Products Details/Page_AppCohesion/button_Settings_searchbutton' is visible

2018-11-14 12:05:51 - [TEST_STEP][PASSED] - click: Object: 'Object Repository/retailer admin All Repo/Search Products Details/Page_AppCohesion/button_Settings_searchbutton' is clicked on

2018-11-14 12:05:51 - [MESSAGE][PASSED] - Object: 'Object Repository/retailer admin All Repo/Search Products Details/Page_AppCohesion/button_Settings_searchbutton' is clicked on

2018-11-14 12:05:51 - [TEST_STEP][PASSED] - verifyElementVisible: Object 'Object Repository/retailer admin All Repo/Search Products Details/Page_AppCohesion/td_Ruger LC LCP' is visible

2018-11-14 12:05:53 - [MESSAGE][PASSED] - Object 'Object Repository/retailer admin All Repo/Search Products Details/Page_AppCohesion/td_Ruger LC LCP' is visible

2018-11-14 12:05:53 - [TEST_STEP][PASSED] - click: Object: 'Object Repository/retailer admin All Repo/Search Products Details/Page_AppCohesion/td_Ruger LC LCP' is clicked on

2018-11-14 12:05:53 - [MESSAGE][PASSED] - Object: 'Object Repository/retailer admin All Repo/Search Products Details/Page_AppCohesion/td_Ruger LC LCP' is clicked on

2018-11-14 12:05:53 - [TEST_STEP][PASSED] - verifyElementVisible: Object 'Object Repository/retailer admin All Repo/Search Products Details/Page_AppCohesion/h2_Ruger LC LCP' is visible

2018-11-14 12:05:55 - [MESSAGE][PASSED] - Object 'Object Repository/retailer admin All Repo/Search Products Details/Page_AppCohesion/h2_Ruger LC LCP' is visible

2018-11-14 12:05:55 - [TEST_STEP][PASSED] - verifyElementText: Actual text and expected text of test object 'Object Repository/retailer admin All Repo/Search Products Details/Page_AppCohesion/h2_Ruger LC LCP' are matched.

2018-11-14 12:05:55 - [MESSAGE][PASSED] - Actual text and expected text of test object 'Object Repository/retailer admin All Repo/Search Products Details/Page_AppCohesion/h2_Ruger LC LCP' are matched.

2018-11-14 12:05:55 - [TEST_STEP][PASSED] - verifyElementVisible: Object 'Object Repository/retailer admin All Repo/inventory retailer markup repo/Page_AppCohesion/Page_AppCohesion/span_Base Price180.00' is visible

2018-11-14 12:05:55 - [MESSAGE][PASSED] - Object 'Object Repository/retailer admin All Repo/inventory retailer markup repo/Page_AppCohesion/Page_AppCohesion/span_Base Price180.00' is visible

2018-11-14 12:05:55 - [TEST_STEP][PASSED] - verifyElementText: Actual text and expected text of test object 'Object Repository/retailer admin All Repo/inventory retailer markup repo/Page_AppCohesion/Page_AppCohesion/strong_180.00' are matched.

2018-11-14 12:05:55 - [MESSAGE][PASSED] - Actual text and expected text of test object 'Object Repository/retailer admin All Repo/inventory retailer markup repo/Page_AppCohesion/Page_AppCohesion/strong_180.00' are matched.

2018-11-14 12:05:55 - [TEST_STEP][PASSED] - verifyElementVisible: Object 'Object Repository/retailer admin All Repo/inventory retailer markup repo/Page_AppCohesion/Page_AppCohesion/strong_12.80' is visible

2018-11-14 12:05:55 - [MESSAGE][PASSED] - Object 'Object Repository/retailer admin All Repo/inventory retailer markup repo/Page_AppCohesion/Page_AppCohesion/strong_12.80' is visible

2018-11-14 12:05:55 - [TEST_STEP][PASSED] - verifyElementText: Actual text and expected text of test object 'Object Repository/retailer admin All Repo/inventory retailer markup repo/Page_AppCohesion/Page_AppCohesion/strong_12.80' are matched.

2018-11-14 12:05:55 - [MESSAGE][PASSED] - Actual text and expected text of test object 'Object Repository/retailer admin All Repo/inventory retailer markup repo/Page_AppCohesion/Page_AppCohesion/strong_12.80' are matched.

2018-11-14 12:05:55 - [TEST_STEP][PASSED] - verifyElementVisible: Object 'Object Repository/retailer admin All Repo/inventory retailer markup repo/Page_AppCohesion/Page_AppCohesion/span_Amount Payable203.04' is visible

2018-11-14 12:05:55 - [MESSAGE][PASSED] - Object 'Object Repository/retailer admin All Repo/inventory retailer markup repo/Page_AppCohesion/Page_AppCohesion/span_Amount Payable203.04' is visible

2018-11-14 12:05:55 - [TEST_STEP][PASSED] - verifyElementVisible: Object 'Object Repository/retailer admin All Repo/inventory retailer markup repo/Page_AppCohesion/Page_AppCohesion/strong_203.04' is visible

2018-11-14 12:05:55 - [MESSAGE][PASSED] - Object 'Object Repository/retailer admin All Repo/inventory retailer markup repo/Page_AppCohesion/Page_AppCohesion/strong_203.04' is visible

2018-11-14 12:05:55 - [TEST_STEP][PASSED] - verifyElementText: Actual text and expected text of test object 'Object Repository/retailer admin All Repo/inventory retailer markup repo/Page_AppCohesion/Page_AppCohesion/strong_203.04' are matched.

2018-11-14 12:05:55 - [MESSAGE][PASSED] - Actual text and expected text of test object 'Object Repository/retailer admin All Repo/inventory retailer markup repo/Page_AppCohesion/Page_AppCohesion/strong_203.04' are matched.

2018-11-14 12:05:55 - [TEST_STEP][PASSED] - click: Object: 'Object Repository/retailer admin All Repo/inventory retailer markup repo/Page_AppCohesion/Page_AppCohesion/h4_Only 25 left in stock' is clicked on

2018-11-14 12:05:55 - [MESSAGE][PASSED] - Object: 'Object Repository/retailer admin All Repo/inventory retailer markup repo/Page_AppCohesion/Page_AppCohesion/h4_Only 25 left in stock' is clicked on

2018-11-14 12:05:55 - [TEST_STEP][PASSED] - verifyElementVisible: Object 'Object Repository/retailer admin All Repo/inventory retailer markup repo/Page_AppCohesion/Page_AppCohesion/span_25' is visible

2018-11-14 12:05:55 - [MESSAGE][PASSED] - Object 'Object Repository/retailer admin All Repo/inventory retailer markup repo/Page_AppCohesion/Page_AppCohesion/span_25' is visible

2018-11-14 12:05:55 - [TEST_STEP][PASSED] - verifyElementText: Actual text and expected text of test object 'Object Repository/retailer admin All Repo/inventory retailer markup repo/Page_AppCohesion/Page_AppCohesion/span_25' are matched.

2018-11-14 12:05:55 - [MESSAGE][PASSED] - Actual text and expected text of test object 'Object Repository/retailer admin All Repo/inventory retailer markup repo/Page_AppCohesion/Page_AppCohesion/span_25' are matched.

2018-11-14 12:05:55 - [TEST_STEP][PASSED] - verifyElementVisible: Object 'Object Repository/retailer admin All Repo/inventory retailer markup repo/Page_AppCohesion/a_Back to Search' is visible

2018-11-14 12:05:55 - [MESSAGE][PASSED] - Object 'Object Repository/retailer admin All Repo/inventory retailer markup repo/Page_AppCohesion/a_Back to Search' is visible

2018-11-14 12:05:55 - [TEST_STEP][PASSED] - click: Object: 'Object Repository/retailer admin All Repo/inventory retailer markup repo/Page_AppCohesion/a_Back to Search' is clicked on

2018-11-14 12:05:55 - [MESSAGE][PASSED] - Object: 'Object Repository/retailer admin All Repo/inventory retailer markup repo/Page_AppCohesion/a_Back to Search' is clicked on

2018-11-14 12:05:55 - [TEST_STEP][PASSED] - waitForPageLoad: Wait for page load successfully

2018-11-14 12:05:55 - [MESSAGE][PASSED] - Wait for page load successfully

2018-11-14 12:05:55 - [TEST_STEP][PASSED] - waitForElementVisible: Object 'Object Repository/retailer admin All Repo/inventory retailer markup repo/Page_AppCohesion/a_Dashboard              Dashb' is visible

2018-11-14 12:05:56 - [MESSAGE][PASSED] - Object 'Object Repository/retailer admin All Repo/inventory retailer markup repo/Page_AppCohesion/a_Dashboard              Dashb' is visible

2018-11-14 12:05:56 - [TEST_STEP][PASSED] - click: Object: 'Object Repository/retailer admin All Repo/inventory retailer markup repo/Page_AppCohesion/a_Dashboard              Dashb' is clicked on

2018-11-14 12:05:56 - [MESSAGE][PASSED] - Object: 'Object Repository/retailer admin All Repo/inventory retailer markup repo/Page_AppCohesion/a_Dashboard              Dashb' is clicked on]]></system-out>
         <system-err><![CDATA[]]></system-err>
      </testcase>
      <testcase name="Test Cases/RetailerAdmin_Login_All_Functionality/Menu list/Menu_profile_rule_change_pwd" classname="Test Cases/RetailerAdmin_Login_All_Functionality/Menu list/Menu_profile_rule_change_pwd" status="PASSED">
         <system-out><![CDATA[2018-11-14 12:05:56 - [TEST_CASE][PASSED] - Test Cases/RetailerAdmin_Login_All_Functionality/Menu list/Menu_profile_rule_change_pwd: Test Cases/RetailerAdmin_Login_All_Functionality/Menu list/Menu_profile_rule_change_pwd

2018-11-14 12:05:56 - [TEST_STEP][PASSED] - callTestCase: Call Test Case 'Test Cases/Call Test Case/Login_retailer_testcase' successfully

2018-11-14 12:05:56 - [TEST_CASE][PASSED] - Test Cases/Call Test Case/Login_retailer_testcase: Test Cases/Call Test Case/Login_retailer_testcase

2018-11-14 12:05:56 - [TEST_STEP][PASSED] - openBrowser: Browser is opened with url: 'https://app-qa.appcohesion.io/'

2018-11-14 12:05:56 - [MESSAGE][WARNING] - A browser is already opened. Closing browser and opening a new one

2018-11-14 12:06:03 - [MESSAGE][PASSED] - Browser is opened with url: 'https://app-qa.appcohesion.io/'

2018-11-14 12:06:03 - [TEST_STEP][PASSED] - maximizeWindow: Current window maximized

2018-11-14 12:06:04 - [MESSAGE][PASSED] - Current window maximized

2018-11-14 12:06:04 - [TEST_STEP][PASSED] - setText: Text 'RACreation@10_9' is set on object 'Object Repository/Login_OR/Page_AppCohesion/input_User Name_ac_username'

2018-11-14 12:06:04 - [MESSAGE][PASSED] - Text 'RACreation@10_9' is set on object 'Object Repository/Login_OR/Page_AppCohesion/input_User Name_ac_username'

2018-11-14 12:06:04 - [TEST_STEP][PASSED] - setText: Text 'RACreation@10_9' is set on object 'Object Repository/Login_OR/Page_AppCohesion/input_Password_ac_password'

2018-11-14 12:06:04 - [MESSAGE][PASSED] - Text 'RACreation@10_9' is set on object 'Object Repository/Login_OR/Page_AppCohesion/input_Password_ac_password'

2018-11-14 12:06:04 - [TEST_STEP][PASSED] - click: Object: 'Object Repository/Login_OR/Page_AppCohesion/button_Login Now' is clicked on

2018-11-14 12:06:04 - [MESSAGE][PASSED] - Object: 'Object Repository/Login_OR/Page_AppCohesion/button_Login Now' is clicked on

2018-11-14 12:06:04 - [TEST_STEP][PASSED] - waitForPageLoad: Wait for page load successfully

2018-11-14 12:06:04 - [MESSAGE][PASSED] - Wait for page load successfully

2018-11-14 12:06:04 - [MESSAGE][PASSED] - Call Test Case 'Test Cases/Call Test Case/Login_retailer_testcase' successfully

2018-11-14 12:06:04 - [TEST_STEP][PASSED] - delay: Delayed 10 second(s)

2018-11-14 12:06:14 - [MESSAGE][PASSED] - Delayed 10 second(s)

2018-11-14 12:06:14 - [TEST_STEP][PASSED] - check: Object 'Object Repository/retailer admin All Repo/menu list/menuopen (1)' is checked

2018-11-14 12:06:14 - [MESSAGE][PASSED] - Object 'Object Repository/retailer admin All Repo/menu list/menuopen (1)' is checked

2018-11-14 12:06:14 - [TEST_STEP][PASSED] - click: Object: 'Object Repository/retailer admin All Repo/menu list/My profile option' is clicked on

2018-11-14 12:06:14 - [MESSAGE][PASSED] - Object: 'Object Repository/retailer admin All Repo/menu list/My profile option' is clicked on

2018-11-14 12:06:14 - [TEST_STEP][PASSED] - delay: Delayed 3 second(s)

2018-11-14 12:06:17 - [MESSAGE][PASSED] - Delayed 3 second(s)

2018-11-14 12:06:17 - [TEST_STEP][PASSED] - waitForElementVisible: Object 'Object Repository/retailer admin All Repo/menu list/Edit profile button' is visible

2018-11-14 12:06:17 - [MESSAGE][PASSED] - Object 'Object Repository/retailer admin All Repo/menu list/Edit profile button' is visible

2018-11-14 12:06:17 - [TEST_STEP][PASSED] - verifyElementPresent: Object 'Object Repository/retailer admin All Repo/menu list/Edit profile button' is present

2018-11-14 12:06:17 - [MESSAGE][PASSED] - Object 'Object Repository/retailer admin All Repo/menu list/Edit profile button' is present

2018-11-14 12:06:17 - [TEST_STEP][PASSED] - click: Object: 'Object Repository/retailer admin All Repo/menu list/Edit profile button' is clicked on

2018-11-14 12:06:17 - [MESSAGE][PASSED] - Object: 'Object Repository/retailer admin All Repo/menu list/Edit profile button' is clicked on

2018-11-14 12:06:17 - [TEST_STEP][PASSED] - delay: Delayed 5 second(s)

2018-11-14 12:06:22 - [MESSAGE][PASSED] - Delayed 5 second(s)

2018-11-14 12:06:22 - [TEST_STEP][PASSED] - verifyElementVisible: Object 'Object Repository/retailer admin All Repo/menu list/Page_AppCohesion/h4_RETAILER ADMIN' is visible

2018-11-14 12:06:23 - [MESSAGE][PASSED] - Object 'Object Repository/retailer admin All Repo/menu list/Page_AppCohesion/h4_RETAILER ADMIN' is visible

2018-11-14 12:06:23 - [TEST_STEP][PASSED] - verifyElementText: Actual text and expected text of test object 'Object Repository/retailer admin All Repo/menu list/Page_AppCohesion/h4_RETAILER ADMIN' are matched.

2018-11-14 12:06:23 - [MESSAGE][PASSED] - Actual text and expected text of test object 'Object Repository/retailer admin All Repo/menu list/Page_AppCohesion/h4_RETAILER ADMIN' are matched.

2018-11-14 12:06:23 - [TEST_STEP][PASSED] - verifyElementVisible: Object 'Object Repository/retailer admin All Repo/menu list/Page_AppCohesion/label_RETAILER NAME' is visible

2018-11-14 12:06:23 - [MESSAGE][PASSED] - Object 'Object Repository/retailer admin All Repo/menu list/Page_AppCohesion/label_RETAILER NAME' is visible

2018-11-14 12:06:23 - [TEST_STEP][PASSED] - setText: Text 'RACreationnew' is set on object 'Object Repository/retailer admin All Repo/menu list/Page_AppCohesion/input_EDIT PROFILE_fname'

2018-11-14 12:06:23 - [MESSAGE][PASSED] - Text 'RACreationnew' is set on object 'Object Repository/retailer admin All Repo/menu list/Page_AppCohesion/input_EDIT PROFILE_fname'

2018-11-14 12:06:23 - [TEST_STEP][PASSED] - setText: Text 'RACreationnew' is set on object 'Object Repository/retailer admin All Repo/menu list/Page_AppCohesion/input_EDIT PROFILE_usr_lastnam'

2018-11-14 12:06:23 - [MESSAGE][PASSED] - Text 'RACreationnew' is set on object 'Object Repository/retailer admin All Repo/menu list/Page_AppCohesion/input_EDIT PROFILE_usr_lastnam'

2018-11-14 12:06:23 - [TEST_STEP][PASSED] - setText: Text '3456363677' is set on object 'Object Repository/retailer admin All Repo/menu list/Page_AppCohesion/input_racreation10_9getnada.co'

2018-11-14 12:06:23 - [MESSAGE][PASSED] - Text '3456363677' is set on object 'Object Repository/retailer admin All Repo/menu list/Page_AppCohesion/input_racreation10_9getnada.co'

2018-11-14 12:06:23 - [TEST_STEP][PASSED] - delay: Delayed 3 second(s)

2018-11-14 12:06:26 - [MESSAGE][PASSED] - Delayed 3 second(s)

2018-11-14 12:06:26 - [TEST_STEP][PASSED] - click: Object: 'Object Repository/retailer admin All Repo/menu list/Page_AppCohesion/button_UPDATE PROFILE' is clicked on

2018-11-14 12:06:26 - [MESSAGE][PASSED] - Object: 'Object Repository/retailer admin All Repo/menu list/Page_AppCohesion/button_UPDATE PROFILE' is clicked on

2018-11-14 12:06:26 - [TEST_STEP][PASSED] - click: Object: 'Object Repository/retailer admin All Repo/menu list/Page_AppCohesion/span_OK_addRetailerCloseDrawer' is clicked on

2018-11-14 12:06:26 - [MESSAGE][PASSED] - Object: 'Object Repository/retailer admin All Repo/menu list/Page_AppCohesion/span_OK_addRetailerCloseDrawer' is clicked on

2018-11-14 12:06:26 - [TEST_STEP][PASSED] - delay: Delayed 10 second(s)

2018-11-14 12:06:36 - [MESSAGE][PASSED] - Delayed 10 second(s)

2018-11-14 12:06:36 - [TEST_STEP][PASSED] - verifyElementVisible: Object 'Object Repository/retailer admin All Repo/menu list/menuopen (1)' is visible

2018-11-14 12:06:36 - [MESSAGE][PASSED] - Object 'Object Repository/retailer admin All Repo/menu list/menuopen (1)' is visible

2018-11-14 12:06:36 - [TEST_STEP][PASSED] - check: Object 'Object Repository/retailer admin All Repo/menu list/menuopen' is checked

2018-11-14 12:06:36 - [MESSAGE][PASSED] - Object 'Object Repository/retailer admin All Repo/menu list/menuopen' is checked

2018-11-14 12:06:36 - [TEST_STEP][PASSED] - delay: Delayed 3 second(s)

2018-11-14 12:06:39 - [MESSAGE][PASSED] - Delayed 3 second(s)

2018-11-14 12:06:39 - [TEST_STEP][PASSED] - click: Object: 'Object Repository/retailer admin All Repo/menu list/Page_AppCohesion/Page_AppCohesion/a_Rule' is clicked on

2018-11-14 12:06:39 - [MESSAGE][PASSED] - Object: 'Object Repository/retailer admin All Repo/menu list/Page_AppCohesion/Page_AppCohesion/a_Rule' is clicked on

2018-11-14 12:06:39 - [TEST_STEP][PASSED] - delay: Delayed 5 second(s)

2018-11-14 12:06:44 - [MESSAGE][PASSED] - Delayed 5 second(s)

2018-11-14 12:06:44 - [TEST_STEP][PASSED] - focus: Object: 'Object Repository/retailer admin All Repo/menu list/Preferred Distributor' is focused

2018-11-14 12:06:44 - [MESSAGE][PASSED] - Object: 'Object Repository/retailer admin All Repo/menu list/Preferred Distributor' is focused

2018-11-14 12:06:44 - [TEST_STEP][NOT_RUN] - click: NOT_RUN: click

2018-11-14 12:06:44 - [MESSAGE][NOT_RUN] - NOT_RUN: click

2018-11-14 12:06:44 - [TEST_STEP][NOT_RUN] - waitForElementVisible: NOT_RUN: waitForElementVisible

2018-11-14 12:06:44 - [MESSAGE][NOT_RUN] - NOT_RUN: waitForElementVisible

2018-11-14 12:06:44 - [TEST_STEP][NOT_RUN] - click: NOT_RUN: click

2018-11-14 12:06:44 - [MESSAGE][NOT_RUN] - NOT_RUN: click

2018-11-14 12:06:44 - [TEST_STEP][NOT_RUN] - dragAndDropToObject: NOT_RUN: dragAndDropToObject

2018-11-14 12:06:44 - [MESSAGE][NOT_RUN] - NOT_RUN: dragAndDropToObject

2018-11-14 12:06:44 - [TEST_STEP][PASSED] - delay: Delayed 3 second(s)

2018-11-14 12:06:47 - [MESSAGE][PASSED] - Delayed 3 second(s)

2018-11-14 12:06:47 - [TEST_STEP][PASSED] - verifyElementVisible: Object 'Object Repository/retailer admin All Repo/menu list/distance' is visible

2018-11-14 12:06:47 - [MESSAGE][PASSED] - Object 'Object Repository/retailer admin All Repo/menu list/distance' is visible

2018-11-14 12:06:47 - [TEST_STEP][PASSED] - click: Object: 'Object Repository/retailer admin All Repo/menu list/distance' is clicked on

2018-11-14 12:06:48 - [MESSAGE][PASSED] - Object: 'Object Repository/retailer admin All Repo/menu list/distance' is clicked on

2018-11-14 12:06:48 - [TEST_STEP][PASSED] - waitForElementVisible: Object 'Object Repository/retailer admin All Repo/menu list/opt check distance' is visible

2018-11-14 12:06:48 - [MESSAGE][PASSED] - Object 'Object Repository/retailer admin All Repo/menu list/opt check distance' is visible

2018-11-14 12:06:48 - [TEST_STEP][PASSED] - check: Object 'Object Repository/retailer admin All Repo/menu list/opt check distance' is checked

2018-11-14 12:06:48 - [MESSAGE][PASSED] - Object 'Object Repository/retailer admin All Repo/menu list/opt check distance' is checked

2018-11-14 12:06:48 - [TEST_STEP][PASSED] - delay: Delayed 3 second(s)

2018-11-14 12:06:51 - [MESSAGE][PASSED] - Delayed 3 second(s)

2018-11-14 12:06:51 - [TEST_STEP][PASSED] - verifyElementVisible: Object 'Object Repository/retailer admin All Repo/menu list/Page_AppCohesion/Page_AppCohesion/h4_Shipping Cost' is visible

2018-11-14 12:06:51 - [MESSAGE][PASSED] - Object 'Object Repository/retailer admin All Repo/menu list/Page_AppCohesion/Page_AppCohesion/h4_Shipping Cost' is visible

2018-11-14 12:06:51 - [TEST_STEP][PASSED] - click: Object: 'Object Repository/retailer admin All Repo/menu list/Page_AppCohesion/Page_AppCohesion/h4_Shipping Cost' is clicked on

2018-11-14 12:06:51 - [MESSAGE][PASSED] - Object: 'Object Repository/retailer admin All Repo/menu list/Page_AppCohesion/Page_AppCohesion/h4_Shipping Cost' is clicked on

2018-11-14 12:06:51 - [TEST_STEP][PASSED] - delay: Delayed 3 second(s)

2018-11-14 12:06:54 - [MESSAGE][PASSED] - Delayed 3 second(s)

2018-11-14 12:06:54 - [TEST_STEP][PASSED] - setText: Text '150' is set on object 'Object Repository/retailer admin All Repo/menu list/FFL cost'

2018-11-14 12:06:54 - [MESSAGE][PASSED] - Text '150' is set on object 'Object Repository/retailer admin All Repo/menu list/FFL cost'

2018-11-14 12:06:54 - [TEST_STEP][PASSED] - setText: Text '250' is set on object 'Object Repository/retailer admin All Repo/menu list/Non FFL cost'

2018-11-14 12:06:54 - [MESSAGE][PASSED] - Text '250' is set on object 'Object Repository/retailer admin All Repo/menu list/Non FFL cost'

2018-11-14 12:06:54 - [TEST_STEP][PASSED] - delay: Delayed 3 second(s)

2018-11-14 12:06:57 - [MESSAGE][PASSED] - Delayed 3 second(s)

2018-11-14 12:06:57 - [TEST_STEP][PASSED] - verifyElementVisible: Object 'Object Repository/retailer admin All Repo/menu list/update rule button' is visible

2018-11-14 12:06:58 - [MESSAGE][PASSED] - Object 'Object Repository/retailer admin All Repo/menu list/update rule button' is visible

2018-11-14 12:06:58 - [TEST_STEP][PASSED] - click: Object: 'Object Repository/retailer admin All Repo/menu list/update rule button' is clicked on

2018-11-14 12:06:58 - [MESSAGE][PASSED] - Object: 'Object Repository/retailer admin All Repo/menu list/update rule button' is clicked on

2018-11-14 12:06:58 - [TEST_STEP][PASSED] - delay: Delayed 7 second(s)

2018-11-14 12:07:05 - [MESSAGE][PASSED] - Delayed 7 second(s)

2018-11-14 12:07:05 - [TEST_STEP][PASSED] - verifyElementVisible: Object 'Object Repository/retailer admin All Repo/menu list/menuopen' is visible

2018-11-14 12:07:05 - [MESSAGE][PASSED] - Object 'Object Repository/retailer admin All Repo/menu list/menuopen' is visible

2018-11-14 12:07:05 - [TEST_STEP][PASSED] - click: Object: 'Object Repository/retailer admin All Repo/menu list/menuopen' is clicked on

2018-11-14 12:07:05 - [MESSAGE][PASSED] - Object: 'Object Repository/retailer admin All Repo/menu list/menuopen' is clicked on

2018-11-14 12:07:05 - [TEST_STEP][PASSED] - verifyElementVisible: Object 'Object Repository/retailer admin All Repo/menu list/change password' is visible

2018-11-14 12:07:05 - [MESSAGE][PASSED] - Object 'Object Repository/retailer admin All Repo/menu list/change password' is visible

2018-11-14 12:07:05 - [TEST_STEP][PASSED] - click: Object: 'Object Repository/retailer admin All Repo/menu list/change password' is clicked on

2018-11-14 12:07:05 - [MESSAGE][PASSED] - Object: 'Object Repository/retailer admin All Repo/menu list/change password' is clicked on

2018-11-14 12:07:05 - [TEST_STEP][PASSED] - delay: Delayed 3 second(s)

2018-11-14 12:07:08 - [MESSAGE][PASSED] - Delayed 3 second(s)

2018-11-14 12:07:08 - [TEST_STEP][PASSED] - verifyElementVisible: Object 'Object Repository/retailer admin All Repo/menu list/old password' is visible

2018-11-14 12:07:08 - [MESSAGE][PASSED] - Object 'Object Repository/retailer admin All Repo/menu list/old password' is visible

2018-11-14 12:07:08 - [TEST_STEP][PASSED] - setText: Text 'RACreation@10_9' is set on object 'Object Repository/retailer admin All Repo/menu list/old password'

2018-11-14 12:07:08 - [MESSAGE][PASSED] - Text 'RACreation@10_9' is set on object 'Object Repository/retailer admin All Repo/menu list/old password'

2018-11-14 12:07:08 - [TEST_STEP][PASSED] - verifyElementVisible: Object 'Object Repository/retailer admin All Repo/menu list/new password' is visible

2018-11-14 12:07:08 - [MESSAGE][PASSED] - Object 'Object Repository/retailer admin All Repo/menu list/new password' is visible

2018-11-14 12:07:08 - [TEST_STEP][PASSED] - setText: Text 'RACreation@10_9' is set on object 'Object Repository/retailer admin All Repo/menu list/new password'

2018-11-14 12:07:08 - [MESSAGE][PASSED] - Text 'RACreation@10_9' is set on object 'Object Repository/retailer admin All Repo/menu list/new password'

2018-11-14 12:07:08 - [TEST_STEP][PASSED] - verifyElementVisible: Object 'Object Repository/retailer admin All Repo/menu list/confirm password' is visible

2018-11-14 12:07:08 - [MESSAGE][PASSED] - Object 'Object Repository/retailer admin All Repo/menu list/confirm password' is visible

2018-11-14 12:07:08 - [TEST_STEP][PASSED] - setText: Text 'RACreation@10_9' is set on object 'Object Repository/retailer admin All Repo/menu list/confirm password'

2018-11-14 12:07:08 - [MESSAGE][PASSED] - Text 'RACreation@10_9' is set on object 'Object Repository/retailer admin All Repo/menu list/confirm password'

2018-11-14 12:07:08 - [TEST_STEP][PASSED] - verifyElementVisible: Object 'Object Repository/retailer admin All Repo/menu list/change pwd button' is visible

2018-11-14 12:07:08 - [MESSAGE][PASSED] - Object 'Object Repository/retailer admin All Repo/menu list/change pwd button' is visible

2018-11-14 12:07:08 - [TEST_STEP][PASSED] - click: Object: 'Object Repository/retailer admin All Repo/menu list/change pwd button' is clicked on

2018-11-14 12:07:08 - [MESSAGE][PASSED] - Object: 'Object Repository/retailer admin All Repo/menu list/change pwd button' is clicked on

2018-11-14 12:07:08 - [TEST_STEP][PASSED] - delay: Delayed 5 second(s)

2018-11-14 12:07:13 - [MESSAGE][PASSED] - Delayed 5 second(s)

2018-11-14 12:07:13 - [TEST_STEP][PASSED] - verifyElementVisible: Object 'Object Repository/retailer admin All Repo/menu list/login now' is visible

2018-11-14 12:07:13 - [MESSAGE][PASSED] - Object 'Object Repository/retailer admin All Repo/menu list/login now' is visible

2018-11-14 12:07:13 - [TEST_STEP][PASSED] - click: Object: 'Object Repository/retailer admin All Repo/menu list/login now' is clicked on

2018-11-14 12:07:13 - [MESSAGE][PASSED] - Object: 'Object Repository/retailer admin All Repo/menu list/login now' is clicked on

2018-11-14 12:07:13 - [TEST_STEP][PASSED] - delay: Delayed 10 second(s)

2018-11-14 12:07:23 - [MESSAGE][PASSED] - Delayed 10 second(s)

2018-11-14 12:07:23 - [TEST_STEP][PASSED] - setText: Text 'RACreation@10_9' is set on object 'Object Repository/Login_OR/Page_AppCohesion/input_User Name_ac_username'

2018-11-14 12:07:24 - [MESSAGE][PASSED] - Text 'RACreation@10_9' is set on object 'Object Repository/Login_OR/Page_AppCohesion/input_User Name_ac_username'

2018-11-14 12:07:24 - [TEST_STEP][PASSED] - setText: Text 'RACreation@10_9' is set on object 'Object Repository/Login_OR/Page_AppCohesion/input_Password_ac_password'

2018-11-14 12:07:24 - [MESSAGE][PASSED] - Text 'RACreation@10_9' is set on object 'Object Repository/Login_OR/Page_AppCohesion/input_Password_ac_password'

2018-11-14 12:07:24 - [TEST_STEP][PASSED] - click: Object: 'Object Repository/Login_OR/Page_AppCohesion/button_Login Now' is clicked on

2018-11-14 12:07:24 - [MESSAGE][PASSED] - Object: 'Object Repository/Login_OR/Page_AppCohesion/button_Login Now' is clicked on]]></system-out>
         <system-err><![CDATA[]]></system-err>
      </testcase>
      <system-out><![CDATA[2018-11-14 11:53:18 - [TEST_SUITE][PASSED] - Retailer_test_suite: Test Cases/RetailerAdmin_Login_All_Functionality/Menu list/Menu_profile_rule_change_pwd]]></system-out>
      <system-err><![CDATA[]]></system-err>
   </testsuite>
</testsuites>
