<?xml version="1.0" encoding="UTF-8"?>
<testsuites name="Retailer_test_suite" time="208" tests="3" failures="0" errors="0">
   <testsuite name="Retailer_test_suite" tests="3" failures="0" errors="0" time="208" timestamp="2018-11-21 13:26:50" hostname="Snekalatha R - IIA-DES-021" id="Test Suites/Retailer_test_suite">
      <properties>
         <property name="deviceName" value=""/>
         <property name="devicePlatform" value=""/>
         <property name="logFolder" value="C:\\Users\\Snekalatha R\\git\\qa-automation-katolon-1\\Reports\\Retailer_test_suite\\20181121_132647"/>
         <property name="logFiles" value="C:\\Users\\Snekalatha R\\git\\qa-automation-katolon-1\\Reports\\Retailer_test_suite\\20181121_132647\\execution0.log"/>
         <property name="attachments" value=""/>
         <property name="hostName" value="Snekalatha R - IIA-DES-021"/>
         <property name="os" value="Windows 8.1 64bit"/>
         <property name="katalonVersion" value="5.7.1.1"/>
         <property name="browser" value="Chrome 70.0.3538.102"/>
         <property name="hostAddress" value="192.168.1.86"/>
         <property name="sessionId" value="038ea85190a0ff3097d6bb4bc3a902b8"/>
         <property name="seleniumVersion" value="3.7.1"/>
         <property name="proxyInformation" value="ProxyInformation{proxyOption=NO_PROXY, proxyServerType=HTTP, password=, proxyServerAddress=, proxyServerPort=0}"/>
         <property name="platform" value="Windows 8.1"/>
      </properties>
      <testcase name="Test Cases/RetailerAdmin_Login_All_Functionality/Retailer_Employee_management/retailer_employeeView" classname="Test Cases/RetailerAdmin_Login_All_Functionality/Retailer_Employee_management/retailer_employeeView" status="PASSED">
         <system-out><![CDATA[2018-11-21 13:26:50 - [TEST_CASE][PASSED] - Test Cases/RetailerAdmin_Login_All_Functionality/Retailer_Employee_management/retailer_employeeView: Test Cases/RetailerAdmin_Login_All_Functionality/Retailer_Employee_management/retailer_employeeView

2018-11-21 13:26:50 - [TEST_STEP][PASSED] - callTestCase: Call Test Case 'Test Cases/Call Test Case/Login_retailer_testcase' successfully

2018-11-21 13:26:50 - [TEST_CASE][PASSED] - Test Cases/Call Test Case/Login_retailer_testcase: Test Cases/Call Test Case/Login_retailer_testcase

2018-11-21 13:26:51 - [TEST_STEP][PASSED] - openBrowser: Browser is opened with url: 'https://app-qa.appcohesion.io/'

2018-11-21 13:26:57 - [MESSAGE][PASSED] - Browser is opened with url: 'https://app-qa.appcohesion.io/'

2018-11-21 13:26:57 - [TEST_STEP][PASSED] - maximizeWindow: Current window maximized

2018-11-21 13:26:59 - [MESSAGE][PASSED] - Current window maximized

2018-11-21 13:26:59 - [TEST_STEP][PASSED] - setText: Text 'NewRetailerKatalonAuto@23_11' is set on object 'Object Repository/Login_OR/Page_AppCohesion/input_User Name_ac_username'

2018-11-21 13:26:59 - [MESSAGE][PASSED] - Text 'NewRetailerKatalonAuto@23_11' is set on object 'Object Repository/Login_OR/Page_AppCohesion/input_User Name_ac_username'

2018-11-21 13:26:59 - [TEST_STEP][PASSED] - setText: Text 'NewRetailerKatalonAuto@23_11' is set on object 'Object Repository/Login_OR/Page_AppCohesion/input_Password_ac_password'

2018-11-21 13:26:59 - [MESSAGE][PASSED] - Text 'NewRetailerKatalonAuto@23_11' is set on object 'Object Repository/Login_OR/Page_AppCohesion/input_Password_ac_password'

2018-11-21 13:26:59 - [TEST_STEP][PASSED] - click: Object: 'Object Repository/Login_OR/Page_AppCohesion/button_Login Now' is clicked on

2018-11-21 13:26:59 - [MESSAGE][PASSED] - Object: 'Object Repository/Login_OR/Page_AppCohesion/button_Login Now' is clicked on

2018-11-21 13:26:59 - [TEST_STEP][PASSED] - waitForPageLoad: Wait for page load successfully

2018-11-21 13:26:59 - [MESSAGE][PASSED] - Wait for page load successfully

2018-11-21 13:26:59 - [MESSAGE][PASSED] - Call Test Case 'Test Cases/Call Test Case/Login_retailer_testcase' successfully

2018-11-21 13:26:59 - [TEST_STEP][NOT_RUN] - click: NOT_RUN: click

2018-11-21 13:26:59 - [MESSAGE][NOT_RUN] - NOT_RUN: click

2018-11-21 13:26:59 - [TEST_STEP][PASSED] - click: Object: 'Object Repository/appco_employee_view_new/retailer_employeeview/Page_AppCohesion/a_Employees              Emplo' is clicked on

2018-11-21 13:27:03 - [MESSAGE][PASSED] - Object: 'Object Repository/appco_employee_view_new/retailer_employeeview/Page_AppCohesion/a_Employees              Emplo' is clicked on

2018-11-21 13:27:03 - [TEST_STEP][PASSED] - verifyElementVisible: Object 'Object Repository/retailer admin All Repo/employee_obj_repo/pop up emp object/Page_AppCohesion/collapsible-header_Retailer Ad' is visible

2018-11-21 13:27:03 - [MESSAGE][PASSED] - Object 'Object Repository/retailer admin All Repo/employee_obj_repo/pop up emp object/Page_AppCohesion/collapsible-header_Retailer Ad' is visible

2018-11-21 13:27:03 - [TEST_STEP][PASSED] - click: Object: 'Object Repository/retailer admin All Repo/employee_obj_repo/pop up emp object/Page_AppCohesion/collapsible-header_Retailer Ad' is clicked on

2018-11-21 13:27:03 - [MESSAGE][PASSED] - Object: 'Object Repository/retailer admin All Repo/employee_obj_repo/pop up emp object/Page_AppCohesion/collapsible-header_Retailer Ad' is clicked on

2018-11-21 13:27:03 - [TEST_STEP][PASSED] - click: Object: 'Object Repository/retailer admin All Repo/employee_obj_repo/employee_listed_first' is clicked on

2018-11-21 13:27:04 - [MESSAGE][PASSED] - Object: 'Object Repository/retailer admin All Repo/employee_obj_repo/employee_listed_first' is clicked on

2018-11-21 13:27:04 - [TEST_STEP][PASSED] - waitForElementVisible: Object 'Object Repository/appco_employee_view_new/retailer_employeeview/Page_AppCohesion/span_RetailerAdmin' is visible

2018-11-21 13:27:05 - [MESSAGE][PASSED] - Object 'Object Repository/appco_employee_view_new/retailer_employeeview/Page_AppCohesion/span_RetailerAdmin' is visible

2018-11-21 13:27:05 - [TEST_STEP][PASSED] - verifyElementText: Actual text and expected text of test object 'Object Repository/appco_employee_view_new/retailer_employeeview/Page_AppCohesion/span_RetailerAdmin' are matched.

2018-11-21 13:27:05 - [MESSAGE][PASSED] - Actual text and expected text of test object 'Object Repository/appco_employee_view_new/retailer_employeeview/Page_AppCohesion/span_RetailerAdmin' are matched.

2018-11-21 13:27:05 - [TEST_STEP][NOT_RUN] - click: NOT_RUN: click

2018-11-21 13:27:05 - [MESSAGE][NOT_RUN] - NOT_RUN: click

2018-11-21 13:27:05 - [TEST_STEP][PASSED] - click: Object: 'Object Repository/retailer admin All Repo/employee_obj_repo/pop up emp object/Page_AppCohesion/collapsible-header_Retailer Ad' is clicked on

2018-11-21 13:27:05 - [MESSAGE][PASSED] - Object: 'Object Repository/retailer admin All Repo/employee_obj_repo/pop up emp object/Page_AppCohesion/collapsible-header_Retailer Ad' is clicked on

2018-11-21 13:27:05 - [TEST_STEP][PASSED] - delay: Delayed 5 second(s)

2018-11-21 13:27:10 - [MESSAGE][PASSED] - Delayed 5 second(s)

2018-11-21 13:27:10 - [TEST_STEP][PASSED] - click: Object: 'Object Repository/retailer admin All Repo/employee_obj_repo/pop up emp object/Page_AppCohesion/collapsible-header_Store Admin' is clicked on

2018-11-21 13:27:10 - [MESSAGE][PASSED] - Object: 'Object Repository/retailer admin All Repo/employee_obj_repo/pop up emp object/Page_AppCohesion/collapsible-header_Store Admin' is clicked on

2018-11-21 13:27:10 - [TEST_STEP][PASSED] - click: Object: 'Object Repository/employee_obj_repo/store admin list first' is clicked on

2018-11-21 13:27:12 - [MESSAGE][PASSED] - Object: 'Object Repository/employee_obj_repo/store admin list first' is clicked on

2018-11-21 13:27:12 - [TEST_STEP][PASSED] - waitForElementVisible: Object 'Object Repository/appco_employee_view_new/retailer_employeeview/Page_AppCohesion/span_StoreAdmin' is visible

2018-11-21 13:27:12 - [MESSAGE][PASSED] - Object 'Object Repository/appco_employee_view_new/retailer_employeeview/Page_AppCohesion/span_StoreAdmin' is visible

2018-11-21 13:27:12 - [TEST_STEP][PASSED] - verifyElementText: Actual text and expected text of test object 'Object Repository/appco_employee_view_new/retailer_employeeview/Page_AppCohesion/span_StoreAdmin' are matched.

2018-11-21 13:27:12 - [MESSAGE][PASSED] - Actual text and expected text of test object 'Object Repository/appco_employee_view_new/retailer_employeeview/Page_AppCohesion/span_StoreAdmin' are matched.

2018-11-21 13:27:12 - [TEST_STEP][PASSED] - click: Object: 'Object Repository/appco_employee_view_new/retailer_employeeview/Page_AppCohesion/span_Loading POS Retailer admi' is clicked on

2018-11-21 13:27:12 - [MESSAGE][PASSED] - Object: 'Object Repository/appco_employee_view_new/retailer_employeeview/Page_AppCohesion/span_Loading POS Retailer admi' is clicked on

2018-11-21 13:27:12 - [TEST_STEP][PASSED] - click: Object: 'Object Repository/retailer admin All Repo/employee_obj_repo/pop up emp object/Page_AppCohesion/collapsible-header_Store Admin' is clicked on

2018-11-21 13:27:12 - [MESSAGE][PASSED] - Object: 'Object Repository/retailer admin All Repo/employee_obj_repo/pop up emp object/Page_AppCohesion/collapsible-header_Store Admin' is clicked on

2018-11-21 13:27:12 - [TEST_STEP][PASSED] - delay: Delayed 5 second(s)

2018-11-21 13:27:17 - [MESSAGE][PASSED] - Delayed 5 second(s)

2018-11-21 13:27:17 - [TEST_STEP][PASSED] - click: Object: 'Object Repository/retailer admin All Repo/employee_obj_repo/retailer_employeeview/Page_AppCohesion/collapsible-header_Store Users' is clicked on

2018-11-21 13:27:17 - [MESSAGE][PASSED] - Object: 'Object Repository/retailer admin All Repo/employee_obj_repo/retailer_employeeview/Page_AppCohesion/collapsible-header_Store Users' is clicked on

2018-11-21 13:27:17 - [TEST_STEP][PASSED] - click: Object: 'Object Repository/employee_obj_repo/storeuser_listed_first' is clicked on

2018-11-21 13:27:19 - [MESSAGE][PASSED] - Object: 'Object Repository/employee_obj_repo/storeuser_listed_first' is clicked on

2018-11-21 13:27:19 - [TEST_STEP][PASSED] - waitForElementVisible: Object 'Object Repository/appco_employee_view_new/retailer_employeeview/Page_AppCohesion/span_POSUser' is visible

2018-11-21 13:27:20 - [MESSAGE][PASSED] - Object 'Object Repository/appco_employee_view_new/retailer_employeeview/Page_AppCohesion/span_POSUser' is visible

2018-11-21 13:27:20 - [TEST_STEP][PASSED] - verifyElementText: Actual text and expected text of test object 'Object Repository/appco_employee_view_new/retailer_employeeview/Page_AppCohesion/span_POSUser' are matched.

2018-11-21 13:27:20 - [MESSAGE][PASSED] - Actual text and expected text of test object 'Object Repository/appco_employee_view_new/retailer_employeeview/Page_AppCohesion/span_POSUser' are matched.

2018-11-21 13:27:20 - [TEST_STEP][NOT_RUN] - click: NOT_RUN: click

2018-11-21 13:27:20 - [MESSAGE][NOT_RUN] - NOT_RUN: click

2018-11-21 13:27:20 - [TEST_STEP][PASSED] - click: Object: 'Object Repository/retailer admin All Repo/employee_obj_repo/pop up emp object/Page_AppCohesion/collapsible-header_Store Users' is clicked on

2018-11-21 13:27:20 - [MESSAGE][PASSED] - Object: 'Object Repository/retailer admin All Repo/employee_obj_repo/pop up emp object/Page_AppCohesion/collapsible-header_Store Users' is clicked on

2018-11-21 13:27:20 - [TEST_STEP][PASSED] - click: Object: 'Object Repository/appco_employee_view_new/retailer_employeeview/Page_AppCohesion/a_Dashboard              Dashb' is clicked on

2018-11-21 13:27:20 - [MESSAGE][PASSED] - Object: 'Object Repository/appco_employee_view_new/retailer_employeeview/Page_AppCohesion/a_Dashboard              Dashb' is clicked on]]></system-out>
         <system-err><![CDATA[]]></system-err>
      </testcase>
      <testcase name="Test Cases/RetailerAdmin_Login_All_Functionality/Retailer_Store_managment/Retailer_store_creation_edit_delete" classname="Test Cases/RetailerAdmin_Login_All_Functionality/Retailer_Store_managment/Retailer_store_creation_edit_delete" status="PASSED">
         <system-out><![CDATA[2018-11-21 13:27:20 - [TEST_CASE][PASSED] - Test Cases/RetailerAdmin_Login_All_Functionality/Retailer_Store_managment/Retailer_store_creation_edit_delete: Test Cases/RetailerAdmin_Login_All_Functionality/Retailer_Store_managment/Retailer_store_creation_edit_delete

2018-11-21 13:27:20 - [TEST_STEP][PASSED] - callTestCase: Call Test Case 'Test Cases/Call Test Case/Login_retailer_testcase' successfully

2018-11-21 13:27:20 - [TEST_CASE][PASSED] - Test Cases/Call Test Case/Login_retailer_testcase: Test Cases/Call Test Case/Login_retailer_testcase

2018-11-21 13:27:20 - [TEST_STEP][PASSED] - openBrowser: Browser is opened with url: 'https://app-qa.appcohesion.io/'

2018-11-21 13:27:20 - [MESSAGE][WARNING] - A browser is already opened. Closing browser and opening a new one

2018-11-21 13:27:27 - [MESSAGE][PASSED] - Browser is opened with url: 'https://app-qa.appcohesion.io/'

2018-11-21 13:27:27 - [TEST_STEP][PASSED] - maximizeWindow: Current window maximized

2018-11-21 13:27:28 - [MESSAGE][PASSED] - Current window maximized

2018-11-21 13:27:28 - [TEST_STEP][PASSED] - setText: Text 'NewRetailerKatalonAuto@23_11' is set on object 'Object Repository/Login_OR/Page_AppCohesion/input_User Name_ac_username'

2018-11-21 13:27:28 - [MESSAGE][PASSED] - Text 'NewRetailerKatalonAuto@23_11' is set on object 'Object Repository/Login_OR/Page_AppCohesion/input_User Name_ac_username'

2018-11-21 13:27:28 - [TEST_STEP][PASSED] - setText: Text 'NewRetailerKatalonAuto@23_11' is set on object 'Object Repository/Login_OR/Page_AppCohesion/input_Password_ac_password'

2018-11-21 13:27:28 - [MESSAGE][PASSED] - Text 'NewRetailerKatalonAuto@23_11' is set on object 'Object Repository/Login_OR/Page_AppCohesion/input_Password_ac_password'

2018-11-21 13:27:28 - [TEST_STEP][PASSED] - click: Object: 'Object Repository/Login_OR/Page_AppCohesion/button_Login Now' is clicked on

2018-11-21 13:27:28 - [MESSAGE][PASSED] - Object: 'Object Repository/Login_OR/Page_AppCohesion/button_Login Now' is clicked on

2018-11-21 13:27:28 - [TEST_STEP][PASSED] - waitForPageLoad: Wait for page load successfully

2018-11-21 13:27:28 - [MESSAGE][PASSED] - Wait for page load successfully

2018-11-21 13:27:28 - [MESSAGE][PASSED] - Call Test Case 'Test Cases/Call Test Case/Login_retailer_testcase' successfully

2018-11-21 13:27:28 - [TEST_STEP][PASSED] - click: Object: 'Object Repository/retailer admin All Repo/store_object_repo/store_tab' is clicked on

2018-11-21 13:27:31 - [MESSAGE][PASSED] - Object: 'Object Repository/retailer admin All Repo/store_object_repo/store_tab' is clicked on

2018-11-21 13:27:31 - [TEST_STEP][PASSED] - click: Object: 'Object Repository/retailer admin All Repo/store_object_repo/store_new_button' is clicked on

2018-11-21 13:27:31 - [MESSAGE][PASSED] - Object: 'Object Repository/retailer admin All Repo/store_object_repo/store_new_button' is clicked on

2018-11-21 13:27:31 - [TEST_STEP][PASSED] - setText: Text 'Store Automation' is set on object 'Object Repository/retailer admin All Repo/store_object_repo/store_name'

2018-11-21 13:27:32 - [MESSAGE][PASSED] - Text 'Store Automation' is set on object 'Object Repository/retailer admin All Repo/store_object_repo/store_name'

2018-11-21 13:27:32 - [TEST_STEP][PASSED] - Statement - ts = java.lang.System.currentTimeMillis().toString(): null

2018-11-21 13:27:32 - [TEST_STEP][PASSED] - setText: Text '1542787052108' is set on object 'Object Repository/retailer admin All Repo/store_object_repo/FFL_no'

2018-11-21 13:27:32 - [MESSAGE][PASSED] - Text '1542787052108' is set on object 'Object Repository/retailer admin All Repo/store_object_repo/FFL_no'

2018-11-21 13:27:32 - [TEST_STEP][PASSED] - uploadFile: File 'D:\sample_doc\sample.pdf' sent to object: 'Object Repository/retailer admin All Repo/store_object_repo/FFL_doc'

2018-11-21 13:27:32 - [MESSAGE][PASSED] - File 'D:\sample_doc\sample.pdf' sent to object: 'Object Repository/retailer admin All Repo/store_object_repo/FFL_doc'

2018-11-21 13:27:32 - [TEST_STEP][PASSED] - setText: Text '3/10, New QA Build' is set on object 'Object Repository/retailer admin All Repo/store_object_repo/store_address'

2018-11-21 13:27:32 - [MESSAGE][PASSED] - Text '3/10, New QA Build' is set on object 'Object Repository/retailer admin All Repo/store_object_repo/store_address'

2018-11-21 13:27:32 - [TEST_STEP][PASSED] - setText: Text '24143' is set on object 'Object Repository/retailer admin All Repo/store_object_repo/zip_code'

2018-11-21 13:27:32 - [MESSAGE][PASSED] - Text '24143' is set on object 'Object Repository/retailer admin All Repo/store_object_repo/zip_code'

2018-11-21 13:27:32 - [TEST_STEP][PASSED] - setText: Text 'Newton Falls' is set on object 'Object Repository/retailer admin All Repo/store_object_repo/city_name'

2018-11-21 13:27:32 - [MESSAGE][PASSED] - Text 'Newton Falls' is set on object 'Object Repository/retailer admin All Repo/store_object_repo/city_name'

2018-11-21 13:27:32 - [TEST_STEP][PASSED] - setText: Text 'Ohio' is set on object 'Object Repository/retailer admin All Repo/store_object_repo/state_name'

2018-11-21 13:27:32 - [MESSAGE][PASSED] - Text 'Ohio' is set on object 'Object Repository/retailer admin All Repo/store_object_repo/state_name'

2018-11-21 13:27:32 - [TEST_STEP][PASSED] - delay: Delayed 10 second(s)

2018-11-21 13:27:42 - [MESSAGE][PASSED] - Delayed 10 second(s)

2018-11-21 13:27:42 - [TEST_STEP][PASSED] - waitForElementVisible: Object 'Object Repository/retailer admin All Repo/store_object_repo/check_default_store' is visible

2018-11-21 13:27:42 - [MESSAGE][PASSED] - Object 'Object Repository/retailer admin All Repo/store_object_repo/check_default_store' is visible

2018-11-21 13:27:42 - [TEST_STEP][PASSED] - check: Object 'Object Repository/retailer admin All Repo/store_object_repo/check_default_store' is checked

2018-11-21 13:27:42 - [MESSAGE][PASSED] - Object 'Object Repository/retailer admin All Repo/store_object_repo/check_default_store' is checked

2018-11-21 13:27:42 - [TEST_STEP][NOT_RUN] - verifyElementChecked: NOT_RUN: verifyElementChecked

2018-11-21 13:27:42 - [MESSAGE][NOT_RUN] - NOT_RUN: verifyElementChecked

2018-11-21 13:27:42 - [TEST_STEP][PASSED] - waitForElementPresent: Object 'Object Repository/retailer admin All Repo/store_object_repo/add_store_button' is present

2018-11-21 13:27:43 - [MESSAGE][PASSED] - Object 'Object Repository/retailer admin All Repo/store_object_repo/add_store_button' is present

2018-11-21 13:27:43 - [TEST_STEP][PASSED] - verifyElementVisible: Object 'Object Repository/retailer admin All Repo/store_object_repo/add_store_button' is visible

2018-11-21 13:27:43 - [MESSAGE][PASSED] - Object 'Object Repository/retailer admin All Repo/store_object_repo/add_store_button' is visible

2018-11-21 13:27:43 - [TEST_STEP][PASSED] - click: Object: 'Object Repository/retailer admin All Repo/store_object_repo/add_store_button' is clicked on

2018-11-21 13:27:43 - [MESSAGE][PASSED] - Object: 'Object Repository/retailer admin All Repo/store_object_repo/add_store_button' is clicked on

2018-11-21 13:27:43 - [TEST_STEP][PASSED] - delay: Delayed 2 second(s)

2018-11-21 13:27:45 - [MESSAGE][PASSED] - Delayed 2 second(s)

2018-11-21 13:27:45 - [TEST_STEP][PASSED] - verifyElementVisible: Object 'Object Repository/retailer admin All Repo/store_object_repo/h5_Success  Store created succ' is visible

2018-11-21 13:27:47 - [MESSAGE][PASSED] - Object 'Object Repository/retailer admin All Repo/store_object_repo/h5_Success  Store created succ' is visible

2018-11-21 13:27:47 - [TEST_STEP][PASSED] - verifyElementText: Actual text and expected text of test object 'Object Repository/retailer admin All Repo/store_object_repo/h5_Success  Store created succ' are matched.

2018-11-21 13:27:47 - [MESSAGE][PASSED] - Actual text and expected text of test object 'Object Repository/retailer admin All Repo/store_object_repo/h5_Success  Store created succ' are matched.

2018-11-21 13:27:47 - [TEST_STEP][PASSED] - delay: Delayed 5 second(s)

2018-11-21 13:27:52 - [MESSAGE][PASSED] - Delayed 5 second(s)

2018-11-21 13:27:52 - [TEST_STEP][NOT_RUN] - verifyElementText: NOT_RUN: verifyElementText

2018-11-21 13:27:52 - [MESSAGE][NOT_RUN] - NOT_RUN: verifyElementText

2018-11-21 13:27:52 - [TEST_STEP][NOT_RUN] - verifyElementText: NOT_RUN: verifyElementText

2018-11-21 13:27:52 - [MESSAGE][NOT_RUN] - NOT_RUN: verifyElementText

2018-11-21 13:27:52 - [TEST_STEP][NOT_RUN] - click: NOT_RUN: click

2018-11-21 13:27:52 - [MESSAGE][NOT_RUN] - NOT_RUN: click

2018-11-21 13:27:52 - [TEST_STEP][PASSED] - delay: Delayed 5 second(s)

2018-11-21 13:27:57 - [MESSAGE][PASSED] - Delayed 5 second(s)

2018-11-21 13:27:57 - [TEST_STEP][PASSED] - verifyElementVisible: Object 'Object Repository/retailer admin All Repo/store_object_repo/default store container' is visible

2018-11-21 13:27:57 - [MESSAGE][PASSED] - Object 'Object Repository/retailer admin All Repo/store_object_repo/default store container' is visible

2018-11-21 13:27:57 - [TEST_STEP][PASSED] - verifyElementVisible: Object 'Object Repository/retailer admin All Repo/store_object_repo/store_container0' is visible

2018-11-21 13:27:57 - [MESSAGE][PASSED] - Object 'Object Repository/retailer admin All Repo/store_object_repo/store_container0' is visible

2018-11-21 13:27:57 - [TEST_STEP][PASSED] - click: Object: 'Object Repository/retailer admin All Repo/store_object_repo/store_container0' is clicked on

2018-11-21 13:27:57 - [MESSAGE][PASSED] - Object: 'Object Repository/retailer admin All Repo/store_object_repo/store_container0' is clicked on

2018-11-21 13:27:57 - [TEST_STEP][PASSED] - waitForElementVisible: Object 'Object Repository/retailer admin All Repo/store_object_repo/storeeditbutton' is visible

2018-11-21 13:27:58 - [MESSAGE][PASSED] - Object 'Object Repository/retailer admin All Repo/store_object_repo/storeeditbutton' is visible

2018-11-21 13:27:58 - [TEST_STEP][PASSED] - click: Object: 'Object Repository/retailer admin All Repo/store_object_repo/storeeditbutton' is clicked on

2018-11-21 13:27:58 - [MESSAGE][PASSED] - Object: 'Object Repository/retailer admin All Repo/store_object_repo/storeeditbutton' is clicked on

2018-11-21 13:27:58 - [TEST_STEP][PASSED] - setText: Text 'edit Store automation' is set on object 'Object Repository/retailer admin All Repo/store_object_repo/store_name'

2018-11-21 13:27:58 - [MESSAGE][PASSED] - Text 'edit Store automation' is set on object 'Object Repository/retailer admin All Repo/store_object_repo/store_name'

2018-11-21 13:27:58 - [TEST_STEP][PASSED] - Statement - ts1 = java.lang.System.currentTimeMillis().toString(): null

2018-11-21 13:27:58 - [TEST_STEP][PASSED] - setText: Text '1542787078283' is set on object 'Object Repository/retailer admin All Repo/store_object_repo/FFL_no'

2018-11-21 13:27:58 - [MESSAGE][PASSED] - Text '1542787078283' is set on object 'Object Repository/retailer admin All Repo/store_object_repo/FFL_no'

2018-11-21 13:27:58 - [TEST_STEP][NOT_RUN] - uploadFile: NOT_RUN: uploadFile

2018-11-21 13:27:58 - [MESSAGE][NOT_RUN] - NOT_RUN: uploadFile

2018-11-21 13:27:58 - [TEST_STEP][PASSED] - setText: Text '3/10, New QA Build' is set on object 'Object Repository/retailer admin All Repo/store_object_repo/store_address'

2018-11-21 13:27:58 - [MESSAGE][PASSED] - Text '3/10, New QA Build' is set on object 'Object Repository/retailer admin All Repo/store_object_repo/store_address'

2018-11-21 13:27:58 - [TEST_STEP][PASSED] - setText: Text '24143' is set on object 'Object Repository/retailer admin All Repo/store_object_repo/zip_code'

2018-11-21 13:27:58 - [MESSAGE][PASSED] - Text '24143' is set on object 'Object Repository/retailer admin All Repo/store_object_repo/zip_code'

2018-11-21 13:27:58 - [TEST_STEP][PASSED] - setText: Text 'Newton Falls' is set on object 'Object Repository/retailer admin All Repo/store_object_repo/city_name'

2018-11-21 13:27:58 - [MESSAGE][PASSED] - Text 'Newton Falls' is set on object 'Object Repository/retailer admin All Repo/store_object_repo/city_name'

2018-11-21 13:27:58 - [TEST_STEP][PASSED] - setText: Text 'Ohio' is set on object 'Object Repository/retailer admin All Repo/store_object_repo/state_name'

2018-11-21 13:27:58 - [MESSAGE][PASSED] - Text 'Ohio' is set on object 'Object Repository/retailer admin All Repo/store_object_repo/state_name'

2018-11-21 13:27:58 - [TEST_STEP][PASSED] - waitForElementVisible: Object 'Object Repository/retailer admin All Repo/store_object_repo/store_update_button' is visible

2018-11-21 13:27:58 - [MESSAGE][PASSED] - Object 'Object Repository/retailer admin All Repo/store_object_repo/store_update_button' is visible

2018-11-21 13:27:58 - [TEST_STEP][PASSED] - verifyElementVisible: Object 'Object Repository/retailer admin All Repo/store_object_repo/store_update_button' is visible

2018-11-21 13:27:58 - [MESSAGE][PASSED] - Object 'Object Repository/retailer admin All Repo/store_object_repo/store_update_button' is visible

2018-11-21 13:27:58 - [TEST_STEP][PASSED] - click: Object: 'Object Repository/retailer admin All Repo/store_object_repo/store_update_button' is clicked on

2018-11-21 13:27:59 - [MESSAGE][PASSED] - Object: 'Object Repository/retailer admin All Repo/store_object_repo/store_update_button' is clicked on

2018-11-21 13:27:59 - [TEST_STEP][PASSED] - waitForElementVisible: Object 'Object Repository/retailer admin All Repo/store_object_repo/alert_proceed' is visible

2018-11-21 13:27:59 - [MESSAGE][PASSED] - Object 'Object Repository/retailer admin All Repo/store_object_repo/alert_proceed' is visible

2018-11-21 13:27:59 - [TEST_STEP][PASSED] - click: Object: 'Object Repository/retailer admin All Repo/store_object_repo/alert_proceed' is clicked on

2018-11-21 13:27:59 - [MESSAGE][PASSED] - Object: 'Object Repository/retailer admin All Repo/store_object_repo/alert_proceed' is clicked on

2018-11-21 13:27:59 - [TEST_STEP][PASSED] - verifyElementText: Actual text and expected text of test object 'Object Repository/retailer admin All Repo/store_object_repo/h5_Success  Store details upda' are matched.

2018-11-21 13:28:01 - [MESSAGE][PASSED] - Actual text and expected text of test object 'Object Repository/retailer admin All Repo/store_object_repo/h5_Success  Store details upda' are matched.

2018-11-21 13:28:01 - [TEST_STEP][PASSED] - delay: Delayed 5 second(s)

2018-11-21 13:28:06 - [MESSAGE][PASSED] - Delayed 5 second(s)

2018-11-21 13:28:06 - [TEST_STEP][PASSED] - verifyElementVisible: Object 'Object Repository/retailer admin All Repo/store_object_repo/store_container0' is visible

2018-11-21 13:28:06 - [MESSAGE][PASSED] - Object 'Object Repository/retailer admin All Repo/store_object_repo/store_container0' is visible

2018-11-21 13:28:06 - [TEST_STEP][PASSED] - verifyElementVisible: Object 'Object Repository/retailer admin All Repo/store_object_repo/default store container' is visible

2018-11-21 13:28:06 - [MESSAGE][PASSED] - Object 'Object Repository/retailer admin All Repo/store_object_repo/default store container' is visible

2018-11-21 13:28:06 - [TEST_STEP][PASSED] - verifyElementVisible: Object 'Object Repository/retailer admin All Repo/store_object_repo/store_container1' is visible

2018-11-21 13:28:06 - [MESSAGE][PASSED] - Object 'Object Repository/retailer admin All Repo/store_object_repo/store_container1' is visible

2018-11-21 13:28:06 - [TEST_STEP][PASSED] - check: Object 'Object Repository/retailer admin All Repo/store_object_repo/change_default_store' is checked

2018-11-21 13:28:06 - [MESSAGE][PASSED] - Object 'Object Repository/retailer admin All Repo/store_object_repo/change_default_store' is checked

2018-11-21 13:28:06 - [TEST_STEP][NOT_RUN] - verifyElementVisible: NOT_RUN: verifyElementVisible

2018-11-21 13:28:06 - [MESSAGE][NOT_RUN] - NOT_RUN: verifyElementVisible

2018-11-21 13:28:06 - [TEST_STEP][PASSED] - verifyElementText: Actual text and expected text of test object 'Object Repository/retailer admin All Repo/store_object_repo/h5_Success  Your default store' are matched.

2018-11-21 13:28:08 - [MESSAGE][PASSED] - Actual text and expected text of test object 'Object Repository/retailer admin All Repo/store_object_repo/h5_Success  Your default store' are matched.

2018-11-21 13:28:08 - [TEST_STEP][PASSED] - delay: Delayed 10 second(s)

2018-11-21 13:28:18 - [MESSAGE][PASSED] - Delayed 10 second(s)

2018-11-21 13:28:18 - [TEST_STEP][PASSED] - click: Object: 'Object Repository/retailer admin All Repo/store_object_repo/store_container0' is clicked on

2018-11-21 13:28:18 - [MESSAGE][PASSED] - Object: 'Object Repository/retailer admin All Repo/store_object_repo/store_container0' is clicked on

2018-11-21 13:28:18 - [TEST_STEP][PASSED] - waitForElementVisible: Object 'Object Repository/retailer admin All Repo/store_object_repo/store_delete_button' is visible

2018-11-21 13:28:19 - [MESSAGE][PASSED] - Object 'Object Repository/retailer admin All Repo/store_object_repo/store_delete_button' is visible

2018-11-21 13:28:19 - [TEST_STEP][PASSED] - click: Object: 'Object Repository/retailer admin All Repo/store_object_repo/store_delete_button' is clicked on

2018-11-21 13:28:19 - [MESSAGE][PASSED] - Object: 'Object Repository/retailer admin All Repo/store_object_repo/store_delete_button' is clicked on

2018-11-21 13:28:19 - [TEST_STEP][NOT_RUN] - waitForAlert: NOT_RUN: waitForAlert

2018-11-21 13:28:19 - [MESSAGE][NOT_RUN] - NOT_RUN: waitForAlert

2018-11-21 13:28:19 - [TEST_STEP][PASSED] - verifyElementVisible: Object 'Object Repository/retailer admin All Repo/store_object_repo/delete_yes_button' is visible

2018-11-21 13:28:19 - [MESSAGE][PASSED] - Object 'Object Repository/retailer admin All Repo/store_object_repo/delete_yes_button' is visible

2018-11-21 13:28:19 - [TEST_STEP][PASSED] - click: Object: 'Object Repository/retailer admin All Repo/store_object_repo/delete_yes_button' is clicked on

2018-11-21 13:28:19 - [MESSAGE][PASSED] - Object: 'Object Repository/retailer admin All Repo/store_object_repo/delete_yes_button' is clicked on

2018-11-21 13:28:19 - [TEST_STEP][PASSED] - verifyElementVisible: Object 'Object Repository/retailer admin All Repo/store_object_repo/h5_Success  Store has been del' is visible

2018-11-21 13:28:21 - [MESSAGE][PASSED] - Object 'Object Repository/retailer admin All Repo/store_object_repo/h5_Success  Store has been del' is visible

2018-11-21 13:28:21 - [TEST_STEP][PASSED] - verifyElementText: Actual text and expected text of test object 'Object Repository/retailer admin All Repo/store_object_repo/h5_Success  Store has been del' are matched.

2018-11-21 13:28:21 - [MESSAGE][PASSED] - Actual text and expected text of test object 'Object Repository/retailer admin All Repo/store_object_repo/h5_Success  Store has been del' are matched.

2018-11-21 13:28:21 - [TEST_STEP][PASSED] - delay: Delayed 5 second(s)

2018-11-21 13:28:26 - [MESSAGE][PASSED] - Delayed 5 second(s)

2018-11-21 13:28:26 - [TEST_STEP][PASSED] - verifyElementVisible: Object 'Object Repository/retailer admin All Repo/store_object_repo/a_Dashboard              Dashb' is visible

2018-11-21 13:28:26 - [MESSAGE][PASSED] - Object 'Object Repository/retailer admin All Repo/store_object_repo/a_Dashboard              Dashb' is visible

2018-11-21 13:28:26 - [TEST_STEP][PASSED] - click: Object: 'Object Repository/retailer admin All Repo/store_object_repo/a_Dashboard              Dashb' is clicked on

2018-11-21 13:28:26 - [MESSAGE][PASSED] - Object: 'Object Repository/retailer admin All Repo/store_object_repo/a_Dashboard              Dashb' is clicked on]]></system-out>
         <system-err><![CDATA[]]></system-err>
      </testcase>
      <testcase name="Test Cases/RetailerAdmin_Login_All_Functionality/Retailer_Employee_management/employee_Creation_edit_delete" classname="Test Cases/RetailerAdmin_Login_All_Functionality/Retailer_Employee_management/employee_Creation_edit_delete" status="PASSED">
         <system-out><![CDATA[2018-11-21 13:28:26 - [TEST_CASE][PASSED] - Test Cases/RetailerAdmin_Login_All_Functionality/Retailer_Employee_management/employee_Creation_edit_delete: Test Cases/RetailerAdmin_Login_All_Functionality/Retailer_Employee_management/employee_Creation_edit_delete

2018-11-21 13:28:27 - [TEST_STEP][PASSED] - callTestCase: Call Test Case 'Test Cases/Call Test Case/Login_retailer_testcase' successfully

2018-11-21 13:28:27 - [TEST_CASE][PASSED] - Test Cases/Call Test Case/Login_retailer_testcase: Test Cases/Call Test Case/Login_retailer_testcase

2018-11-21 13:28:27 - [TEST_STEP][PASSED] - openBrowser: Browser is opened with url: 'https://app-qa.appcohesion.io/'

2018-11-21 13:28:27 - [MESSAGE][WARNING] - A browser is already opened. Closing browser and opening a new one

2018-11-21 13:28:33 - [MESSAGE][PASSED] - Browser is opened with url: 'https://app-qa.appcohesion.io/'

2018-11-21 13:28:33 - [TEST_STEP][PASSED] - maximizeWindow: Current window maximized

2018-11-21 13:28:34 - [MESSAGE][PASSED] - Current window maximized

2018-11-21 13:28:34 - [TEST_STEP][PASSED] - setText: Text 'NewRetailerKatalonAuto@23_11' is set on object 'Object Repository/Login_OR/Page_AppCohesion/input_User Name_ac_username'

2018-11-21 13:28:34 - [MESSAGE][PASSED] - Text 'NewRetailerKatalonAuto@23_11' is set on object 'Object Repository/Login_OR/Page_AppCohesion/input_User Name_ac_username'

2018-11-21 13:28:34 - [TEST_STEP][PASSED] - setText: Text 'NewRetailerKatalonAuto@23_11' is set on object 'Object Repository/Login_OR/Page_AppCohesion/input_Password_ac_password'

2018-11-21 13:28:35 - [MESSAGE][PASSED] - Text 'NewRetailerKatalonAuto@23_11' is set on object 'Object Repository/Login_OR/Page_AppCohesion/input_Password_ac_password'

2018-11-21 13:28:35 - [TEST_STEP][PASSED] - click: Object: 'Object Repository/Login_OR/Page_AppCohesion/button_Login Now' is clicked on

2018-11-21 13:28:35 - [MESSAGE][PASSED] - Object: 'Object Repository/Login_OR/Page_AppCohesion/button_Login Now' is clicked on

2018-11-21 13:28:35 - [TEST_STEP][PASSED] - waitForPageLoad: Wait for page load successfully

2018-11-21 13:28:35 - [MESSAGE][PASSED] - Wait for page load successfully

2018-11-21 13:28:35 - [MESSAGE][PASSED] - Call Test Case 'Test Cases/Call Test Case/Login_retailer_testcase' successfully

2018-11-21 13:28:35 - [TEST_STEP][PASSED] - verifyElementVisible: Object 'Object Repository/employee_obj_repo/emp_tab' is visible

2018-11-21 13:28:38 - [MESSAGE][PASSED] - Object 'Object Repository/employee_obj_repo/emp_tab' is visible

2018-11-21 13:28:38 - [TEST_STEP][PASSED] - click: Object: 'Object Repository/employee_obj_repo/emp_tab' is clicked on

2018-11-21 13:28:38 - [MESSAGE][PASSED] - Object: 'Object Repository/employee_obj_repo/emp_tab' is clicked on

2018-11-21 13:28:38 - [TEST_STEP][PASSED] - verifyElementVisible: Object 'Object Repository/employee_obj_repo/emp_new_button' is visible

2018-11-21 13:28:38 - [MESSAGE][PASSED] - Object 'Object Repository/employee_obj_repo/emp_new_button' is visible

2018-11-21 13:28:38 - [TEST_STEP][PASSED] - click: Object: 'Object Repository/employee_obj_repo/emp_new_button' is clicked on

2018-11-21 13:28:38 - [MESSAGE][PASSED] - Object: 'Object Repository/employee_obj_repo/emp_new_button' is clicked on

2018-11-21 13:28:38 - [TEST_STEP][PASSED] - verifyElementVisible: Object 'Object Repository/employee_obj_repo/Page_AppCohesion/label_Retailer Admin' is visible

2018-11-21 13:28:40 - [MESSAGE][PASSED] - Object 'Object Repository/employee_obj_repo/Page_AppCohesion/label_Retailer Admin' is visible

2018-11-21 13:28:40 - [TEST_STEP][PASSED] - verifyElementText: Actual text and expected text of test object 'Object Repository/employee_obj_repo/Page_AppCohesion/label_Retailer Admin' are matched.

2018-11-21 13:28:40 - [MESSAGE][PASSED] - Actual text and expected text of test object 'Object Repository/employee_obj_repo/Page_AppCohesion/label_Retailer Admin' are matched.

2018-11-21 13:28:40 - [TEST_STEP][PASSED] - click: Object: 'Object Repository/employee_obj_repo/Page_AppCohesion/label_Retailer Admin' is clicked on

2018-11-21 13:28:40 - [MESSAGE][PASSED] - Object: 'Object Repository/employee_obj_repo/Page_AppCohesion/label_Retailer Admin' is clicked on

2018-11-21 13:28:40 - [TEST_STEP][PASSED] - setText: Text 'NewRetailerKatalon' is set on object 'Object Repository/employee_obj_repo/Emp_firstname'

2018-11-21 13:28:40 - [MESSAGE][PASSED] - Text 'NewRetailerKatalon' is set on object 'Object Repository/employee_obj_repo/Emp_firstname'

2018-11-21 13:28:40 - [TEST_STEP][PASSED] - setText: Text 'NewRetailerKatalon' is set on object 'Object Repository/employee_obj_repo/emp_lastname'

2018-11-21 13:28:41 - [MESSAGE][PASSED] - Text 'NewRetailerKatalon' is set on object 'Object Repository/employee_obj_repo/emp_lastname'

2018-11-21 13:28:41 - [TEST_STEP][PASSED] - Statement - rn_uname = <not implemented yet for class: org.codehaus.groovy.ast.expr.EmptyExpression>: null

2018-11-21 13:28:41 - [TEST_STEP][PASSED] - Statement - rn_uname = java.lang.Math.random() * 500: null

2018-11-21 13:28:41 - [TEST_STEP][PASSED] - setText: Text 'NewRetailerKatalon410' is set on object 'Object Repository/employee_obj_repo/emp_username'

2018-11-21 13:28:41 - [MESSAGE][PASSED] - Text 'NewRetailerKatalon410' is set on object 'Object Repository/employee_obj_repo/emp_username'

2018-11-21 13:28:41 - [TEST_STEP][PASSED] - Statement - rn_email = <not implemented yet for class: org.codehaus.groovy.ast.expr.EmptyExpression>: null

2018-11-21 13:28:41 - [TEST_STEP][PASSED] - Statement - rn_email = java.lang.Math.random() * 500: null

2018-11-21 13:28:41 - [TEST_STEP][PASSED] - setText: Text 'snekalatha.r313@iinerds.com' is set on object 'Object Repository/employee_obj_repo/emp_email'

2018-11-21 13:28:41 - [MESSAGE][PASSED] - Text 'snekalatha.r313@iinerds.com' is set on object 'Object Repository/employee_obj_repo/emp_email'

2018-11-21 13:28:41 - [TEST_STEP][PASSED] - setText: Text '9894591635' is set on object 'Object Repository/employee_obj_repo/emp_phonenumber'

2018-11-21 13:28:41 - [MESSAGE][PASSED] - Text '9894591635' is set on object 'Object Repository/employee_obj_repo/emp_phonenumber'

2018-11-21 13:28:41 - [TEST_STEP][PASSED] - click: Object: 'Object Repository/employee_obj_repo/add_emp_button' is clicked on

2018-11-21 13:28:41 - [MESSAGE][PASSED] - Object: 'Object Repository/employee_obj_repo/add_emp_button' is clicked on

2018-11-21 13:28:41 - [TEST_STEP][PASSED] - comment: Valid email

2018-11-21 13:28:41 - [TEST_STEP][NOT_RUN] - verifyElementVisible: NOT_RUN: verifyElementVisible

2018-11-21 13:28:41 - [MESSAGE][NOT_RUN] - NOT_RUN: verifyElementVisible

2018-11-21 13:28:41 - [TEST_STEP][PASSED] - verifyElementText: Actual text and expected text of test object 'Object Repository/retailer admin All Repo/employee_obj_repo/pop up emp object/h5_Success  Congratulations Yo' are matched.

2018-11-21 13:28:43 - [MESSAGE][PASSED] - Actual text and expected text of test object 'Object Repository/retailer admin All Repo/employee_obj_repo/pop up emp object/h5_Success  Congratulations Yo' are matched.

2018-11-21 13:28:43 - [TEST_STEP][PASSED] - delay: Delayed 10 second(s)

2018-11-21 13:28:53 - [MESSAGE][PASSED] - Delayed 10 second(s)

2018-11-21 13:28:53 - [TEST_STEP][PASSED] - click: Object: 'Object Repository/employee_obj_repo/retailer_employeeview/Page_AppCohesion/collapsible-header_Retailer Ad' is clicked on

2018-11-21 13:28:53 - [MESSAGE][PASSED] - Object: 'Object Repository/employee_obj_repo/retailer_employeeview/Page_AppCohesion/collapsible-header_Retailer Ad' is clicked on

2018-11-21 13:28:53 - [TEST_STEP][PASSED] - delay: Delayed 5 second(s)

2018-11-21 13:28:58 - [MESSAGE][PASSED] - Delayed 5 second(s)

2018-11-21 13:28:58 - [TEST_STEP][PASSED] - verifyElementVisible: Object 'Object Repository/employee_obj_repo/retailer_first_list' is visible

2018-11-21 13:28:58 - [MESSAGE][PASSED] - Object 'Object Repository/employee_obj_repo/retailer_first_list' is visible

2018-11-21 13:28:58 - [TEST_STEP][PASSED] - verifyElementText: Actual text and expected text of test object 'Object Repository/employee_obj_repo/Page_AppCohesion/h4_NewRetailerKatalonNewRetail' are matched.

2018-11-21 13:28:58 - [MESSAGE][PASSED] - Actual text and expected text of test object 'Object Repository/employee_obj_repo/Page_AppCohesion/h4_NewRetailerKatalonNewRetail' are matched.

2018-11-21 13:28:58 - [TEST_STEP][PASSED] - verifyElementText: Actual text and expected text of test object 'Object Repository/retailer admin All Repo/employee_obj_repo/Page_AppCohesion/h5_RetailerAdmin' are matched.

2018-11-21 13:28:58 - [MESSAGE][PASSED] - Actual text and expected text of test object 'Object Repository/retailer admin All Repo/employee_obj_repo/Page_AppCohesion/h5_RetailerAdmin' are matched.

2018-11-21 13:28:58 - [TEST_STEP][NOT_RUN] - verifyElementText: NOT_RUN: verifyElementText

2018-11-21 13:28:58 - [MESSAGE][NOT_RUN] - NOT_RUN: verifyElementText

2018-11-21 13:28:58 - [TEST_STEP][PASSED] - verifyElementText: Actual text and expected text of test object 'Object Repository/employee_obj_repo/Page_AppCohesion/h5_9894591635' are matched.

2018-11-21 13:28:58 - [MESSAGE][PASSED] - Actual text and expected text of test object 'Object Repository/employee_obj_repo/Page_AppCohesion/h5_9894591635' are matched.

2018-11-21 13:28:58 - [TEST_STEP][PASSED] - delay: Delayed 10 second(s)

2018-11-21 13:29:08 - [MESSAGE][PASSED] - Delayed 10 second(s)

2018-11-21 13:29:08 - [TEST_STEP][PASSED] - click: Object: 'Object Repository/employee_obj_repo/retailer_first_list' is clicked on

2018-11-21 13:29:08 - [MESSAGE][PASSED] - Object: 'Object Repository/employee_obj_repo/retailer_first_list' is clicked on

2018-11-21 13:29:08 - [TEST_STEP][PASSED] - delay: Delayed 5 second(s)

2018-11-21 13:29:13 - [MESSAGE][PASSED] - Delayed 5 second(s)

2018-11-21 13:29:13 - [TEST_STEP][PASSED] - waitForElementVisible: Object 'Object Repository/retailer admin All Repo/employee_obj_repo/all_button/Page_AppCohesion/button_Edit' is visible

2018-11-21 13:29:13 - [MESSAGE][PASSED] - Object 'Object Repository/retailer admin All Repo/employee_obj_repo/all_button/Page_AppCohesion/button_Edit' is visible

2018-11-21 13:29:13 - [TEST_STEP][PASSED] - click: Object: 'Object Repository/retailer admin All Repo/employee_obj_repo/all_button/Page_AppCohesion/button_Edit' is clicked on

2018-11-21 13:29:14 - [MESSAGE][PASSED] - Object: 'Object Repository/retailer admin All Repo/employee_obj_repo/all_button/Page_AppCohesion/button_Edit' is clicked on

2018-11-21 13:29:14 - [TEST_STEP][PASSED] - verifyElementVisible: Object 'Object Repository/employee_obj_repo/Page_AppCohesion/label_Store Admin' is visible

2018-11-21 13:29:14 - [MESSAGE][PASSED] - Object 'Object Repository/employee_obj_repo/Page_AppCohesion/label_Store Admin' is visible

2018-11-21 13:29:14 - [TEST_STEP][PASSED] - verifyElementText: Actual text and expected text of test object 'Object Repository/retailer admin All Repo/employee_obj_repo/Page_AppCohesion/label_Store Admin' are matched.

2018-11-21 13:29:14 - [MESSAGE][PASSED] - Actual text and expected text of test object 'Object Repository/retailer admin All Repo/employee_obj_repo/Page_AppCohesion/label_Store Admin' are matched.

2018-11-21 13:29:14 - [TEST_STEP][PASSED] - click: Object: 'Object Repository/employee_obj_repo/Page_AppCohesion/label_Store Admin' is clicked on

2018-11-21 13:29:14 - [MESSAGE][PASSED] - Object: 'Object Repository/employee_obj_repo/Page_AppCohesion/label_Store Admin' is clicked on

2018-11-21 13:29:14 - [TEST_STEP][PASSED] - setText: Text 'EditRetailerKatalon' is set on object 'Object Repository/employee_obj_repo/Emp_firstname'

2018-11-21 13:29:14 - [MESSAGE][PASSED] - Text 'EditRetailerKatalon' is set on object 'Object Repository/employee_obj_repo/Emp_firstname'

2018-11-21 13:29:14 - [TEST_STEP][PASSED] - setText: Text 'EditRetailerKatalon' is set on object 'Object Repository/employee_obj_repo/emp_lastname'

2018-11-21 13:29:14 - [MESSAGE][PASSED] - Text 'EditRetailerKatalon' is set on object 'Object Repository/employee_obj_repo/emp_lastname'

2018-11-21 13:29:14 - [TEST_STEP][PASSED] - setText: Text '9443225554' is set on object 'Object Repository/employee_obj_repo/emp_phonenumber'

2018-11-21 13:29:14 - [MESSAGE][PASSED] - Text '9443225554' is set on object 'Object Repository/employee_obj_repo/emp_phonenumber'

2018-11-21 13:29:14 - [TEST_STEP][NOT_RUN] - verifyElementVisible: NOT_RUN: verifyElementVisible

2018-11-21 13:29:14 - [MESSAGE][NOT_RUN] - NOT_RUN: verifyElementVisible

2018-11-21 13:29:14 - [TEST_STEP][NOT_RUN] - selectOptionByIndex: NOT_RUN: selectOptionByIndex

2018-11-21 13:29:14 - [MESSAGE][NOT_RUN] - NOT_RUN: selectOptionByIndex

2018-11-21 13:29:14 - [TEST_STEP][PASSED] - dragAndDropToObject: Dragged object with id 'Object Repository/retailer admin All Repo/employee_obj_repo/Page_AppCohesion/select_Store Automation (24143' to object with id 'TestObject - 'Object Repository/retailer admin All Repo/employee_obj_repo/Page_AppCohesion/select_Store Automation (24143'' successfully

2018-11-21 13:29:15 - [MESSAGE][PASSED] - Dragged object with id 'Object Repository/retailer admin All Repo/employee_obj_repo/Page_AppCohesion/select_Store Automation (24143' to object with id 'TestObject - 'Object Repository/retailer admin All Repo/employee_obj_repo/Page_AppCohesion/select_Store Automation (24143'' successfully

2018-11-21 13:29:15 - [TEST_STEP][PASSED] - delay: Delayed 10 second(s)

2018-11-21 13:29:25 - [MESSAGE][PASSED] - Delayed 10 second(s)

2018-11-21 13:29:25 - [TEST_STEP][PASSED] - selectOptionByIndex: All options with index in [0] are selected on object 'Object Repository/retailer admin All Repo/employee_obj_repo/Page_AppCohesion/select_Store Automation (24143'

2018-11-21 13:29:25 - [MESSAGE][PASSED] - All options with index in [0] are selected on object 'Object Repository/retailer admin All Repo/employee_obj_repo/Page_AppCohesion/select_Store Automation (24143'

2018-11-21 13:29:25 - [TEST_STEP][PASSED] - click: Object: 'Object Repository/retailer admin All Repo/employee_obj_repo/all_button/Page_AppCohesion/button_Update' is clicked on

2018-11-21 13:29:25 - [MESSAGE][PASSED] - Object: 'Object Repository/retailer admin All Repo/employee_obj_repo/all_button/Page_AppCohesion/button_Update' is clicked on

2018-11-21 13:29:25 - [TEST_STEP][NOT_RUN] - verifyElementVisible: NOT_RUN: verifyElementVisible

2018-11-21 13:29:25 - [MESSAGE][NOT_RUN] - NOT_RUN: verifyElementVisible

2018-11-21 13:29:25 - [TEST_STEP][PASSED] - verifyElementText: Actual text and expected text of test object 'Object Repository/retailer admin All Repo/employee_obj_repo/pop up emp object/h5_Success  User details succe' are matched.

2018-11-21 13:29:27 - [MESSAGE][PASSED] - Actual text and expected text of test object 'Object Repository/retailer admin All Repo/employee_obj_repo/pop up emp object/h5_Success  User details succe' are matched.

2018-11-21 13:29:27 - [TEST_STEP][PASSED] - delay: Delayed 2 second(s)

2018-11-21 13:29:29 - [MESSAGE][PASSED] - Delayed 2 second(s)

2018-11-21 13:29:29 - [TEST_STEP][PASSED] - click: Object: 'Object Repository/retailer admin All Repo/employee_obj_repo/retailer_employeeview/Page_AppCohesion/collapsible-header_Store Admin' is clicked on

2018-11-21 13:29:29 - [MESSAGE][PASSED] - Object: 'Object Repository/retailer admin All Repo/employee_obj_repo/retailer_employeeview/Page_AppCohesion/collapsible-header_Store Admin' is clicked on

2018-11-21 13:29:29 - [TEST_STEP][PASSED] - delay: Delayed 5 second(s)

2018-11-21 13:29:34 - [MESSAGE][PASSED] - Delayed 5 second(s)

2018-11-21 13:29:34 - [TEST_STEP][PASSED] - verifyElementVisible: Object 'Object Repository/employee_obj_repo/store admin list first' is visible

2018-11-21 13:29:34 - [MESSAGE][PASSED] - Object 'Object Repository/employee_obj_repo/store admin list first' is visible

2018-11-21 13:29:34 - [TEST_STEP][PASSED] - click: Object: 'Object Repository/employee_obj_repo/store admin list first' is clicked on

2018-11-21 13:29:34 - [MESSAGE][PASSED] - Object: 'Object Repository/employee_obj_repo/store admin list first' is clicked on

2018-11-21 13:29:34 - [TEST_STEP][NOT_RUN] - callTestCase: NOT_RUN: callTestCase

2018-11-21 13:29:34 - [MESSAGE][NOT_RUN] - NOT_RUN: callTestCase

2018-11-21 13:29:34 - [TEST_STEP][PASSED] - delay: Delayed 5 second(s)

2018-11-21 13:29:39 - [MESSAGE][PASSED] - Delayed 5 second(s)

2018-11-21 13:29:39 - [TEST_STEP][PASSED] - click: Object: 'Object Repository/retailer admin All Repo/employee_obj_repo/all_button/Page_AppCohesion/button_Edit' is clicked on

2018-11-21 13:29:39 - [MESSAGE][PASSED] - Object: 'Object Repository/retailer admin All Repo/employee_obj_repo/all_button/Page_AppCohesion/button_Edit' is clicked on

2018-11-21 13:29:39 - [TEST_STEP][PASSED] - verifyElementVisible: Object 'Object Repository/retailer admin All Repo/employee_obj_repo/Page_AppCohesion/label_Store User' is visible

2018-11-21 13:29:40 - [MESSAGE][PASSED] - Object 'Object Repository/retailer admin All Repo/employee_obj_repo/Page_AppCohesion/label_Store User' is visible

2018-11-21 13:29:40 - [TEST_STEP][PASSED] - verifyElementText: Actual text and expected text of test object 'Object Repository/retailer admin All Repo/employee_obj_repo/Page_AppCohesion/label_Store User' are matched.

2018-11-21 13:29:40 - [MESSAGE][PASSED] - Actual text and expected text of test object 'Object Repository/retailer admin All Repo/employee_obj_repo/Page_AppCohesion/label_Store User' are matched.

2018-11-21 13:29:40 - [TEST_STEP][PASSED] - click: Object: 'Object Repository/retailer admin All Repo/employee_obj_repo/Page_AppCohesion/label_Store User' is clicked on

2018-11-21 13:29:40 - [MESSAGE][PASSED] - Object: 'Object Repository/retailer admin All Repo/employee_obj_repo/Page_AppCohesion/label_Store User' is clicked on

2018-11-21 13:29:40 - [TEST_STEP][NOT_RUN] - verifyElementVisible: NOT_RUN: verifyElementVisible

2018-11-21 13:29:40 - [MESSAGE][NOT_RUN] - NOT_RUN: verifyElementVisible

2018-11-21 13:29:40 - [TEST_STEP][NOT_RUN] - selectOptionByIndex: NOT_RUN: selectOptionByIndex

2018-11-21 13:29:40 - [MESSAGE][NOT_RUN] - NOT_RUN: selectOptionByIndex

2018-11-21 13:29:40 - [TEST_STEP][PASSED] - dragAndDropToObject: Dragged object with id 'Object Repository/retailer admin All Repo/employee_obj_repo/Page_AppCohesion/select_Store Automation (24143' to object with id 'TestObject - 'Object Repository/retailer admin All Repo/employee_obj_repo/Page_AppCohesion/select_Store Automation (24143'' successfully

2018-11-21 13:29:40 - [MESSAGE][PASSED] - Dragged object with id 'Object Repository/retailer admin All Repo/employee_obj_repo/Page_AppCohesion/select_Store Automation (24143' to object with id 'TestObject - 'Object Repository/retailer admin All Repo/employee_obj_repo/Page_AppCohesion/select_Store Automation (24143'' successfully

2018-11-21 13:29:40 - [TEST_STEP][PASSED] - verifyElementVisible: Object 'Object Repository/retailer admin All Repo/employee_obj_repo/Page_AppCohesion/select_Store Automation (24143' is visible

2018-11-21 13:29:40 - [MESSAGE][PASSED] - Object 'Object Repository/retailer admin All Repo/employee_obj_repo/Page_AppCohesion/select_Store Automation (24143' is visible

2018-11-21 13:29:40 - [TEST_STEP][PASSED] - delay: Delayed 10 second(s)

2018-11-21 13:29:50 - [MESSAGE][PASSED] - Delayed 10 second(s)

2018-11-21 13:29:50 - [TEST_STEP][PASSED] - selectOptionByIndex: All options with index in [0] are selected on object 'Object Repository/retailer admin All Repo/employee_obj_repo/store id'

2018-11-21 13:29:50 - [MESSAGE][PASSED] - All options with index in [0] are selected on object 'Object Repository/retailer admin All Repo/employee_obj_repo/store id'

2018-11-21 13:29:50 - [TEST_STEP][NOT_RUN] - verifyElementVisible: NOT_RUN: verifyElementVisible

2018-11-21 13:29:50 - [MESSAGE][NOT_RUN] - NOT_RUN: verifyElementVisible

2018-11-21 13:29:50 - [TEST_STEP][NOT_RUN] - click: NOT_RUN: click

2018-11-21 13:29:50 - [MESSAGE][NOT_RUN] - NOT_RUN: click

2018-11-21 13:29:50 - [TEST_STEP][PASSED] - waitForElementVisible: Object 'Object Repository/retailer admin All Repo/employee_obj_repo/storeuser_updatebutton' is visible

2018-11-21 13:29:50 - [MESSAGE][PASSED] - Object 'Object Repository/retailer admin All Repo/employee_obj_repo/storeuser_updatebutton' is visible

2018-11-21 13:29:50 - [TEST_STEP][PASSED] - click: Object: 'Object Repository/retailer admin All Repo/employee_obj_repo/storeuser_updatebutton' is clicked on

2018-11-21 13:29:50 - [MESSAGE][PASSED] - Object: 'Object Repository/retailer admin All Repo/employee_obj_repo/storeuser_updatebutton' is clicked on

2018-11-21 13:29:50 - [TEST_STEP][NOT_RUN] - verifyElementVisible: NOT_RUN: verifyElementVisible

2018-11-21 13:29:50 - [MESSAGE][NOT_RUN] - NOT_RUN: verifyElementVisible

2018-11-21 13:29:50 - [TEST_STEP][PASSED] - verifyElementText: Actual text and expected text of test object 'Object Repository/retailer admin All Repo/employee_obj_repo/pop up emp object/h5_Success  User details succe' are matched.

2018-11-21 13:29:52 - [MESSAGE][PASSED] - Actual text and expected text of test object 'Object Repository/retailer admin All Repo/employee_obj_repo/pop up emp object/h5_Success  User details succe' are matched.

2018-11-21 13:29:52 - [TEST_STEP][PASSED] - delay: Delayed 0 second(s)

2018-11-21 13:29:52 - [MESSAGE][PASSED] - Delayed 0 second(s)

2018-11-21 13:29:52 - [TEST_STEP][PASSED] - click: Object: 'Object Repository/retailer admin All Repo/employee_obj_repo/Page_AppCohesion/Page_AppCohesion/collapsible-header_Store Users' is clicked on

2018-11-21 13:29:52 - [MESSAGE][PASSED] - Object: 'Object Repository/retailer admin All Repo/employee_obj_repo/Page_AppCohesion/Page_AppCohesion/collapsible-header_Store Users' is clicked on

2018-11-21 13:29:52 - [TEST_STEP][PASSED] - delay: Delayed 5 second(s)

2018-11-21 13:29:57 - [MESSAGE][PASSED] - Delayed 5 second(s)

2018-11-21 13:29:57 - [TEST_STEP][PASSED] - verifyElementVisible: Object 'Object Repository/retailer admin All Repo/employee_obj_repo/storeuser_listed_first' is visible

2018-11-21 13:29:57 - [MESSAGE][PASSED] - Object 'Object Repository/retailer admin All Repo/employee_obj_repo/storeuser_listed_first' is visible

2018-11-21 13:29:57 - [TEST_STEP][PASSED] - click: Object: 'Object Repository/retailer admin All Repo/employee_obj_repo/storeuser_listed_first' is clicked on

2018-11-21 13:29:57 - [MESSAGE][PASSED] - Object: 'Object Repository/retailer admin All Repo/employee_obj_repo/storeuser_listed_first' is clicked on

2018-11-21 13:29:57 - [TEST_STEP][PASSED] - waitForElementVisible: Object 'Object Repository/employee_obj_repo/emp_edit_button' is visible

2018-11-21 13:29:58 - [MESSAGE][PASSED] - Object 'Object Repository/employee_obj_repo/emp_edit_button' is visible

2018-11-21 13:29:58 - [TEST_STEP][PASSED] - click: Object: 'Object Repository/retailer admin All Repo/employee_obj_repo/emp_edit_button' is clicked on

2018-11-21 13:29:58 - [MESSAGE][PASSED] - Object: 'Object Repository/retailer admin All Repo/employee_obj_repo/emp_edit_button' is clicked on

2018-11-21 13:29:58 - [TEST_STEP][PASSED] - verifyElementVisible: Object 'Object Repository/employee_obj_repo/Page_AppCohesion/label_Retailer Admin' is visible

2018-11-21 13:29:58 - [MESSAGE][PASSED] - Object 'Object Repository/employee_obj_repo/Page_AppCohesion/label_Retailer Admin' is visible

2018-11-21 13:29:58 - [TEST_STEP][PASSED] - verifyElementText: Actual text and expected text of test object 'Object Repository/employee_obj_repo/Page_AppCohesion/label_Retailer Admin' are matched.

2018-11-21 13:29:58 - [MESSAGE][PASSED] - Actual text and expected text of test object 'Object Repository/employee_obj_repo/Page_AppCohesion/label_Retailer Admin' are matched.

2018-11-21 13:29:58 - [TEST_STEP][PASSED] - click: Object: 'Object Repository/employee_obj_repo/Page_AppCohesion/label_Retailer Admin' is clicked on

2018-11-21 13:29:58 - [MESSAGE][PASSED] - Object: 'Object Repository/employee_obj_repo/Page_AppCohesion/label_Retailer Admin' is clicked on

2018-11-21 13:29:58 - [TEST_STEP][PASSED] - verifyElementVisible: Object 'Object Repository/employee_obj_repo/emp_update_button' is visible

2018-11-21 13:29:58 - [MESSAGE][PASSED] - Object 'Object Repository/employee_obj_repo/emp_update_button' is visible

2018-11-21 13:29:58 - [TEST_STEP][PASSED] - click: Object: 'Object Repository/employee_obj_repo/emp_update_button' is clicked on

2018-11-21 13:29:58 - [MESSAGE][PASSED] - Object: 'Object Repository/employee_obj_repo/emp_update_button' is clicked on

2018-11-21 13:29:58 - [TEST_STEP][NOT_RUN] - verifyElementVisible: NOT_RUN: verifyElementVisible

2018-11-21 13:29:58 - [MESSAGE][NOT_RUN] - NOT_RUN: verifyElementVisible

2018-11-21 13:29:58 - [TEST_STEP][PASSED] - verifyElementText: Actual text and expected text of test object 'Object Repository/retailer admin All Repo/employee_obj_repo/pop up emp object/h5_Success  User details succe' are matched.

2018-11-21 13:29:59 - [MESSAGE][PASSED] - Actual text and expected text of test object 'Object Repository/retailer admin All Repo/employee_obj_repo/pop up emp object/h5_Success  User details succe' are matched.

2018-11-21 13:29:59 - [TEST_STEP][PASSED] - click: Object: 'Object Repository/employee_obj_repo/retailer_employeeview/Page_AppCohesion/collapsible-header_Retailer Ad' is clicked on

2018-11-21 13:29:59 - [MESSAGE][PASSED] - Object: 'Object Repository/employee_obj_repo/retailer_employeeview/Page_AppCohesion/collapsible-header_Retailer Ad' is clicked on

2018-11-21 13:29:59 - [TEST_STEP][PASSED] - delay: Delayed 5 second(s)

2018-11-21 13:30:04 - [MESSAGE][PASSED] - Delayed 5 second(s)

2018-11-21 13:30:04 - [TEST_STEP][PASSED] - click: Object: 'Object Repository/employee_obj_repo/retailer_first_list' is clicked on

2018-11-21 13:30:04 - [MESSAGE][PASSED] - Object: 'Object Repository/employee_obj_repo/retailer_first_list' is clicked on

2018-11-21 13:30:04 - [TEST_STEP][PASSED] - waitForElementVisible: Object 'Object Repository/retailer admin All Repo/employee_obj_repo/all_button/Page_AppCohesion/button_Delete' is visible

2018-11-21 13:30:05 - [MESSAGE][PASSED] - Object 'Object Repository/retailer admin All Repo/employee_obj_repo/all_button/Page_AppCohesion/button_Delete' is visible

2018-11-21 13:30:05 - [TEST_STEP][PASSED] - click: Object: 'Object Repository/retailer admin All Repo/employee_obj_repo/all_button/Page_AppCohesion/button_Delete' is clicked on

2018-11-21 13:30:05 - [MESSAGE][PASSED] - Object: 'Object Repository/retailer admin All Repo/employee_obj_repo/all_button/Page_AppCohesion/button_Delete' is clicked on

2018-11-21 13:30:05 - [TEST_STEP][PASSED] - waitForElementVisible: Object 'Object Repository/employee_obj_repo/delete_yes_button' is visible

2018-11-21 13:30:05 - [MESSAGE][PASSED] - Object 'Object Repository/employee_obj_repo/delete_yes_button' is visible

2018-11-21 13:30:05 - [TEST_STEP][PASSED] - click: Object: 'Object Repository/employee_obj_repo/delete_yes_button' is clicked on

2018-11-21 13:30:05 - [MESSAGE][PASSED] - Object: 'Object Repository/employee_obj_repo/delete_yes_button' is clicked on

2018-11-21 13:30:05 - [TEST_STEP][PASSED] - verifyElementText: Actual text and expected text of test object 'Object Repository/retailer admin All Repo/employee_obj_repo/pop up emp object/h5_Success  User details has b' are matched.

2018-11-21 13:30:08 - [MESSAGE][PASSED] - Actual text and expected text of test object 'Object Repository/retailer admin All Repo/employee_obj_repo/pop up emp object/h5_Success  User details has b' are matched.

2018-11-21 13:30:08 - [TEST_STEP][PASSED] - delay: Delayed 10 second(s)

2018-11-21 13:30:18 - [MESSAGE][PASSED] - Delayed 10 second(s)

2018-11-21 13:30:18 - [TEST_STEP][PASSED] - click: Object: 'Object Repository/employee_obj_repo/retailer_employeeview/Page_AppCohesion/collapsible-header_Retailer Ad' is clicked on

2018-11-21 13:30:18 - [MESSAGE][PASSED] - Object: 'Object Repository/employee_obj_repo/retailer_employeeview/Page_AppCohesion/collapsible-header_Retailer Ad' is clicked on

2018-11-21 13:30:18 - [TEST_STEP][PASSED] - click: Object: 'Object Repository/employee_obj_repo/retailer_employeeview/Page_AppCohesion/a_Dashboard              Dashb' is clicked on

2018-11-21 13:30:18 - [MESSAGE][PASSED] - Object: 'Object Repository/employee_obj_repo/retailer_employeeview/Page_AppCohesion/a_Dashboard              Dashb' is clicked on]]></system-out>
         <system-err><![CDATA[]]></system-err>
      </testcase>
      <system-out><![CDATA[2018-11-21 13:26:50 - [TEST_SUITE][PASSED] - Retailer_test_suite: Test Cases/RetailerAdmin_Login_All_Functionality/Retailer_Employee_management/employee_Creation_edit_delete]]></system-out>
      <system-err><![CDATA[]]></system-err>
   </testsuite>
</testsuites>
