<?xml version="1.0" encoding="UTF-8"?>
<testsuites name="Retailer_test_suite" time="364" tests="5" failures="5" errors="0">
   <testsuite name="Retailer_test_suite" tests="5" failures="5" errors="0" time="364" timestamp="2018-10-24 15:12:24" hostname="Snekalatha R - IIA-DES-021" id="Test Suites/Retailer_test_suite">
      <properties>
         <property name="deviceName" value=""/>
         <property name="devicePlatform" value=""/>
         <property name="logFolder" value="C:\\Users\\Snekalatha R\\git\\qa-automation-katolon-1\\Reports\\Retailer_test_suite\\20181024_151223"/>
         <property name="logFiles" value="C:\\Users\\Snekalatha R\\git\\qa-automation-katolon-1\\Reports\\Retailer_test_suite\\20181024_151223\\execution0.log"/>
         <property name="attachments" value="C:\\Users\\Snekalatha R\\git\\qa-automation-katolon-1\\Reports\\Retailer_test_suite\\20181024_151223\\1540374204689.png, C:\\Users\\Snekalatha R\\git\\qa-automation-katolon-1\\Reports\\Retailer_test_suite\\20181024_151223\\1540374208173.png, C:\\Users\\Snekalatha R\\git\\qa-automation-katolon-1\\Reports\\Retailer_test_suite\\20181024_151223\\1540374208468.png, C:\\Users\\Snekalatha R\\git\\qa-automation-katolon-1\\Reports\\Retailer_test_suite\\20181024_151223\\1540374300514.png, C:\\Users\\Snekalatha R\\git\\qa-automation-katolon-1\\Reports\\Retailer_test_suite\\20181024_151223\\1540374300829.png, C:\\Users\\Snekalatha R\\git\\qa-automation-katolon-1\\Reports\\Retailer_test_suite\\20181024_151223\\1540374380230.png, C:\\Users\\Snekalatha R\\git\\qa-automation-katolon-1\\Reports\\Retailer_test_suite\\20181024_151223\\1540374445125.png, C:\\Users\\Snekalatha R\\git\\qa-automation-katolon-1\\Reports\\Retailer_test_suite\\20181024_151223\\1540374445433.png, C:\\Users\\Snekalatha R\\git\\qa-automation-katolon-1\\Reports\\Retailer_test_suite\\20181024_151223\\1540374506129.png, C:\\Users\\Snekalatha R\\git\\qa-automation-katolon-1\\Reports\\Retailer_test_suite\\20181024_151223\\1540374506626.png, C:\\Users\\Snekalatha R\\git\\qa-automation-katolon-1\\Reports\\Retailer_test_suite\\20181024_151223\\1540374508371.png"/>
         <property name="hostName" value="Snekalatha R - IIA-DES-021"/>
         <property name="os" value="Windows 8.1 64bit"/>
         <property name="katalonVersion" value="5.8.2.1"/>
         <property name="browser" value="Chrome 70.0.3538.67"/>
         <property name="hostAddress" value="192.168.1.86"/>
         <property name="sessionId" value="e21248cfa19ce5997590a5aad426bbab"/>
         <property name="seleniumVersion" value="3.7.1"/>
         <property name="proxyInformation" value="ProxyInformation{proxyOption=NO_PROXY, proxyServerType=HTTP, password=, proxyServerAddress=, proxyServerPort=0}"/>
         <property name="platform" value="Windows 8.1"/>
      </properties>
      <testcase name="Test Cases/RetailerAdmin_Login_All_Functionality/Retailer_Employee_management/retailer_employeeView" classname="Test Cases/RetailerAdmin_Login_All_Functionality/Retailer_Employee_management/retailer_employeeView" status="PASSED">
         <system-out><![CDATA[2018-10-24 15:12:25 - [TEST_CASE][PASSED] - Test Cases/RetailerAdmin_Login_All_Functionality/Retailer_Employee_management/retailer_employeeView: Test Cases/RetailerAdmin_Login_All_Functionality/Retailer_Employee_management/retailer_employeeView

2018-10-24 15:12:25 - [TEST_STEP][PASSED] - callTestCase: Call Test Case 'Test Cases/Call Test Case/Login_retailer_testcase' successfully

2018-10-24 15:12:25 - [TEST_CASE][PASSED] - Test Cases/Call Test Case/Login_retailer_testcase: Test Cases/Call Test Case/Login_retailer_testcase

2018-10-24 15:12:25 - [TEST_STEP][PASSED] - openBrowser: Browser is opened with url: 'http://localhost:4200/'

2018-10-24 15:12:32 - [MESSAGE][PASSED] - Browser is opened with url: 'http://localhost:4200/'

2018-10-24 15:12:32 - [TEST_STEP][PASSED] - maximizeWindow: Current window maximized

2018-10-24 15:12:33 - [MESSAGE][PASSED] - Current window maximized

2018-10-24 15:12:33 - [TEST_STEP][PASSED] - setText: Text 'RACreation@10_9' is set on object 'Object Repository/Login_OR/Page_AppCohesion/input_User Name_ac_username'

2018-10-24 15:12:33 - [MESSAGE][PASSED] - Text 'RACreation@10_9' is set on object 'Object Repository/Login_OR/Page_AppCohesion/input_User Name_ac_username'

2018-10-24 15:12:33 - [TEST_STEP][PASSED] - setText: Text 'RACreation@10_9' is set on object 'Object Repository/Login_OR/Page_AppCohesion/input_Password_ac_password'

2018-10-24 15:12:33 - [MESSAGE][PASSED] - Text 'RACreation@10_9' is set on object 'Object Repository/Login_OR/Page_AppCohesion/input_Password_ac_password'

2018-10-24 15:12:33 - [TEST_STEP][PASSED] - click: Object: 'Object Repository/Login_OR/Page_AppCohesion/button_Login Now' is clicked on

2018-10-24 15:12:33 - [MESSAGE][PASSED] - Object: 'Object Repository/Login_OR/Page_AppCohesion/button_Login Now' is clicked on

2018-10-24 15:12:33 - [TEST_STEP][PASSED] - waitForPageLoad: Wait for page load successfully

2018-10-24 15:12:33 - [MESSAGE][PASSED] - Wait for page load successfully

2018-10-24 15:12:33 - [MESSAGE][PASSED] - Call Test Case 'Test Cases/Call Test Case/Login_retailer_testcase' successfully

2018-10-24 15:12:33 - [TEST_STEP][NOT_RUN] - click: NOT_RUN: click

2018-10-24 15:12:33 - [MESSAGE][NOT_RUN] - NOT_RUN: click

2018-10-24 15:12:33 - [TEST_STEP][PASSED] - click: Object: 'Object Repository/appco_employee_view_new/retailer_employeeview/Page_AppCohesion/a_Employees              Emplo' is clicked on

2018-10-24 15:12:36 - [MESSAGE][PASSED] - Object: 'Object Repository/appco_employee_view_new/retailer_employeeview/Page_AppCohesion/a_Employees              Emplo' is clicked on

2018-10-24 15:12:36 - [TEST_STEP][PASSED] - verifyElementVisible: Object 'Object Repository/retailer admin All Repo/employee_obj_repo/pop up emp object/Page_AppCohesion/collapsible-header_Retailer Ad' is visible

2018-10-24 15:12:36 - [MESSAGE][PASSED] - Object 'Object Repository/retailer admin All Repo/employee_obj_repo/pop up emp object/Page_AppCohesion/collapsible-header_Retailer Ad' is visible

2018-10-24 15:12:36 - [TEST_STEP][PASSED] - click: Object: 'Object Repository/retailer admin All Repo/employee_obj_repo/pop up emp object/Page_AppCohesion/collapsible-header_Retailer Ad' is clicked on

2018-10-24 15:12:36 - [MESSAGE][PASSED] - Object: 'Object Repository/retailer admin All Repo/employee_obj_repo/pop up emp object/Page_AppCohesion/collapsible-header_Retailer Ad' is clicked on

2018-10-24 15:12:36 - [TEST_STEP][PASSED] - click: Object: 'Object Repository/retailer admin All Repo/employee_obj_repo/employee_listed_first' is clicked on

2018-10-24 15:12:39 - [MESSAGE][PASSED] - Object: 'Object Repository/retailer admin All Repo/employee_obj_repo/employee_listed_first' is clicked on

2018-10-24 15:12:39 - [TEST_STEP][PASSED] - waitForElementVisible: Object 'Object Repository/appco_employee_view_new/retailer_employeeview/Page_AppCohesion/span_RetailerAdmin' is visible

2018-10-24 15:12:39 - [MESSAGE][PASSED] - Object 'Object Repository/appco_employee_view_new/retailer_employeeview/Page_AppCohesion/span_RetailerAdmin' is visible

2018-10-24 15:12:39 - [TEST_STEP][PASSED] - verifyElementText: Actual text and expected text of test object 'Object Repository/appco_employee_view_new/retailer_employeeview/Page_AppCohesion/span_RetailerAdmin' are matched.

2018-10-24 15:12:39 - [MESSAGE][PASSED] - Actual text and expected text of test object 'Object Repository/appco_employee_view_new/retailer_employeeview/Page_AppCohesion/span_RetailerAdmin' are matched.

2018-10-24 15:12:39 - [TEST_STEP][PASSED] - click: Object: 'Object Repository/appco_employee_view_new/retailer_employeeview/Page_AppCohesion/span_Loading POS Retailer admi' is clicked on

2018-10-24 15:12:39 - [MESSAGE][PASSED] - Object: 'Object Repository/appco_employee_view_new/retailer_employeeview/Page_AppCohesion/span_Loading POS Retailer admi' is clicked on

2018-10-24 15:12:39 - [TEST_STEP][PASSED] - click: Object: 'Object Repository/retailer admin All Repo/employee_obj_repo/pop up emp object/Page_AppCohesion/collapsible-header_Retailer Ad' is clicked on

2018-10-24 15:12:39 - [MESSAGE][PASSED] - Object: 'Object Repository/retailer admin All Repo/employee_obj_repo/pop up emp object/Page_AppCohesion/collapsible-header_Retailer Ad' is clicked on

2018-10-24 15:12:39 - [TEST_STEP][PASSED] - click: Object: 'Object Repository/retailer admin All Repo/employee_obj_repo/pop up emp object/Page_AppCohesion/collapsible-header_Store Admin' is clicked on

2018-10-24 15:12:39 - [MESSAGE][PASSED] - Object: 'Object Repository/retailer admin All Repo/employee_obj_repo/pop up emp object/Page_AppCohesion/collapsible-header_Store Admin' is clicked on

2018-10-24 15:12:39 - [TEST_STEP][PASSED] - click: Object: 'Object Repository/employee_obj_repo/store admin list first' is clicked on

2018-10-24 15:12:40 - [MESSAGE][PASSED] - Object: 'Object Repository/employee_obj_repo/store admin list first' is clicked on

2018-10-24 15:12:40 - [TEST_STEP][PASSED] - waitForElementVisible: Object 'Object Repository/appco_employee_view_new/retailer_employeeview/Page_AppCohesion/span_StoreAdmin' is visible

2018-10-24 15:12:41 - [MESSAGE][PASSED] - Object 'Object Repository/appco_employee_view_new/retailer_employeeview/Page_AppCohesion/span_StoreAdmin' is visible

2018-10-24 15:12:41 - [TEST_STEP][PASSED] - verifyElementText: Actual text and expected text of test object 'Object Repository/appco_employee_view_new/retailer_employeeview/Page_AppCohesion/span_StoreAdmin' are matched.

2018-10-24 15:12:41 - [MESSAGE][PASSED] - Actual text and expected text of test object 'Object Repository/appco_employee_view_new/retailer_employeeview/Page_AppCohesion/span_StoreAdmin' are matched.

2018-10-24 15:12:41 - [TEST_STEP][PASSED] - click: Object: 'Object Repository/appco_employee_view_new/retailer_employeeview/Page_AppCohesion/span_Loading POS Retailer admi' is clicked on

2018-10-24 15:12:41 - [MESSAGE][PASSED] - Object: 'Object Repository/appco_employee_view_new/retailer_employeeview/Page_AppCohesion/span_Loading POS Retailer admi' is clicked on

2018-10-24 15:12:41 - [TEST_STEP][PASSED] - click: Object: 'Object Repository/retailer admin All Repo/employee_obj_repo/pop up emp object/Page_AppCohesion/collapsible-header_Store Admin' is clicked on

2018-10-24 15:12:41 - [MESSAGE][PASSED] - Object: 'Object Repository/retailer admin All Repo/employee_obj_repo/pop up emp object/Page_AppCohesion/collapsible-header_Store Admin' is clicked on

2018-10-24 15:12:41 - [TEST_STEP][PASSED] - delay: Delayed 5 second(s)

2018-10-24 15:12:46 - [MESSAGE][PASSED] - Delayed 5 second(s)

2018-10-24 15:12:46 - [TEST_STEP][PASSED] - click: Object: 'Object Repository/retailer admin All Repo/employee_obj_repo/retailer_employeeview/Page_AppCohesion/collapsible-header_Store Users' is clicked on

2018-10-24 15:12:46 - [MESSAGE][PASSED] - Object: 'Object Repository/retailer admin All Repo/employee_obj_repo/retailer_employeeview/Page_AppCohesion/collapsible-header_Store Users' is clicked on

2018-10-24 15:12:46 - [TEST_STEP][PASSED] - click: Object: 'Object Repository/employee_obj_repo/storeuser_listed_first' is clicked on

2018-10-24 15:12:47 - [MESSAGE][PASSED] - Object: 'Object Repository/employee_obj_repo/storeuser_listed_first' is clicked on

2018-10-24 15:12:47 - [TEST_STEP][PASSED] - waitForElementVisible: Object 'Object Repository/appco_employee_view_new/retailer_employeeview/Page_AppCohesion/span_POSUser' is visible

2018-10-24 15:12:48 - [MESSAGE][PASSED] - Object 'Object Repository/appco_employee_view_new/retailer_employeeview/Page_AppCohesion/span_POSUser' is visible

2018-10-24 15:12:48 - [TEST_STEP][PASSED] - verifyElementText: Actual text and expected text of test object 'Object Repository/appco_employee_view_new/retailer_employeeview/Page_AppCohesion/span_POSUser' are matched.

2018-10-24 15:12:48 - [MESSAGE][PASSED] - Actual text and expected text of test object 'Object Repository/appco_employee_view_new/retailer_employeeview/Page_AppCohesion/span_POSUser' are matched.

2018-10-24 15:12:48 - [TEST_STEP][PASSED] - click: Object: 'Object Repository/appco_employee_view_new/retailer_employeeview/Page_AppCohesion/span_Loading POS Retailer admi' is clicked on

2018-10-24 15:12:48 - [MESSAGE][PASSED] - Object: 'Object Repository/appco_employee_view_new/retailer_employeeview/Page_AppCohesion/span_Loading POS Retailer admi' is clicked on

2018-10-24 15:12:48 - [TEST_STEP][PASSED] - click: Object: 'Object Repository/retailer admin All Repo/employee_obj_repo/pop up emp object/Page_AppCohesion/collapsible-header_Store Users' is clicked on

2018-10-24 15:12:48 - [MESSAGE][PASSED] - Object: 'Object Repository/retailer admin All Repo/employee_obj_repo/pop up emp object/Page_AppCohesion/collapsible-header_Store Users' is clicked on

2018-10-24 15:12:48 - [TEST_STEP][PASSED] - click: Object: 'Object Repository/appco_employee_view_new/retailer_employeeview/Page_AppCohesion/a_Dashboard              Dashb' is clicked on

2018-10-24 15:12:48 - [MESSAGE][PASSED] - Object: 'Object Repository/appco_employee_view_new/retailer_employeeview/Page_AppCohesion/a_Dashboard              Dashb' is clicked on]]></system-out>
         <system-err><![CDATA[]]></system-err>
      </testcase>
      <testcase name="Test Cases/RetailerAdmin_Login_All_Functionality/order_placement_order_details/retaileradmin_order_placement" classname="Test Cases/RetailerAdmin_Login_All_Functionality/order_placement_order_details/retaileradmin_order_placement" status="FAILED">
         <failure type="FAILED" message="(Stack trace: com.kms.katalon.core.exception.StepFailedException: Unable to select option by index '1' of object 'Object Repository/retailer admin All Repo/retailer_order_placement/key_press_orderList/Page_AppCohesion/select store' (Root cause: java.lang.IllegalArgumentException: Index '1' is invalid (valid indexes are: [0..0]))
	at com.kms.katalon.core.keyword.internal.KeywordMain.stepFailed(KeywordMain.groovy:36)
	at com.kms.katalon.core.webui.keyword.internal.WebUIKeywordMain.stepFailed(WebUIKeywordMain.groovy:65)
	at com.kms.katalon.core.webui.keyword.internal.WebUIKeywordMain.runKeyword(WebUIKeywordMain.groovy:27)
	at com.kms.katalon.core.webui.keyword.builtin.SelectOptionByIndexKeyword.selectOptionByIndex(SelectOptionByIndexKeyword.groovy:93)
	at com.kms.katalon.core.webui.keyword.builtin.SelectOptionByIndexKeyword.execute(SelectOptionByIndexKeyword.groovy:68)
	at com.kms.katalon.core.keyword.internal.KeywordExecutor.executeKeywordForPlatform(KeywordExecutor.groovy:53)
	at com.kms.katalon.core.webui.keyword.WebUiBuiltInKeywords.selectOptionByIndex(WebUiBuiltInKeywords.groovy:1084)
	at com.kms.katalon.core.webui.keyword.WebUiBuiltInKeywords$selectOptionByIndex$10.call(Unknown Source)
	at org.codehaus.groovy.runtime.callsite.CallSiteArray.defaultCall(CallSiteArray.java:48)
	at org.codehaus.groovy.runtime.callsite.AbstractCallSite.call(AbstractCallSite.java:113)
	at org.codehaus.groovy.runtime.callsite.AbstractCallSite.call(AbstractCallSite.java:141)
	at Script1539598411543.run(Script1539598411543.groovy:127)
	at com.kms.katalon.core.main.ScriptEngine.run(ScriptEngine.java:183)
	at com.kms.katalon.core.main.ScriptEngine.runScriptAsRawText(ScriptEngine.java:108)
	at com.kms.katalon.core.main.TestCaseExecutor.runScript(TestCaseExecutor.java:294)
	at com.kms.katalon.core.main.TestCaseExecutor.doExecute(TestCaseExecutor.java:285)
	at com.kms.katalon.core.main.TestCaseExecutor.processExecutionPhase(TestCaseExecutor.java:264)
	at com.kms.katalon.core.main.TestCaseExecutor.accessMainPhase(TestCaseExecutor.java:256)
	at com.kms.katalon.core.main.TestCaseExecutor.execute(TestCaseExecutor.java:200)
	at com.kms.katalon.core.main.TestSuiteExecutor.accessTestCaseMainPhase(TestSuiteExecutor.java:129)
	at com.kms.katalon.core.main.TestSuiteExecutor.accessTestSuiteMainPhase(TestSuiteExecutor.java:112)
	at com.kms.katalon.core.main.TestSuiteExecutor.execute(TestSuiteExecutor.java:81)
	at com.kms.katalon.core.main.TestCaseMain.startTestSuite(TestCaseMain.java:142)
	at com.kms.katalon.core.main.TestCaseMain$startTestSuite$0.call(Unknown Source)
	at org.codehaus.groovy.runtime.callsite.CallSiteArray.defaultCall(CallSiteArray.java:48)
	at org.codehaus.groovy.runtime.callsite.AbstractCallSite.call(AbstractCallSite.java:113)
	at org.codehaus.groovy.runtime.callsite.AbstractCallSite.call(AbstractCallSite.java:141)
	at TempTestSuite1540374143533.run(TempTestSuite1540374143533.groovy:36)
	at groovy.lang.GroovyShell.runScriptOrMainOrTestOrRunnable(GroovyShell.java:263)
	at groovy.lang.GroovyShell.run(GroovyShell.java:518)
	at groovy.lang.GroovyShell.run(GroovyShell.java:507)
	at groovy.ui.GroovyMain.processOnce(GroovyMain.java:653)
	at groovy.ui.GroovyMain.run(GroovyMain.java:384)
	at groovy.ui.GroovyMain.process(GroovyMain.java:370)
	at groovy.ui.GroovyMain.processArgs(GroovyMain.java:129)
	at groovy.ui.GroovyMain.main(GroovyMain.java:109)
	at sun.reflect.NativeMethodAccessorImpl.invoke0(Native Method)
	at sun.reflect.NativeMethodAccessorImpl.invoke(NativeMethodAccessorImpl.java:62)
	at sun.reflect.DelegatingMethodAccessorImpl.invoke(DelegatingMethodAccessorImpl.java:43)
	at java.lang.reflect.Method.invoke(Method.java:498)
	at org.codehaus.groovy.tools.GroovyStarter.rootLoader(GroovyStarter.java:109)
	at org.codehaus.groovy.tools.GroovyStarter.main(GroovyStarter.java:131)
)"/>
         <system-out><![CDATA[2018-10-24 15:12:48 - [TEST_CASE][FAILED] - Test Cases/RetailerAdmin_Login_All_Functionality/order_placement_order_details/retaileradmin_order_placement: Test Cases/RetailerAdmin_Login_All_Functionality/order_placement_order_details/retaileradmin_order_placement FAILED because (of) (Stack trace: com.kms.katalon.core.exception.StepFailedException: Unable to select option by index '1' of object 'Object Repository/retailer admin All Repo/retailer_order_placement/key_press_orderList/Page_AppCohesion/select store' (Root cause: java.lang.IllegalArgumentException: Index '1' is invalid (valid indexes are: [0..0]))
	at com.kms.katalon.core.keyword.internal.KeywordMain.stepFailed(KeywordMain.groovy:36)
	at com.kms.katalon.core.webui.keyword.internal.WebUIKeywordMain.stepFailed(WebUIKeywordMain.groovy:65)
	at com.kms.katalon.core.webui.keyword.internal.WebUIKeywordMain.runKeyword(WebUIKeywordMain.groovy:27)
	at com.kms.katalon.core.webui.keyword.builtin.SelectOptionByIndexKeyword.selectOptionByIndex(SelectOptionByIndexKeyword.groovy:93)
	at com.kms.katalon.core.webui.keyword.builtin.SelectOptionByIndexKeyword.execute(SelectOptionByIndexKeyword.groovy:68)
	at com.kms.katalon.core.keyword.internal.KeywordExecutor.executeKeywordForPlatform(KeywordExecutor.groovy:53)
	at com.kms.katalon.core.webui.keyword.WebUiBuiltInKeywords.selectOptionByIndex(WebUiBuiltInKeywords.groovy:1084)
	at com.kms.katalon.core.webui.keyword.WebUiBuiltInKeywords$selectOptionByIndex$10.call(Unknown Source)
	at org.codehaus.groovy.runtime.callsite.CallSiteArray.defaultCall(CallSiteArray.java:48)
	at org.codehaus.groovy.runtime.callsite.AbstractCallSite.call(AbstractCallSite.java:113)
	at org.codehaus.groovy.runtime.callsite.AbstractCallSite.call(AbstractCallSite.java:141)
	at Script1539598411543.run(Script1539598411543.groovy:127)
	at com.kms.katalon.core.main.ScriptEngine.run(ScriptEngine.java:183)
	at com.kms.katalon.core.main.ScriptEngine.runScriptAsRawText(ScriptEngine.java:108)
	at com.kms.katalon.core.main.TestCaseExecutor.runScript(TestCaseExecutor.java:294)
	at com.kms.katalon.core.main.TestCaseExecutor.doExecute(TestCaseExecutor.java:285)
	at com.kms.katalon.core.main.TestCaseExecutor.processExecutionPhase(TestCaseExecutor.java:264)
	at com.kms.katalon.core.main.TestCaseExecutor.accessMainPhase(TestCaseExecutor.java:256)
	at com.kms.katalon.core.main.TestCaseExecutor.execute(TestCaseExecutor.java:200)
	at com.kms.katalon.core.main.TestSuiteExecutor.accessTestCaseMainPhase(TestSuiteExecutor.java:129)
	at com.kms.katalon.core.main.TestSuiteExecutor.accessTestSuiteMainPhase(TestSuiteExecutor.java:112)
	at com.kms.katalon.core.main.TestSuiteExecutor.execute(TestSuiteExecutor.java:81)
	at com.kms.katalon.core.main.TestCaseMain.startTestSuite(TestCaseMain.java:142)
	at com.kms.katalon.core.main.TestCaseMain$startTestSuite$0.call(Unknown Source)
	at org.codehaus.groovy.runtime.callsite.CallSiteArray.defaultCall(CallSiteArray.java:48)
	at org.codehaus.groovy.runtime.callsite.AbstractCallSite.call(AbstractCallSite.java:113)
	at org.codehaus.groovy.runtime.callsite.AbstractCallSite.call(AbstractCallSite.java:141)
	at TempTestSuite1540374143533.run(TempTestSuite1540374143533.groovy:36)
	at groovy.lang.GroovyShell.runScriptOrMainOrTestOrRunnable(GroovyShell.java:263)
	at groovy.lang.GroovyShell.run(GroovyShell.java:518)
	at groovy.lang.GroovyShell.run(GroovyShell.java:507)
	at groovy.ui.GroovyMain.processOnce(GroovyMain.java:653)
	at groovy.ui.GroovyMain.run(GroovyMain.java:384)
	at groovy.ui.GroovyMain.process(GroovyMain.java:370)
	at groovy.ui.GroovyMain.processArgs(GroovyMain.java:129)
	at groovy.ui.GroovyMain.main(GroovyMain.java:109)
	at sun.reflect.NativeMethodAccessorImpl.invoke0(Native Method)
	at sun.reflect.NativeMethodAccessorImpl.invoke(NativeMethodAccessorImpl.java:62)
	at sun.reflect.DelegatingMethodAccessorImpl.invoke(DelegatingMethodAccessorImpl.java:43)
	at java.lang.reflect.Method.invoke(Method.java:498)
	at org.codehaus.groovy.tools.GroovyStarter.rootLoader(GroovyStarter.java:109)
	at org.codehaus.groovy.tools.GroovyStarter.main(GroovyStarter.java:131)
)

2018-10-24 15:12:48 - [TEST_STEP][PASSED] - callTestCase: Call Test Case 'Test Cases/Call Test Case/Login_retailer_testcase' successfully

2018-10-24 15:12:48 - [TEST_CASE][PASSED] - Test Cases/Call Test Case/Login_retailer_testcase: Test Cases/Call Test Case/Login_retailer_testcase

2018-10-24 15:12:48 - [TEST_STEP][PASSED] - openBrowser: Browser is opened with url: 'http://localhost:4200/'

2018-10-24 15:12:48 - [MESSAGE][WARNING] - A browser is already opened. Closing browser and opening a new one

2018-10-24 15:12:55 - [MESSAGE][PASSED] - Browser is opened with url: 'http://localhost:4200/'

2018-10-24 15:12:55 - [TEST_STEP][PASSED] - maximizeWindow: Current window maximized

2018-10-24 15:12:56 - [MESSAGE][PASSED] - Current window maximized

2018-10-24 15:12:56 - [TEST_STEP][PASSED] - setText: Text 'RACreation@10_9' is set on object 'Object Repository/Login_OR/Page_AppCohesion/input_User Name_ac_username'

2018-10-24 15:12:56 - [MESSAGE][PASSED] - Text 'RACreation@10_9' is set on object 'Object Repository/Login_OR/Page_AppCohesion/input_User Name_ac_username'

2018-10-24 15:12:56 - [TEST_STEP][PASSED] - setText: Text 'RACreation@10_9' is set on object 'Object Repository/Login_OR/Page_AppCohesion/input_Password_ac_password'

2018-10-24 15:12:56 - [MESSAGE][PASSED] - Text 'RACreation@10_9' is set on object 'Object Repository/Login_OR/Page_AppCohesion/input_Password_ac_password'

2018-10-24 15:12:56 - [TEST_STEP][PASSED] - click: Object: 'Object Repository/Login_OR/Page_AppCohesion/button_Login Now' is clicked on

2018-10-24 15:12:56 - [MESSAGE][PASSED] - Object: 'Object Repository/Login_OR/Page_AppCohesion/button_Login Now' is clicked on

2018-10-24 15:12:56 - [TEST_STEP][PASSED] - waitForPageLoad: Wait for page load successfully

2018-10-24 15:12:56 - [MESSAGE][PASSED] - Wait for page load successfully

2018-10-24 15:12:56 - [MESSAGE][PASSED] - Call Test Case 'Test Cases/Call Test Case/Login_retailer_testcase' successfully

2018-10-24 15:12:56 - [TEST_STEP][NOT_RUN] - waitForElementVisible: NOT_RUN: waitForElementVisible

2018-10-24 15:12:56 - [MESSAGE][NOT_RUN] - NOT_RUN: waitForElementVisible

2018-10-24 15:12:56 - [TEST_STEP][PASSED] - verifyElementVisible: Object 'Object Repository/retailer admin All Repo/inventory retailer markup repo/common search product' is visible

2018-10-24 15:12:59 - [MESSAGE][PASSED] - Object 'Object Repository/retailer admin All Repo/inventory retailer markup repo/common search product' is visible

2018-10-24 15:12:59 - [TEST_STEP][PASSED] - setText: Text 'HCKLR-IHMFX7Z1' is set on object 'Object Repository/retailer admin All Repo/inventory retailer markup repo/common search product'

2018-10-24 15:12:59 - [MESSAGE][PASSED] - Text 'HCKLR-IHMFX7Z1' is set on object 'Object Repository/retailer admin All Repo/inventory retailer markup repo/common search product'

2018-10-24 15:12:59 - [TEST_STEP][PASSED] - verifyElementVisible: Object 'Object Repository/retailer admin All Repo/Search Products Details/Page_AppCohesion/button_Settings_searchbutton' is visible

2018-10-24 15:12:59 - [MESSAGE][PASSED] - Object 'Object Repository/retailer admin All Repo/Search Products Details/Page_AppCohesion/button_Settings_searchbutton' is visible

2018-10-24 15:12:59 - [TEST_STEP][PASSED] - click: Object: 'Object Repository/retailer admin All Repo/Search Products Details/Page_AppCohesion/button_Settings_searchbutton' is clicked on

2018-10-24 15:12:59 - [MESSAGE][PASSED] - Object: 'Object Repository/retailer admin All Repo/Search Products Details/Page_AppCohesion/button_Settings_searchbutton' is clicked on

2018-10-24 15:12:59 - [TEST_STEP][NOT_RUN] - click: NOT_RUN: click

2018-10-24 15:12:59 - [MESSAGE][NOT_RUN] - NOT_RUN: click

2018-10-24 15:12:59 - [TEST_STEP][NOT_RUN] - setText: NOT_RUN: setText

2018-10-24 15:12:59 - [MESSAGE][NOT_RUN] - NOT_RUN: setText

2018-10-24 15:12:59 - [TEST_STEP][NOT_RUN] - setText: NOT_RUN: setText

2018-10-24 15:12:59 - [MESSAGE][NOT_RUN] - NOT_RUN: setText

2018-10-24 15:12:59 - [TEST_STEP][NOT_RUN] - verifyElementVisible: NOT_RUN: verifyElementVisible

2018-10-24 15:12:59 - [MESSAGE][NOT_RUN] - NOT_RUN: verifyElementVisible

2018-10-24 15:12:59 - [TEST_STEP][NOT_RUN] - click: NOT_RUN: click

2018-10-24 15:12:59 - [MESSAGE][NOT_RUN] - NOT_RUN: click

2018-10-24 15:12:59 - [TEST_STEP][PASSED] - verifyElementVisible: Object 'Object Repository/retailer admin All Repo/retailer_order_placement/Page_AppCohesion/tr_Green Supply' is visible

2018-10-24 15:13:02 - [MESSAGE][PASSED] - Object 'Object Repository/retailer admin All Repo/retailer_order_placement/Page_AppCohesion/tr_Green Supply' is visible

2018-10-24 15:13:02 - [TEST_STEP][PASSED] - verifyElementText: Actual text and expected text of test object 'Object Repository/retailer admin All Repo/retailer_order_placement/Page_AppCohesion/tr_Green Supply' are matched.

2018-10-24 15:13:02 - [MESSAGE][PASSED] - Actual text and expected text of test object 'Object Repository/retailer admin All Repo/retailer_order_placement/Page_AppCohesion/tr_Green Supply' are matched.

2018-10-24 15:13:02 - [TEST_STEP][PASSED] - verifyElementVisible: Object 'Object Repository/retailer admin All Repo/retailer_order_placement/Page_AppCohesion/div_Heckler  Koch VP VP9' is visible

2018-10-24 15:13:02 - [MESSAGE][PASSED] - Object 'Object Repository/retailer admin All Repo/retailer_order_placement/Page_AppCohesion/div_Heckler  Koch VP VP9' is visible

2018-10-24 15:13:02 - [TEST_STEP][PASSED] - click: Object: 'Object Repository/retailer admin All Repo/retailer_order_placement/Page_AppCohesion/div_Heckler  Koch VP VP9' is clicked on

2018-10-24 15:13:02 - [MESSAGE][PASSED] - Object: 'Object Repository/retailer admin All Repo/retailer_order_placement/Page_AppCohesion/div_Heckler  Koch VP VP9' is clicked on

2018-10-24 15:13:02 - [TEST_STEP][PASSED] - verifyElementVisible: Object 'Object Repository/retailer admin All Repo/retailer_order_placement/Page_AppCohesion/strong_534.20' is visible

2018-10-24 15:13:04 - [MESSAGE][PASSED] - Object 'Object Repository/retailer admin All Repo/retailer_order_placement/Page_AppCohesion/strong_534.20' is visible

2018-10-24 15:13:04 - [TEST_STEP][PASSED] - verifyElementText: Actual text and expected text of test object 'Object Repository/retailer admin All Repo/retailer_order_placement/Page_AppCohesion/strong_534.20' are matched.

2018-10-24 15:13:04 - [MESSAGE][PASSED] - Actual text and expected text of test object 'Object Repository/retailer admin All Repo/retailer_order_placement/Page_AppCohesion/strong_534.20' are matched.

2018-10-24 15:13:04 - [TEST_STEP][PASSED] - verifyElementVisible: Object 'Object Repository/retailer admin All Repo/retailer_order_placement/Page_AppCohesion/span_176' is visible

2018-10-24 15:13:04 - [MESSAGE][PASSED] - Object 'Object Repository/retailer admin All Repo/retailer_order_placement/Page_AppCohesion/span_176' is visible

2018-10-24 15:13:04 - [TEST_STEP][PASSED] - verifyElementText: Actual text and expected text of test object 'Object Repository/retailer admin All Repo/retailer_order_placement/Page_AppCohesion/span_176' are matched.

2018-10-24 15:13:04 - [MESSAGE][PASSED] - Actual text and expected text of test object 'Object Repository/retailer admin All Repo/retailer_order_placement/Page_AppCohesion/span_176' are matched.

2018-10-24 15:13:04 - [TEST_STEP][PASSED] - verifyElementVisible: Object 'Object Repository/retailer admin All Repo/retailer_order_placement/Page_AppCohesion/h4_Only 176 left in stock' is visible

2018-10-24 15:13:04 - [MESSAGE][PASSED] - Object 'Object Repository/retailer admin All Repo/retailer_order_placement/Page_AppCohesion/h4_Only 176 left in stock' is visible

2018-10-24 15:13:04 - [TEST_STEP][PASSED] - verifyElementText: Actual text and expected text of test object 'Object Repository/retailer admin All Repo/retailer_order_placement/Page_AppCohesion/h4_Only 176 left in stock' are matched.

2018-10-24 15:13:04 - [MESSAGE][PASSED] - Actual text and expected text of test object 'Object Repository/retailer admin All Repo/retailer_order_placement/Page_AppCohesion/h4_Only 176 left in stock' are matched.

2018-10-24 15:13:04 - [TEST_STEP][PASSED] - verifyElementVisible: Object 'Object Repository/retailer admin All Repo/retailer_order_placement/Page_AppCohesion/button_ADD TO CART' is visible

2018-10-24 15:13:04 - [MESSAGE][PASSED] - Object 'Object Repository/retailer admin All Repo/retailer_order_placement/Page_AppCohesion/button_ADD TO CART' is visible

2018-10-24 15:13:04 - [TEST_STEP][PASSED] - click: Object: 'Object Repository/retailer admin All Repo/retailer_order_placement/Page_AppCohesion/button_ADD TO CART' is clicked on

2018-10-24 15:13:04 - [MESSAGE][PASSED] - Object: 'Object Repository/retailer admin All Repo/retailer_order_placement/Page_AppCohesion/button_ADD TO CART' is clicked on

2018-10-24 15:13:04 - [TEST_STEP][PASSED] - verifyElementVisible: Object 'Object Repository/retailer admin All Repo/retailer_order_placement/Page_AppCohesion/img' is visible

2018-10-24 15:13:04 - [MESSAGE][PASSED] - Object 'Object Repository/retailer admin All Repo/retailer_order_placement/Page_AppCohesion/img' is visible

2018-10-24 15:13:04 - [TEST_STEP][PASSED] - click: Object: 'Object Repository/retailer admin All Repo/retailer_order_placement/Page_AppCohesion/img' is clicked on

2018-10-24 15:13:04 - [MESSAGE][PASSED] - Object: 'Object Repository/retailer admin All Repo/retailer_order_placement/Page_AppCohesion/img' is clicked on

2018-10-24 15:13:04 - [TEST_STEP][PASSED] - verifyElementVisible: Object 'Object Repository/retailer admin All Repo/retailer_order_placement/Page_AppCohesion/increasequantity_cartlist' is visible

2018-10-24 15:13:08 - [MESSAGE][PASSED] - Object 'Object Repository/retailer admin All Repo/retailer_order_placement/Page_AppCohesion/increasequantity_cartlist' is visible

2018-10-24 15:13:08 - [TEST_STEP][PASSED] - click: Object: 'Object Repository/retailer admin All Repo/retailer_order_placement/Page_AppCohesion/increasequantity_cartlist' is clicked on

2018-10-24 15:13:08 - [MESSAGE][PASSED] - Object: 'Object Repository/retailer admin All Repo/retailer_order_placement/Page_AppCohesion/increasequantity_cartlist' is clicked on

2018-10-24 15:13:08 - [TEST_STEP][PASSED] - delay: Delayed 5 second(s)

2018-10-24 15:13:13 - [MESSAGE][PASSED] - Delayed 5 second(s)

2018-10-24 15:13:13 - [TEST_STEP][PASSED] - click: Object: 'Object Repository/retailer admin All Repo/retailer_order_placement/Page_AppCohesion/button_View Cart' is clicked on

2018-10-24 15:13:13 - [MESSAGE][PASSED] - Object: 'Object Repository/retailer admin All Repo/retailer_order_placement/Page_AppCohesion/button_View Cart' is clicked on

2018-10-24 15:13:13 - [TEST_STEP][PASSED] - verifyElementClickable: Object 'Object Repository/retailer admin All Repo/retailer_order_placement/Page_AppCohesion/button_Quantity_decreasequatit' is clickable

2018-10-24 15:13:16 - [MESSAGE][PASSED] - Object 'Object Repository/retailer admin All Repo/retailer_order_placement/Page_AppCohesion/button_Quantity_decreasequatit' is clickable

2018-10-24 15:13:16 - [TEST_STEP][PASSED] - click: Object: 'Object Repository/retailer admin All Repo/retailer_order_placement/Page_AppCohesion/button_Quantity_decreasequatit' is clicked on

2018-10-24 15:13:16 - [MESSAGE][PASSED] - Object: 'Object Repository/retailer admin All Repo/retailer_order_placement/Page_AppCohesion/button_Quantity_decreasequatit' is clicked on

2018-10-24 15:13:16 - [TEST_STEP][PASSED] - delay: Delayed 5 second(s)

2018-10-24 15:13:21 - [MESSAGE][PASSED] - Delayed 5 second(s)

2018-10-24 15:13:21 - [TEST_STEP][NOT_RUN] - waitForElementVisible: NOT_RUN: waitForElementVisible

2018-10-24 15:13:21 - [MESSAGE][NOT_RUN] - NOT_RUN: waitForElementVisible

2018-10-24 15:13:21 - [TEST_STEP][NOT_RUN] - check: NOT_RUN: check

2018-10-24 15:13:21 - [MESSAGE][NOT_RUN] - NOT_RUN: check

2018-10-24 15:13:21 - [TEST_STEP][NOT_RUN] - waitForElementClickable: NOT_RUN: waitForElementClickable

2018-10-24 15:13:21 - [MESSAGE][NOT_RUN] - NOT_RUN: waitForElementClickable

2018-10-24 15:13:21 - [TEST_STEP][NOT_RUN] - check: NOT_RUN: check

2018-10-24 15:13:21 - [MESSAGE][NOT_RUN] - NOT_RUN: check

2018-10-24 15:13:21 - [TEST_STEP][PASSED] - click: Object: 'Object Repository/retailer admin All Repo/retailer_order_placement/Page_AppCohesion/h5_Heckler  Koch VP VP9' is clicked on

2018-10-24 15:13:21 - [MESSAGE][PASSED] - Object: 'Object Repository/retailer admin All Repo/retailer_order_placement/Page_AppCohesion/h5_Heckler  Koch VP VP9' is clicked on

2018-10-24 15:13:21 - [TEST_STEP][PASSED] - click: Object: 'Object Repository/retailer admin All Repo/retailer_order_placement/Page_AppCohesion/a_Back to Cart' is clicked on

2018-10-24 15:13:21 - [MESSAGE][PASSED] - Object: 'Object Repository/retailer admin All Repo/retailer_order_placement/Page_AppCohesion/a_Back to Cart' is clicked on

2018-10-24 15:13:21 - [TEST_STEP][PASSED] - verifyElementVisible: Object 'Object Repository/retailer admin All Repo/retailer_order_placement/Page_AppCohesion/span_534.20' is visible

2018-10-24 15:13:23 - [MESSAGE][PASSED] - Object 'Object Repository/retailer admin All Repo/retailer_order_placement/Page_AppCohesion/span_534.20' is visible

2018-10-24 15:13:23 - [TEST_STEP][PASSED] - verifyElementText: Actual text and expected text of test object 'Object Repository/retailer admin All Repo/retailer_order_placement/Page_AppCohesion/span_534.20' are matched.

2018-10-24 15:13:24 - [MESSAGE][PASSED] - Actual text and expected text of test object 'Object Repository/retailer admin All Repo/retailer_order_placement/Page_AppCohesion/span_534.20' are matched.

2018-10-24 15:13:24 - [TEST_STEP][PASSED] - verifyElementVisible: Object 'Object Repository/retailer admin All Repo/retailer_order_placement/Page_AppCohesion/span_25.00' is visible

2018-10-24 15:13:24 - [MESSAGE][PASSED] - Object 'Object Repository/retailer admin All Repo/retailer_order_placement/Page_AppCohesion/span_25.00' is visible

2018-10-24 15:13:24 - [TEST_STEP][PASSED] - verifyElementText: Actual text and expected text of test object 'Object Repository/retailer admin All Repo/retailer_order_placement/Page_AppCohesion/span_25.00' are matched.

2018-10-24 15:13:24 - [MESSAGE][PASSED] - Actual text and expected text of test object 'Object Repository/retailer admin All Repo/retailer_order_placement/Page_AppCohesion/span_25.00' are matched.

2018-10-24 15:13:24 - [TEST_STEP][PASSED] - verifyElementVisible: Object 'Object Repository/retailer admin All Repo/retailer_order_placement/Page_AppCohesion/em_Item selected 1' is visible

2018-10-24 15:13:24 - [MESSAGE][PASSED] - Object 'Object Repository/retailer admin All Repo/retailer_order_placement/Page_AppCohesion/em_Item selected 1' is visible

2018-10-24 15:13:24 - [TEST_STEP][PASSED] - verifyElementText: Actual text and expected text of test object 'Object Repository/retailer admin All Repo/retailer_order_placement/Page_AppCohesion/em_Item selected 1' are matched.

2018-10-24 15:13:24 - [MESSAGE][PASSED] - Actual text and expected text of test object 'Object Repository/retailer admin All Repo/retailer_order_placement/Page_AppCohesion/em_Item selected 1' are matched.

2018-10-24 15:13:24 - [TEST_STEP][PASSED] - click: Object: 'Object Repository/retailer admin All Repo/retailer_order_placement/Page_AppCohesion/button_CHECKOUT' is clicked on

2018-10-24 15:13:24 - [MESSAGE][PASSED] - Object: 'Object Repository/retailer admin All Repo/retailer_order_placement/Page_AppCohesion/button_CHECKOUT' is clicked on

2018-10-24 15:13:24 - [TEST_STEP][PASSED] - setText: Text 'order HCKLR-IHMFX7Z1' is set on object 'Object Repository/retailer admin All Repo/retailer_order_placement/Page_AppCohesion/input_FIRST NAME_firstName'

2018-10-24 15:13:24 - [MESSAGE][PASSED] - Text 'order HCKLR-IHMFX7Z1' is set on object 'Object Repository/retailer admin All Repo/retailer_order_placement/Page_AppCohesion/input_FIRST NAME_firstName'

2018-10-24 15:13:24 - [TEST_STEP][PASSED] - setText: Text 'snekalatha.r@iinerds.com' is set on object 'Object Repository/retailer admin All Repo/retailer_order_placement/Page_AppCohesion/input_EMAIL_email'

2018-10-24 15:13:24 - [MESSAGE][PASSED] - Text 'snekalatha.r@iinerds.com' is set on object 'Object Repository/retailer admin All Repo/retailer_order_placement/Page_AppCohesion/input_EMAIL_email'

2018-10-24 15:13:24 - [TEST_STEP][FAILED] - selectOptionByIndex: Unable to select option by index '1' of object 'Object Repository/retailer admin All Repo/retailer_order_placement/key_press_orderList/Page_AppCohesion/select store' (Root cause: java.lang.IllegalArgumentException: Index '1' is invalid (valid indexes are: [0..0]))

2018-10-24 15:13:24 - [MESSAGE][FAILED] - Unable to select option by index '1' of object 'Object Repository/retailer admin All Repo/retailer_order_placement/key_press_orderList/Page_AppCohesion/select store' (Root cause: java.lang.IllegalArgumentException: Index '1' is invalid (valid indexes are: [0..0]))
[[ATTACHMENT|C:\\Users\\Snekalatha R\\git\\qa-automation-katolon-1\\Reports\\Retailer_test_suite\\20181024_151223\\1540374204689.png]]]]></system-out>
         <system-err><![CDATA[2018-10-24 15:12:48 - [TEST_CASE][FAILED] - Test Cases/RetailerAdmin_Login_All_Functionality/order_placement_order_details/retaileradmin_order_placement: Test Cases/RetailerAdmin_Login_All_Functionality/order_placement_order_details/retaileradmin_order_placement FAILED because (of) (Stack trace: com.kms.katalon.core.exception.StepFailedException: Unable to select option by index '1' of object 'Object Repository/retailer admin All Repo/retailer_order_placement/key_press_orderList/Page_AppCohesion/select store' (Root cause: java.lang.IllegalArgumentException: Index '1' is invalid (valid indexes are: [0..0]))
	at com.kms.katalon.core.keyword.internal.KeywordMain.stepFailed(KeywordMain.groovy:36)
	at com.kms.katalon.core.webui.keyword.internal.WebUIKeywordMain.stepFailed(WebUIKeywordMain.groovy:65)
	at com.kms.katalon.core.webui.keyword.internal.WebUIKeywordMain.runKeyword(WebUIKeywordMain.groovy:27)
	at com.kms.katalon.core.webui.keyword.builtin.SelectOptionByIndexKeyword.selectOptionByIndex(SelectOptionByIndexKeyword.groovy:93)
	at com.kms.katalon.core.webui.keyword.builtin.SelectOptionByIndexKeyword.execute(SelectOptionByIndexKeyword.groovy:68)
	at com.kms.katalon.core.keyword.internal.KeywordExecutor.executeKeywordForPlatform(KeywordExecutor.groovy:53)
	at com.kms.katalon.core.webui.keyword.WebUiBuiltInKeywords.selectOptionByIndex(WebUiBuiltInKeywords.groovy:1084)
	at com.kms.katalon.core.webui.keyword.WebUiBuiltInKeywords$selectOptionByIndex$10.call(Unknown Source)
	at org.codehaus.groovy.runtime.callsite.CallSiteArray.defaultCall(CallSiteArray.java:48)
	at org.codehaus.groovy.runtime.callsite.AbstractCallSite.call(AbstractCallSite.java:113)
	at org.codehaus.groovy.runtime.callsite.AbstractCallSite.call(AbstractCallSite.java:141)
	at Script1539598411543.run(Script1539598411543.groovy:127)
	at com.kms.katalon.core.main.ScriptEngine.run(ScriptEngine.java:183)
	at com.kms.katalon.core.main.ScriptEngine.runScriptAsRawText(ScriptEngine.java:108)
	at com.kms.katalon.core.main.TestCaseExecutor.runScript(TestCaseExecutor.java:294)
	at com.kms.katalon.core.main.TestCaseExecutor.doExecute(TestCaseExecutor.java:285)
	at com.kms.katalon.core.main.TestCaseExecutor.processExecutionPhase(TestCaseExecutor.java:264)
	at com.kms.katalon.core.main.TestCaseExecutor.accessMainPhase(TestCaseExecutor.java:256)
	at com.kms.katalon.core.main.TestCaseExecutor.execute(TestCaseExecutor.java:200)
	at com.kms.katalon.core.main.TestSuiteExecutor.accessTestCaseMainPhase(TestSuiteExecutor.java:129)
	at com.kms.katalon.core.main.TestSuiteExecutor.accessTestSuiteMainPhase(TestSuiteExecutor.java:112)
	at com.kms.katalon.core.main.TestSuiteExecutor.execute(TestSuiteExecutor.java:81)
	at com.kms.katalon.core.main.TestCaseMain.startTestSuite(TestCaseMain.java:142)
	at com.kms.katalon.core.main.TestCaseMain$startTestSuite$0.call(Unknown Source)
	at org.codehaus.groovy.runtime.callsite.CallSiteArray.defaultCall(CallSiteArray.java:48)
	at org.codehaus.groovy.runtime.callsite.AbstractCallSite.call(AbstractCallSite.java:113)
	at org.codehaus.groovy.runtime.callsite.AbstractCallSite.call(AbstractCallSite.java:141)
	at TempTestSuite1540374143533.run(TempTestSuite1540374143533.groovy:36)
	at groovy.lang.GroovyShell.runScriptOrMainOrTestOrRunnable(GroovyShell.java:263)
	at groovy.lang.GroovyShell.run(GroovyShell.java:518)
	at groovy.lang.GroovyShell.run(GroovyShell.java:507)
	at groovy.ui.GroovyMain.processOnce(GroovyMain.java:653)
	at groovy.ui.GroovyMain.run(GroovyMain.java:384)
	at groovy.ui.GroovyMain.process(GroovyMain.java:370)
	at groovy.ui.GroovyMain.processArgs(GroovyMain.java:129)
	at groovy.ui.GroovyMain.main(GroovyMain.java:109)
	at sun.reflect.NativeMethodAccessorImpl.invoke0(Native Method)
	at sun.reflect.NativeMethodAccessorImpl.invoke(NativeMethodAccessorImpl.java:62)
	at sun.reflect.DelegatingMethodAccessorImpl.invoke(DelegatingMethodAccessorImpl.java:43)
	at java.lang.reflect.Method.invoke(Method.java:498)
	at org.codehaus.groovy.tools.GroovyStarter.rootLoader(GroovyStarter.java:109)
	at org.codehaus.groovy.tools.GroovyStarter.main(GroovyStarter.java:131)
)]]></system-err>
      </testcase>
      <testcase name="Test Cases/RetailerAdmin_Login_All_Functionality/Product_details/search_products_details_datafile" classname="Test Cases/RetailerAdmin_Login_All_Functionality/Product_details/search_products_details_datafile" status="FAILED">
         <failure type="FAILED" message="(Stack trace: com.kms.katalon.core.exception.StepFailedException: Verify element text of test object 'Object Repository/retailer admin All Repo/Search Products Details/Page_AppCohesion/created_id/product_title' FAILED. (Root cause: Actual text 'Heckler &amp; Koch VP VP9' and expected text 'Ruger LC LCP' of test object 'Object Repository/retailer admin All Repo/Search Products Details/Page_AppCohesion/created_id/product_title' are NOT matched.)
	at com.kms.katalon.core.keyword.internal.KeywordMain.stepFailed(KeywordMain.groovy:36)
	at com.kms.katalon.core.webui.keyword.internal.WebUIKeywordMain.stepFailed(WebUIKeywordMain.groovy:65)
	at com.kms.katalon.core.webui.keyword.internal.WebUIKeywordMain.runKeyword(WebUIKeywordMain.groovy:27)
	at com.kms.katalon.core.webui.keyword.builtin.VerifyElementTextKeyword.verifyElementText(VerifyElementTextKeyword.groovy:72)
	at com.kms.katalon.core.webui.keyword.builtin.VerifyElementTextKeyword.execute(VerifyElementTextKeyword.groovy:40)
	at com.kms.katalon.core.keyword.internal.KeywordExecutor.executeKeywordForPlatform(KeywordExecutor.groovy:53)
	at com.kms.katalon.core.webui.keyword.WebUiBuiltInKeywords.verifyElementText(WebUiBuiltInKeywords.groovy:3663)
	at com.kms.katalon.core.webui.keyword.WebUiBuiltInKeywords$verifyElementText$6.call(Unknown Source)
	at org.codehaus.groovy.runtime.callsite.CallSiteArray.defaultCall(CallSiteArray.java:48)
	at org.codehaus.groovy.runtime.callsite.AbstractCallSite.call(AbstractCallSite.java:113)
	at org.codehaus.groovy.runtime.callsite.AbstractCallSite.call(AbstractCallSite.java:133)
	at Script1539685445871.run(Script1539685445871.groovy:41)
	at com.kms.katalon.core.main.ScriptEngine.run(ScriptEngine.java:183)
	at com.kms.katalon.core.main.ScriptEngine.runScriptAsRawText(ScriptEngine.java:108)
	at com.kms.katalon.core.main.TestCaseExecutor.runScript(TestCaseExecutor.java:294)
	at com.kms.katalon.core.main.TestCaseExecutor.doExecute(TestCaseExecutor.java:285)
	at com.kms.katalon.core.main.TestCaseExecutor.processExecutionPhase(TestCaseExecutor.java:264)
	at com.kms.katalon.core.main.TestCaseExecutor.accessMainPhase(TestCaseExecutor.java:256)
	at com.kms.katalon.core.main.TestCaseExecutor.execute(TestCaseExecutor.java:200)
	at com.kms.katalon.core.main.TestSuiteExecutor.accessTestCaseMainPhase(TestSuiteExecutor.java:129)
	at com.kms.katalon.core.main.TestSuiteExecutor.accessTestSuiteMainPhase(TestSuiteExecutor.java:112)
	at com.kms.katalon.core.main.TestSuiteExecutor.execute(TestSuiteExecutor.java:81)
	at com.kms.katalon.core.main.TestCaseMain.startTestSuite(TestCaseMain.java:142)
	at com.kms.katalon.core.main.TestCaseMain$startTestSuite$0.call(Unknown Source)
	at org.codehaus.groovy.runtime.callsite.CallSiteArray.defaultCall(CallSiteArray.java:48)
	at org.codehaus.groovy.runtime.callsite.AbstractCallSite.call(AbstractCallSite.java:113)
	at org.codehaus.groovy.runtime.callsite.AbstractCallSite.call(AbstractCallSite.java:141)
	at TempTestSuite1540374143533.run(TempTestSuite1540374143533.groovy:36)
	at groovy.lang.GroovyShell.runScriptOrMainOrTestOrRunnable(GroovyShell.java:263)
	at groovy.lang.GroovyShell.run(GroovyShell.java:518)
	at groovy.lang.GroovyShell.run(GroovyShell.java:507)
	at groovy.ui.GroovyMain.processOnce(GroovyMain.java:653)
	at groovy.ui.GroovyMain.run(GroovyMain.java:384)
	at groovy.ui.GroovyMain.process(GroovyMain.java:370)
	at groovy.ui.GroovyMain.processArgs(GroovyMain.java:129)
	at groovy.ui.GroovyMain.main(GroovyMain.java:109)
	at sun.reflect.NativeMethodAccessorImpl.invoke0(Native Method)
	at sun.reflect.NativeMethodAccessorImpl.invoke(NativeMethodAccessorImpl.java:62)
	at sun.reflect.DelegatingMethodAccessorImpl.invoke(DelegatingMethodAccessorImpl.java:43)
	at java.lang.reflect.Method.invoke(Method.java:498)
	at org.codehaus.groovy.tools.GroovyStarter.rootLoader(GroovyStarter.java:109)
	at org.codehaus.groovy.tools.GroovyStarter.main(GroovyStarter.java:131)
)"/>
         <system-out><![CDATA[2018-10-24 15:13:24 - [TEST_CASE][FAILED] - Test Cases/RetailerAdmin_Login_All_Functionality/Product_details/search_products_details_datafile: Test Cases/RetailerAdmin_Login_All_Functionality/Product_details/search_products_details_datafile FAILED because (of) (Stack trace: com.kms.katalon.core.exception.StepFailedException: Verify element text of test object 'Object Repository/retailer admin All Repo/Search Products Details/Page_AppCohesion/created_id/product_title' FAILED. (Root cause: Actual text 'Heckler & Koch VP VP9' and expected text 'Ruger LC LCP' of test object 'Object Repository/retailer admin All Repo/Search Products Details/Page_AppCohesion/created_id/product_title' are NOT matched.)
	at com.kms.katalon.core.keyword.internal.KeywordMain.stepFailed(KeywordMain.groovy:36)
	at com.kms.katalon.core.webui.keyword.internal.WebUIKeywordMain.stepFailed(WebUIKeywordMain.groovy:65)
	at com.kms.katalon.core.webui.keyword.internal.WebUIKeywordMain.runKeyword(WebUIKeywordMain.groovy:27)
	at com.kms.katalon.core.webui.keyword.builtin.VerifyElementTextKeyword.verifyElementText(VerifyElementTextKeyword.groovy:72)
	at com.kms.katalon.core.webui.keyword.builtin.VerifyElementTextKeyword.execute(VerifyElementTextKeyword.groovy:40)
	at com.kms.katalon.core.keyword.internal.KeywordExecutor.executeKeywordForPlatform(KeywordExecutor.groovy:53)
	at com.kms.katalon.core.webui.keyword.WebUiBuiltInKeywords.verifyElementText(WebUiBuiltInKeywords.groovy:3663)
	at com.kms.katalon.core.webui.keyword.WebUiBuiltInKeywords$verifyElementText$6.call(Unknown Source)
	at org.codehaus.groovy.runtime.callsite.CallSiteArray.defaultCall(CallSiteArray.java:48)
	at org.codehaus.groovy.runtime.callsite.AbstractCallSite.call(AbstractCallSite.java:113)
	at org.codehaus.groovy.runtime.callsite.AbstractCallSite.call(AbstractCallSite.java:133)
	at Script1539685445871.run(Script1539685445871.groovy:41)
	at com.kms.katalon.core.main.ScriptEngine.run(ScriptEngine.java:183)
	at com.kms.katalon.core.main.ScriptEngine.runScriptAsRawText(ScriptEngine.java:108)
	at com.kms.katalon.core.main.TestCaseExecutor.runScript(TestCaseExecutor.java:294)
	at com.kms.katalon.core.main.TestCaseExecutor.doExecute(TestCaseExecutor.java:285)
	at com.kms.katalon.core.main.TestCaseExecutor.processExecutionPhase(TestCaseExecutor.java:264)
	at com.kms.katalon.core.main.TestCaseExecutor.accessMainPhase(TestCaseExecutor.java:256)
	at com.kms.katalon.core.main.TestCaseExecutor.execute(TestCaseExecutor.java:200)
	at com.kms.katalon.core.main.TestSuiteExecutor.accessTestCaseMainPhase(TestSuiteExecutor.java:129)
	at com.kms.katalon.core.main.TestSuiteExecutor.accessTestSuiteMainPhase(TestSuiteExecutor.java:112)
	at com.kms.katalon.core.main.TestSuiteExecutor.execute(TestSuiteExecutor.java:81)
	at com.kms.katalon.core.main.TestCaseMain.startTestSuite(TestCaseMain.java:142)
	at com.kms.katalon.core.main.TestCaseMain$startTestSuite$0.call(Unknown Source)
	at org.codehaus.groovy.runtime.callsite.CallSiteArray.defaultCall(CallSiteArray.java:48)
	at org.codehaus.groovy.runtime.callsite.AbstractCallSite.call(AbstractCallSite.java:113)
	at org.codehaus.groovy.runtime.callsite.AbstractCallSite.call(AbstractCallSite.java:141)
	at TempTestSuite1540374143533.run(TempTestSuite1540374143533.groovy:36)
	at groovy.lang.GroovyShell.runScriptOrMainOrTestOrRunnable(GroovyShell.java:263)
	at groovy.lang.GroovyShell.run(GroovyShell.java:518)
	at groovy.lang.GroovyShell.run(GroovyShell.java:507)
	at groovy.ui.GroovyMain.processOnce(GroovyMain.java:653)
	at groovy.ui.GroovyMain.run(GroovyMain.java:384)
	at groovy.ui.GroovyMain.process(GroovyMain.java:370)
	at groovy.ui.GroovyMain.processArgs(GroovyMain.java:129)
	at groovy.ui.GroovyMain.main(GroovyMain.java:109)
	at sun.reflect.NativeMethodAccessorImpl.invoke0(Native Method)
	at sun.reflect.NativeMethodAccessorImpl.invoke(NativeMethodAccessorImpl.java:62)
	at sun.reflect.DelegatingMethodAccessorImpl.invoke(DelegatingMethodAccessorImpl.java:43)
	at java.lang.reflect.Method.invoke(Method.java:498)
	at org.codehaus.groovy.tools.GroovyStarter.rootLoader(GroovyStarter.java:109)
	at org.codehaus.groovy.tools.GroovyStarter.main(GroovyStarter.java:131)
)

2018-10-24 15:13:25 - [TEST_STEP][NOT_RUN] - callTestCase: NOT_RUN: callTestCase

2018-10-24 15:13:25 - [MESSAGE][NOT_RUN] - NOT_RUN: callTestCase

2018-10-24 15:13:25 - [TEST_STEP][FAILED] - Statement - For ([rowNum = 1, rowNum <= com.kms.katalon.core.testdata.TestDataFactory.findTestData(productdetailsdata).getRowNumbers(), (rowNum++)]): Verify element text of test object 'Object Repository/retailer admin All Repo/Search Products Details/Page_AppCohesion/created_id/product_title' FAILED. (Root cause: Actual text 'Heckler & Koch VP VP9' and expected text 'Ruger LC LCP' of test object 'Object Repository/retailer admin All Repo/Search Products Details/Page_AppCohesion/created_id/product_title' are NOT matched.)

2018-10-24 15:13:25 - [TEST_STEP][PASSED] - setText: Text 'RUGER-UCSR7GCZ' is set on object 'Object Repository/retailer admin All Repo/Search Products Details/Page_AppCohesion/input_Settings_searchproduct'

2018-10-24 15:13:25 - [MESSAGE][PASSED] - Text 'RUGER-UCSR7GCZ' is set on object 'Object Repository/retailer admin All Repo/Search Products Details/Page_AppCohesion/input_Settings_searchproduct'

2018-10-24 15:13:25 - [TEST_STEP][PASSED] - verifyElementVisible: Object 'Object Repository/retailer admin All Repo/Search Products Details/Page_AppCohesion/button_Settings_searchbutton' is visible

2018-10-24 15:13:25 - [MESSAGE][PASSED] - Object 'Object Repository/retailer admin All Repo/Search Products Details/Page_AppCohesion/button_Settings_searchbutton' is visible

2018-10-24 15:13:25 - [TEST_STEP][PASSED] - verifyElementVisible: Object 'Object Repository/retailer admin All Repo/Search Products Details/Page_AppCohesion/input_Settings_searchproduct' is visible

2018-10-24 15:13:25 - [MESSAGE][PASSED] - Object 'Object Repository/retailer admin All Repo/Search Products Details/Page_AppCohesion/input_Settings_searchproduct' is visible

2018-10-24 15:13:25 - [TEST_STEP][PASSED] - click: Object: 'Object Repository/retailer admin All Repo/Search Products Details/Page_AppCohesion/button_Settings_searchbutton' is clicked on

2018-10-24 15:13:25 - [MESSAGE][PASSED] - Object: 'Object Repository/retailer admin All Repo/Search Products Details/Page_AppCohesion/button_Settings_searchbutton' is clicked on

2018-10-24 15:13:25 - [TEST_STEP][PASSED] - waitForPageLoad: Wait for page load successfully

2018-10-24 15:13:25 - [MESSAGE][PASSED] - Wait for page load successfully

2018-10-24 15:13:25 - [TEST_STEP][PASSED] - verifyElementVisible: Object 'Object Repository/retailer admin All Repo/Search Products Details/Page_AppCohesion/created_id/product_details_rowid' is visible

2018-10-24 15:13:28 - [MESSAGE][PASSED] - Object 'Object Repository/retailer admin All Repo/Search Products Details/Page_AppCohesion/created_id/product_details_rowid' is visible

2018-10-24 15:13:28 - [TEST_STEP][PASSED] - click: Object: 'Object Repository/retailer admin All Repo/Search Products Details/Page_AppCohesion/created_id/product_details_rowid' is clicked on

2018-10-24 15:13:28 - [MESSAGE][PASSED] - Object: 'Object Repository/retailer admin All Repo/Search Products Details/Page_AppCohesion/created_id/product_details_rowid' is clicked on

2018-10-24 15:13:28 - [TEST_STEP][PASSED] - verifyElementVisible: Object 'Object Repository/retailer admin All Repo/Search Products Details/Page_AppCohesion/created_id/product_title' is visible

2018-10-24 15:13:28 - [MESSAGE][PASSED] - Object 'Object Repository/retailer admin All Repo/Search Products Details/Page_AppCohesion/created_id/product_title' is visible

2018-10-24 15:13:28 - [TEST_STEP][FAILED] - verifyElementText: Verify element text of test object 'Object Repository/retailer admin All Repo/Search Products Details/Page_AppCohesion/created_id/product_title' FAILED. (Root cause: Actual text 'Heckler & Koch VP VP9' and expected text 'Ruger LC LCP' of test object 'Object Repository/retailer admin All Repo/Search Products Details/Page_AppCohesion/created_id/product_title' are NOT matched.)

2018-10-24 15:13:28 - [MESSAGE][FAILED] - Actual text 'Heckler & Koch VP VP9' and expected text 'Ruger LC LCP' of test object 'Object Repository/retailer admin All Repo/Search Products Details/Page_AppCohesion/created_id/product_title' are NOT matched.
[[ATTACHMENT|C:\\Users\\Snekalatha R\\git\\qa-automation-katolon-1\\Reports\\Retailer_test_suite\\20181024_151223\\1540374208173.png]]

2018-10-24 15:13:28 - [MESSAGE][FAILED] - Verify element text of test object 'Object Repository/retailer admin All Repo/Search Products Details/Page_AppCohesion/created_id/product_title' FAILED. (Root cause: Actual text 'Heckler & Koch VP VP9' and expected text 'Ruger LC LCP' of test object 'Object Repository/retailer admin All Repo/Search Products Details/Page_AppCohesion/created_id/product_title' are NOT matched.)
[[ATTACHMENT|C:\\Users\\Snekalatha R\\git\\qa-automation-katolon-1\\Reports\\Retailer_test_suite\\20181024_151223\\1540374208468.png]]]]></system-out>
         <system-err><![CDATA[2018-10-24 15:13:24 - [TEST_CASE][FAILED] - Test Cases/RetailerAdmin_Login_All_Functionality/Product_details/search_products_details_datafile: Test Cases/RetailerAdmin_Login_All_Functionality/Product_details/search_products_details_datafile FAILED because (of) (Stack trace: com.kms.katalon.core.exception.StepFailedException: Verify element text of test object 'Object Repository/retailer admin All Repo/Search Products Details/Page_AppCohesion/created_id/product_title' FAILED. (Root cause: Actual text 'Heckler & Koch VP VP9' and expected text 'Ruger LC LCP' of test object 'Object Repository/retailer admin All Repo/Search Products Details/Page_AppCohesion/created_id/product_title' are NOT matched.)
	at com.kms.katalon.core.keyword.internal.KeywordMain.stepFailed(KeywordMain.groovy:36)
	at com.kms.katalon.core.webui.keyword.internal.WebUIKeywordMain.stepFailed(WebUIKeywordMain.groovy:65)
	at com.kms.katalon.core.webui.keyword.internal.WebUIKeywordMain.runKeyword(WebUIKeywordMain.groovy:27)
	at com.kms.katalon.core.webui.keyword.builtin.VerifyElementTextKeyword.verifyElementText(VerifyElementTextKeyword.groovy:72)
	at com.kms.katalon.core.webui.keyword.builtin.VerifyElementTextKeyword.execute(VerifyElementTextKeyword.groovy:40)
	at com.kms.katalon.core.keyword.internal.KeywordExecutor.executeKeywordForPlatform(KeywordExecutor.groovy:53)
	at com.kms.katalon.core.webui.keyword.WebUiBuiltInKeywords.verifyElementText(WebUiBuiltInKeywords.groovy:3663)
	at com.kms.katalon.core.webui.keyword.WebUiBuiltInKeywords$verifyElementText$6.call(Unknown Source)
	at org.codehaus.groovy.runtime.callsite.CallSiteArray.defaultCall(CallSiteArray.java:48)
	at org.codehaus.groovy.runtime.callsite.AbstractCallSite.call(AbstractCallSite.java:113)
	at org.codehaus.groovy.runtime.callsite.AbstractCallSite.call(AbstractCallSite.java:133)
	at Script1539685445871.run(Script1539685445871.groovy:41)
	at com.kms.katalon.core.main.ScriptEngine.run(ScriptEngine.java:183)
	at com.kms.katalon.core.main.ScriptEngine.runScriptAsRawText(ScriptEngine.java:108)
	at com.kms.katalon.core.main.TestCaseExecutor.runScript(TestCaseExecutor.java:294)
	at com.kms.katalon.core.main.TestCaseExecutor.doExecute(TestCaseExecutor.java:285)
	at com.kms.katalon.core.main.TestCaseExecutor.processExecutionPhase(TestCaseExecutor.java:264)
	at com.kms.katalon.core.main.TestCaseExecutor.accessMainPhase(TestCaseExecutor.java:256)
	at com.kms.katalon.core.main.TestCaseExecutor.execute(TestCaseExecutor.java:200)
	at com.kms.katalon.core.main.TestSuiteExecutor.accessTestCaseMainPhase(TestSuiteExecutor.java:129)
	at com.kms.katalon.core.main.TestSuiteExecutor.accessTestSuiteMainPhase(TestSuiteExecutor.java:112)
	at com.kms.katalon.core.main.TestSuiteExecutor.execute(TestSuiteExecutor.java:81)
	at com.kms.katalon.core.main.TestCaseMain.startTestSuite(TestCaseMain.java:142)
	at com.kms.katalon.core.main.TestCaseMain$startTestSuite$0.call(Unknown Source)
	at org.codehaus.groovy.runtime.callsite.CallSiteArray.defaultCall(CallSiteArray.java:48)
	at org.codehaus.groovy.runtime.callsite.AbstractCallSite.call(AbstractCallSite.java:113)
	at org.codehaus.groovy.runtime.callsite.AbstractCallSite.call(AbstractCallSite.java:141)
	at TempTestSuite1540374143533.run(TempTestSuite1540374143533.groovy:36)
	at groovy.lang.GroovyShell.runScriptOrMainOrTestOrRunnable(GroovyShell.java:263)
	at groovy.lang.GroovyShell.run(GroovyShell.java:518)
	at groovy.lang.GroovyShell.run(GroovyShell.java:507)
	at groovy.ui.GroovyMain.processOnce(GroovyMain.java:653)
	at groovy.ui.GroovyMain.run(GroovyMain.java:384)
	at groovy.ui.GroovyMain.process(GroovyMain.java:370)
	at groovy.ui.GroovyMain.processArgs(GroovyMain.java:129)
	at groovy.ui.GroovyMain.main(GroovyMain.java:109)
	at sun.reflect.NativeMethodAccessorImpl.invoke0(Native Method)
	at sun.reflect.NativeMethodAccessorImpl.invoke(NativeMethodAccessorImpl.java:62)
	at sun.reflect.DelegatingMethodAccessorImpl.invoke(DelegatingMethodAccessorImpl.java:43)
	at java.lang.reflect.Method.invoke(Method.java:498)
	at org.codehaus.groovy.tools.GroovyStarter.rootLoader(GroovyStarter.java:109)
	at org.codehaus.groovy.tools.GroovyStarter.main(GroovyStarter.java:131)
)]]></system-err>
      </testcase>
      <testcase name="Test Cases/RetailerAdmin_Login_All_Functionality/Product_details/search_products_details_datafile" classname="Test Cases/RetailerAdmin_Login_All_Functionality/Product_details/search_products_details_datafile" status="PASSED">
         <system-out><![CDATA[2018-10-24 15:13:28 - [TEST_CASE][PASSED] - Test Cases/RetailerAdmin_Login_All_Functionality/Product_details/search_products_details_datafile: Test Cases/RetailerAdmin_Login_All_Functionality/Product_details/search_products_details_datafile

2018-10-24 15:13:28 - [TEST_STEP][NOT_RUN] - callTestCase: NOT_RUN: callTestCase

2018-10-24 15:13:28 - [MESSAGE][NOT_RUN] - NOT_RUN: callTestCase

2018-10-24 15:13:28 - [TEST_STEP][PASSED] - Statement - For ([rowNum = 1, rowNum <= com.kms.katalon.core.testdata.TestDataFactory.findTestData(productdetailsdata).getRowNumbers(), (rowNum++)]): Reading CSV file with source file 'comma', separator 'containing header' and '{2}'

2018-10-24 15:13:28 - [TEST_STEP][PASSED] - setText: Text 'RUGER-UCSR7GCZ' is set on object 'Object Repository/retailer admin All Repo/Search Products Details/Page_AppCohesion/input_Settings_searchproduct'

2018-10-24 15:13:28 - [MESSAGE][PASSED] - Text 'RUGER-UCSR7GCZ' is set on object 'Object Repository/retailer admin All Repo/Search Products Details/Page_AppCohesion/input_Settings_searchproduct'

2018-10-24 15:13:28 - [TEST_STEP][PASSED] - verifyElementVisible: Object 'Object Repository/retailer admin All Repo/Search Products Details/Page_AppCohesion/button_Settings_searchbutton' is visible

2018-10-24 15:13:28 - [MESSAGE][PASSED] - Object 'Object Repository/retailer admin All Repo/Search Products Details/Page_AppCohesion/button_Settings_searchbutton' is visible

2018-10-24 15:13:28 - [TEST_STEP][PASSED] - verifyElementVisible: Object 'Object Repository/retailer admin All Repo/Search Products Details/Page_AppCohesion/input_Settings_searchproduct' is visible

2018-10-24 15:13:28 - [MESSAGE][PASSED] - Object 'Object Repository/retailer admin All Repo/Search Products Details/Page_AppCohesion/input_Settings_searchproduct' is visible

2018-10-24 15:13:28 - [TEST_STEP][PASSED] - click: Object: 'Object Repository/retailer admin All Repo/Search Products Details/Page_AppCohesion/button_Settings_searchbutton' is clicked on

2018-10-24 15:13:29 - [MESSAGE][PASSED] - Object: 'Object Repository/retailer admin All Repo/Search Products Details/Page_AppCohesion/button_Settings_searchbutton' is clicked on

2018-10-24 15:13:29 - [TEST_STEP][PASSED] - waitForPageLoad: Wait for page load successfully

2018-10-24 15:13:29 - [MESSAGE][PASSED] - Wait for page load successfully

2018-10-24 15:13:29 - [TEST_STEP][PASSED] - verifyElementVisible: Object 'Object Repository/retailer admin All Repo/Search Products Details/Page_AppCohesion/created_id/product_details_rowid' is visible

2018-10-24 15:13:31 - [MESSAGE][PASSED] - Object 'Object Repository/retailer admin All Repo/Search Products Details/Page_AppCohesion/created_id/product_details_rowid' is visible

2018-10-24 15:13:31 - [TEST_STEP][PASSED] - click: Object: 'Object Repository/retailer admin All Repo/Search Products Details/Page_AppCohesion/created_id/product_details_rowid' is clicked on

2018-10-24 15:13:31 - [MESSAGE][PASSED] - Object: 'Object Repository/retailer admin All Repo/Search Products Details/Page_AppCohesion/created_id/product_details_rowid' is clicked on

2018-10-24 15:13:31 - [TEST_STEP][PASSED] - verifyElementVisible: Object 'Object Repository/retailer admin All Repo/Search Products Details/Page_AppCohesion/created_id/product_title' is visible

2018-10-24 15:13:32 - [MESSAGE][PASSED] - Object 'Object Repository/retailer admin All Repo/Search Products Details/Page_AppCohesion/created_id/product_title' is visible

2018-10-24 15:13:32 - [TEST_STEP][PASSED] - verifyElementText: Actual text and expected text of test object 'Object Repository/retailer admin All Repo/Search Products Details/Page_AppCohesion/created_id/product_title' are matched.

2018-10-24 15:13:32 - [MESSAGE][PASSED] - Actual text and expected text of test object 'Object Repository/retailer admin All Repo/Search Products Details/Page_AppCohesion/created_id/product_title' are matched.

2018-10-24 15:13:32 - [TEST_STEP][PASSED] - verifyElementVisible: Object 'Object Repository/retailer admin All Repo/Search Products Details/Page_AppCohesion/created_id/manufaturer_header' is visible

2018-10-24 15:13:32 - [MESSAGE][PASSED] - Object 'Object Repository/retailer admin All Repo/Search Products Details/Page_AppCohesion/created_id/manufaturer_header' is visible

2018-10-24 15:13:32 - [TEST_STEP][PASSED] - verifyElementVisible: Object 'Object Repository/retailer admin All Repo/Search Products Details/Page_AppCohesion/created_id/manufacture_partno_id' is visible

2018-10-24 15:13:32 - [MESSAGE][PASSED] - Object 'Object Repository/retailer admin All Repo/Search Products Details/Page_AppCohesion/created_id/manufacture_partno_id' is visible

2018-10-24 15:13:32 - [TEST_STEP][PASSED] - verifyElementText: Actual text and expected text of test object 'Object Repository/retailer admin All Repo/Search Products Details/Page_AppCohesion/created_id/manufacture_partno_id' are matched.

2018-10-24 15:13:32 - [MESSAGE][PASSED] - Actual text and expected text of test object 'Object Repository/retailer admin All Repo/Search Products Details/Page_AppCohesion/created_id/manufacture_partno_id' are matched.

2018-10-24 15:13:32 - [TEST_STEP][PASSED] - verifyElementVisible: Object 'Object Repository/retailer admin All Repo/Search Products Details/Page_AppCohesion/created_id/manufacture_name_header' is visible

2018-10-24 15:13:33 - [MESSAGE][PASSED] - Object 'Object Repository/retailer admin All Repo/Search Products Details/Page_AppCohesion/created_id/manufacture_name_header' is visible

2018-10-24 15:13:33 - [TEST_STEP][PASSED] - verifyElementVisible: Object 'Object Repository/retailer admin All Repo/Search Products Details/Page_AppCohesion/created_id/manufacture_name' is visible

2018-10-24 15:13:33 - [MESSAGE][PASSED] - Object 'Object Repository/retailer admin All Repo/Search Products Details/Page_AppCohesion/created_id/manufacture_name' is visible

2018-10-24 15:13:33 - [TEST_STEP][PASSED] - verifyElementText: Actual text and expected text of test object 'Object Repository/retailer admin All Repo/Search Products Details/Page_AppCohesion/created_id/manufacture_name' are matched.

2018-10-24 15:13:33 - [MESSAGE][PASSED] - Actual text and expected text of test object 'Object Repository/retailer admin All Repo/Search Products Details/Page_AppCohesion/created_id/manufacture_name' are matched.

2018-10-24 15:13:33 - [TEST_STEP][PASSED] - verifyElementVisible: Object 'Object Repository/retailer admin All Repo/Search Products Details/Page_AppCohesion/created_id/distributor_header' is visible

2018-10-24 15:13:33 - [MESSAGE][PASSED] - Object 'Object Repository/retailer admin All Repo/Search Products Details/Page_AppCohesion/created_id/distributor_header' is visible

2018-10-24 15:13:33 - [TEST_STEP][PASSED] - verifyElementVisible: Object 'Object Repository/retailer admin All Repo/Search Products Details/Page_AppCohesion/created_id/distributorname_id' is visible

2018-10-24 15:13:33 - [MESSAGE][PASSED] - Object 'Object Repository/retailer admin All Repo/Search Products Details/Page_AppCohesion/created_id/distributorname_id' is visible

2018-10-24 15:13:33 - [TEST_STEP][PASSED] - verifyElementText: Actual text and expected text of test object 'Object Repository/retailer admin All Repo/Search Products Details/Page_AppCohesion/created_id/distributorname_id' are matched.

2018-10-24 15:13:33 - [MESSAGE][PASSED] - Actual text and expected text of test object 'Object Repository/retailer admin All Repo/Search Products Details/Page_AppCohesion/created_id/distributorname_id' are matched.

2018-10-24 15:13:33 - [TEST_STEP][PASSED] - verifyElementVisible: Object 'Object Repository/retailer admin All Repo/Search Products Details/Page_AppCohesion/upc_header' is visible

2018-10-24 15:13:33 - [MESSAGE][PASSED] - Object 'Object Repository/retailer admin All Repo/Search Products Details/Page_AppCohesion/upc_header' is visible

2018-10-24 15:13:33 - [TEST_STEP][PASSED] - verifyElementVisible: Object 'Object Repository/retailer admin All Repo/Search Products Details/Page_AppCohesion/upc_noid' is visible

2018-10-24 15:13:33 - [MESSAGE][PASSED] - Object 'Object Repository/retailer admin All Repo/Search Products Details/Page_AppCohesion/upc_noid' is visible

2018-10-24 15:13:33 - [TEST_STEP][PASSED] - verifyElementText: Actual text and expected text of test object 'Object Repository/retailer admin All Repo/Search Products Details/Page_AppCohesion/upc_noid' are matched.

2018-10-24 15:13:33 - [MESSAGE][PASSED] - Actual text and expected text of test object 'Object Repository/retailer admin All Repo/Search Products Details/Page_AppCohesion/upc_noid' are matched.

2018-10-24 15:13:33 - [TEST_STEP][PASSED] - verifyElementVisible: Object 'Object Repository/retailer admin All Repo/Search Products Details/Page_AppCohesion/created_id/baseprice_header' is visible

2018-10-24 15:13:33 - [MESSAGE][PASSED] - Object 'Object Repository/retailer admin All Repo/Search Products Details/Page_AppCohesion/created_id/baseprice_header' is visible

2018-10-24 15:13:33 - [TEST_STEP][PASSED] - verifyElementVisible: Object 'Object Repository/retailer admin All Repo/Search Products Details/Page_AppCohesion/created_id/baseprice_id' is visible

2018-10-24 15:13:33 - [MESSAGE][PASSED] - Object 'Object Repository/retailer admin All Repo/Search Products Details/Page_AppCohesion/created_id/baseprice_id' is visible

2018-10-24 15:13:33 - [TEST_STEP][PASSED] - verifyElementText: Actual text and expected text of test object 'Object Repository/retailer admin All Repo/Search Products Details/Page_AppCohesion/created_id/baseprice_id' are matched.

2018-10-24 15:13:33 - [MESSAGE][PASSED] - Actual text and expected text of test object 'Object Repository/retailer admin All Repo/Search Products Details/Page_AppCohesion/created_id/baseprice_id' are matched.

2018-10-24 15:13:33 - [TEST_STEP][PASSED] - verifyElementVisible: Object 'Object Repository/retailer admin All Repo/Search Products Details/Page_AppCohesion/created_id/markup_header' is visible

2018-10-24 15:13:33 - [MESSAGE][PASSED] - Object 'Object Repository/retailer admin All Repo/Search Products Details/Page_AppCohesion/created_id/markup_header' is visible

2018-10-24 15:13:33 - [TEST_STEP][PASSED] - verifyElementVisible: Object 'Object Repository/retailer admin All Repo/Search Products Details/Page_AppCohesion/created_id/markup_id' is visible

2018-10-24 15:13:33 - [MESSAGE][PASSED] - Object 'Object Repository/retailer admin All Repo/Search Products Details/Page_AppCohesion/created_id/markup_id' is visible

2018-10-24 15:13:33 - [TEST_STEP][PASSED] - verifyElementText: Actual text and expected text of test object 'Object Repository/retailer admin All Repo/Search Products Details/Page_AppCohesion/created_id/markup_id' are matched.

2018-10-24 15:13:33 - [MESSAGE][PASSED] - Actual text and expected text of test object 'Object Repository/retailer admin All Repo/Search Products Details/Page_AppCohesion/created_id/markup_id' are matched.

2018-10-24 15:13:33 - [TEST_STEP][PASSED] - verifyElementVisible: Object 'Object Repository/retailer admin All Repo/Search Products Details/Page_AppCohesion/created_id/amtpay_header' is visible

2018-10-24 15:13:33 - [MESSAGE][PASSED] - Object 'Object Repository/retailer admin All Repo/Search Products Details/Page_AppCohesion/created_id/amtpay_header' is visible

2018-10-24 15:13:33 - [TEST_STEP][PASSED] - verifyElementVisible: Object 'Object Repository/retailer admin All Repo/Search Products Details/Page_AppCohesion/created_id/amtpay_id' is visible

2018-10-24 15:13:33 - [MESSAGE][PASSED] - Object 'Object Repository/retailer admin All Repo/Search Products Details/Page_AppCohesion/created_id/amtpay_id' is visible

2018-10-24 15:13:33 - [TEST_STEP][PASSED] - verifyElementText: Actual text and expected text of test object 'Object Repository/retailer admin All Repo/Search Products Details/Page_AppCohesion/created_id/amtpay_id' are matched.

2018-10-24 15:13:33 - [MESSAGE][PASSED] - Actual text and expected text of test object 'Object Repository/retailer admin All Repo/Search Products Details/Page_AppCohesion/created_id/amtpay_id' are matched.

2018-10-24 15:13:33 - [TEST_STEP][NOT_RUN] - verifyElementVisible: NOT_RUN: verifyElementVisible

2018-10-24 15:13:33 - [MESSAGE][NOT_RUN] - NOT_RUN: verifyElementVisible

2018-10-24 15:13:33 - [TEST_STEP][NOT_RUN] - verifyElementText: NOT_RUN: verifyElementText

2018-10-24 15:13:33 - [MESSAGE][NOT_RUN] - NOT_RUN: verifyElementText

2018-10-24 15:13:33 - [TEST_STEP][PASSED] - verifyElementVisible: Object 'Object Repository/retailer admin All Repo/Search Products Details/Page_AppCohesion/created_id/quantity_id' is visible

2018-10-24 15:13:33 - [MESSAGE][PASSED] - Object 'Object Repository/retailer admin All Repo/Search Products Details/Page_AppCohesion/created_id/quantity_id' is visible

2018-10-24 15:13:33 - [TEST_STEP][PASSED] - verifyElementText: Actual text and expected text of test object 'Object Repository/retailer admin All Repo/Search Products Details/Page_AppCohesion/created_id/quantity_id' are matched.

2018-10-24 15:13:33 - [MESSAGE][PASSED] - Actual text and expected text of test object 'Object Repository/retailer admin All Repo/Search Products Details/Page_AppCohesion/created_id/quantity_id' are matched.

2018-10-24 15:13:33 - [TEST_STEP][PASSED] - verifyElementVisible: Object 'Object Repository/retailer admin All Repo/Search Products Details/Page_AppCohesion/created_id/product_specification' is visible

2018-10-24 15:13:33 - [MESSAGE][PASSED] - Object 'Object Repository/retailer admin All Repo/Search Products Details/Page_AppCohesion/created_id/product_specification' is visible

2018-10-24 15:13:33 - [TEST_STEP][PASSED] - verifyElementVisible: Object 'Object Repository/retailer admin All Repo/Search Products Details/Page_AppCohesion/a_Back to Search' is visible

2018-10-24 15:13:33 - [MESSAGE][PASSED] - Object 'Object Repository/retailer admin All Repo/Search Products Details/Page_AppCohesion/a_Back to Search' is visible

2018-10-24 15:13:33 - [TEST_STEP][PASSED] - click: Object: 'Object Repository/retailer admin All Repo/Search Products Details/Page_AppCohesion/a_Back to Search' is clicked on

2018-10-24 15:13:33 - [MESSAGE][PASSED] - Object: 'Object Repository/retailer admin All Repo/Search Products Details/Page_AppCohesion/a_Back to Search' is clicked on

2018-10-24 15:13:33 - [TEST_STEP][PASSED] - click: Object: 'Object Repository/retailer admin All Repo/retailer_order_placement/key_press_orderList/Page_AppCohesion/a_Dashboard              Dashb' is clicked on

2018-10-24 15:13:33 - [MESSAGE][PASSED] - Object: 'Object Repository/retailer admin All Repo/retailer_order_placement/key_press_orderList/Page_AppCohesion/a_Dashboard              Dashb' is clicked on

2018-10-24 15:13:33 - [TEST_STEP][PASSED] - verifyElementVisible: Object 'Object Repository/retailer admin All Repo/retailer_order_placement/key_press_orderList/Page_AppCohesion/a_Dashboard              Dashb' is visible

2018-10-24 15:13:33 - [MESSAGE][PASSED] - Object 'Object Repository/retailer admin All Repo/retailer_order_placement/key_press_orderList/Page_AppCohesion/a_Dashboard              Dashb' is visible

2018-10-24 15:13:33 - [TEST_STEP][PASSED] - Statement - java.lang.Thread.sleep(8000): Reading CSV file with source file 'comma', separator 'containing header' and '{2}'

2018-10-24 15:13:41 - [TEST_STEP][PASSED] - setText: Text 'THMPS-TUIPSIUJ' is set on object 'Object Repository/retailer admin All Repo/Search Products Details/Page_AppCohesion/input_Settings_searchproduct'

2018-10-24 15:13:42 - [MESSAGE][PASSED] - Text 'THMPS-TUIPSIUJ' is set on object 'Object Repository/retailer admin All Repo/Search Products Details/Page_AppCohesion/input_Settings_searchproduct'

2018-10-24 15:13:42 - [TEST_STEP][PASSED] - verifyElementVisible: Object 'Object Repository/retailer admin All Repo/Search Products Details/Page_AppCohesion/button_Settings_searchbutton' is visible

2018-10-24 15:13:42 - [MESSAGE][PASSED] - Object 'Object Repository/retailer admin All Repo/Search Products Details/Page_AppCohesion/button_Settings_searchbutton' is visible

2018-10-24 15:13:42 - [TEST_STEP][PASSED] - verifyElementVisible: Object 'Object Repository/retailer admin All Repo/Search Products Details/Page_AppCohesion/input_Settings_searchproduct' is visible

2018-10-24 15:13:42 - [MESSAGE][PASSED] - Object 'Object Repository/retailer admin All Repo/Search Products Details/Page_AppCohesion/input_Settings_searchproduct' is visible

2018-10-24 15:13:42 - [TEST_STEP][PASSED] - click: Object: 'Object Repository/retailer admin All Repo/Search Products Details/Page_AppCohesion/button_Settings_searchbutton' is clicked on

2018-10-24 15:13:42 - [MESSAGE][PASSED] - Object: 'Object Repository/retailer admin All Repo/Search Products Details/Page_AppCohesion/button_Settings_searchbutton' is clicked on

2018-10-24 15:13:42 - [TEST_STEP][PASSED] - waitForPageLoad: Wait for page load successfully

2018-10-24 15:13:42 - [MESSAGE][PASSED] - Wait for page load successfully

2018-10-24 15:13:42 - [TEST_STEP][PASSED] - verifyElementVisible: Object 'Object Repository/retailer admin All Repo/Search Products Details/Page_AppCohesion/created_id/product_details_rowid' is visible

2018-10-24 15:13:44 - [MESSAGE][PASSED] - Object 'Object Repository/retailer admin All Repo/Search Products Details/Page_AppCohesion/created_id/product_details_rowid' is visible

2018-10-24 15:13:44 - [TEST_STEP][PASSED] - click: Object: 'Object Repository/retailer admin All Repo/Search Products Details/Page_AppCohesion/created_id/product_details_rowid' is clicked on

2018-10-24 15:13:44 - [MESSAGE][PASSED] - Object: 'Object Repository/retailer admin All Repo/Search Products Details/Page_AppCohesion/created_id/product_details_rowid' is clicked on

2018-10-24 15:13:44 - [TEST_STEP][PASSED] - verifyElementVisible: Object 'Object Repository/retailer admin All Repo/Search Products Details/Page_AppCohesion/created_id/product_title' is visible

2018-10-24 15:13:46 - [MESSAGE][PASSED] - Object 'Object Repository/retailer admin All Repo/Search Products Details/Page_AppCohesion/created_id/product_title' is visible

2018-10-24 15:13:46 - [TEST_STEP][PASSED] - verifyElementText: Actual text and expected text of test object 'Object Repository/retailer admin All Repo/Search Products Details/Page_AppCohesion/created_id/product_title' are matched.

2018-10-24 15:13:47 - [MESSAGE][PASSED] - Actual text and expected text of test object 'Object Repository/retailer admin All Repo/Search Products Details/Page_AppCohesion/created_id/product_title' are matched.

2018-10-24 15:13:47 - [TEST_STEP][PASSED] - verifyElementVisible: Object 'Object Repository/retailer admin All Repo/Search Products Details/Page_AppCohesion/created_id/manufaturer_header' is visible

2018-10-24 15:13:47 - [MESSAGE][PASSED] - Object 'Object Repository/retailer admin All Repo/Search Products Details/Page_AppCohesion/created_id/manufaturer_header' is visible

2018-10-24 15:13:47 - [TEST_STEP][PASSED] - verifyElementVisible: Object 'Object Repository/retailer admin All Repo/Search Products Details/Page_AppCohesion/created_id/manufacture_partno_id' is visible

2018-10-24 15:13:47 - [MESSAGE][PASSED] - Object 'Object Repository/retailer admin All Repo/Search Products Details/Page_AppCohesion/created_id/manufacture_partno_id' is visible

2018-10-24 15:13:47 - [TEST_STEP][PASSED] - verifyElementText: Actual text and expected text of test object 'Object Repository/retailer admin All Repo/Search Products Details/Page_AppCohesion/created_id/manufacture_partno_id' are matched.

2018-10-24 15:13:47 - [MESSAGE][PASSED] - Actual text and expected text of test object 'Object Repository/retailer admin All Repo/Search Products Details/Page_AppCohesion/created_id/manufacture_partno_id' are matched.

2018-10-24 15:13:47 - [TEST_STEP][PASSED] - verifyElementVisible: Object 'Object Repository/retailer admin All Repo/Search Products Details/Page_AppCohesion/created_id/manufacture_name_header' is visible

2018-10-24 15:13:47 - [MESSAGE][PASSED] - Object 'Object Repository/retailer admin All Repo/Search Products Details/Page_AppCohesion/created_id/manufacture_name_header' is visible

2018-10-24 15:13:47 - [TEST_STEP][PASSED] - verifyElementVisible: Object 'Object Repository/retailer admin All Repo/Search Products Details/Page_AppCohesion/created_id/manufacture_name' is visible

2018-10-24 15:13:47 - [MESSAGE][PASSED] - Object 'Object Repository/retailer admin All Repo/Search Products Details/Page_AppCohesion/created_id/manufacture_name' is visible

2018-10-24 15:13:47 - [TEST_STEP][PASSED] - verifyElementText: Actual text and expected text of test object 'Object Repository/retailer admin All Repo/Search Products Details/Page_AppCohesion/created_id/manufacture_name' are matched.

2018-10-24 15:13:47 - [MESSAGE][PASSED] - Actual text and expected text of test object 'Object Repository/retailer admin All Repo/Search Products Details/Page_AppCohesion/created_id/manufacture_name' are matched.

2018-10-24 15:13:47 - [TEST_STEP][PASSED] - verifyElementVisible: Object 'Object Repository/retailer admin All Repo/Search Products Details/Page_AppCohesion/created_id/distributor_header' is visible

2018-10-24 15:13:47 - [MESSAGE][PASSED] - Object 'Object Repository/retailer admin All Repo/Search Products Details/Page_AppCohesion/created_id/distributor_header' is visible

2018-10-24 15:13:47 - [TEST_STEP][PASSED] - verifyElementVisible: Object 'Object Repository/retailer admin All Repo/Search Products Details/Page_AppCohesion/created_id/distributorname_id' is visible

2018-10-24 15:13:47 - [MESSAGE][PASSED] - Object 'Object Repository/retailer admin All Repo/Search Products Details/Page_AppCohesion/created_id/distributorname_id' is visible

2018-10-24 15:13:47 - [TEST_STEP][PASSED] - verifyElementText: Actual text and expected text of test object 'Object Repository/retailer admin All Repo/Search Products Details/Page_AppCohesion/created_id/distributorname_id' are matched.

2018-10-24 15:13:47 - [MESSAGE][PASSED] - Actual text and expected text of test object 'Object Repository/retailer admin All Repo/Search Products Details/Page_AppCohesion/created_id/distributorname_id' are matched.

2018-10-24 15:13:47 - [TEST_STEP][PASSED] - verifyElementVisible: Object 'Object Repository/retailer admin All Repo/Search Products Details/Page_AppCohesion/upc_header' is visible

2018-10-24 15:13:47 - [MESSAGE][PASSED] - Object 'Object Repository/retailer admin All Repo/Search Products Details/Page_AppCohesion/upc_header' is visible

2018-10-24 15:13:47 - [TEST_STEP][PASSED] - verifyElementVisible: Object 'Object Repository/retailer admin All Repo/Search Products Details/Page_AppCohesion/upc_noid' is visible

2018-10-24 15:13:47 - [MESSAGE][PASSED] - Object 'Object Repository/retailer admin All Repo/Search Products Details/Page_AppCohesion/upc_noid' is visible

2018-10-24 15:13:47 - [TEST_STEP][PASSED] - verifyElementText: Actual text and expected text of test object 'Object Repository/retailer admin All Repo/Search Products Details/Page_AppCohesion/upc_noid' are matched.

2018-10-24 15:13:47 - [MESSAGE][PASSED] - Actual text and expected text of test object 'Object Repository/retailer admin All Repo/Search Products Details/Page_AppCohesion/upc_noid' are matched.

2018-10-24 15:13:47 - [TEST_STEP][PASSED] - verifyElementVisible: Object 'Object Repository/retailer admin All Repo/Search Products Details/Page_AppCohesion/created_id/baseprice_header' is visible

2018-10-24 15:13:47 - [MESSAGE][PASSED] - Object 'Object Repository/retailer admin All Repo/Search Products Details/Page_AppCohesion/created_id/baseprice_header' is visible

2018-10-24 15:13:47 - [TEST_STEP][PASSED] - verifyElementVisible: Object 'Object Repository/retailer admin All Repo/Search Products Details/Page_AppCohesion/created_id/baseprice_id' is visible

2018-10-24 15:13:47 - [MESSAGE][PASSED] - Object 'Object Repository/retailer admin All Repo/Search Products Details/Page_AppCohesion/created_id/baseprice_id' is visible

2018-10-24 15:13:47 - [TEST_STEP][PASSED] - verifyElementText: Actual text and expected text of test object 'Object Repository/retailer admin All Repo/Search Products Details/Page_AppCohesion/created_id/baseprice_id' are matched.

2018-10-24 15:13:47 - [MESSAGE][PASSED] - Actual text and expected text of test object 'Object Repository/retailer admin All Repo/Search Products Details/Page_AppCohesion/created_id/baseprice_id' are matched.

2018-10-24 15:13:47 - [TEST_STEP][PASSED] - verifyElementVisible: Object 'Object Repository/retailer admin All Repo/Search Products Details/Page_AppCohesion/created_id/markup_header' is visible

2018-10-24 15:13:47 - [MESSAGE][PASSED] - Object 'Object Repository/retailer admin All Repo/Search Products Details/Page_AppCohesion/created_id/markup_header' is visible

2018-10-24 15:13:47 - [TEST_STEP][PASSED] - verifyElementVisible: Object 'Object Repository/retailer admin All Repo/Search Products Details/Page_AppCohesion/created_id/markup_id' is visible

2018-10-24 15:13:47 - [MESSAGE][PASSED] - Object 'Object Repository/retailer admin All Repo/Search Products Details/Page_AppCohesion/created_id/markup_id' is visible

2018-10-24 15:13:47 - [TEST_STEP][PASSED] - verifyElementText: Actual text and expected text of test object 'Object Repository/retailer admin All Repo/Search Products Details/Page_AppCohesion/created_id/markup_id' are matched.

2018-10-24 15:13:47 - [MESSAGE][PASSED] - Actual text and expected text of test object 'Object Repository/retailer admin All Repo/Search Products Details/Page_AppCohesion/created_id/markup_id' are matched.

2018-10-24 15:13:47 - [TEST_STEP][PASSED] - verifyElementVisible: Object 'Object Repository/retailer admin All Repo/Search Products Details/Page_AppCohesion/created_id/amtpay_header' is visible

2018-10-24 15:13:47 - [MESSAGE][PASSED] - Object 'Object Repository/retailer admin All Repo/Search Products Details/Page_AppCohesion/created_id/amtpay_header' is visible

2018-10-24 15:13:47 - [TEST_STEP][PASSED] - verifyElementVisible: Object 'Object Repository/retailer admin All Repo/Search Products Details/Page_AppCohesion/created_id/amtpay_id' is visible

2018-10-24 15:13:47 - [MESSAGE][PASSED] - Object 'Object Repository/retailer admin All Repo/Search Products Details/Page_AppCohesion/created_id/amtpay_id' is visible

2018-10-24 15:13:47 - [TEST_STEP][PASSED] - verifyElementText: Actual text and expected text of test object 'Object Repository/retailer admin All Repo/Search Products Details/Page_AppCohesion/created_id/amtpay_id' are matched.

2018-10-24 15:13:47 - [MESSAGE][PASSED] - Actual text and expected text of test object 'Object Repository/retailer admin All Repo/Search Products Details/Page_AppCohesion/created_id/amtpay_id' are matched.

2018-10-24 15:13:47 - [TEST_STEP][NOT_RUN] - verifyElementVisible: NOT_RUN: verifyElementVisible

2018-10-24 15:13:47 - [MESSAGE][NOT_RUN] - NOT_RUN: verifyElementVisible

2018-10-24 15:13:47 - [TEST_STEP][NOT_RUN] - verifyElementText: NOT_RUN: verifyElementText

2018-10-24 15:13:47 - [MESSAGE][NOT_RUN] - NOT_RUN: verifyElementText

2018-10-24 15:13:47 - [TEST_STEP][PASSED] - verifyElementVisible: Object 'Object Repository/retailer admin All Repo/Search Products Details/Page_AppCohesion/created_id/quantity_id' is visible

2018-10-24 15:13:47 - [MESSAGE][PASSED] - Object 'Object Repository/retailer admin All Repo/Search Products Details/Page_AppCohesion/created_id/quantity_id' is visible

2018-10-24 15:13:47 - [TEST_STEP][PASSED] - verifyElementText: Actual text and expected text of test object 'Object Repository/retailer admin All Repo/Search Products Details/Page_AppCohesion/created_id/quantity_id' are matched.

2018-10-24 15:13:47 - [MESSAGE][PASSED] - Actual text and expected text of test object 'Object Repository/retailer admin All Repo/Search Products Details/Page_AppCohesion/created_id/quantity_id' are matched.

2018-10-24 15:13:47 - [TEST_STEP][PASSED] - verifyElementVisible: Object 'Object Repository/retailer admin All Repo/Search Products Details/Page_AppCohesion/created_id/product_specification' is visible

2018-10-24 15:13:47 - [MESSAGE][PASSED] - Object 'Object Repository/retailer admin All Repo/Search Products Details/Page_AppCohesion/created_id/product_specification' is visible

2018-10-24 15:13:47 - [TEST_STEP][PASSED] - verifyElementVisible: Object 'Object Repository/retailer admin All Repo/Search Products Details/Page_AppCohesion/a_Back to Search' is visible

2018-10-24 15:13:47 - [MESSAGE][PASSED] - Object 'Object Repository/retailer admin All Repo/Search Products Details/Page_AppCohesion/a_Back to Search' is visible

2018-10-24 15:13:47 - [TEST_STEP][PASSED] - click: Object: 'Object Repository/retailer admin All Repo/Search Products Details/Page_AppCohesion/a_Back to Search' is clicked on

2018-10-24 15:13:48 - [MESSAGE][PASSED] - Object: 'Object Repository/retailer admin All Repo/Search Products Details/Page_AppCohesion/a_Back to Search' is clicked on

2018-10-24 15:13:48 - [TEST_STEP][PASSED] - click: Object: 'Object Repository/retailer admin All Repo/retailer_order_placement/key_press_orderList/Page_AppCohesion/a_Dashboard              Dashb' is clicked on

2018-10-24 15:13:48 - [MESSAGE][PASSED] - Object: 'Object Repository/retailer admin All Repo/retailer_order_placement/key_press_orderList/Page_AppCohesion/a_Dashboard              Dashb' is clicked on

2018-10-24 15:13:48 - [TEST_STEP][PASSED] - verifyElementVisible: Object 'Object Repository/retailer admin All Repo/retailer_order_placement/key_press_orderList/Page_AppCohesion/a_Dashboard              Dashb' is visible

2018-10-24 15:13:48 - [MESSAGE][PASSED] - Object 'Object Repository/retailer admin All Repo/retailer_order_placement/key_press_orderList/Page_AppCohesion/a_Dashboard              Dashb' is visible

2018-10-24 15:13:48 - [TEST_STEP][PASSED] - Statement - java.lang.Thread.sleep(8000): Reading CSV file with source file 'comma', separator 'containing header' and '{2}'

2018-10-24 15:13:56 - [TEST_STEP][PASSED] - setText: Text 'SGSAR-T678CLPI' is set on object 'Object Repository/retailer admin All Repo/Search Products Details/Page_AppCohesion/input_Settings_searchproduct'

2018-10-24 15:13:56 - [MESSAGE][PASSED] - Text 'SGSAR-T678CLPI' is set on object 'Object Repository/retailer admin All Repo/Search Products Details/Page_AppCohesion/input_Settings_searchproduct'

2018-10-24 15:13:56 - [TEST_STEP][PASSED] - verifyElementVisible: Object 'Object Repository/retailer admin All Repo/Search Products Details/Page_AppCohesion/button_Settings_searchbutton' is visible

2018-10-24 15:13:56 - [MESSAGE][PASSED] - Object 'Object Repository/retailer admin All Repo/Search Products Details/Page_AppCohesion/button_Settings_searchbutton' is visible

2018-10-24 15:13:56 - [TEST_STEP][PASSED] - verifyElementVisible: Object 'Object Repository/retailer admin All Repo/Search Products Details/Page_AppCohesion/input_Settings_searchproduct' is visible

2018-10-24 15:13:56 - [MESSAGE][PASSED] - Object 'Object Repository/retailer admin All Repo/Search Products Details/Page_AppCohesion/input_Settings_searchproduct' is visible

2018-10-24 15:13:56 - [TEST_STEP][PASSED] - click: Object: 'Object Repository/retailer admin All Repo/Search Products Details/Page_AppCohesion/button_Settings_searchbutton' is clicked on

2018-10-24 15:13:56 - [MESSAGE][PASSED] - Object: 'Object Repository/retailer admin All Repo/Search Products Details/Page_AppCohesion/button_Settings_searchbutton' is clicked on

2018-10-24 15:13:56 - [TEST_STEP][PASSED] - waitForPageLoad: Wait for page load successfully

2018-10-24 15:13:56 - [MESSAGE][PASSED] - Wait for page load successfully

2018-10-24 15:13:56 - [TEST_STEP][PASSED] - verifyElementVisible: Object 'Object Repository/retailer admin All Repo/Search Products Details/Page_AppCohesion/created_id/product_details_rowid' is visible

2018-10-24 15:13:58 - [MESSAGE][PASSED] - Object 'Object Repository/retailer admin All Repo/Search Products Details/Page_AppCohesion/created_id/product_details_rowid' is visible

2018-10-24 15:13:58 - [TEST_STEP][PASSED] - click: Object: 'Object Repository/retailer admin All Repo/Search Products Details/Page_AppCohesion/created_id/product_details_rowid' is clicked on

2018-10-24 15:13:58 - [MESSAGE][PASSED] - Object: 'Object Repository/retailer admin All Repo/Search Products Details/Page_AppCohesion/created_id/product_details_rowid' is clicked on

2018-10-24 15:13:58 - [TEST_STEP][PASSED] - verifyElementVisible: Object 'Object Repository/retailer admin All Repo/Search Products Details/Page_AppCohesion/created_id/product_title' is visible

2018-10-24 15:14:01 - [MESSAGE][PASSED] - Object 'Object Repository/retailer admin All Repo/Search Products Details/Page_AppCohesion/created_id/product_title' is visible

2018-10-24 15:14:01 - [TEST_STEP][PASSED] - verifyElementText: Actual text and expected text of test object 'Object Repository/retailer admin All Repo/Search Products Details/Page_AppCohesion/created_id/product_title' are matched.

2018-10-24 15:14:01 - [MESSAGE][PASSED] - Actual text and expected text of test object 'Object Repository/retailer admin All Repo/Search Products Details/Page_AppCohesion/created_id/product_title' are matched.

2018-10-24 15:14:01 - [TEST_STEP][PASSED] - verifyElementVisible: Object 'Object Repository/retailer admin All Repo/Search Products Details/Page_AppCohesion/created_id/manufaturer_header' is visible

2018-10-24 15:14:01 - [MESSAGE][PASSED] - Object 'Object Repository/retailer admin All Repo/Search Products Details/Page_AppCohesion/created_id/manufaturer_header' is visible

2018-10-24 15:14:01 - [TEST_STEP][PASSED] - verifyElementVisible: Object 'Object Repository/retailer admin All Repo/Search Products Details/Page_AppCohesion/created_id/manufacture_partno_id' is visible

2018-10-24 15:14:01 - [MESSAGE][PASSED] - Object 'Object Repository/retailer admin All Repo/Search Products Details/Page_AppCohesion/created_id/manufacture_partno_id' is visible

2018-10-24 15:14:01 - [TEST_STEP][PASSED] - verifyElementText: Actual text and expected text of test object 'Object Repository/retailer admin All Repo/Search Products Details/Page_AppCohesion/created_id/manufacture_partno_id' are matched.

2018-10-24 15:14:01 - [MESSAGE][PASSED] - Actual text and expected text of test object 'Object Repository/retailer admin All Repo/Search Products Details/Page_AppCohesion/created_id/manufacture_partno_id' are matched.

2018-10-24 15:14:01 - [TEST_STEP][PASSED] - verifyElementVisible: Object 'Object Repository/retailer admin All Repo/Search Products Details/Page_AppCohesion/created_id/manufacture_name_header' is visible

2018-10-24 15:14:01 - [MESSAGE][PASSED] - Object 'Object Repository/retailer admin All Repo/Search Products Details/Page_AppCohesion/created_id/manufacture_name_header' is visible

2018-10-24 15:14:01 - [TEST_STEP][PASSED] - verifyElementVisible: Object 'Object Repository/retailer admin All Repo/Search Products Details/Page_AppCohesion/created_id/manufacture_name' is visible

2018-10-24 15:14:01 - [MESSAGE][PASSED] - Object 'Object Repository/retailer admin All Repo/Search Products Details/Page_AppCohesion/created_id/manufacture_name' is visible

2018-10-24 15:14:01 - [TEST_STEP][PASSED] - verifyElementText: Actual text and expected text of test object 'Object Repository/retailer admin All Repo/Search Products Details/Page_AppCohesion/created_id/manufacture_name' are matched.

2018-10-24 15:14:01 - [MESSAGE][PASSED] - Actual text and expected text of test object 'Object Repository/retailer admin All Repo/Search Products Details/Page_AppCohesion/created_id/manufacture_name' are matched.

2018-10-24 15:14:01 - [TEST_STEP][PASSED] - verifyElementVisible: Object 'Object Repository/retailer admin All Repo/Search Products Details/Page_AppCohesion/created_id/distributor_header' is visible

2018-10-24 15:14:01 - [MESSAGE][PASSED] - Object 'Object Repository/retailer admin All Repo/Search Products Details/Page_AppCohesion/created_id/distributor_header' is visible

2018-10-24 15:14:01 - [TEST_STEP][PASSED] - verifyElementVisible: Object 'Object Repository/retailer admin All Repo/Search Products Details/Page_AppCohesion/created_id/distributorname_id' is visible

2018-10-24 15:14:01 - [MESSAGE][PASSED] - Object 'Object Repository/retailer admin All Repo/Search Products Details/Page_AppCohesion/created_id/distributorname_id' is visible

2018-10-24 15:14:01 - [TEST_STEP][PASSED] - verifyElementText: Actual text and expected text of test object 'Object Repository/retailer admin All Repo/Search Products Details/Page_AppCohesion/created_id/distributorname_id' are matched.

2018-10-24 15:14:01 - [MESSAGE][PASSED] - Actual text and expected text of test object 'Object Repository/retailer admin All Repo/Search Products Details/Page_AppCohesion/created_id/distributorname_id' are matched.

2018-10-24 15:14:01 - [TEST_STEP][PASSED] - verifyElementVisible: Object 'Object Repository/retailer admin All Repo/Search Products Details/Page_AppCohesion/upc_header' is visible

2018-10-24 15:14:01 - [MESSAGE][PASSED] - Object 'Object Repository/retailer admin All Repo/Search Products Details/Page_AppCohesion/upc_header' is visible

2018-10-24 15:14:01 - [TEST_STEP][PASSED] - verifyElementVisible: Object 'Object Repository/retailer admin All Repo/Search Products Details/Page_AppCohesion/upc_noid' is visible

2018-10-24 15:14:01 - [MESSAGE][PASSED] - Object 'Object Repository/retailer admin All Repo/Search Products Details/Page_AppCohesion/upc_noid' is visible

2018-10-24 15:14:01 - [TEST_STEP][PASSED] - verifyElementText: Actual text and expected text of test object 'Object Repository/retailer admin All Repo/Search Products Details/Page_AppCohesion/upc_noid' are matched.

2018-10-24 15:14:01 - [MESSAGE][PASSED] - Actual text and expected text of test object 'Object Repository/retailer admin All Repo/Search Products Details/Page_AppCohesion/upc_noid' are matched.

2018-10-24 15:14:01 - [TEST_STEP][PASSED] - verifyElementVisible: Object 'Object Repository/retailer admin All Repo/Search Products Details/Page_AppCohesion/created_id/baseprice_header' is visible

2018-10-24 15:14:01 - [MESSAGE][PASSED] - Object 'Object Repository/retailer admin All Repo/Search Products Details/Page_AppCohesion/created_id/baseprice_header' is visible

2018-10-24 15:14:01 - [TEST_STEP][PASSED] - verifyElementVisible: Object 'Object Repository/retailer admin All Repo/Search Products Details/Page_AppCohesion/created_id/baseprice_id' is visible

2018-10-24 15:14:02 - [MESSAGE][PASSED] - Object 'Object Repository/retailer admin All Repo/Search Products Details/Page_AppCohesion/created_id/baseprice_id' is visible

2018-10-24 15:14:02 - [TEST_STEP][PASSED] - verifyElementText: Actual text and expected text of test object 'Object Repository/retailer admin All Repo/Search Products Details/Page_AppCohesion/created_id/baseprice_id' are matched.

2018-10-24 15:14:02 - [MESSAGE][PASSED] - Actual text and expected text of test object 'Object Repository/retailer admin All Repo/Search Products Details/Page_AppCohesion/created_id/baseprice_id' are matched.

2018-10-24 15:14:02 - [TEST_STEP][PASSED] - verifyElementVisible: Object 'Object Repository/retailer admin All Repo/Search Products Details/Page_AppCohesion/created_id/markup_header' is visible

2018-10-24 15:14:02 - [MESSAGE][PASSED] - Object 'Object Repository/retailer admin All Repo/Search Products Details/Page_AppCohesion/created_id/markup_header' is visible

2018-10-24 15:14:02 - [TEST_STEP][PASSED] - verifyElementVisible: Object 'Object Repository/retailer admin All Repo/Search Products Details/Page_AppCohesion/created_id/markup_id' is visible

2018-10-24 15:14:02 - [MESSAGE][PASSED] - Object 'Object Repository/retailer admin All Repo/Search Products Details/Page_AppCohesion/created_id/markup_id' is visible

2018-10-24 15:14:02 - [TEST_STEP][PASSED] - verifyElementText: Actual text and expected text of test object 'Object Repository/retailer admin All Repo/Search Products Details/Page_AppCohesion/created_id/markup_id' are matched.

2018-10-24 15:14:02 - [MESSAGE][PASSED] - Actual text and expected text of test object 'Object Repository/retailer admin All Repo/Search Products Details/Page_AppCohesion/created_id/markup_id' are matched.

2018-10-24 15:14:02 - [TEST_STEP][PASSED] - verifyElementVisible: Object 'Object Repository/retailer admin All Repo/Search Products Details/Page_AppCohesion/created_id/amtpay_header' is visible

2018-10-24 15:14:02 - [MESSAGE][PASSED] - Object 'Object Repository/retailer admin All Repo/Search Products Details/Page_AppCohesion/created_id/amtpay_header' is visible

2018-10-24 15:14:02 - [TEST_STEP][PASSED] - verifyElementVisible: Object 'Object Repository/retailer admin All Repo/Search Products Details/Page_AppCohesion/created_id/amtpay_id' is visible

2018-10-24 15:14:02 - [MESSAGE][PASSED] - Object 'Object Repository/retailer admin All Repo/Search Products Details/Page_AppCohesion/created_id/amtpay_id' is visible

2018-10-24 15:14:02 - [TEST_STEP][PASSED] - verifyElementText: Actual text and expected text of test object 'Object Repository/retailer admin All Repo/Search Products Details/Page_AppCohesion/created_id/amtpay_id' are matched.

2018-10-24 15:14:02 - [MESSAGE][PASSED] - Actual text and expected text of test object 'Object Repository/retailer admin All Repo/Search Products Details/Page_AppCohesion/created_id/amtpay_id' are matched.

2018-10-24 15:14:02 - [TEST_STEP][NOT_RUN] - verifyElementVisible: NOT_RUN: verifyElementVisible

2018-10-24 15:14:02 - [MESSAGE][NOT_RUN] - NOT_RUN: verifyElementVisible

2018-10-24 15:14:02 - [TEST_STEP][NOT_RUN] - verifyElementText: NOT_RUN: verifyElementText

2018-10-24 15:14:02 - [MESSAGE][NOT_RUN] - NOT_RUN: verifyElementText

2018-10-24 15:14:02 - [TEST_STEP][PASSED] - verifyElementVisible: Object 'Object Repository/retailer admin All Repo/Search Products Details/Page_AppCohesion/created_id/quantity_id' is visible

2018-10-24 15:14:02 - [MESSAGE][PASSED] - Object 'Object Repository/retailer admin All Repo/Search Products Details/Page_AppCohesion/created_id/quantity_id' is visible

2018-10-24 15:14:02 - [TEST_STEP][PASSED] - verifyElementText: Actual text and expected text of test object 'Object Repository/retailer admin All Repo/Search Products Details/Page_AppCohesion/created_id/quantity_id' are matched.

2018-10-24 15:14:02 - [MESSAGE][PASSED] - Actual text and expected text of test object 'Object Repository/retailer admin All Repo/Search Products Details/Page_AppCohesion/created_id/quantity_id' are matched.

2018-10-24 15:14:02 - [TEST_STEP][PASSED] - verifyElementVisible: Object 'Object Repository/retailer admin All Repo/Search Products Details/Page_AppCohesion/created_id/product_specification' is visible

2018-10-24 15:14:02 - [MESSAGE][PASSED] - Object 'Object Repository/retailer admin All Repo/Search Products Details/Page_AppCohesion/created_id/product_specification' is visible

2018-10-24 15:14:02 - [TEST_STEP][PASSED] - verifyElementVisible: Object 'Object Repository/retailer admin All Repo/Search Products Details/Page_AppCohesion/a_Back to Search' is visible

2018-10-24 15:14:02 - [MESSAGE][PASSED] - Object 'Object Repository/retailer admin All Repo/Search Products Details/Page_AppCohesion/a_Back to Search' is visible

2018-10-24 15:14:02 - [TEST_STEP][PASSED] - click: Object: 'Object Repository/retailer admin All Repo/Search Products Details/Page_AppCohesion/a_Back to Search' is clicked on

2018-10-24 15:14:02 - [MESSAGE][PASSED] - Object: 'Object Repository/retailer admin All Repo/Search Products Details/Page_AppCohesion/a_Back to Search' is clicked on

2018-10-24 15:14:02 - [TEST_STEP][PASSED] - click: Object: 'Object Repository/retailer admin All Repo/retailer_order_placement/key_press_orderList/Page_AppCohesion/a_Dashboard              Dashb' is clicked on

2018-10-24 15:14:02 - [MESSAGE][PASSED] - Object: 'Object Repository/retailer admin All Repo/retailer_order_placement/key_press_orderList/Page_AppCohesion/a_Dashboard              Dashb' is clicked on

2018-10-24 15:14:02 - [TEST_STEP][PASSED] - verifyElementVisible: Object 'Object Repository/retailer admin All Repo/retailer_order_placement/key_press_orderList/Page_AppCohesion/a_Dashboard              Dashb' is visible

2018-10-24 15:14:02 - [MESSAGE][PASSED] - Object 'Object Repository/retailer admin All Repo/retailer_order_placement/key_press_orderList/Page_AppCohesion/a_Dashboard              Dashb' is visible

2018-10-24 15:14:02 - [TEST_STEP][PASSED] - Statement - java.lang.Thread.sleep(8000): Reading CSV file with source file 'comma', separator 'containing header' and '{2}'

2018-10-24 15:14:10 - [TEST_STEP][PASSED] - setText: Text 'BNDRM-3TJZ4D5G' is set on object 'Object Repository/retailer admin All Repo/Search Products Details/Page_AppCohesion/input_Settings_searchproduct'

2018-10-24 15:14:10 - [MESSAGE][PASSED] - Text 'BNDRM-3TJZ4D5G' is set on object 'Object Repository/retailer admin All Repo/Search Products Details/Page_AppCohesion/input_Settings_searchproduct'

2018-10-24 15:14:10 - [TEST_STEP][PASSED] - verifyElementVisible: Object 'Object Repository/retailer admin All Repo/Search Products Details/Page_AppCohesion/button_Settings_searchbutton' is visible

2018-10-24 15:14:10 - [MESSAGE][PASSED] - Object 'Object Repository/retailer admin All Repo/Search Products Details/Page_AppCohesion/button_Settings_searchbutton' is visible

2018-10-24 15:14:10 - [TEST_STEP][PASSED] - verifyElementVisible: Object 'Object Repository/retailer admin All Repo/Search Products Details/Page_AppCohesion/input_Settings_searchproduct' is visible

2018-10-24 15:14:10 - [MESSAGE][PASSED] - Object 'Object Repository/retailer admin All Repo/Search Products Details/Page_AppCohesion/input_Settings_searchproduct' is visible

2018-10-24 15:14:10 - [TEST_STEP][PASSED] - click: Object: 'Object Repository/retailer admin All Repo/Search Products Details/Page_AppCohesion/button_Settings_searchbutton' is clicked on

2018-10-24 15:14:11 - [MESSAGE][PASSED] - Object: 'Object Repository/retailer admin All Repo/Search Products Details/Page_AppCohesion/button_Settings_searchbutton' is clicked on

2018-10-24 15:14:11 - [TEST_STEP][PASSED] - waitForPageLoad: Wait for page load successfully

2018-10-24 15:14:11 - [MESSAGE][PASSED] - Wait for page load successfully

2018-10-24 15:14:11 - [TEST_STEP][PASSED] - verifyElementVisible: Object 'Object Repository/retailer admin All Repo/Search Products Details/Page_AppCohesion/created_id/product_details_rowid' is visible

2018-10-24 15:14:13 - [MESSAGE][PASSED] - Object 'Object Repository/retailer admin All Repo/Search Products Details/Page_AppCohesion/created_id/product_details_rowid' is visible

2018-10-24 15:14:13 - [TEST_STEP][PASSED] - click: Object: 'Object Repository/retailer admin All Repo/Search Products Details/Page_AppCohesion/created_id/product_details_rowid' is clicked on

2018-10-24 15:14:13 - [MESSAGE][PASSED] - Object: 'Object Repository/retailer admin All Repo/Search Products Details/Page_AppCohesion/created_id/product_details_rowid' is clicked on

2018-10-24 15:14:13 - [TEST_STEP][PASSED] - verifyElementVisible: Object 'Object Repository/retailer admin All Repo/Search Products Details/Page_AppCohesion/created_id/product_title' is visible

2018-10-24 15:14:16 - [MESSAGE][PASSED] - Object 'Object Repository/retailer admin All Repo/Search Products Details/Page_AppCohesion/created_id/product_title' is visible

2018-10-24 15:14:16 - [TEST_STEP][PASSED] - verifyElementText: Actual text and expected text of test object 'Object Repository/retailer admin All Repo/Search Products Details/Page_AppCohesion/created_id/product_title' are matched.

2018-10-24 15:14:16 - [MESSAGE][PASSED] - Actual text and expected text of test object 'Object Repository/retailer admin All Repo/Search Products Details/Page_AppCohesion/created_id/product_title' are matched.

2018-10-24 15:14:16 - [TEST_STEP][PASSED] - verifyElementVisible: Object 'Object Repository/retailer admin All Repo/Search Products Details/Page_AppCohesion/created_id/manufaturer_header' is visible

2018-10-24 15:14:16 - [MESSAGE][PASSED] - Object 'Object Repository/retailer admin All Repo/Search Products Details/Page_AppCohesion/created_id/manufaturer_header' is visible

2018-10-24 15:14:16 - [TEST_STEP][PASSED] - verifyElementVisible: Object 'Object Repository/retailer admin All Repo/Search Products Details/Page_AppCohesion/created_id/manufacture_partno_id' is visible

2018-10-24 15:14:16 - [MESSAGE][PASSED] - Object 'Object Repository/retailer admin All Repo/Search Products Details/Page_AppCohesion/created_id/manufacture_partno_id' is visible

2018-10-24 15:14:16 - [TEST_STEP][PASSED] - verifyElementText: Actual text and expected text of test object 'Object Repository/retailer admin All Repo/Search Products Details/Page_AppCohesion/created_id/manufacture_partno_id' are matched.

2018-10-24 15:14:16 - [MESSAGE][PASSED] - Actual text and expected text of test object 'Object Repository/retailer admin All Repo/Search Products Details/Page_AppCohesion/created_id/manufacture_partno_id' are matched.

2018-10-24 15:14:16 - [TEST_STEP][PASSED] - verifyElementVisible: Object 'Object Repository/retailer admin All Repo/Search Products Details/Page_AppCohesion/created_id/manufacture_name_header' is visible

2018-10-24 15:14:16 - [MESSAGE][PASSED] - Object 'Object Repository/retailer admin All Repo/Search Products Details/Page_AppCohesion/created_id/manufacture_name_header' is visible

2018-10-24 15:14:16 - [TEST_STEP][PASSED] - verifyElementVisible: Object 'Object Repository/retailer admin All Repo/Search Products Details/Page_AppCohesion/created_id/manufacture_name' is visible

2018-10-24 15:14:16 - [MESSAGE][PASSED] - Object 'Object Repository/retailer admin All Repo/Search Products Details/Page_AppCohesion/created_id/manufacture_name' is visible

2018-10-24 15:14:16 - [TEST_STEP][PASSED] - verifyElementText: Actual text and expected text of test object 'Object Repository/retailer admin All Repo/Search Products Details/Page_AppCohesion/created_id/manufacture_name' are matched.

2018-10-24 15:14:16 - [MESSAGE][PASSED] - Actual text and expected text of test object 'Object Repository/retailer admin All Repo/Search Products Details/Page_AppCohesion/created_id/manufacture_name' are matched.

2018-10-24 15:14:16 - [TEST_STEP][PASSED] - verifyElementVisible: Object 'Object Repository/retailer admin All Repo/Search Products Details/Page_AppCohesion/created_id/distributor_header' is visible

2018-10-24 15:14:16 - [MESSAGE][PASSED] - Object 'Object Repository/retailer admin All Repo/Search Products Details/Page_AppCohesion/created_id/distributor_header' is visible

2018-10-24 15:14:16 - [TEST_STEP][PASSED] - verifyElementVisible: Object 'Object Repository/retailer admin All Repo/Search Products Details/Page_AppCohesion/created_id/distributorname_id' is visible

2018-10-24 15:14:16 - [MESSAGE][PASSED] - Object 'Object Repository/retailer admin All Repo/Search Products Details/Page_AppCohesion/created_id/distributorname_id' is visible

2018-10-24 15:14:16 - [TEST_STEP][PASSED] - verifyElementText: Actual text and expected text of test object 'Object Repository/retailer admin All Repo/Search Products Details/Page_AppCohesion/created_id/distributorname_id' are matched.

2018-10-24 15:14:16 - [MESSAGE][PASSED] - Actual text and expected text of test object 'Object Repository/retailer admin All Repo/Search Products Details/Page_AppCohesion/created_id/distributorname_id' are matched.

2018-10-24 15:14:16 - [TEST_STEP][PASSED] - verifyElementVisible: Object 'Object Repository/retailer admin All Repo/Search Products Details/Page_AppCohesion/upc_header' is visible

2018-10-24 15:14:16 - [MESSAGE][PASSED] - Object 'Object Repository/retailer admin All Repo/Search Products Details/Page_AppCohesion/upc_header' is visible

2018-10-24 15:14:16 - [TEST_STEP][PASSED] - verifyElementVisible: Object 'Object Repository/retailer admin All Repo/Search Products Details/Page_AppCohesion/upc_noid' is visible

2018-10-24 15:14:16 - [MESSAGE][PASSED] - Object 'Object Repository/retailer admin All Repo/Search Products Details/Page_AppCohesion/upc_noid' is visible

2018-10-24 15:14:16 - [TEST_STEP][PASSED] - verifyElementText: Actual text and expected text of test object 'Object Repository/retailer admin All Repo/Search Products Details/Page_AppCohesion/upc_noid' are matched.

2018-10-24 15:14:16 - [MESSAGE][PASSED] - Actual text and expected text of test object 'Object Repository/retailer admin All Repo/Search Products Details/Page_AppCohesion/upc_noid' are matched.

2018-10-24 15:14:16 - [TEST_STEP][PASSED] - verifyElementVisible: Object 'Object Repository/retailer admin All Repo/Search Products Details/Page_AppCohesion/created_id/baseprice_header' is visible

2018-10-24 15:14:16 - [MESSAGE][PASSED] - Object 'Object Repository/retailer admin All Repo/Search Products Details/Page_AppCohesion/created_id/baseprice_header' is visible

2018-10-24 15:14:16 - [TEST_STEP][PASSED] - verifyElementVisible: Object 'Object Repository/retailer admin All Repo/Search Products Details/Page_AppCohesion/created_id/baseprice_id' is visible

2018-10-24 15:14:16 - [MESSAGE][PASSED] - Object 'Object Repository/retailer admin All Repo/Search Products Details/Page_AppCohesion/created_id/baseprice_id' is visible

2018-10-24 15:14:16 - [TEST_STEP][PASSED] - verifyElementText: Actual text and expected text of test object 'Object Repository/retailer admin All Repo/Search Products Details/Page_AppCohesion/created_id/baseprice_id' are matched.

2018-10-24 15:14:16 - [MESSAGE][PASSED] - Actual text and expected text of test object 'Object Repository/retailer admin All Repo/Search Products Details/Page_AppCohesion/created_id/baseprice_id' are matched.

2018-10-24 15:14:16 - [TEST_STEP][PASSED] - verifyElementVisible: Object 'Object Repository/retailer admin All Repo/Search Products Details/Page_AppCohesion/created_id/markup_header' is visible

2018-10-24 15:14:16 - [MESSAGE][PASSED] - Object 'Object Repository/retailer admin All Repo/Search Products Details/Page_AppCohesion/created_id/markup_header' is visible

2018-10-24 15:14:16 - [TEST_STEP][PASSED] - verifyElementVisible: Object 'Object Repository/retailer admin All Repo/Search Products Details/Page_AppCohesion/created_id/markup_id' is visible

2018-10-24 15:14:17 - [MESSAGE][PASSED] - Object 'Object Repository/retailer admin All Repo/Search Products Details/Page_AppCohesion/created_id/markup_id' is visible

2018-10-24 15:14:17 - [TEST_STEP][PASSED] - verifyElementText: Actual text and expected text of test object 'Object Repository/retailer admin All Repo/Search Products Details/Page_AppCohesion/created_id/markup_id' are matched.

2018-10-24 15:14:17 - [MESSAGE][PASSED] - Actual text and expected text of test object 'Object Repository/retailer admin All Repo/Search Products Details/Page_AppCohesion/created_id/markup_id' are matched.

2018-10-24 15:14:17 - [TEST_STEP][PASSED] - verifyElementVisible: Object 'Object Repository/retailer admin All Repo/Search Products Details/Page_AppCohesion/created_id/amtpay_header' is visible

2018-10-24 15:14:17 - [MESSAGE][PASSED] - Object 'Object Repository/retailer admin All Repo/Search Products Details/Page_AppCohesion/created_id/amtpay_header' is visible

2018-10-24 15:14:17 - [TEST_STEP][PASSED] - verifyElementVisible: Object 'Object Repository/retailer admin All Repo/Search Products Details/Page_AppCohesion/created_id/amtpay_id' is visible

2018-10-24 15:14:17 - [MESSAGE][PASSED] - Object 'Object Repository/retailer admin All Repo/Search Products Details/Page_AppCohesion/created_id/amtpay_id' is visible

2018-10-24 15:14:17 - [TEST_STEP][PASSED] - verifyElementText: Actual text and expected text of test object 'Object Repository/retailer admin All Repo/Search Products Details/Page_AppCohesion/created_id/amtpay_id' are matched.

2018-10-24 15:14:17 - [MESSAGE][PASSED] - Actual text and expected text of test object 'Object Repository/retailer admin All Repo/Search Products Details/Page_AppCohesion/created_id/amtpay_id' are matched.

2018-10-24 15:14:17 - [TEST_STEP][NOT_RUN] - verifyElementVisible: NOT_RUN: verifyElementVisible

2018-10-24 15:14:17 - [MESSAGE][NOT_RUN] - NOT_RUN: verifyElementVisible

2018-10-24 15:14:17 - [TEST_STEP][NOT_RUN] - verifyElementText: NOT_RUN: verifyElementText

2018-10-24 15:14:17 - [MESSAGE][NOT_RUN] - NOT_RUN: verifyElementText

2018-10-24 15:14:17 - [TEST_STEP][PASSED] - verifyElementVisible: Object 'Object Repository/retailer admin All Repo/Search Products Details/Page_AppCohesion/created_id/quantity_id' is visible

2018-10-24 15:14:17 - [MESSAGE][PASSED] - Object 'Object Repository/retailer admin All Repo/Search Products Details/Page_AppCohesion/created_id/quantity_id' is visible

2018-10-24 15:14:17 - [TEST_STEP][PASSED] - verifyElementText: Actual text and expected text of test object 'Object Repository/retailer admin All Repo/Search Products Details/Page_AppCohesion/created_id/quantity_id' are matched.

2018-10-24 15:14:17 - [MESSAGE][PASSED] - Actual text and expected text of test object 'Object Repository/retailer admin All Repo/Search Products Details/Page_AppCohesion/created_id/quantity_id' are matched.

2018-10-24 15:14:17 - [TEST_STEP][PASSED] - verifyElementVisible: Object 'Object Repository/retailer admin All Repo/Search Products Details/Page_AppCohesion/created_id/product_specification' is visible

2018-10-24 15:14:17 - [MESSAGE][PASSED] - Object 'Object Repository/retailer admin All Repo/Search Products Details/Page_AppCohesion/created_id/product_specification' is visible

2018-10-24 15:14:17 - [TEST_STEP][PASSED] - verifyElementVisible: Object 'Object Repository/retailer admin All Repo/Search Products Details/Page_AppCohesion/a_Back to Search' is visible

2018-10-24 15:14:17 - [MESSAGE][PASSED] - Object 'Object Repository/retailer admin All Repo/Search Products Details/Page_AppCohesion/a_Back to Search' is visible

2018-10-24 15:14:17 - [TEST_STEP][PASSED] - click: Object: 'Object Repository/retailer admin All Repo/Search Products Details/Page_AppCohesion/a_Back to Search' is clicked on

2018-10-24 15:14:17 - [MESSAGE][PASSED] - Object: 'Object Repository/retailer admin All Repo/Search Products Details/Page_AppCohesion/a_Back to Search' is clicked on

2018-10-24 15:14:17 - [TEST_STEP][PASSED] - click: Object: 'Object Repository/retailer admin All Repo/retailer_order_placement/key_press_orderList/Page_AppCohesion/a_Dashboard              Dashb' is clicked on

2018-10-24 15:14:17 - [MESSAGE][PASSED] - Object: 'Object Repository/retailer admin All Repo/retailer_order_placement/key_press_orderList/Page_AppCohesion/a_Dashboard              Dashb' is clicked on

2018-10-24 15:14:17 - [TEST_STEP][PASSED] - verifyElementVisible: Object 'Object Repository/retailer admin All Repo/retailer_order_placement/key_press_orderList/Page_AppCohesion/a_Dashboard              Dashb' is visible

2018-10-24 15:14:17 - [MESSAGE][PASSED] - Object 'Object Repository/retailer admin All Repo/retailer_order_placement/key_press_orderList/Page_AppCohesion/a_Dashboard              Dashb' is visible

2018-10-24 15:14:17 - [TEST_STEP][PASSED] - Statement - java.lang.Thread.sleep(8000): Reading CSV file with source file 'comma', separator 'containing header' and '{2}']]></system-out>
         <system-err><![CDATA[]]></system-err>
      </testcase>
      <testcase name="Test Cases/RetailerAdmin_Login_All_Functionality/Product_details/search_products_details_datafile" classname="Test Cases/RetailerAdmin_Login_All_Functionality/Product_details/search_products_details_datafile" status="FAILED">
         <failure type="FAILED" message="(Stack trace: com.kms.katalon.core.exception.StepFailedException: Verify element text of test object 'Object Repository/retailer admin All Repo/Search Products Details/Page_AppCohesion/created_id/product_title' FAILED. (Root cause: Actual text 'Thompson Center Compass' and expected text 'Sig Sauer P938 P938' of test object 'Object Repository/retailer admin All Repo/Search Products Details/Page_AppCohesion/created_id/product_title' are NOT matched.)
	at com.kms.katalon.core.keyword.internal.KeywordMain.stepFailed(KeywordMain.groovy:36)
	at com.kms.katalon.core.webui.keyword.internal.WebUIKeywordMain.stepFailed(WebUIKeywordMain.groovy:65)
	at com.kms.katalon.core.webui.keyword.internal.WebUIKeywordMain.runKeyword(WebUIKeywordMain.groovy:27)
	at com.kms.katalon.core.webui.keyword.builtin.VerifyElementTextKeyword.verifyElementText(VerifyElementTextKeyword.groovy:72)
	at com.kms.katalon.core.webui.keyword.builtin.VerifyElementTextKeyword.execute(VerifyElementTextKeyword.groovy:40)
	at com.kms.katalon.core.keyword.internal.KeywordExecutor.executeKeywordForPlatform(KeywordExecutor.groovy:53)
	at com.kms.katalon.core.webui.keyword.WebUiBuiltInKeywords.verifyElementText(WebUiBuiltInKeywords.groovy:3663)
	at com.kms.katalon.core.webui.keyword.WebUiBuiltInKeywords$verifyElementText$6.call(Unknown Source)
	at Script1539685445871.run(Script1539685445871.groovy:41)
	at com.kms.katalon.core.main.ScriptEngine.run(ScriptEngine.java:183)
	at com.kms.katalon.core.main.ScriptEngine.runScriptAsRawText(ScriptEngine.java:108)
	at com.kms.katalon.core.main.TestCaseExecutor.runScript(TestCaseExecutor.java:294)
	at com.kms.katalon.core.main.TestCaseExecutor.doExecute(TestCaseExecutor.java:285)
	at com.kms.katalon.core.main.TestCaseExecutor.processExecutionPhase(TestCaseExecutor.java:264)
	at com.kms.katalon.core.main.TestCaseExecutor.accessMainPhase(TestCaseExecutor.java:256)
	at com.kms.katalon.core.main.TestCaseExecutor.execute(TestCaseExecutor.java:200)
	at com.kms.katalon.core.main.TestSuiteExecutor.accessTestCaseMainPhase(TestSuiteExecutor.java:129)
	at com.kms.katalon.core.main.TestSuiteExecutor.accessTestSuiteMainPhase(TestSuiteExecutor.java:112)
	at com.kms.katalon.core.main.TestSuiteExecutor.execute(TestSuiteExecutor.java:81)
	at com.kms.katalon.core.main.TestCaseMain.startTestSuite(TestCaseMain.java:142)
	at com.kms.katalon.core.main.TestCaseMain$startTestSuite$0.call(Unknown Source)
	at org.codehaus.groovy.runtime.callsite.CallSiteArray.defaultCall(CallSiteArray.java:48)
	at org.codehaus.groovy.runtime.callsite.AbstractCallSite.call(AbstractCallSite.java:113)
	at org.codehaus.groovy.runtime.callsite.AbstractCallSite.call(AbstractCallSite.java:141)
	at TempTestSuite1540374143533.run(TempTestSuite1540374143533.groovy:36)
	at groovy.lang.GroovyShell.runScriptOrMainOrTestOrRunnable(GroovyShell.java:263)
	at groovy.lang.GroovyShell.run(GroovyShell.java:518)
	at groovy.lang.GroovyShell.run(GroovyShell.java:507)
	at groovy.ui.GroovyMain.processOnce(GroovyMain.java:653)
	at groovy.ui.GroovyMain.run(GroovyMain.java:384)
	at groovy.ui.GroovyMain.process(GroovyMain.java:370)
	at groovy.ui.GroovyMain.processArgs(GroovyMain.java:129)
	at groovy.ui.GroovyMain.main(GroovyMain.java:109)
	at sun.reflect.NativeMethodAccessorImpl.invoke0(Native Method)
	at sun.reflect.NativeMethodAccessorImpl.invoke(NativeMethodAccessorImpl.java:62)
	at sun.reflect.DelegatingMethodAccessorImpl.invoke(DelegatingMethodAccessorImpl.java:43)
	at java.lang.reflect.Method.invoke(Method.java:498)
	at org.codehaus.groovy.tools.GroovyStarter.rootLoader(GroovyStarter.java:109)
	at org.codehaus.groovy.tools.GroovyStarter.main(GroovyStarter.java:131)
)"/>
         <system-out><![CDATA[2018-10-24 15:14:25 - [TEST_CASE][FAILED] - Test Cases/RetailerAdmin_Login_All_Functionality/Product_details/search_products_details_datafile: Test Cases/RetailerAdmin_Login_All_Functionality/Product_details/search_products_details_datafile FAILED because (of) (Stack trace: com.kms.katalon.core.exception.StepFailedException: Verify element text of test object 'Object Repository/retailer admin All Repo/Search Products Details/Page_AppCohesion/created_id/product_title' FAILED. (Root cause: Actual text 'Thompson Center Compass' and expected text 'Sig Sauer P938 P938' of test object 'Object Repository/retailer admin All Repo/Search Products Details/Page_AppCohesion/created_id/product_title' are NOT matched.)
	at com.kms.katalon.core.keyword.internal.KeywordMain.stepFailed(KeywordMain.groovy:36)
	at com.kms.katalon.core.webui.keyword.internal.WebUIKeywordMain.stepFailed(WebUIKeywordMain.groovy:65)
	at com.kms.katalon.core.webui.keyword.internal.WebUIKeywordMain.runKeyword(WebUIKeywordMain.groovy:27)
	at com.kms.katalon.core.webui.keyword.builtin.VerifyElementTextKeyword.verifyElementText(VerifyElementTextKeyword.groovy:72)
	at com.kms.katalon.core.webui.keyword.builtin.VerifyElementTextKeyword.execute(VerifyElementTextKeyword.groovy:40)
	at com.kms.katalon.core.keyword.internal.KeywordExecutor.executeKeywordForPlatform(KeywordExecutor.groovy:53)
	at com.kms.katalon.core.webui.keyword.WebUiBuiltInKeywords.verifyElementText(WebUiBuiltInKeywords.groovy:3663)
	at com.kms.katalon.core.webui.keyword.WebUiBuiltInKeywords$verifyElementText$6.call(Unknown Source)
	at Script1539685445871.run(Script1539685445871.groovy:41)
	at com.kms.katalon.core.main.ScriptEngine.run(ScriptEngine.java:183)
	at com.kms.katalon.core.main.ScriptEngine.runScriptAsRawText(ScriptEngine.java:108)
	at com.kms.katalon.core.main.TestCaseExecutor.runScript(TestCaseExecutor.java:294)
	at com.kms.katalon.core.main.TestCaseExecutor.doExecute(TestCaseExecutor.java:285)
	at com.kms.katalon.core.main.TestCaseExecutor.processExecutionPhase(TestCaseExecutor.java:264)
	at com.kms.katalon.core.main.TestCaseExecutor.accessMainPhase(TestCaseExecutor.java:256)
	at com.kms.katalon.core.main.TestCaseExecutor.execute(TestCaseExecutor.java:200)
	at com.kms.katalon.core.main.TestSuiteExecutor.accessTestCaseMainPhase(TestSuiteExecutor.java:129)
	at com.kms.katalon.core.main.TestSuiteExecutor.accessTestSuiteMainPhase(TestSuiteExecutor.java:112)
	at com.kms.katalon.core.main.TestSuiteExecutor.execute(TestSuiteExecutor.java:81)
	at com.kms.katalon.core.main.TestCaseMain.startTestSuite(TestCaseMain.java:142)
	at com.kms.katalon.core.main.TestCaseMain$startTestSuite$0.call(Unknown Source)
	at org.codehaus.groovy.runtime.callsite.CallSiteArray.defaultCall(CallSiteArray.java:48)
	at org.codehaus.groovy.runtime.callsite.AbstractCallSite.call(AbstractCallSite.java:113)
	at org.codehaus.groovy.runtime.callsite.AbstractCallSite.call(AbstractCallSite.java:141)
	at TempTestSuite1540374143533.run(TempTestSuite1540374143533.groovy:36)
	at groovy.lang.GroovyShell.runScriptOrMainOrTestOrRunnable(GroovyShell.java:263)
	at groovy.lang.GroovyShell.run(GroovyShell.java:518)
	at groovy.lang.GroovyShell.run(GroovyShell.java:507)
	at groovy.ui.GroovyMain.processOnce(GroovyMain.java:653)
	at groovy.ui.GroovyMain.run(GroovyMain.java:384)
	at groovy.ui.GroovyMain.process(GroovyMain.java:370)
	at groovy.ui.GroovyMain.processArgs(GroovyMain.java:129)
	at groovy.ui.GroovyMain.main(GroovyMain.java:109)
	at sun.reflect.NativeMethodAccessorImpl.invoke0(Native Method)
	at sun.reflect.NativeMethodAccessorImpl.invoke(NativeMethodAccessorImpl.java:62)
	at sun.reflect.DelegatingMethodAccessorImpl.invoke(DelegatingMethodAccessorImpl.java:43)
	at java.lang.reflect.Method.invoke(Method.java:498)
	at org.codehaus.groovy.tools.GroovyStarter.rootLoader(GroovyStarter.java:109)
	at org.codehaus.groovy.tools.GroovyStarter.main(GroovyStarter.java:131)
)

2018-10-24 15:14:25 - [TEST_STEP][NOT_RUN] - callTestCase: NOT_RUN: callTestCase

2018-10-24 15:14:25 - [MESSAGE][NOT_RUN] - NOT_RUN: callTestCase

2018-10-24 15:14:25 - [TEST_STEP][FAILED] - Statement - For ([rowNum = 1, rowNum <= com.kms.katalon.core.testdata.TestDataFactory.findTestData(productdetailsdata).getRowNumbers(), (rowNum++)]): Verify element text of test object 'Object Repository/retailer admin All Repo/Search Products Details/Page_AppCohesion/created_id/product_title' FAILED. (Root cause: Actual text 'Thompson Center Compass' and expected text 'Sig Sauer P938 P938' of test object 'Object Repository/retailer admin All Repo/Search Products Details/Page_AppCohesion/created_id/product_title' are NOT matched.)

2018-10-24 15:14:25 - [TEST_STEP][PASSED] - setText: Text 'RUGER-UCSR7GCZ' is set on object 'Object Repository/retailer admin All Repo/Search Products Details/Page_AppCohesion/input_Settings_searchproduct'

2018-10-24 15:14:25 - [MESSAGE][PASSED] - Text 'RUGER-UCSR7GCZ' is set on object 'Object Repository/retailer admin All Repo/Search Products Details/Page_AppCohesion/input_Settings_searchproduct'

2018-10-24 15:14:25 - [TEST_STEP][PASSED] - verifyElementVisible: Object 'Object Repository/retailer admin All Repo/Search Products Details/Page_AppCohesion/button_Settings_searchbutton' is visible

2018-10-24 15:14:25 - [MESSAGE][PASSED] - Object 'Object Repository/retailer admin All Repo/Search Products Details/Page_AppCohesion/button_Settings_searchbutton' is visible

2018-10-24 15:14:25 - [TEST_STEP][PASSED] - verifyElementVisible: Object 'Object Repository/retailer admin All Repo/Search Products Details/Page_AppCohesion/input_Settings_searchproduct' is visible

2018-10-24 15:14:25 - [MESSAGE][PASSED] - Object 'Object Repository/retailer admin All Repo/Search Products Details/Page_AppCohesion/input_Settings_searchproduct' is visible

2018-10-24 15:14:25 - [TEST_STEP][PASSED] - click: Object: 'Object Repository/retailer admin All Repo/Search Products Details/Page_AppCohesion/button_Settings_searchbutton' is clicked on

2018-10-24 15:14:25 - [MESSAGE][PASSED] - Object: 'Object Repository/retailer admin All Repo/Search Products Details/Page_AppCohesion/button_Settings_searchbutton' is clicked on

2018-10-24 15:14:25 - [TEST_STEP][PASSED] - waitForPageLoad: Wait for page load successfully

2018-10-24 15:14:25 - [MESSAGE][PASSED] - Wait for page load successfully

2018-10-24 15:14:25 - [TEST_STEP][PASSED] - verifyElementVisible: Object 'Object Repository/retailer admin All Repo/Search Products Details/Page_AppCohesion/created_id/product_details_rowid' is visible

2018-10-24 15:14:27 - [MESSAGE][PASSED] - Object 'Object Repository/retailer admin All Repo/Search Products Details/Page_AppCohesion/created_id/product_details_rowid' is visible

2018-10-24 15:14:27 - [TEST_STEP][PASSED] - click: Object: 'Object Repository/retailer admin All Repo/Search Products Details/Page_AppCohesion/created_id/product_details_rowid' is clicked on

2018-10-24 15:14:28 - [MESSAGE][PASSED] - Object: 'Object Repository/retailer admin All Repo/Search Products Details/Page_AppCohesion/created_id/product_details_rowid' is clicked on

2018-10-24 15:14:28 - [TEST_STEP][PASSED] - verifyElementVisible: Object 'Object Repository/retailer admin All Repo/Search Products Details/Page_AppCohesion/created_id/product_title' is visible

2018-10-24 15:14:30 - [MESSAGE][PASSED] - Object 'Object Repository/retailer admin All Repo/Search Products Details/Page_AppCohesion/created_id/product_title' is visible

2018-10-24 15:14:30 - [TEST_STEP][PASSED] - verifyElementText: Actual text and expected text of test object 'Object Repository/retailer admin All Repo/Search Products Details/Page_AppCohesion/created_id/product_title' are matched.

2018-10-24 15:14:30 - [MESSAGE][PASSED] - Actual text and expected text of test object 'Object Repository/retailer admin All Repo/Search Products Details/Page_AppCohesion/created_id/product_title' are matched.

2018-10-24 15:14:30 - [TEST_STEP][PASSED] - verifyElementVisible: Object 'Object Repository/retailer admin All Repo/Search Products Details/Page_AppCohesion/created_id/manufaturer_header' is visible

2018-10-24 15:14:30 - [MESSAGE][PASSED] - Object 'Object Repository/retailer admin All Repo/Search Products Details/Page_AppCohesion/created_id/manufaturer_header' is visible

2018-10-24 15:14:30 - [TEST_STEP][PASSED] - verifyElementVisible: Object 'Object Repository/retailer admin All Repo/Search Products Details/Page_AppCohesion/created_id/manufacture_partno_id' is visible

2018-10-24 15:14:30 - [MESSAGE][PASSED] - Object 'Object Repository/retailer admin All Repo/Search Products Details/Page_AppCohesion/created_id/manufacture_partno_id' is visible

2018-10-24 15:14:30 - [TEST_STEP][PASSED] - verifyElementText: Actual text and expected text of test object 'Object Repository/retailer admin All Repo/Search Products Details/Page_AppCohesion/created_id/manufacture_partno_id' are matched.

2018-10-24 15:14:30 - [MESSAGE][PASSED] - Actual text and expected text of test object 'Object Repository/retailer admin All Repo/Search Products Details/Page_AppCohesion/created_id/manufacture_partno_id' are matched.

2018-10-24 15:14:30 - [TEST_STEP][PASSED] - verifyElementVisible: Object 'Object Repository/retailer admin All Repo/Search Products Details/Page_AppCohesion/created_id/manufacture_name_header' is visible

2018-10-24 15:14:30 - [MESSAGE][PASSED] - Object 'Object Repository/retailer admin All Repo/Search Products Details/Page_AppCohesion/created_id/manufacture_name_header' is visible

2018-10-24 15:14:30 - [TEST_STEP][PASSED] - verifyElementVisible: Object 'Object Repository/retailer admin All Repo/Search Products Details/Page_AppCohesion/created_id/manufacture_name' is visible

2018-10-24 15:14:30 - [MESSAGE][PASSED] - Object 'Object Repository/retailer admin All Repo/Search Products Details/Page_AppCohesion/created_id/manufacture_name' is visible

2018-10-24 15:14:30 - [TEST_STEP][PASSED] - verifyElementText: Actual text and expected text of test object 'Object Repository/retailer admin All Repo/Search Products Details/Page_AppCohesion/created_id/manufacture_name' are matched.

2018-10-24 15:14:30 - [MESSAGE][PASSED] - Actual text and expected text of test object 'Object Repository/retailer admin All Repo/Search Products Details/Page_AppCohesion/created_id/manufacture_name' are matched.

2018-10-24 15:14:30 - [TEST_STEP][PASSED] - verifyElementVisible: Object 'Object Repository/retailer admin All Repo/Search Products Details/Page_AppCohesion/created_id/distributor_header' is visible

2018-10-24 15:14:30 - [MESSAGE][PASSED] - Object 'Object Repository/retailer admin All Repo/Search Products Details/Page_AppCohesion/created_id/distributor_header' is visible

2018-10-24 15:14:30 - [TEST_STEP][PASSED] - verifyElementVisible: Object 'Object Repository/retailer admin All Repo/Search Products Details/Page_AppCohesion/created_id/distributorname_id' is visible

2018-10-24 15:14:30 - [MESSAGE][PASSED] - Object 'Object Repository/retailer admin All Repo/Search Products Details/Page_AppCohesion/created_id/distributorname_id' is visible

2018-10-24 15:14:30 - [TEST_STEP][PASSED] - verifyElementText: Actual text and expected text of test object 'Object Repository/retailer admin All Repo/Search Products Details/Page_AppCohesion/created_id/distributorname_id' are matched.

2018-10-24 15:14:30 - [MESSAGE][PASSED] - Actual text and expected text of test object 'Object Repository/retailer admin All Repo/Search Products Details/Page_AppCohesion/created_id/distributorname_id' are matched.

2018-10-24 15:14:30 - [TEST_STEP][PASSED] - verifyElementVisible: Object 'Object Repository/retailer admin All Repo/Search Products Details/Page_AppCohesion/upc_header' is visible

2018-10-24 15:14:30 - [MESSAGE][PASSED] - Object 'Object Repository/retailer admin All Repo/Search Products Details/Page_AppCohesion/upc_header' is visible

2018-10-24 15:14:30 - [TEST_STEP][PASSED] - verifyElementVisible: Object 'Object Repository/retailer admin All Repo/Search Products Details/Page_AppCohesion/upc_noid' is visible

2018-10-24 15:14:30 - [MESSAGE][PASSED] - Object 'Object Repository/retailer admin All Repo/Search Products Details/Page_AppCohesion/upc_noid' is visible

2018-10-24 15:14:30 - [TEST_STEP][PASSED] - verifyElementText: Actual text and expected text of test object 'Object Repository/retailer admin All Repo/Search Products Details/Page_AppCohesion/upc_noid' are matched.

2018-10-24 15:14:30 - [MESSAGE][PASSED] - Actual text and expected text of test object 'Object Repository/retailer admin All Repo/Search Products Details/Page_AppCohesion/upc_noid' are matched.

2018-10-24 15:14:30 - [TEST_STEP][PASSED] - verifyElementVisible: Object 'Object Repository/retailer admin All Repo/Search Products Details/Page_AppCohesion/created_id/baseprice_header' is visible

2018-10-24 15:14:30 - [MESSAGE][PASSED] - Object 'Object Repository/retailer admin All Repo/Search Products Details/Page_AppCohesion/created_id/baseprice_header' is visible

2018-10-24 15:14:30 - [TEST_STEP][PASSED] - verifyElementVisible: Object 'Object Repository/retailer admin All Repo/Search Products Details/Page_AppCohesion/created_id/baseprice_id' is visible

2018-10-24 15:14:30 - [MESSAGE][PASSED] - Object 'Object Repository/retailer admin All Repo/Search Products Details/Page_AppCohesion/created_id/baseprice_id' is visible

2018-10-24 15:14:30 - [TEST_STEP][PASSED] - verifyElementText: Actual text and expected text of test object 'Object Repository/retailer admin All Repo/Search Products Details/Page_AppCohesion/created_id/baseprice_id' are matched.

2018-10-24 15:14:30 - [MESSAGE][PASSED] - Actual text and expected text of test object 'Object Repository/retailer admin All Repo/Search Products Details/Page_AppCohesion/created_id/baseprice_id' are matched.

2018-10-24 15:14:30 - [TEST_STEP][PASSED] - verifyElementVisible: Object 'Object Repository/retailer admin All Repo/Search Products Details/Page_AppCohesion/created_id/markup_header' is visible

2018-10-24 15:14:30 - [MESSAGE][PASSED] - Object 'Object Repository/retailer admin All Repo/Search Products Details/Page_AppCohesion/created_id/markup_header' is visible

2018-10-24 15:14:30 - [TEST_STEP][PASSED] - verifyElementVisible: Object 'Object Repository/retailer admin All Repo/Search Products Details/Page_AppCohesion/created_id/markup_id' is visible

2018-10-24 15:14:30 - [MESSAGE][PASSED] - Object 'Object Repository/retailer admin All Repo/Search Products Details/Page_AppCohesion/created_id/markup_id' is visible

2018-10-24 15:14:30 - [TEST_STEP][PASSED] - verifyElementText: Actual text and expected text of test object 'Object Repository/retailer admin All Repo/Search Products Details/Page_AppCohesion/created_id/markup_id' are matched.

2018-10-24 15:14:30 - [MESSAGE][PASSED] - Actual text and expected text of test object 'Object Repository/retailer admin All Repo/Search Products Details/Page_AppCohesion/created_id/markup_id' are matched.

2018-10-24 15:14:30 - [TEST_STEP][PASSED] - verifyElementVisible: Object 'Object Repository/retailer admin All Repo/Search Products Details/Page_AppCohesion/created_id/amtpay_header' is visible

2018-10-24 15:14:30 - [MESSAGE][PASSED] - Object 'Object Repository/retailer admin All Repo/Search Products Details/Page_AppCohesion/created_id/amtpay_header' is visible

2018-10-24 15:14:30 - [TEST_STEP][PASSED] - verifyElementVisible: Object 'Object Repository/retailer admin All Repo/Search Products Details/Page_AppCohesion/created_id/amtpay_id' is visible

2018-10-24 15:14:30 - [MESSAGE][PASSED] - Object 'Object Repository/retailer admin All Repo/Search Products Details/Page_AppCohesion/created_id/amtpay_id' is visible

2018-10-24 15:14:30 - [TEST_STEP][PASSED] - verifyElementText: Actual text and expected text of test object 'Object Repository/retailer admin All Repo/Search Products Details/Page_AppCohesion/created_id/amtpay_id' are matched.

2018-10-24 15:14:30 - [MESSAGE][PASSED] - Actual text and expected text of test object 'Object Repository/retailer admin All Repo/Search Products Details/Page_AppCohesion/created_id/amtpay_id' are matched.

2018-10-24 15:14:30 - [TEST_STEP][NOT_RUN] - verifyElementVisible: NOT_RUN: verifyElementVisible

2018-10-24 15:14:30 - [MESSAGE][NOT_RUN] - NOT_RUN: verifyElementVisible

2018-10-24 15:14:30 - [TEST_STEP][NOT_RUN] - verifyElementText: NOT_RUN: verifyElementText

2018-10-24 15:14:30 - [MESSAGE][NOT_RUN] - NOT_RUN: verifyElementText

2018-10-24 15:14:30 - [TEST_STEP][PASSED] - verifyElementVisible: Object 'Object Repository/retailer admin All Repo/Search Products Details/Page_AppCohesion/created_id/quantity_id' is visible

2018-10-24 15:14:31 - [MESSAGE][PASSED] - Object 'Object Repository/retailer admin All Repo/Search Products Details/Page_AppCohesion/created_id/quantity_id' is visible

2018-10-24 15:14:31 - [TEST_STEP][PASSED] - verifyElementText: Actual text and expected text of test object 'Object Repository/retailer admin All Repo/Search Products Details/Page_AppCohesion/created_id/quantity_id' are matched.

2018-10-24 15:14:31 - [MESSAGE][PASSED] - Actual text and expected text of test object 'Object Repository/retailer admin All Repo/Search Products Details/Page_AppCohesion/created_id/quantity_id' are matched.

2018-10-24 15:14:31 - [TEST_STEP][PASSED] - verifyElementVisible: Object 'Object Repository/retailer admin All Repo/Search Products Details/Page_AppCohesion/created_id/product_specification' is visible

2018-10-24 15:14:31 - [MESSAGE][PASSED] - Object 'Object Repository/retailer admin All Repo/Search Products Details/Page_AppCohesion/created_id/product_specification' is visible

2018-10-24 15:14:31 - [TEST_STEP][PASSED] - verifyElementVisible: Object 'Object Repository/retailer admin All Repo/Search Products Details/Page_AppCohesion/a_Back to Search' is visible

2018-10-24 15:14:31 - [MESSAGE][PASSED] - Object 'Object Repository/retailer admin All Repo/Search Products Details/Page_AppCohesion/a_Back to Search' is visible

2018-10-24 15:14:31 - [TEST_STEP][PASSED] - click: Object: 'Object Repository/retailer admin All Repo/Search Products Details/Page_AppCohesion/a_Back to Search' is clicked on

2018-10-24 15:14:31 - [MESSAGE][PASSED] - Object: 'Object Repository/retailer admin All Repo/Search Products Details/Page_AppCohesion/a_Back to Search' is clicked on

2018-10-24 15:14:31 - [TEST_STEP][PASSED] - click: Object: 'Object Repository/retailer admin All Repo/retailer_order_placement/key_press_orderList/Page_AppCohesion/a_Dashboard              Dashb' is clicked on

2018-10-24 15:14:31 - [MESSAGE][PASSED] - Object: 'Object Repository/retailer admin All Repo/retailer_order_placement/key_press_orderList/Page_AppCohesion/a_Dashboard              Dashb' is clicked on

2018-10-24 15:14:31 - [TEST_STEP][PASSED] - verifyElementVisible: Object 'Object Repository/retailer admin All Repo/retailer_order_placement/key_press_orderList/Page_AppCohesion/a_Dashboard              Dashb' is visible

2018-10-24 15:14:31 - [MESSAGE][PASSED] - Object 'Object Repository/retailer admin All Repo/retailer_order_placement/key_press_orderList/Page_AppCohesion/a_Dashboard              Dashb' is visible

2018-10-24 15:14:31 - [TEST_STEP][PASSED] - Statement - java.lang.Thread.sleep(8000): Reading CSV file with source file 'comma', separator 'containing header' and '{2}'

2018-10-24 15:14:39 - [TEST_STEP][PASSED] - setText: Text 'THMPS-TUIPSIUJ' is set on object 'Object Repository/retailer admin All Repo/Search Products Details/Page_AppCohesion/input_Settings_searchproduct'

2018-10-24 15:14:39 - [MESSAGE][PASSED] - Text 'THMPS-TUIPSIUJ' is set on object 'Object Repository/retailer admin All Repo/Search Products Details/Page_AppCohesion/input_Settings_searchproduct'

2018-10-24 15:14:39 - [TEST_STEP][PASSED] - verifyElementVisible: Object 'Object Repository/retailer admin All Repo/Search Products Details/Page_AppCohesion/button_Settings_searchbutton' is visible

2018-10-24 15:14:39 - [MESSAGE][PASSED] - Object 'Object Repository/retailer admin All Repo/Search Products Details/Page_AppCohesion/button_Settings_searchbutton' is visible

2018-10-24 15:14:39 - [TEST_STEP][PASSED] - verifyElementVisible: Object 'Object Repository/retailer admin All Repo/Search Products Details/Page_AppCohesion/input_Settings_searchproduct' is visible

2018-10-24 15:14:39 - [MESSAGE][PASSED] - Object 'Object Repository/retailer admin All Repo/Search Products Details/Page_AppCohesion/input_Settings_searchproduct' is visible

2018-10-24 15:14:39 - [TEST_STEP][PASSED] - click: Object: 'Object Repository/retailer admin All Repo/Search Products Details/Page_AppCohesion/button_Settings_searchbutton' is clicked on

2018-10-24 15:14:39 - [MESSAGE][PASSED] - Object: 'Object Repository/retailer admin All Repo/Search Products Details/Page_AppCohesion/button_Settings_searchbutton' is clicked on

2018-10-24 15:14:39 - [TEST_STEP][PASSED] - waitForPageLoad: Wait for page load successfully

2018-10-24 15:14:39 - [MESSAGE][PASSED] - Wait for page load successfully

2018-10-24 15:14:39 - [TEST_STEP][PASSED] - verifyElementVisible: Object 'Object Repository/retailer admin All Repo/Search Products Details/Page_AppCohesion/created_id/product_details_rowid' is visible

2018-10-24 15:14:42 - [MESSAGE][PASSED] - Object 'Object Repository/retailer admin All Repo/Search Products Details/Page_AppCohesion/created_id/product_details_rowid' is visible

2018-10-24 15:14:42 - [TEST_STEP][PASSED] - click: Object: 'Object Repository/retailer admin All Repo/Search Products Details/Page_AppCohesion/created_id/product_details_rowid' is clicked on

2018-10-24 15:14:42 - [MESSAGE][PASSED] - Object: 'Object Repository/retailer admin All Repo/Search Products Details/Page_AppCohesion/created_id/product_details_rowid' is clicked on

2018-10-24 15:14:42 - [TEST_STEP][PASSED] - verifyElementVisible: Object 'Object Repository/retailer admin All Repo/Search Products Details/Page_AppCohesion/created_id/product_title' is visible

2018-10-24 15:14:48 - [MESSAGE][PASSED] - Object 'Object Repository/retailer admin All Repo/Search Products Details/Page_AppCohesion/created_id/product_title' is visible

2018-10-24 15:14:48 - [TEST_STEP][PASSED] - verifyElementText: Actual text and expected text of test object 'Object Repository/retailer admin All Repo/Search Products Details/Page_AppCohesion/created_id/product_title' are matched.

2018-10-24 15:14:48 - [MESSAGE][PASSED] - Actual text and expected text of test object 'Object Repository/retailer admin All Repo/Search Products Details/Page_AppCohesion/created_id/product_title' are matched.

2018-10-24 15:14:48 - [TEST_STEP][PASSED] - verifyElementVisible: Object 'Object Repository/retailer admin All Repo/Search Products Details/Page_AppCohesion/created_id/manufaturer_header' is visible

2018-10-24 15:14:48 - [MESSAGE][PASSED] - Object 'Object Repository/retailer admin All Repo/Search Products Details/Page_AppCohesion/created_id/manufaturer_header' is visible

2018-10-24 15:14:48 - [TEST_STEP][PASSED] - verifyElementVisible: Object 'Object Repository/retailer admin All Repo/Search Products Details/Page_AppCohesion/created_id/manufacture_partno_id' is visible

2018-10-24 15:14:48 - [MESSAGE][PASSED] - Object 'Object Repository/retailer admin All Repo/Search Products Details/Page_AppCohesion/created_id/manufacture_partno_id' is visible

2018-10-24 15:14:48 - [TEST_STEP][PASSED] - verifyElementText: Actual text and expected text of test object 'Object Repository/retailer admin All Repo/Search Products Details/Page_AppCohesion/created_id/manufacture_partno_id' are matched.

2018-10-24 15:14:48 - [MESSAGE][PASSED] - Actual text and expected text of test object 'Object Repository/retailer admin All Repo/Search Products Details/Page_AppCohesion/created_id/manufacture_partno_id' are matched.

2018-10-24 15:14:48 - [TEST_STEP][PASSED] - verifyElementVisible: Object 'Object Repository/retailer admin All Repo/Search Products Details/Page_AppCohesion/created_id/manufacture_name_header' is visible

2018-10-24 15:14:48 - [MESSAGE][PASSED] - Object 'Object Repository/retailer admin All Repo/Search Products Details/Page_AppCohesion/created_id/manufacture_name_header' is visible

2018-10-24 15:14:48 - [TEST_STEP][PASSED] - verifyElementVisible: Object 'Object Repository/retailer admin All Repo/Search Products Details/Page_AppCohesion/created_id/manufacture_name' is visible

2018-10-24 15:14:48 - [MESSAGE][PASSED] - Object 'Object Repository/retailer admin All Repo/Search Products Details/Page_AppCohesion/created_id/manufacture_name' is visible

2018-10-24 15:14:48 - [TEST_STEP][PASSED] - verifyElementText: Actual text and expected text of test object 'Object Repository/retailer admin All Repo/Search Products Details/Page_AppCohesion/created_id/manufacture_name' are matched.

2018-10-24 15:14:48 - [MESSAGE][PASSED] - Actual text and expected text of test object 'Object Repository/retailer admin All Repo/Search Products Details/Page_AppCohesion/created_id/manufacture_name' are matched.

2018-10-24 15:14:48 - [TEST_STEP][PASSED] - verifyElementVisible: Object 'Object Repository/retailer admin All Repo/Search Products Details/Page_AppCohesion/created_id/distributor_header' is visible

2018-10-24 15:14:48 - [MESSAGE][PASSED] - Object 'Object Repository/retailer admin All Repo/Search Products Details/Page_AppCohesion/created_id/distributor_header' is visible

2018-10-24 15:14:48 - [TEST_STEP][PASSED] - verifyElementVisible: Object 'Object Repository/retailer admin All Repo/Search Products Details/Page_AppCohesion/created_id/distributorname_id' is visible

2018-10-24 15:14:48 - [MESSAGE][PASSED] - Object 'Object Repository/retailer admin All Repo/Search Products Details/Page_AppCohesion/created_id/distributorname_id' is visible

2018-10-24 15:14:48 - [TEST_STEP][PASSED] - verifyElementText: Actual text and expected text of test object 'Object Repository/retailer admin All Repo/Search Products Details/Page_AppCohesion/created_id/distributorname_id' are matched.

2018-10-24 15:14:48 - [MESSAGE][PASSED] - Actual text and expected text of test object 'Object Repository/retailer admin All Repo/Search Products Details/Page_AppCohesion/created_id/distributorname_id' are matched.

2018-10-24 15:14:48 - [TEST_STEP][PASSED] - verifyElementVisible: Object 'Object Repository/retailer admin All Repo/Search Products Details/Page_AppCohesion/upc_header' is visible

2018-10-24 15:14:48 - [MESSAGE][PASSED] - Object 'Object Repository/retailer admin All Repo/Search Products Details/Page_AppCohesion/upc_header' is visible

2018-10-24 15:14:48 - [TEST_STEP][PASSED] - verifyElementVisible: Object 'Object Repository/retailer admin All Repo/Search Products Details/Page_AppCohesion/upc_noid' is visible

2018-10-24 15:14:48 - [MESSAGE][PASSED] - Object 'Object Repository/retailer admin All Repo/Search Products Details/Page_AppCohesion/upc_noid' is visible

2018-10-24 15:14:48 - [TEST_STEP][PASSED] - verifyElementText: Actual text and expected text of test object 'Object Repository/retailer admin All Repo/Search Products Details/Page_AppCohesion/upc_noid' are matched.

2018-10-24 15:14:48 - [MESSAGE][PASSED] - Actual text and expected text of test object 'Object Repository/retailer admin All Repo/Search Products Details/Page_AppCohesion/upc_noid' are matched.

2018-10-24 15:14:48 - [TEST_STEP][PASSED] - verifyElementVisible: Object 'Object Repository/retailer admin All Repo/Search Products Details/Page_AppCohesion/created_id/baseprice_header' is visible

2018-10-24 15:14:48 - [MESSAGE][PASSED] - Object 'Object Repository/retailer admin All Repo/Search Products Details/Page_AppCohesion/created_id/baseprice_header' is visible

2018-10-24 15:14:48 - [TEST_STEP][PASSED] - verifyElementVisible: Object 'Object Repository/retailer admin All Repo/Search Products Details/Page_AppCohesion/created_id/baseprice_id' is visible

2018-10-24 15:14:48 - [MESSAGE][PASSED] - Object 'Object Repository/retailer admin All Repo/Search Products Details/Page_AppCohesion/created_id/baseprice_id' is visible

2018-10-24 15:14:48 - [TEST_STEP][PASSED] - verifyElementText: Actual text and expected text of test object 'Object Repository/retailer admin All Repo/Search Products Details/Page_AppCohesion/created_id/baseprice_id' are matched.

2018-10-24 15:14:48 - [MESSAGE][PASSED] - Actual text and expected text of test object 'Object Repository/retailer admin All Repo/Search Products Details/Page_AppCohesion/created_id/baseprice_id' are matched.

2018-10-24 15:14:48 - [TEST_STEP][PASSED] - verifyElementVisible: Object 'Object Repository/retailer admin All Repo/Search Products Details/Page_AppCohesion/created_id/markup_header' is visible

2018-10-24 15:14:48 - [MESSAGE][PASSED] - Object 'Object Repository/retailer admin All Repo/Search Products Details/Page_AppCohesion/created_id/markup_header' is visible

2018-10-24 15:14:48 - [TEST_STEP][PASSED] - verifyElementVisible: Object 'Object Repository/retailer admin All Repo/Search Products Details/Page_AppCohesion/created_id/markup_id' is visible

2018-10-24 15:14:48 - [MESSAGE][PASSED] - Object 'Object Repository/retailer admin All Repo/Search Products Details/Page_AppCohesion/created_id/markup_id' is visible

2018-10-24 15:14:48 - [TEST_STEP][PASSED] - verifyElementText: Actual text and expected text of test object 'Object Repository/retailer admin All Repo/Search Products Details/Page_AppCohesion/created_id/markup_id' are matched.

2018-10-24 15:14:48 - [MESSAGE][PASSED] - Actual text and expected text of test object 'Object Repository/retailer admin All Repo/Search Products Details/Page_AppCohesion/created_id/markup_id' are matched.

2018-10-24 15:14:48 - [TEST_STEP][PASSED] - verifyElementVisible: Object 'Object Repository/retailer admin All Repo/Search Products Details/Page_AppCohesion/created_id/amtpay_header' is visible

2018-10-24 15:14:48 - [MESSAGE][PASSED] - Object 'Object Repository/retailer admin All Repo/Search Products Details/Page_AppCohesion/created_id/amtpay_header' is visible

2018-10-24 15:14:48 - [TEST_STEP][PASSED] - verifyElementVisible: Object 'Object Repository/retailer admin All Repo/Search Products Details/Page_AppCohesion/created_id/amtpay_id' is visible

2018-10-24 15:14:48 - [MESSAGE][PASSED] - Object 'Object Repository/retailer admin All Repo/Search Products Details/Page_AppCohesion/created_id/amtpay_id' is visible

2018-10-24 15:14:48 - [TEST_STEP][PASSED] - verifyElementText: Actual text and expected text of test object 'Object Repository/retailer admin All Repo/Search Products Details/Page_AppCohesion/created_id/amtpay_id' are matched.

2018-10-24 15:14:48 - [MESSAGE][PASSED] - Actual text and expected text of test object 'Object Repository/retailer admin All Repo/Search Products Details/Page_AppCohesion/created_id/amtpay_id' are matched.

2018-10-24 15:14:48 - [TEST_STEP][NOT_RUN] - verifyElementVisible: NOT_RUN: verifyElementVisible

2018-10-24 15:14:48 - [MESSAGE][NOT_RUN] - NOT_RUN: verifyElementVisible

2018-10-24 15:14:48 - [TEST_STEP][NOT_RUN] - verifyElementText: NOT_RUN: verifyElementText

2018-10-24 15:14:48 - [MESSAGE][NOT_RUN] - NOT_RUN: verifyElementText

2018-10-24 15:14:48 - [TEST_STEP][PASSED] - verifyElementVisible: Object 'Object Repository/retailer admin All Repo/Search Products Details/Page_AppCohesion/created_id/quantity_id' is visible

2018-10-24 15:14:48 - [MESSAGE][PASSED] - Object 'Object Repository/retailer admin All Repo/Search Products Details/Page_AppCohesion/created_id/quantity_id' is visible

2018-10-24 15:14:48 - [TEST_STEP][PASSED] - verifyElementText: Actual text and expected text of test object 'Object Repository/retailer admin All Repo/Search Products Details/Page_AppCohesion/created_id/quantity_id' are matched.

2018-10-24 15:14:48 - [MESSAGE][PASSED] - Actual text and expected text of test object 'Object Repository/retailer admin All Repo/Search Products Details/Page_AppCohesion/created_id/quantity_id' are matched.

2018-10-24 15:14:48 - [TEST_STEP][PASSED] - verifyElementVisible: Object 'Object Repository/retailer admin All Repo/Search Products Details/Page_AppCohesion/created_id/product_specification' is visible

2018-10-24 15:14:48 - [MESSAGE][PASSED] - Object 'Object Repository/retailer admin All Repo/Search Products Details/Page_AppCohesion/created_id/product_specification' is visible

2018-10-24 15:14:48 - [TEST_STEP][PASSED] - verifyElementVisible: Object 'Object Repository/retailer admin All Repo/Search Products Details/Page_AppCohesion/a_Back to Search' is visible

2018-10-24 15:14:48 - [MESSAGE][PASSED] - Object 'Object Repository/retailer admin All Repo/Search Products Details/Page_AppCohesion/a_Back to Search' is visible

2018-10-24 15:14:48 - [TEST_STEP][PASSED] - click: Object: 'Object Repository/retailer admin All Repo/Search Products Details/Page_AppCohesion/a_Back to Search' is clicked on

2018-10-24 15:14:48 - [MESSAGE][PASSED] - Object: 'Object Repository/retailer admin All Repo/Search Products Details/Page_AppCohesion/a_Back to Search' is clicked on

2018-10-24 15:14:48 - [TEST_STEP][PASSED] - click: Object: 'Object Repository/retailer admin All Repo/retailer_order_placement/key_press_orderList/Page_AppCohesion/a_Dashboard              Dashb' is clicked on

2018-10-24 15:14:48 - [MESSAGE][PASSED] - Object: 'Object Repository/retailer admin All Repo/retailer_order_placement/key_press_orderList/Page_AppCohesion/a_Dashboard              Dashb' is clicked on

2018-10-24 15:14:48 - [TEST_STEP][PASSED] - verifyElementVisible: Object 'Object Repository/retailer admin All Repo/retailer_order_placement/key_press_orderList/Page_AppCohesion/a_Dashboard              Dashb' is visible

2018-10-24 15:14:48 - [MESSAGE][PASSED] - Object 'Object Repository/retailer admin All Repo/retailer_order_placement/key_press_orderList/Page_AppCohesion/a_Dashboard              Dashb' is visible

2018-10-24 15:14:48 - [TEST_STEP][PASSED] - Statement - java.lang.Thread.sleep(8000): Reading CSV file with source file 'comma', separator 'containing header' and '{2}'

2018-10-24 15:14:56 - [TEST_STEP][PASSED] - setText: Text 'SGSAR-T678CLPI' is set on object 'Object Repository/retailer admin All Repo/Search Products Details/Page_AppCohesion/input_Settings_searchproduct'

2018-10-24 15:14:57 - [MESSAGE][PASSED] - Text 'SGSAR-T678CLPI' is set on object 'Object Repository/retailer admin All Repo/Search Products Details/Page_AppCohesion/input_Settings_searchproduct'

2018-10-24 15:14:57 - [TEST_STEP][PASSED] - verifyElementVisible: Object 'Object Repository/retailer admin All Repo/Search Products Details/Page_AppCohesion/button_Settings_searchbutton' is visible

2018-10-24 15:14:57 - [MESSAGE][PASSED] - Object 'Object Repository/retailer admin All Repo/Search Products Details/Page_AppCohesion/button_Settings_searchbutton' is visible

2018-10-24 15:14:57 - [TEST_STEP][PASSED] - verifyElementVisible: Object 'Object Repository/retailer admin All Repo/Search Products Details/Page_AppCohesion/input_Settings_searchproduct' is visible

2018-10-24 15:14:57 - [MESSAGE][PASSED] - Object 'Object Repository/retailer admin All Repo/Search Products Details/Page_AppCohesion/input_Settings_searchproduct' is visible

2018-10-24 15:14:57 - [TEST_STEP][PASSED] - click: Object: 'Object Repository/retailer admin All Repo/Search Products Details/Page_AppCohesion/button_Settings_searchbutton' is clicked on

2018-10-24 15:14:57 - [MESSAGE][PASSED] - Object: 'Object Repository/retailer admin All Repo/Search Products Details/Page_AppCohesion/button_Settings_searchbutton' is clicked on

2018-10-24 15:14:57 - [TEST_STEP][PASSED] - waitForPageLoad: Wait for page load successfully

2018-10-24 15:14:57 - [MESSAGE][PASSED] - Wait for page load successfully

2018-10-24 15:14:57 - [TEST_STEP][PASSED] - verifyElementVisible: Object 'Object Repository/retailer admin All Repo/Search Products Details/Page_AppCohesion/created_id/product_details_rowid' is visible

2018-10-24 15:14:57 - [MESSAGE][PASSED] - Object 'Object Repository/retailer admin All Repo/Search Products Details/Page_AppCohesion/created_id/product_details_rowid' is visible

2018-10-24 15:14:57 - [TEST_STEP][PASSED] - click: Object: 'Object Repository/retailer admin All Repo/Search Products Details/Page_AppCohesion/created_id/product_details_rowid' is clicked on

2018-10-24 15:14:57 - [MESSAGE][PASSED] - Object: 'Object Repository/retailer admin All Repo/Search Products Details/Page_AppCohesion/created_id/product_details_rowid' is clicked on

2018-10-24 15:14:57 - [TEST_STEP][PASSED] - verifyElementVisible: Object 'Object Repository/retailer admin All Repo/Search Products Details/Page_AppCohesion/created_id/product_title' is visible

2018-10-24 15:15:00 - [MESSAGE][PASSED] - Object 'Object Repository/retailer admin All Repo/Search Products Details/Page_AppCohesion/created_id/product_title' is visible

2018-10-24 15:15:00 - [TEST_STEP][FAILED] - verifyElementText: Verify element text of test object 'Object Repository/retailer admin All Repo/Search Products Details/Page_AppCohesion/created_id/product_title' FAILED. (Root cause: Actual text 'Thompson Center Compass' and expected text 'Sig Sauer P938 P938' of test object 'Object Repository/retailer admin All Repo/Search Products Details/Page_AppCohesion/created_id/product_title' are NOT matched.)

2018-10-24 15:15:00 - [MESSAGE][FAILED] - Actual text 'Thompson Center Compass' and expected text 'Sig Sauer P938 P938' of test object 'Object Repository/retailer admin All Repo/Search Products Details/Page_AppCohesion/created_id/product_title' are NOT matched.
[[ATTACHMENT|C:\\Users\\Snekalatha R\\git\\qa-automation-katolon-1\\Reports\\Retailer_test_suite\\20181024_151223\\1540374300514.png]]

2018-10-24 15:15:01 - [MESSAGE][FAILED] - Verify element text of test object 'Object Repository/retailer admin All Repo/Search Products Details/Page_AppCohesion/created_id/product_title' FAILED. (Root cause: Actual text 'Thompson Center Compass' and expected text 'Sig Sauer P938 P938' of test object 'Object Repository/retailer admin All Repo/Search Products Details/Page_AppCohesion/created_id/product_title' are NOT matched.)
[[ATTACHMENT|C:\\Users\\Snekalatha R\\git\\qa-automation-katolon-1\\Reports\\Retailer_test_suite\\20181024_151223\\1540374300829.png]]]]></system-out>
         <system-err><![CDATA[2018-10-24 15:14:25 - [TEST_CASE][FAILED] - Test Cases/RetailerAdmin_Login_All_Functionality/Product_details/search_products_details_datafile: Test Cases/RetailerAdmin_Login_All_Functionality/Product_details/search_products_details_datafile FAILED because (of) (Stack trace: com.kms.katalon.core.exception.StepFailedException: Verify element text of test object 'Object Repository/retailer admin All Repo/Search Products Details/Page_AppCohesion/created_id/product_title' FAILED. (Root cause: Actual text 'Thompson Center Compass' and expected text 'Sig Sauer P938 P938' of test object 'Object Repository/retailer admin All Repo/Search Products Details/Page_AppCohesion/created_id/product_title' are NOT matched.)
	at com.kms.katalon.core.keyword.internal.KeywordMain.stepFailed(KeywordMain.groovy:36)
	at com.kms.katalon.core.webui.keyword.internal.WebUIKeywordMain.stepFailed(WebUIKeywordMain.groovy:65)
	at com.kms.katalon.core.webui.keyword.internal.WebUIKeywordMain.runKeyword(WebUIKeywordMain.groovy:27)
	at com.kms.katalon.core.webui.keyword.builtin.VerifyElementTextKeyword.verifyElementText(VerifyElementTextKeyword.groovy:72)
	at com.kms.katalon.core.webui.keyword.builtin.VerifyElementTextKeyword.execute(VerifyElementTextKeyword.groovy:40)
	at com.kms.katalon.core.keyword.internal.KeywordExecutor.executeKeywordForPlatform(KeywordExecutor.groovy:53)
	at com.kms.katalon.core.webui.keyword.WebUiBuiltInKeywords.verifyElementText(WebUiBuiltInKeywords.groovy:3663)
	at com.kms.katalon.core.webui.keyword.WebUiBuiltInKeywords$verifyElementText$6.call(Unknown Source)
	at Script1539685445871.run(Script1539685445871.groovy:41)
	at com.kms.katalon.core.main.ScriptEngine.run(ScriptEngine.java:183)
	at com.kms.katalon.core.main.ScriptEngine.runScriptAsRawText(ScriptEngine.java:108)
	at com.kms.katalon.core.main.TestCaseExecutor.runScript(TestCaseExecutor.java:294)
	at com.kms.katalon.core.main.TestCaseExecutor.doExecute(TestCaseExecutor.java:285)
	at com.kms.katalon.core.main.TestCaseExecutor.processExecutionPhase(TestCaseExecutor.java:264)
	at com.kms.katalon.core.main.TestCaseExecutor.accessMainPhase(TestCaseExecutor.java:256)
	at com.kms.katalon.core.main.TestCaseExecutor.execute(TestCaseExecutor.java:200)
	at com.kms.katalon.core.main.TestSuiteExecutor.accessTestCaseMainPhase(TestSuiteExecutor.java:129)
	at com.kms.katalon.core.main.TestSuiteExecutor.accessTestSuiteMainPhase(TestSuiteExecutor.java:112)
	at com.kms.katalon.core.main.TestSuiteExecutor.execute(TestSuiteExecutor.java:81)
	at com.kms.katalon.core.main.TestCaseMain.startTestSuite(TestCaseMain.java:142)
	at com.kms.katalon.core.main.TestCaseMain$startTestSuite$0.call(Unknown Source)
	at org.codehaus.groovy.runtime.callsite.CallSiteArray.defaultCall(CallSiteArray.java:48)
	at org.codehaus.groovy.runtime.callsite.AbstractCallSite.call(AbstractCallSite.java:113)
	at org.codehaus.groovy.runtime.callsite.AbstractCallSite.call(AbstractCallSite.java:141)
	at TempTestSuite1540374143533.run(TempTestSuite1540374143533.groovy:36)
	at groovy.lang.GroovyShell.runScriptOrMainOrTestOrRunnable(GroovyShell.java:263)
	at groovy.lang.GroovyShell.run(GroovyShell.java:518)
	at groovy.lang.GroovyShell.run(GroovyShell.java:507)
	at groovy.ui.GroovyMain.processOnce(GroovyMain.java:653)
	at groovy.ui.GroovyMain.run(GroovyMain.java:384)
	at groovy.ui.GroovyMain.process(GroovyMain.java:370)
	at groovy.ui.GroovyMain.processArgs(GroovyMain.java:129)
	at groovy.ui.GroovyMain.main(GroovyMain.java:109)
	at sun.reflect.NativeMethodAccessorImpl.invoke0(Native Method)
	at sun.reflect.NativeMethodAccessorImpl.invoke(NativeMethodAccessorImpl.java:62)
	at sun.reflect.DelegatingMethodAccessorImpl.invoke(DelegatingMethodAccessorImpl.java:43)
	at java.lang.reflect.Method.invoke(Method.java:498)
	at org.codehaus.groovy.tools.GroovyStarter.rootLoader(GroovyStarter.java:109)
	at org.codehaus.groovy.tools.GroovyStarter.main(GroovyStarter.java:131)
)]]></system-err>
      </testcase>
      <testcase name="Test Cases/RetailerAdmin_Login_All_Functionality/Product_details/search_products_details_datafile" classname="Test Cases/RetailerAdmin_Login_All_Functionality/Product_details/search_products_details_datafile" status="PASSED">
         <system-out><![CDATA[2018-10-24 15:15:01 - [TEST_CASE][PASSED] - Test Cases/RetailerAdmin_Login_All_Functionality/Product_details/search_products_details_datafile: Test Cases/RetailerAdmin_Login_All_Functionality/Product_details/search_products_details_datafile

2018-10-24 15:15:01 - [TEST_STEP][NOT_RUN] - callTestCase: NOT_RUN: callTestCase

2018-10-24 15:15:01 - [MESSAGE][NOT_RUN] - NOT_RUN: callTestCase

2018-10-24 15:15:01 - [TEST_STEP][PASSED] - Statement - For ([rowNum = 1, rowNum <= com.kms.katalon.core.testdata.TestDataFactory.findTestData(productdetailsdata).getRowNumbers(), (rowNum++)]): Reading CSV file with source file 'comma', separator 'containing header' and '{2}'

2018-10-24 15:15:01 - [TEST_STEP][PASSED] - setText: Text 'RUGER-UCSR7GCZ' is set on object 'Object Repository/retailer admin All Repo/Search Products Details/Page_AppCohesion/input_Settings_searchproduct'

2018-10-24 15:15:01 - [MESSAGE][PASSED] - Text 'RUGER-UCSR7GCZ' is set on object 'Object Repository/retailer admin All Repo/Search Products Details/Page_AppCohesion/input_Settings_searchproduct'

2018-10-24 15:15:01 - [TEST_STEP][PASSED] - verifyElementVisible: Object 'Object Repository/retailer admin All Repo/Search Products Details/Page_AppCohesion/button_Settings_searchbutton' is visible

2018-10-24 15:15:01 - [MESSAGE][PASSED] - Object 'Object Repository/retailer admin All Repo/Search Products Details/Page_AppCohesion/button_Settings_searchbutton' is visible

2018-10-24 15:15:01 - [TEST_STEP][PASSED] - verifyElementVisible: Object 'Object Repository/retailer admin All Repo/Search Products Details/Page_AppCohesion/input_Settings_searchproduct' is visible

2018-10-24 15:15:01 - [MESSAGE][PASSED] - Object 'Object Repository/retailer admin All Repo/Search Products Details/Page_AppCohesion/input_Settings_searchproduct' is visible

2018-10-24 15:15:01 - [TEST_STEP][PASSED] - click: Object: 'Object Repository/retailer admin All Repo/Search Products Details/Page_AppCohesion/button_Settings_searchbutton' is clicked on

2018-10-24 15:15:01 - [MESSAGE][PASSED] - Object: 'Object Repository/retailer admin All Repo/Search Products Details/Page_AppCohesion/button_Settings_searchbutton' is clicked on

2018-10-24 15:15:01 - [TEST_STEP][PASSED] - waitForPageLoad: Wait for page load successfully

2018-10-24 15:15:01 - [MESSAGE][PASSED] - Wait for page load successfully

2018-10-24 15:15:01 - [TEST_STEP][PASSED] - verifyElementVisible: Object 'Object Repository/retailer admin All Repo/Search Products Details/Page_AppCohesion/created_id/product_details_rowid' is visible

2018-10-24 15:15:02 - [MESSAGE][PASSED] - Object 'Object Repository/retailer admin All Repo/Search Products Details/Page_AppCohesion/created_id/product_details_rowid' is visible

2018-10-24 15:15:02 - [TEST_STEP][PASSED] - click: Object: 'Object Repository/retailer admin All Repo/Search Products Details/Page_AppCohesion/created_id/product_details_rowid' is clicked on

2018-10-24 15:15:02 - [MESSAGE][PASSED] - Object: 'Object Repository/retailer admin All Repo/Search Products Details/Page_AppCohesion/created_id/product_details_rowid' is clicked on

2018-10-24 15:15:02 - [TEST_STEP][PASSED] - verifyElementVisible: Object 'Object Repository/retailer admin All Repo/Search Products Details/Page_AppCohesion/created_id/product_title' is visible

2018-10-24 15:15:05 - [MESSAGE][PASSED] - Object 'Object Repository/retailer admin All Repo/Search Products Details/Page_AppCohesion/created_id/product_title' is visible

2018-10-24 15:15:05 - [TEST_STEP][PASSED] - verifyElementText: Actual text and expected text of test object 'Object Repository/retailer admin All Repo/Search Products Details/Page_AppCohesion/created_id/product_title' are matched.

2018-10-24 15:15:05 - [MESSAGE][PASSED] - Actual text and expected text of test object 'Object Repository/retailer admin All Repo/Search Products Details/Page_AppCohesion/created_id/product_title' are matched.

2018-10-24 15:15:05 - [TEST_STEP][PASSED] - verifyElementVisible: Object 'Object Repository/retailer admin All Repo/Search Products Details/Page_AppCohesion/created_id/manufaturer_header' is visible

2018-10-24 15:15:05 - [MESSAGE][PASSED] - Object 'Object Repository/retailer admin All Repo/Search Products Details/Page_AppCohesion/created_id/manufaturer_header' is visible

2018-10-24 15:15:05 - [TEST_STEP][PASSED] - verifyElementVisible: Object 'Object Repository/retailer admin All Repo/Search Products Details/Page_AppCohesion/created_id/manufacture_partno_id' is visible

2018-10-24 15:15:05 - [MESSAGE][PASSED] - Object 'Object Repository/retailer admin All Repo/Search Products Details/Page_AppCohesion/created_id/manufacture_partno_id' is visible

2018-10-24 15:15:05 - [TEST_STEP][PASSED] - verifyElementText: Actual text and expected text of test object 'Object Repository/retailer admin All Repo/Search Products Details/Page_AppCohesion/created_id/manufacture_partno_id' are matched.

2018-10-24 15:15:05 - [MESSAGE][PASSED] - Actual text and expected text of test object 'Object Repository/retailer admin All Repo/Search Products Details/Page_AppCohesion/created_id/manufacture_partno_id' are matched.

2018-10-24 15:15:05 - [TEST_STEP][PASSED] - verifyElementVisible: Object 'Object Repository/retailer admin All Repo/Search Products Details/Page_AppCohesion/created_id/manufacture_name_header' is visible

2018-10-24 15:15:05 - [MESSAGE][PASSED] - Object 'Object Repository/retailer admin All Repo/Search Products Details/Page_AppCohesion/created_id/manufacture_name_header' is visible

2018-10-24 15:15:05 - [TEST_STEP][PASSED] - verifyElementVisible: Object 'Object Repository/retailer admin All Repo/Search Products Details/Page_AppCohesion/created_id/manufacture_name' is visible

2018-10-24 15:15:05 - [MESSAGE][PASSED] - Object 'Object Repository/retailer admin All Repo/Search Products Details/Page_AppCohesion/created_id/manufacture_name' is visible

2018-10-24 15:15:05 - [TEST_STEP][PASSED] - verifyElementText: Actual text and expected text of test object 'Object Repository/retailer admin All Repo/Search Products Details/Page_AppCohesion/created_id/manufacture_name' are matched.

2018-10-24 15:15:05 - [MESSAGE][PASSED] - Actual text and expected text of test object 'Object Repository/retailer admin All Repo/Search Products Details/Page_AppCohesion/created_id/manufacture_name' are matched.

2018-10-24 15:15:05 - [TEST_STEP][PASSED] - verifyElementVisible: Object 'Object Repository/retailer admin All Repo/Search Products Details/Page_AppCohesion/created_id/distributor_header' is visible

2018-10-24 15:15:05 - [MESSAGE][PASSED] - Object 'Object Repository/retailer admin All Repo/Search Products Details/Page_AppCohesion/created_id/distributor_header' is visible

2018-10-24 15:15:05 - [TEST_STEP][PASSED] - verifyElementVisible: Object 'Object Repository/retailer admin All Repo/Search Products Details/Page_AppCohesion/created_id/distributorname_id' is visible

2018-10-24 15:15:05 - [MESSAGE][PASSED] - Object 'Object Repository/retailer admin All Repo/Search Products Details/Page_AppCohesion/created_id/distributorname_id' is visible

2018-10-24 15:15:05 - [TEST_STEP][PASSED] - verifyElementText: Actual text and expected text of test object 'Object Repository/retailer admin All Repo/Search Products Details/Page_AppCohesion/created_id/distributorname_id' are matched.

2018-10-24 15:15:05 - [MESSAGE][PASSED] - Actual text and expected text of test object 'Object Repository/retailer admin All Repo/Search Products Details/Page_AppCohesion/created_id/distributorname_id' are matched.

2018-10-24 15:15:05 - [TEST_STEP][PASSED] - verifyElementVisible: Object 'Object Repository/retailer admin All Repo/Search Products Details/Page_AppCohesion/upc_header' is visible

2018-10-24 15:15:05 - [MESSAGE][PASSED] - Object 'Object Repository/retailer admin All Repo/Search Products Details/Page_AppCohesion/upc_header' is visible

2018-10-24 15:15:05 - [TEST_STEP][PASSED] - verifyElementVisible: Object 'Object Repository/retailer admin All Repo/Search Products Details/Page_AppCohesion/upc_noid' is visible

2018-10-24 15:15:05 - [MESSAGE][PASSED] - Object 'Object Repository/retailer admin All Repo/Search Products Details/Page_AppCohesion/upc_noid' is visible

2018-10-24 15:15:05 - [TEST_STEP][PASSED] - verifyElementText: Actual text and expected text of test object 'Object Repository/retailer admin All Repo/Search Products Details/Page_AppCohesion/upc_noid' are matched.

2018-10-24 15:15:06 - [MESSAGE][PASSED] - Actual text and expected text of test object 'Object Repository/retailer admin All Repo/Search Products Details/Page_AppCohesion/upc_noid' are matched.

2018-10-24 15:15:06 - [TEST_STEP][PASSED] - verifyElementVisible: Object 'Object Repository/retailer admin All Repo/Search Products Details/Page_AppCohesion/created_id/baseprice_header' is visible

2018-10-24 15:15:06 - [MESSAGE][PASSED] - Object 'Object Repository/retailer admin All Repo/Search Products Details/Page_AppCohesion/created_id/baseprice_header' is visible

2018-10-24 15:15:06 - [TEST_STEP][PASSED] - verifyElementVisible: Object 'Object Repository/retailer admin All Repo/Search Products Details/Page_AppCohesion/created_id/baseprice_id' is visible

2018-10-24 15:15:06 - [MESSAGE][PASSED] - Object 'Object Repository/retailer admin All Repo/Search Products Details/Page_AppCohesion/created_id/baseprice_id' is visible

2018-10-24 15:15:06 - [TEST_STEP][PASSED] - verifyElementText: Actual text and expected text of test object 'Object Repository/retailer admin All Repo/Search Products Details/Page_AppCohesion/created_id/baseprice_id' are matched.

2018-10-24 15:15:06 - [MESSAGE][PASSED] - Actual text and expected text of test object 'Object Repository/retailer admin All Repo/Search Products Details/Page_AppCohesion/created_id/baseprice_id' are matched.

2018-10-24 15:15:06 - [TEST_STEP][PASSED] - verifyElementVisible: Object 'Object Repository/retailer admin All Repo/Search Products Details/Page_AppCohesion/created_id/markup_header' is visible

2018-10-24 15:15:06 - [MESSAGE][PASSED] - Object 'Object Repository/retailer admin All Repo/Search Products Details/Page_AppCohesion/created_id/markup_header' is visible

2018-10-24 15:15:06 - [TEST_STEP][PASSED] - verifyElementVisible: Object 'Object Repository/retailer admin All Repo/Search Products Details/Page_AppCohesion/created_id/markup_id' is visible

2018-10-24 15:15:06 - [MESSAGE][PASSED] - Object 'Object Repository/retailer admin All Repo/Search Products Details/Page_AppCohesion/created_id/markup_id' is visible

2018-10-24 15:15:06 - [TEST_STEP][PASSED] - verifyElementText: Actual text and expected text of test object 'Object Repository/retailer admin All Repo/Search Products Details/Page_AppCohesion/created_id/markup_id' are matched.

2018-10-24 15:15:06 - [MESSAGE][PASSED] - Actual text and expected text of test object 'Object Repository/retailer admin All Repo/Search Products Details/Page_AppCohesion/created_id/markup_id' are matched.

2018-10-24 15:15:06 - [TEST_STEP][PASSED] - verifyElementVisible: Object 'Object Repository/retailer admin All Repo/Search Products Details/Page_AppCohesion/created_id/amtpay_header' is visible

2018-10-24 15:15:06 - [MESSAGE][PASSED] - Object 'Object Repository/retailer admin All Repo/Search Products Details/Page_AppCohesion/created_id/amtpay_header' is visible

2018-10-24 15:15:06 - [TEST_STEP][PASSED] - verifyElementVisible: Object 'Object Repository/retailer admin All Repo/Search Products Details/Page_AppCohesion/created_id/amtpay_id' is visible

2018-10-24 15:15:06 - [MESSAGE][PASSED] - Object 'Object Repository/retailer admin All Repo/Search Products Details/Page_AppCohesion/created_id/amtpay_id' is visible

2018-10-24 15:15:06 - [TEST_STEP][PASSED] - verifyElementText: Actual text and expected text of test object 'Object Repository/retailer admin All Repo/Search Products Details/Page_AppCohesion/created_id/amtpay_id' are matched.

2018-10-24 15:15:06 - [MESSAGE][PASSED] - Actual text and expected text of test object 'Object Repository/retailer admin All Repo/Search Products Details/Page_AppCohesion/created_id/amtpay_id' are matched.

2018-10-24 15:15:06 - [TEST_STEP][NOT_RUN] - verifyElementVisible: NOT_RUN: verifyElementVisible

2018-10-24 15:15:06 - [MESSAGE][NOT_RUN] - NOT_RUN: verifyElementVisible

2018-10-24 15:15:06 - [TEST_STEP][NOT_RUN] - verifyElementText: NOT_RUN: verifyElementText

2018-10-24 15:15:06 - [MESSAGE][NOT_RUN] - NOT_RUN: verifyElementText

2018-10-24 15:15:06 - [TEST_STEP][PASSED] - verifyElementVisible: Object 'Object Repository/retailer admin All Repo/Search Products Details/Page_AppCohesion/created_id/quantity_id' is visible

2018-10-24 15:15:06 - [MESSAGE][PASSED] - Object 'Object Repository/retailer admin All Repo/Search Products Details/Page_AppCohesion/created_id/quantity_id' is visible

2018-10-24 15:15:06 - [TEST_STEP][PASSED] - verifyElementText: Actual text and expected text of test object 'Object Repository/retailer admin All Repo/Search Products Details/Page_AppCohesion/created_id/quantity_id' are matched.

2018-10-24 15:15:06 - [MESSAGE][PASSED] - Actual text and expected text of test object 'Object Repository/retailer admin All Repo/Search Products Details/Page_AppCohesion/created_id/quantity_id' are matched.

2018-10-24 15:15:06 - [TEST_STEP][PASSED] - verifyElementVisible: Object 'Object Repository/retailer admin All Repo/Search Products Details/Page_AppCohesion/created_id/product_specification' is visible

2018-10-24 15:15:06 - [MESSAGE][PASSED] - Object 'Object Repository/retailer admin All Repo/Search Products Details/Page_AppCohesion/created_id/product_specification' is visible

2018-10-24 15:15:06 - [TEST_STEP][PASSED] - verifyElementVisible: Object 'Object Repository/retailer admin All Repo/Search Products Details/Page_AppCohesion/a_Back to Search' is visible

2018-10-24 15:15:06 - [MESSAGE][PASSED] - Object 'Object Repository/retailer admin All Repo/Search Products Details/Page_AppCohesion/a_Back to Search' is visible

2018-10-24 15:15:06 - [TEST_STEP][PASSED] - click: Object: 'Object Repository/retailer admin All Repo/Search Products Details/Page_AppCohesion/a_Back to Search' is clicked on

2018-10-24 15:15:06 - [MESSAGE][PASSED] - Object: 'Object Repository/retailer admin All Repo/Search Products Details/Page_AppCohesion/a_Back to Search' is clicked on

2018-10-24 15:15:06 - [TEST_STEP][PASSED] - click: Object: 'Object Repository/retailer admin All Repo/retailer_order_placement/key_press_orderList/Page_AppCohesion/a_Dashboard              Dashb' is clicked on

2018-10-24 15:15:06 - [MESSAGE][PASSED] - Object: 'Object Repository/retailer admin All Repo/retailer_order_placement/key_press_orderList/Page_AppCohesion/a_Dashboard              Dashb' is clicked on

2018-10-24 15:15:06 - [TEST_STEP][PASSED] - verifyElementVisible: Object 'Object Repository/retailer admin All Repo/retailer_order_placement/key_press_orderList/Page_AppCohesion/a_Dashboard              Dashb' is visible

2018-10-24 15:15:06 - [MESSAGE][PASSED] - Object 'Object Repository/retailer admin All Repo/retailer_order_placement/key_press_orderList/Page_AppCohesion/a_Dashboard              Dashb' is visible

2018-10-24 15:15:06 - [TEST_STEP][PASSED] - Statement - java.lang.Thread.sleep(8000): Reading CSV file with source file 'comma', separator 'containing header' and '{2}'

2018-10-24 15:15:14 - [TEST_STEP][PASSED] - setText: Text 'THMPS-TUIPSIUJ' is set on object 'Object Repository/retailer admin All Repo/Search Products Details/Page_AppCohesion/input_Settings_searchproduct'

2018-10-24 15:15:15 - [MESSAGE][PASSED] - Text 'THMPS-TUIPSIUJ' is set on object 'Object Repository/retailer admin All Repo/Search Products Details/Page_AppCohesion/input_Settings_searchproduct'

2018-10-24 15:15:15 - [TEST_STEP][PASSED] - verifyElementVisible: Object 'Object Repository/retailer admin All Repo/Search Products Details/Page_AppCohesion/button_Settings_searchbutton' is visible

2018-10-24 15:15:15 - [MESSAGE][PASSED] - Object 'Object Repository/retailer admin All Repo/Search Products Details/Page_AppCohesion/button_Settings_searchbutton' is visible

2018-10-24 15:15:15 - [TEST_STEP][PASSED] - verifyElementVisible: Object 'Object Repository/retailer admin All Repo/Search Products Details/Page_AppCohesion/input_Settings_searchproduct' is visible

2018-10-24 15:15:15 - [MESSAGE][PASSED] - Object 'Object Repository/retailer admin All Repo/Search Products Details/Page_AppCohesion/input_Settings_searchproduct' is visible

2018-10-24 15:15:15 - [TEST_STEP][PASSED] - click: Object: 'Object Repository/retailer admin All Repo/Search Products Details/Page_AppCohesion/button_Settings_searchbutton' is clicked on

2018-10-24 15:15:15 - [MESSAGE][PASSED] - Object: 'Object Repository/retailer admin All Repo/Search Products Details/Page_AppCohesion/button_Settings_searchbutton' is clicked on

2018-10-24 15:15:15 - [TEST_STEP][PASSED] - waitForPageLoad: Wait for page load successfully

2018-10-24 15:15:15 - [MESSAGE][PASSED] - Wait for page load successfully

2018-10-24 15:15:15 - [TEST_STEP][PASSED] - verifyElementVisible: Object 'Object Repository/retailer admin All Repo/Search Products Details/Page_AppCohesion/created_id/product_details_rowid' is visible

2018-10-24 15:15:17 - [MESSAGE][PASSED] - Object 'Object Repository/retailer admin All Repo/Search Products Details/Page_AppCohesion/created_id/product_details_rowid' is visible

2018-10-24 15:15:17 - [TEST_STEP][PASSED] - click: Object: 'Object Repository/retailer admin All Repo/Search Products Details/Page_AppCohesion/created_id/product_details_rowid' is clicked on

2018-10-24 15:15:17 - [MESSAGE][PASSED] - Object: 'Object Repository/retailer admin All Repo/Search Products Details/Page_AppCohesion/created_id/product_details_rowid' is clicked on

2018-10-24 15:15:17 - [TEST_STEP][PASSED] - verifyElementVisible: Object 'Object Repository/retailer admin All Repo/Search Products Details/Page_AppCohesion/created_id/product_title' is visible

2018-10-24 15:15:20 - [MESSAGE][PASSED] - Object 'Object Repository/retailer admin All Repo/Search Products Details/Page_AppCohesion/created_id/product_title' is visible

2018-10-24 15:15:20 - [TEST_STEP][PASSED] - verifyElementText: Actual text and expected text of test object 'Object Repository/retailer admin All Repo/Search Products Details/Page_AppCohesion/created_id/product_title' are matched.

2018-10-24 15:15:20 - [MESSAGE][PASSED] - Actual text and expected text of test object 'Object Repository/retailer admin All Repo/Search Products Details/Page_AppCohesion/created_id/product_title' are matched.

2018-10-24 15:15:20 - [TEST_STEP][PASSED] - verifyElementVisible: Object 'Object Repository/retailer admin All Repo/Search Products Details/Page_AppCohesion/created_id/manufaturer_header' is visible

2018-10-24 15:15:20 - [MESSAGE][PASSED] - Object 'Object Repository/retailer admin All Repo/Search Products Details/Page_AppCohesion/created_id/manufaturer_header' is visible

2018-10-24 15:15:20 - [TEST_STEP][PASSED] - verifyElementVisible: Object 'Object Repository/retailer admin All Repo/Search Products Details/Page_AppCohesion/created_id/manufacture_partno_id' is visible

2018-10-24 15:15:20 - [MESSAGE][PASSED] - Object 'Object Repository/retailer admin All Repo/Search Products Details/Page_AppCohesion/created_id/manufacture_partno_id' is visible

2018-10-24 15:15:20 - [TEST_STEP][PASSED] - verifyElementText: Actual text and expected text of test object 'Object Repository/retailer admin All Repo/Search Products Details/Page_AppCohesion/created_id/manufacture_partno_id' are matched.

2018-10-24 15:15:20 - [MESSAGE][PASSED] - Actual text and expected text of test object 'Object Repository/retailer admin All Repo/Search Products Details/Page_AppCohesion/created_id/manufacture_partno_id' are matched.

2018-10-24 15:15:20 - [TEST_STEP][PASSED] - verifyElementVisible: Object 'Object Repository/retailer admin All Repo/Search Products Details/Page_AppCohesion/created_id/manufacture_name_header' is visible

2018-10-24 15:15:20 - [MESSAGE][PASSED] - Object 'Object Repository/retailer admin All Repo/Search Products Details/Page_AppCohesion/created_id/manufacture_name_header' is visible

2018-10-24 15:15:20 - [TEST_STEP][PASSED] - verifyElementVisible: Object 'Object Repository/retailer admin All Repo/Search Products Details/Page_AppCohesion/created_id/manufacture_name' is visible

2018-10-24 15:15:20 - [MESSAGE][PASSED] - Object 'Object Repository/retailer admin All Repo/Search Products Details/Page_AppCohesion/created_id/manufacture_name' is visible

2018-10-24 15:15:20 - [TEST_STEP][PASSED] - verifyElementText: Actual text and expected text of test object 'Object Repository/retailer admin All Repo/Search Products Details/Page_AppCohesion/created_id/manufacture_name' are matched.

2018-10-24 15:15:20 - [MESSAGE][PASSED] - Actual text and expected text of test object 'Object Repository/retailer admin All Repo/Search Products Details/Page_AppCohesion/created_id/manufacture_name' are matched.

2018-10-24 15:15:20 - [TEST_STEP][PASSED] - verifyElementVisible: Object 'Object Repository/retailer admin All Repo/Search Products Details/Page_AppCohesion/created_id/distributor_header' is visible

2018-10-24 15:15:20 - [MESSAGE][PASSED] - Object 'Object Repository/retailer admin All Repo/Search Products Details/Page_AppCohesion/created_id/distributor_header' is visible

2018-10-24 15:15:20 - [TEST_STEP][PASSED] - verifyElementVisible: Object 'Object Repository/retailer admin All Repo/Search Products Details/Page_AppCohesion/created_id/distributorname_id' is visible

2018-10-24 15:15:20 - [MESSAGE][PASSED] - Object 'Object Repository/retailer admin All Repo/Search Products Details/Page_AppCohesion/created_id/distributorname_id' is visible

2018-10-24 15:15:20 - [TEST_STEP][PASSED] - verifyElementText: Actual text and expected text of test object 'Object Repository/retailer admin All Repo/Search Products Details/Page_AppCohesion/created_id/distributorname_id' are matched.

2018-10-24 15:15:20 - [MESSAGE][PASSED] - Actual text and expected text of test object 'Object Repository/retailer admin All Repo/Search Products Details/Page_AppCohesion/created_id/distributorname_id' are matched.

2018-10-24 15:15:20 - [TEST_STEP][PASSED] - verifyElementVisible: Object 'Object Repository/retailer admin All Repo/Search Products Details/Page_AppCohesion/upc_header' is visible

2018-10-24 15:15:20 - [MESSAGE][PASSED] - Object 'Object Repository/retailer admin All Repo/Search Products Details/Page_AppCohesion/upc_header' is visible

2018-10-24 15:15:20 - [TEST_STEP][PASSED] - verifyElementVisible: Object 'Object Repository/retailer admin All Repo/Search Products Details/Page_AppCohesion/upc_noid' is visible

2018-10-24 15:15:20 - [MESSAGE][PASSED] - Object 'Object Repository/retailer admin All Repo/Search Products Details/Page_AppCohesion/upc_noid' is visible

2018-10-24 15:15:20 - [TEST_STEP][PASSED] - verifyElementText: Actual text and expected text of test object 'Object Repository/retailer admin All Repo/Search Products Details/Page_AppCohesion/upc_noid' are matched.

2018-10-24 15:15:20 - [MESSAGE][PASSED] - Actual text and expected text of test object 'Object Repository/retailer admin All Repo/Search Products Details/Page_AppCohesion/upc_noid' are matched.

2018-10-24 15:15:20 - [TEST_STEP][PASSED] - verifyElementVisible: Object 'Object Repository/retailer admin All Repo/Search Products Details/Page_AppCohesion/created_id/baseprice_header' is visible

2018-10-24 15:15:20 - [MESSAGE][PASSED] - Object 'Object Repository/retailer admin All Repo/Search Products Details/Page_AppCohesion/created_id/baseprice_header' is visible

2018-10-24 15:15:20 - [TEST_STEP][PASSED] - verifyElementVisible: Object 'Object Repository/retailer admin All Repo/Search Products Details/Page_AppCohesion/created_id/baseprice_id' is visible

2018-10-24 15:15:20 - [MESSAGE][PASSED] - Object 'Object Repository/retailer admin All Repo/Search Products Details/Page_AppCohesion/created_id/baseprice_id' is visible

2018-10-24 15:15:20 - [TEST_STEP][PASSED] - verifyElementText: Actual text and expected text of test object 'Object Repository/retailer admin All Repo/Search Products Details/Page_AppCohesion/created_id/baseprice_id' are matched.

2018-10-24 15:15:20 - [MESSAGE][PASSED] - Actual text and expected text of test object 'Object Repository/retailer admin All Repo/Search Products Details/Page_AppCohesion/created_id/baseprice_id' are matched.

2018-10-24 15:15:20 - [TEST_STEP][PASSED] - verifyElementVisible: Object 'Object Repository/retailer admin All Repo/Search Products Details/Page_AppCohesion/created_id/markup_header' is visible

2018-10-24 15:15:21 - [MESSAGE][PASSED] - Object 'Object Repository/retailer admin All Repo/Search Products Details/Page_AppCohesion/created_id/markup_header' is visible

2018-10-24 15:15:21 - [TEST_STEP][PASSED] - verifyElementVisible: Object 'Object Repository/retailer admin All Repo/Search Products Details/Page_AppCohesion/created_id/markup_id' is visible

2018-10-24 15:15:21 - [MESSAGE][PASSED] - Object 'Object Repository/retailer admin All Repo/Search Products Details/Page_AppCohesion/created_id/markup_id' is visible

2018-10-24 15:15:21 - [TEST_STEP][PASSED] - verifyElementText: Actual text and expected text of test object 'Object Repository/retailer admin All Repo/Search Products Details/Page_AppCohesion/created_id/markup_id' are matched.

2018-10-24 15:15:21 - [MESSAGE][PASSED] - Actual text and expected text of test object 'Object Repository/retailer admin All Repo/Search Products Details/Page_AppCohesion/created_id/markup_id' are matched.

2018-10-24 15:15:21 - [TEST_STEP][PASSED] - verifyElementVisible: Object 'Object Repository/retailer admin All Repo/Search Products Details/Page_AppCohesion/created_id/amtpay_header' is visible

2018-10-24 15:15:21 - [MESSAGE][PASSED] - Object 'Object Repository/retailer admin All Repo/Search Products Details/Page_AppCohesion/created_id/amtpay_header' is visible

2018-10-24 15:15:21 - [TEST_STEP][PASSED] - verifyElementVisible: Object 'Object Repository/retailer admin All Repo/Search Products Details/Page_AppCohesion/created_id/amtpay_id' is visible

2018-10-24 15:15:21 - [MESSAGE][PASSED] - Object 'Object Repository/retailer admin All Repo/Search Products Details/Page_AppCohesion/created_id/amtpay_id' is visible

2018-10-24 15:15:21 - [TEST_STEP][PASSED] - verifyElementText: Actual text and expected text of test object 'Object Repository/retailer admin All Repo/Search Products Details/Page_AppCohesion/created_id/amtpay_id' are matched.

2018-10-24 15:15:21 - [MESSAGE][PASSED] - Actual text and expected text of test object 'Object Repository/retailer admin All Repo/Search Products Details/Page_AppCohesion/created_id/amtpay_id' are matched.

2018-10-24 15:15:21 - [TEST_STEP][NOT_RUN] - verifyElementVisible: NOT_RUN: verifyElementVisible

2018-10-24 15:15:21 - [MESSAGE][NOT_RUN] - NOT_RUN: verifyElementVisible

2018-10-24 15:15:21 - [TEST_STEP][NOT_RUN] - verifyElementText: NOT_RUN: verifyElementText

2018-10-24 15:15:21 - [MESSAGE][NOT_RUN] - NOT_RUN: verifyElementText

2018-10-24 15:15:21 - [TEST_STEP][PASSED] - verifyElementVisible: Object 'Object Repository/retailer admin All Repo/Search Products Details/Page_AppCohesion/created_id/quantity_id' is visible

2018-10-24 15:15:21 - [MESSAGE][PASSED] - Object 'Object Repository/retailer admin All Repo/Search Products Details/Page_AppCohesion/created_id/quantity_id' is visible

2018-10-24 15:15:21 - [TEST_STEP][PASSED] - verifyElementText: Actual text and expected text of test object 'Object Repository/retailer admin All Repo/Search Products Details/Page_AppCohesion/created_id/quantity_id' are matched.

2018-10-24 15:15:21 - [MESSAGE][PASSED] - Actual text and expected text of test object 'Object Repository/retailer admin All Repo/Search Products Details/Page_AppCohesion/created_id/quantity_id' are matched.

2018-10-24 15:15:21 - [TEST_STEP][PASSED] - verifyElementVisible: Object 'Object Repository/retailer admin All Repo/Search Products Details/Page_AppCohesion/created_id/product_specification' is visible

2018-10-24 15:15:21 - [MESSAGE][PASSED] - Object 'Object Repository/retailer admin All Repo/Search Products Details/Page_AppCohesion/created_id/product_specification' is visible

2018-10-24 15:15:21 - [TEST_STEP][PASSED] - verifyElementVisible: Object 'Object Repository/retailer admin All Repo/Search Products Details/Page_AppCohesion/a_Back to Search' is visible

2018-10-24 15:15:21 - [MESSAGE][PASSED] - Object 'Object Repository/retailer admin All Repo/Search Products Details/Page_AppCohesion/a_Back to Search' is visible

2018-10-24 15:15:21 - [TEST_STEP][PASSED] - click: Object: 'Object Repository/retailer admin All Repo/Search Products Details/Page_AppCohesion/a_Back to Search' is clicked on

2018-10-24 15:15:21 - [MESSAGE][PASSED] - Object: 'Object Repository/retailer admin All Repo/Search Products Details/Page_AppCohesion/a_Back to Search' is clicked on

2018-10-24 15:15:21 - [TEST_STEP][PASSED] - click: Object: 'Object Repository/retailer admin All Repo/retailer_order_placement/key_press_orderList/Page_AppCohesion/a_Dashboard              Dashb' is clicked on

2018-10-24 15:15:21 - [MESSAGE][PASSED] - Object: 'Object Repository/retailer admin All Repo/retailer_order_placement/key_press_orderList/Page_AppCohesion/a_Dashboard              Dashb' is clicked on

2018-10-24 15:15:21 - [TEST_STEP][PASSED] - verifyElementVisible: Object 'Object Repository/retailer admin All Repo/retailer_order_placement/key_press_orderList/Page_AppCohesion/a_Dashboard              Dashb' is visible

2018-10-24 15:15:21 - [MESSAGE][PASSED] - Object 'Object Repository/retailer admin All Repo/retailer_order_placement/key_press_orderList/Page_AppCohesion/a_Dashboard              Dashb' is visible

2018-10-24 15:15:21 - [TEST_STEP][PASSED] - Statement - java.lang.Thread.sleep(8000): Reading CSV file with source file 'comma', separator 'containing header' and '{2}'

2018-10-24 15:15:29 - [TEST_STEP][PASSED] - setText: Text 'SGSAR-T678CLPI' is set on object 'Object Repository/retailer admin All Repo/Search Products Details/Page_AppCohesion/input_Settings_searchproduct'

2018-10-24 15:15:29 - [MESSAGE][PASSED] - Text 'SGSAR-T678CLPI' is set on object 'Object Repository/retailer admin All Repo/Search Products Details/Page_AppCohesion/input_Settings_searchproduct'

2018-10-24 15:15:29 - [TEST_STEP][PASSED] - verifyElementVisible: Object 'Object Repository/retailer admin All Repo/Search Products Details/Page_AppCohesion/button_Settings_searchbutton' is visible

2018-10-24 15:15:29 - [MESSAGE][PASSED] - Object 'Object Repository/retailer admin All Repo/Search Products Details/Page_AppCohesion/button_Settings_searchbutton' is visible

2018-10-24 15:15:29 - [TEST_STEP][PASSED] - verifyElementVisible: Object 'Object Repository/retailer admin All Repo/Search Products Details/Page_AppCohesion/input_Settings_searchproduct' is visible

2018-10-24 15:15:29 - [MESSAGE][PASSED] - Object 'Object Repository/retailer admin All Repo/Search Products Details/Page_AppCohesion/input_Settings_searchproduct' is visible

2018-10-24 15:15:29 - [TEST_STEP][PASSED] - click: Object: 'Object Repository/retailer admin All Repo/Search Products Details/Page_AppCohesion/button_Settings_searchbutton' is clicked on

2018-10-24 15:15:29 - [MESSAGE][PASSED] - Object: 'Object Repository/retailer admin All Repo/Search Products Details/Page_AppCohesion/button_Settings_searchbutton' is clicked on

2018-10-24 15:15:29 - [TEST_STEP][PASSED] - waitForPageLoad: Wait for page load successfully

2018-10-24 15:15:29 - [MESSAGE][PASSED] - Wait for page load successfully

2018-10-24 15:15:29 - [TEST_STEP][PASSED] - verifyElementVisible: Object 'Object Repository/retailer admin All Repo/Search Products Details/Page_AppCohesion/created_id/product_details_rowid' is visible

2018-10-24 15:15:32 - [MESSAGE][PASSED] - Object 'Object Repository/retailer admin All Repo/Search Products Details/Page_AppCohesion/created_id/product_details_rowid' is visible

2018-10-24 15:15:32 - [TEST_STEP][PASSED] - click: Object: 'Object Repository/retailer admin All Repo/Search Products Details/Page_AppCohesion/created_id/product_details_rowid' is clicked on

2018-10-24 15:15:32 - [MESSAGE][PASSED] - Object: 'Object Repository/retailer admin All Repo/Search Products Details/Page_AppCohesion/created_id/product_details_rowid' is clicked on

2018-10-24 15:15:32 - [TEST_STEP][PASSED] - verifyElementVisible: Object 'Object Repository/retailer admin All Repo/Search Products Details/Page_AppCohesion/created_id/product_title' is visible

2018-10-24 15:15:34 - [MESSAGE][PASSED] - Object 'Object Repository/retailer admin All Repo/Search Products Details/Page_AppCohesion/created_id/product_title' is visible

2018-10-24 15:15:34 - [TEST_STEP][PASSED] - verifyElementText: Actual text and expected text of test object 'Object Repository/retailer admin All Repo/Search Products Details/Page_AppCohesion/created_id/product_title' are matched.

2018-10-24 15:15:34 - [MESSAGE][PASSED] - Actual text and expected text of test object 'Object Repository/retailer admin All Repo/Search Products Details/Page_AppCohesion/created_id/product_title' are matched.

2018-10-24 15:15:34 - [TEST_STEP][PASSED] - verifyElementVisible: Object 'Object Repository/retailer admin All Repo/Search Products Details/Page_AppCohesion/created_id/manufaturer_header' is visible

2018-10-24 15:15:34 - [MESSAGE][PASSED] - Object 'Object Repository/retailer admin All Repo/Search Products Details/Page_AppCohesion/created_id/manufaturer_header' is visible

2018-10-24 15:15:34 - [TEST_STEP][PASSED] - verifyElementVisible: Object 'Object Repository/retailer admin All Repo/Search Products Details/Page_AppCohesion/created_id/manufacture_partno_id' is visible

2018-10-24 15:15:34 - [MESSAGE][PASSED] - Object 'Object Repository/retailer admin All Repo/Search Products Details/Page_AppCohesion/created_id/manufacture_partno_id' is visible

2018-10-24 15:15:34 - [TEST_STEP][PASSED] - verifyElementText: Actual text and expected text of test object 'Object Repository/retailer admin All Repo/Search Products Details/Page_AppCohesion/created_id/manufacture_partno_id' are matched.

2018-10-24 15:15:34 - [MESSAGE][PASSED] - Actual text and expected text of test object 'Object Repository/retailer admin All Repo/Search Products Details/Page_AppCohesion/created_id/manufacture_partno_id' are matched.

2018-10-24 15:15:34 - [TEST_STEP][PASSED] - verifyElementVisible: Object 'Object Repository/retailer admin All Repo/Search Products Details/Page_AppCohesion/created_id/manufacture_name_header' is visible

2018-10-24 15:15:34 - [MESSAGE][PASSED] - Object 'Object Repository/retailer admin All Repo/Search Products Details/Page_AppCohesion/created_id/manufacture_name_header' is visible

2018-10-24 15:15:34 - [TEST_STEP][PASSED] - verifyElementVisible: Object 'Object Repository/retailer admin All Repo/Search Products Details/Page_AppCohesion/created_id/manufacture_name' is visible

2018-10-24 15:15:34 - [MESSAGE][PASSED] - Object 'Object Repository/retailer admin All Repo/Search Products Details/Page_AppCohesion/created_id/manufacture_name' is visible

2018-10-24 15:15:34 - [TEST_STEP][PASSED] - verifyElementText: Actual text and expected text of test object 'Object Repository/retailer admin All Repo/Search Products Details/Page_AppCohesion/created_id/manufacture_name' are matched.

2018-10-24 15:15:34 - [MESSAGE][PASSED] - Actual text and expected text of test object 'Object Repository/retailer admin All Repo/Search Products Details/Page_AppCohesion/created_id/manufacture_name' are matched.

2018-10-24 15:15:34 - [TEST_STEP][PASSED] - verifyElementVisible: Object 'Object Repository/retailer admin All Repo/Search Products Details/Page_AppCohesion/created_id/distributor_header' is visible

2018-10-24 15:15:35 - [MESSAGE][PASSED] - Object 'Object Repository/retailer admin All Repo/Search Products Details/Page_AppCohesion/created_id/distributor_header' is visible

2018-10-24 15:15:35 - [TEST_STEP][PASSED] - verifyElementVisible: Object 'Object Repository/retailer admin All Repo/Search Products Details/Page_AppCohesion/created_id/distributorname_id' is visible

2018-10-24 15:15:35 - [MESSAGE][PASSED] - Object 'Object Repository/retailer admin All Repo/Search Products Details/Page_AppCohesion/created_id/distributorname_id' is visible

2018-10-24 15:15:35 - [TEST_STEP][PASSED] - verifyElementText: Actual text and expected text of test object 'Object Repository/retailer admin All Repo/Search Products Details/Page_AppCohesion/created_id/distributorname_id' are matched.

2018-10-24 15:15:35 - [MESSAGE][PASSED] - Actual text and expected text of test object 'Object Repository/retailer admin All Repo/Search Products Details/Page_AppCohesion/created_id/distributorname_id' are matched.

2018-10-24 15:15:35 - [TEST_STEP][PASSED] - verifyElementVisible: Object 'Object Repository/retailer admin All Repo/Search Products Details/Page_AppCohesion/upc_header' is visible

2018-10-24 15:15:35 - [MESSAGE][PASSED] - Object 'Object Repository/retailer admin All Repo/Search Products Details/Page_AppCohesion/upc_header' is visible

2018-10-24 15:15:35 - [TEST_STEP][PASSED] - verifyElementVisible: Object 'Object Repository/retailer admin All Repo/Search Products Details/Page_AppCohesion/upc_noid' is visible

2018-10-24 15:15:35 - [MESSAGE][PASSED] - Object 'Object Repository/retailer admin All Repo/Search Products Details/Page_AppCohesion/upc_noid' is visible

2018-10-24 15:15:35 - [TEST_STEP][PASSED] - verifyElementText: Actual text and expected text of test object 'Object Repository/retailer admin All Repo/Search Products Details/Page_AppCohesion/upc_noid' are matched.

2018-10-24 15:15:35 - [MESSAGE][PASSED] - Actual text and expected text of test object 'Object Repository/retailer admin All Repo/Search Products Details/Page_AppCohesion/upc_noid' are matched.

2018-10-24 15:15:35 - [TEST_STEP][PASSED] - verifyElementVisible: Object 'Object Repository/retailer admin All Repo/Search Products Details/Page_AppCohesion/created_id/baseprice_header' is visible

2018-10-24 15:15:35 - [MESSAGE][PASSED] - Object 'Object Repository/retailer admin All Repo/Search Products Details/Page_AppCohesion/created_id/baseprice_header' is visible

2018-10-24 15:15:35 - [TEST_STEP][PASSED] - verifyElementVisible: Object 'Object Repository/retailer admin All Repo/Search Products Details/Page_AppCohesion/created_id/baseprice_id' is visible

2018-10-24 15:15:35 - [MESSAGE][PASSED] - Object 'Object Repository/retailer admin All Repo/Search Products Details/Page_AppCohesion/created_id/baseprice_id' is visible

2018-10-24 15:15:35 - [TEST_STEP][PASSED] - verifyElementText: Actual text and expected text of test object 'Object Repository/retailer admin All Repo/Search Products Details/Page_AppCohesion/created_id/baseprice_id' are matched.

2018-10-24 15:15:35 - [MESSAGE][PASSED] - Actual text and expected text of test object 'Object Repository/retailer admin All Repo/Search Products Details/Page_AppCohesion/created_id/baseprice_id' are matched.

2018-10-24 15:15:35 - [TEST_STEP][PASSED] - verifyElementVisible: Object 'Object Repository/retailer admin All Repo/Search Products Details/Page_AppCohesion/created_id/markup_header' is visible

2018-10-24 15:15:35 - [MESSAGE][PASSED] - Object 'Object Repository/retailer admin All Repo/Search Products Details/Page_AppCohesion/created_id/markup_header' is visible

2018-10-24 15:15:35 - [TEST_STEP][PASSED] - verifyElementVisible: Object 'Object Repository/retailer admin All Repo/Search Products Details/Page_AppCohesion/created_id/markup_id' is visible

2018-10-24 15:15:35 - [MESSAGE][PASSED] - Object 'Object Repository/retailer admin All Repo/Search Products Details/Page_AppCohesion/created_id/markup_id' is visible

2018-10-24 15:15:35 - [TEST_STEP][PASSED] - verifyElementText: Actual text and expected text of test object 'Object Repository/retailer admin All Repo/Search Products Details/Page_AppCohesion/created_id/markup_id' are matched.

2018-10-24 15:15:35 - [MESSAGE][PASSED] - Actual text and expected text of test object 'Object Repository/retailer admin All Repo/Search Products Details/Page_AppCohesion/created_id/markup_id' are matched.

2018-10-24 15:15:35 - [TEST_STEP][PASSED] - verifyElementVisible: Object 'Object Repository/retailer admin All Repo/Search Products Details/Page_AppCohesion/created_id/amtpay_header' is visible

2018-10-24 15:15:35 - [MESSAGE][PASSED] - Object 'Object Repository/retailer admin All Repo/Search Products Details/Page_AppCohesion/created_id/amtpay_header' is visible

2018-10-24 15:15:35 - [TEST_STEP][PASSED] - verifyElementVisible: Object 'Object Repository/retailer admin All Repo/Search Products Details/Page_AppCohesion/created_id/amtpay_id' is visible

2018-10-24 15:15:35 - [MESSAGE][PASSED] - Object 'Object Repository/retailer admin All Repo/Search Products Details/Page_AppCohesion/created_id/amtpay_id' is visible

2018-10-24 15:15:35 - [TEST_STEP][PASSED] - verifyElementText: Actual text and expected text of test object 'Object Repository/retailer admin All Repo/Search Products Details/Page_AppCohesion/created_id/amtpay_id' are matched.

2018-10-24 15:15:35 - [MESSAGE][PASSED] - Actual text and expected text of test object 'Object Repository/retailer admin All Repo/Search Products Details/Page_AppCohesion/created_id/amtpay_id' are matched.

2018-10-24 15:15:35 - [TEST_STEP][NOT_RUN] - verifyElementVisible: NOT_RUN: verifyElementVisible

2018-10-24 15:15:35 - [MESSAGE][NOT_RUN] - NOT_RUN: verifyElementVisible

2018-10-24 15:15:35 - [TEST_STEP][NOT_RUN] - verifyElementText: NOT_RUN: verifyElementText

2018-10-24 15:15:35 - [MESSAGE][NOT_RUN] - NOT_RUN: verifyElementText

2018-10-24 15:15:35 - [TEST_STEP][PASSED] - verifyElementVisible: Object 'Object Repository/retailer admin All Repo/Search Products Details/Page_AppCohesion/created_id/quantity_id' is visible

2018-10-24 15:15:35 - [MESSAGE][PASSED] - Object 'Object Repository/retailer admin All Repo/Search Products Details/Page_AppCohesion/created_id/quantity_id' is visible

2018-10-24 15:15:35 - [TEST_STEP][PASSED] - verifyElementText: Actual text and expected text of test object 'Object Repository/retailer admin All Repo/Search Products Details/Page_AppCohesion/created_id/quantity_id' are matched.

2018-10-24 15:15:35 - [MESSAGE][PASSED] - Actual text and expected text of test object 'Object Repository/retailer admin All Repo/Search Products Details/Page_AppCohesion/created_id/quantity_id' are matched.

2018-10-24 15:15:35 - [TEST_STEP][PASSED] - verifyElementVisible: Object 'Object Repository/retailer admin All Repo/Search Products Details/Page_AppCohesion/created_id/product_specification' is visible

2018-10-24 15:15:35 - [MESSAGE][PASSED] - Object 'Object Repository/retailer admin All Repo/Search Products Details/Page_AppCohesion/created_id/product_specification' is visible

2018-10-24 15:15:35 - [TEST_STEP][PASSED] - verifyElementVisible: Object 'Object Repository/retailer admin All Repo/Search Products Details/Page_AppCohesion/a_Back to Search' is visible

2018-10-24 15:15:35 - [MESSAGE][PASSED] - Object 'Object Repository/retailer admin All Repo/Search Products Details/Page_AppCohesion/a_Back to Search' is visible

2018-10-24 15:15:35 - [TEST_STEP][PASSED] - click: Object: 'Object Repository/retailer admin All Repo/Search Products Details/Page_AppCohesion/a_Back to Search' is clicked on

2018-10-24 15:15:37 - [MESSAGE][PASSED] - Object: 'Object Repository/retailer admin All Repo/Search Products Details/Page_AppCohesion/a_Back to Search' is clicked on

2018-10-24 15:15:37 - [TEST_STEP][PASSED] - click: Object: 'Object Repository/retailer admin All Repo/retailer_order_placement/key_press_orderList/Page_AppCohesion/a_Dashboard              Dashb' is clicked on

2018-10-24 15:15:38 - [MESSAGE][PASSED] - Object: 'Object Repository/retailer admin All Repo/retailer_order_placement/key_press_orderList/Page_AppCohesion/a_Dashboard              Dashb' is clicked on

2018-10-24 15:15:38 - [TEST_STEP][PASSED] - verifyElementVisible: Object 'Object Repository/retailer admin All Repo/retailer_order_placement/key_press_orderList/Page_AppCohesion/a_Dashboard              Dashb' is visible

2018-10-24 15:15:38 - [MESSAGE][PASSED] - Object 'Object Repository/retailer admin All Repo/retailer_order_placement/key_press_orderList/Page_AppCohesion/a_Dashboard              Dashb' is visible

2018-10-24 15:15:38 - [TEST_STEP][PASSED] - Statement - java.lang.Thread.sleep(8000): Reading CSV file with source file 'comma', separator 'containing header' and '{2}'

2018-10-24 15:15:46 - [TEST_STEP][PASSED] - setText: Text 'BNDRM-3TJZ4D5G' is set on object 'Object Repository/retailer admin All Repo/Search Products Details/Page_AppCohesion/input_Settings_searchproduct'

2018-10-24 15:15:46 - [MESSAGE][PASSED] - Text 'BNDRM-3TJZ4D5G' is set on object 'Object Repository/retailer admin All Repo/Search Products Details/Page_AppCohesion/input_Settings_searchproduct'

2018-10-24 15:15:46 - [TEST_STEP][PASSED] - verifyElementVisible: Object 'Object Repository/retailer admin All Repo/Search Products Details/Page_AppCohesion/button_Settings_searchbutton' is visible

2018-10-24 15:15:46 - [MESSAGE][PASSED] - Object 'Object Repository/retailer admin All Repo/Search Products Details/Page_AppCohesion/button_Settings_searchbutton' is visible

2018-10-24 15:15:46 - [TEST_STEP][PASSED] - verifyElementVisible: Object 'Object Repository/retailer admin All Repo/Search Products Details/Page_AppCohesion/input_Settings_searchproduct' is visible

2018-10-24 15:15:46 - [MESSAGE][PASSED] - Object 'Object Repository/retailer admin All Repo/Search Products Details/Page_AppCohesion/input_Settings_searchproduct' is visible

2018-10-24 15:15:46 - [TEST_STEP][PASSED] - click: Object: 'Object Repository/retailer admin All Repo/Search Products Details/Page_AppCohesion/button_Settings_searchbutton' is clicked on

2018-10-24 15:15:46 - [MESSAGE][PASSED] - Object: 'Object Repository/retailer admin All Repo/Search Products Details/Page_AppCohesion/button_Settings_searchbutton' is clicked on

2018-10-24 15:15:46 - [TEST_STEP][PASSED] - waitForPageLoad: Wait for page load successfully

2018-10-24 15:15:46 - [MESSAGE][PASSED] - Wait for page load successfully

2018-10-24 15:15:46 - [TEST_STEP][PASSED] - verifyElementVisible: Object 'Object Repository/retailer admin All Repo/Search Products Details/Page_AppCohesion/created_id/product_details_rowid' is visible

2018-10-24 15:15:48 - [MESSAGE][PASSED] - Object 'Object Repository/retailer admin All Repo/Search Products Details/Page_AppCohesion/created_id/product_details_rowid' is visible

2018-10-24 15:15:48 - [TEST_STEP][PASSED] - click: Object: 'Object Repository/retailer admin All Repo/Search Products Details/Page_AppCohesion/created_id/product_details_rowid' is clicked on

2018-10-24 15:15:49 - [MESSAGE][PASSED] - Object: 'Object Repository/retailer admin All Repo/Search Products Details/Page_AppCohesion/created_id/product_details_rowid' is clicked on

2018-10-24 15:15:49 - [TEST_STEP][PASSED] - verifyElementVisible: Object 'Object Repository/retailer admin All Repo/Search Products Details/Page_AppCohesion/created_id/product_title' is visible

2018-10-24 15:15:51 - [MESSAGE][PASSED] - Object 'Object Repository/retailer admin All Repo/Search Products Details/Page_AppCohesion/created_id/product_title' is visible

2018-10-24 15:15:51 - [TEST_STEP][PASSED] - verifyElementText: Actual text and expected text of test object 'Object Repository/retailer admin All Repo/Search Products Details/Page_AppCohesion/created_id/product_title' are matched.

2018-10-24 15:15:51 - [MESSAGE][PASSED] - Actual text and expected text of test object 'Object Repository/retailer admin All Repo/Search Products Details/Page_AppCohesion/created_id/product_title' are matched.

2018-10-24 15:15:51 - [TEST_STEP][PASSED] - verifyElementVisible: Object 'Object Repository/retailer admin All Repo/Search Products Details/Page_AppCohesion/created_id/manufaturer_header' is visible

2018-10-24 15:15:51 - [MESSAGE][PASSED] - Object 'Object Repository/retailer admin All Repo/Search Products Details/Page_AppCohesion/created_id/manufaturer_header' is visible

2018-10-24 15:15:51 - [TEST_STEP][PASSED] - verifyElementVisible: Object 'Object Repository/retailer admin All Repo/Search Products Details/Page_AppCohesion/created_id/manufacture_partno_id' is visible

2018-10-24 15:15:51 - [MESSAGE][PASSED] - Object 'Object Repository/retailer admin All Repo/Search Products Details/Page_AppCohesion/created_id/manufacture_partno_id' is visible

2018-10-24 15:15:51 - [TEST_STEP][PASSED] - verifyElementText: Actual text and expected text of test object 'Object Repository/retailer admin All Repo/Search Products Details/Page_AppCohesion/created_id/manufacture_partno_id' are matched.

2018-10-24 15:15:51 - [MESSAGE][PASSED] - Actual text and expected text of test object 'Object Repository/retailer admin All Repo/Search Products Details/Page_AppCohesion/created_id/manufacture_partno_id' are matched.

2018-10-24 15:15:51 - [TEST_STEP][PASSED] - verifyElementVisible: Object 'Object Repository/retailer admin All Repo/Search Products Details/Page_AppCohesion/created_id/manufacture_name_header' is visible

2018-10-24 15:15:51 - [MESSAGE][PASSED] - Object 'Object Repository/retailer admin All Repo/Search Products Details/Page_AppCohesion/created_id/manufacture_name_header' is visible

2018-10-24 15:15:51 - [TEST_STEP][PASSED] - verifyElementVisible: Object 'Object Repository/retailer admin All Repo/Search Products Details/Page_AppCohesion/created_id/manufacture_name' is visible

2018-10-24 15:15:51 - [MESSAGE][PASSED] - Object 'Object Repository/retailer admin All Repo/Search Products Details/Page_AppCohesion/created_id/manufacture_name' is visible

2018-10-24 15:15:51 - [TEST_STEP][PASSED] - verifyElementText: Actual text and expected text of test object 'Object Repository/retailer admin All Repo/Search Products Details/Page_AppCohesion/created_id/manufacture_name' are matched.

2018-10-24 15:15:51 - [MESSAGE][PASSED] - Actual text and expected text of test object 'Object Repository/retailer admin All Repo/Search Products Details/Page_AppCohesion/created_id/manufacture_name' are matched.

2018-10-24 15:15:51 - [TEST_STEP][PASSED] - verifyElementVisible: Object 'Object Repository/retailer admin All Repo/Search Products Details/Page_AppCohesion/created_id/distributor_header' is visible

2018-10-24 15:15:51 - [MESSAGE][PASSED] - Object 'Object Repository/retailer admin All Repo/Search Products Details/Page_AppCohesion/created_id/distributor_header' is visible

2018-10-24 15:15:51 - [TEST_STEP][PASSED] - verifyElementVisible: Object 'Object Repository/retailer admin All Repo/Search Products Details/Page_AppCohesion/created_id/distributorname_id' is visible

2018-10-24 15:15:51 - [MESSAGE][PASSED] - Object 'Object Repository/retailer admin All Repo/Search Products Details/Page_AppCohesion/created_id/distributorname_id' is visible

2018-10-24 15:15:51 - [TEST_STEP][PASSED] - verifyElementText: Actual text and expected text of test object 'Object Repository/retailer admin All Repo/Search Products Details/Page_AppCohesion/created_id/distributorname_id' are matched.

2018-10-24 15:15:51 - [MESSAGE][PASSED] - Actual text and expected text of test object 'Object Repository/retailer admin All Repo/Search Products Details/Page_AppCohesion/created_id/distributorname_id' are matched.

2018-10-24 15:15:51 - [TEST_STEP][PASSED] - verifyElementVisible: Object 'Object Repository/retailer admin All Repo/Search Products Details/Page_AppCohesion/upc_header' is visible

2018-10-24 15:15:52 - [MESSAGE][PASSED] - Object 'Object Repository/retailer admin All Repo/Search Products Details/Page_AppCohesion/upc_header' is visible

2018-10-24 15:15:52 - [TEST_STEP][PASSED] - verifyElementVisible: Object 'Object Repository/retailer admin All Repo/Search Products Details/Page_AppCohesion/upc_noid' is visible

2018-10-24 15:15:52 - [MESSAGE][PASSED] - Object 'Object Repository/retailer admin All Repo/Search Products Details/Page_AppCohesion/upc_noid' is visible

2018-10-24 15:15:52 - [TEST_STEP][PASSED] - verifyElementText: Actual text and expected text of test object 'Object Repository/retailer admin All Repo/Search Products Details/Page_AppCohesion/upc_noid' are matched.

2018-10-24 15:15:52 - [MESSAGE][PASSED] - Actual text and expected text of test object 'Object Repository/retailer admin All Repo/Search Products Details/Page_AppCohesion/upc_noid' are matched.

2018-10-24 15:15:52 - [TEST_STEP][PASSED] - verifyElementVisible: Object 'Object Repository/retailer admin All Repo/Search Products Details/Page_AppCohesion/created_id/baseprice_header' is visible

2018-10-24 15:15:52 - [MESSAGE][PASSED] - Object 'Object Repository/retailer admin All Repo/Search Products Details/Page_AppCohesion/created_id/baseprice_header' is visible

2018-10-24 15:15:52 - [TEST_STEP][PASSED] - verifyElementVisible: Object 'Object Repository/retailer admin All Repo/Search Products Details/Page_AppCohesion/created_id/baseprice_id' is visible

2018-10-24 15:15:52 - [MESSAGE][PASSED] - Object 'Object Repository/retailer admin All Repo/Search Products Details/Page_AppCohesion/created_id/baseprice_id' is visible

2018-10-24 15:15:52 - [TEST_STEP][PASSED] - verifyElementText: Actual text and expected text of test object 'Object Repository/retailer admin All Repo/Search Products Details/Page_AppCohesion/created_id/baseprice_id' are matched.

2018-10-24 15:15:52 - [MESSAGE][PASSED] - Actual text and expected text of test object 'Object Repository/retailer admin All Repo/Search Products Details/Page_AppCohesion/created_id/baseprice_id' are matched.

2018-10-24 15:15:52 - [TEST_STEP][PASSED] - verifyElementVisible: Object 'Object Repository/retailer admin All Repo/Search Products Details/Page_AppCohesion/created_id/markup_header' is visible

2018-10-24 15:15:52 - [MESSAGE][PASSED] - Object 'Object Repository/retailer admin All Repo/Search Products Details/Page_AppCohesion/created_id/markup_header' is visible

2018-10-24 15:15:52 - [TEST_STEP][PASSED] - verifyElementVisible: Object 'Object Repository/retailer admin All Repo/Search Products Details/Page_AppCohesion/created_id/markup_id' is visible

2018-10-24 15:15:52 - [MESSAGE][PASSED] - Object 'Object Repository/retailer admin All Repo/Search Products Details/Page_AppCohesion/created_id/markup_id' is visible

2018-10-24 15:15:52 - [TEST_STEP][PASSED] - verifyElementText: Actual text and expected text of test object 'Object Repository/retailer admin All Repo/Search Products Details/Page_AppCohesion/created_id/markup_id' are matched.

2018-10-24 15:15:52 - [MESSAGE][PASSED] - Actual text and expected text of test object 'Object Repository/retailer admin All Repo/Search Products Details/Page_AppCohesion/created_id/markup_id' are matched.

2018-10-24 15:15:52 - [TEST_STEP][PASSED] - verifyElementVisible: Object 'Object Repository/retailer admin All Repo/Search Products Details/Page_AppCohesion/created_id/amtpay_header' is visible

2018-10-24 15:15:52 - [MESSAGE][PASSED] - Object 'Object Repository/retailer admin All Repo/Search Products Details/Page_AppCohesion/created_id/amtpay_header' is visible

2018-10-24 15:15:52 - [TEST_STEP][PASSED] - verifyElementVisible: Object 'Object Repository/retailer admin All Repo/Search Products Details/Page_AppCohesion/created_id/amtpay_id' is visible

2018-10-24 15:15:52 - [MESSAGE][PASSED] - Object 'Object Repository/retailer admin All Repo/Search Products Details/Page_AppCohesion/created_id/amtpay_id' is visible

2018-10-24 15:15:52 - [TEST_STEP][PASSED] - verifyElementText: Actual text and expected text of test object 'Object Repository/retailer admin All Repo/Search Products Details/Page_AppCohesion/created_id/amtpay_id' are matched.

2018-10-24 15:15:52 - [MESSAGE][PASSED] - Actual text and expected text of test object 'Object Repository/retailer admin All Repo/Search Products Details/Page_AppCohesion/created_id/amtpay_id' are matched.

2018-10-24 15:15:52 - [TEST_STEP][NOT_RUN] - verifyElementVisible: NOT_RUN: verifyElementVisible

2018-10-24 15:15:52 - [MESSAGE][NOT_RUN] - NOT_RUN: verifyElementVisible

2018-10-24 15:15:52 - [TEST_STEP][NOT_RUN] - verifyElementText: NOT_RUN: verifyElementText

2018-10-24 15:15:52 - [MESSAGE][NOT_RUN] - NOT_RUN: verifyElementText

2018-10-24 15:15:52 - [TEST_STEP][PASSED] - verifyElementVisible: Object 'Object Repository/retailer admin All Repo/Search Products Details/Page_AppCohesion/created_id/quantity_id' is visible

2018-10-24 15:15:52 - [MESSAGE][PASSED] - Object 'Object Repository/retailer admin All Repo/Search Products Details/Page_AppCohesion/created_id/quantity_id' is visible

2018-10-24 15:15:52 - [TEST_STEP][PASSED] - verifyElementText: Actual text and expected text of test object 'Object Repository/retailer admin All Repo/Search Products Details/Page_AppCohesion/created_id/quantity_id' are matched.

2018-10-24 15:15:52 - [MESSAGE][PASSED] - Actual text and expected text of test object 'Object Repository/retailer admin All Repo/Search Products Details/Page_AppCohesion/created_id/quantity_id' are matched.

2018-10-24 15:15:52 - [TEST_STEP][PASSED] - verifyElementVisible: Object 'Object Repository/retailer admin All Repo/Search Products Details/Page_AppCohesion/created_id/product_specification' is visible

2018-10-24 15:15:52 - [MESSAGE][PASSED] - Object 'Object Repository/retailer admin All Repo/Search Products Details/Page_AppCohesion/created_id/product_specification' is visible

2018-10-24 15:15:52 - [TEST_STEP][PASSED] - verifyElementVisible: Object 'Object Repository/retailer admin All Repo/Search Products Details/Page_AppCohesion/a_Back to Search' is visible

2018-10-24 15:15:52 - [MESSAGE][PASSED] - Object 'Object Repository/retailer admin All Repo/Search Products Details/Page_AppCohesion/a_Back to Search' is visible

2018-10-24 15:15:52 - [TEST_STEP][PASSED] - click: Object: 'Object Repository/retailer admin All Repo/Search Products Details/Page_AppCohesion/a_Back to Search' is clicked on

2018-10-24 15:15:52 - [MESSAGE][PASSED] - Object: 'Object Repository/retailer admin All Repo/Search Products Details/Page_AppCohesion/a_Back to Search' is clicked on

2018-10-24 15:15:52 - [TEST_STEP][PASSED] - click: Object: 'Object Repository/retailer admin All Repo/retailer_order_placement/key_press_orderList/Page_AppCohesion/a_Dashboard              Dashb' is clicked on

2018-10-24 15:15:52 - [MESSAGE][PASSED] - Object: 'Object Repository/retailer admin All Repo/retailer_order_placement/key_press_orderList/Page_AppCohesion/a_Dashboard              Dashb' is clicked on

2018-10-24 15:15:52 - [TEST_STEP][PASSED] - verifyElementVisible: Object 'Object Repository/retailer admin All Repo/retailer_order_placement/key_press_orderList/Page_AppCohesion/a_Dashboard              Dashb' is visible

2018-10-24 15:15:52 - [MESSAGE][PASSED] - Object 'Object Repository/retailer admin All Repo/retailer_order_placement/key_press_orderList/Page_AppCohesion/a_Dashboard              Dashb' is visible

2018-10-24 15:15:52 - [TEST_STEP][PASSED] - Statement - java.lang.Thread.sleep(8000): Reading CSV file with source file 'comma', separator 'containing header' and '{2}']]></system-out>
         <system-err><![CDATA[]]></system-err>
      </testcase>
      <testcase name="Test Cases/RetailerAdmin_Login_All_Functionality/Product_details/Search Products Details" classname="Test Cases/RetailerAdmin_Login_All_Functionality/Product_details/Search Products Details" status="PASSED">
         <system-out><![CDATA[2018-10-24 15:16:00 - [TEST_CASE][PASSED] - Test Cases/RetailerAdmin_Login_All_Functionality/Product_details/Search Products Details: Test Cases/RetailerAdmin_Login_All_Functionality/Product_details/Search Products Details

2018-10-24 15:16:01 - [TEST_STEP][NOT_RUN] - callTestCase: NOT_RUN: callTestCase

2018-10-24 15:16:01 - [MESSAGE][NOT_RUN] - NOT_RUN: callTestCase

2018-10-24 15:16:01 - [TEST_STEP][PASSED] - verifyElementVisible: Object 'Object Repository/retailer admin All Repo/Search Products Details/Page_AppCohesion/input_Settings_searchproduct' is visible

2018-10-24 15:16:01 - [MESSAGE][PASSED] - Object 'Object Repository/retailer admin All Repo/Search Products Details/Page_AppCohesion/input_Settings_searchproduct' is visible

2018-10-24 15:16:01 - [TEST_STEP][PASSED] - setText: Text 'RUGER-UCSR7GCZ' is set on object 'Object Repository/retailer admin All Repo/Search Products Details/Page_AppCohesion/input_Settings_searchproduct'

2018-10-24 15:16:01 - [MESSAGE][PASSED] - Text 'RUGER-UCSR7GCZ' is set on object 'Object Repository/retailer admin All Repo/Search Products Details/Page_AppCohesion/input_Settings_searchproduct'

2018-10-24 15:16:01 - [TEST_STEP][PASSED] - verifyElementVisible: Object 'Object Repository/retailer admin All Repo/Search Products Details/Page_AppCohesion/button_Settings_searchbutton' is visible

2018-10-24 15:16:01 - [MESSAGE][PASSED] - Object 'Object Repository/retailer admin All Repo/Search Products Details/Page_AppCohesion/button_Settings_searchbutton' is visible

2018-10-24 15:16:01 - [TEST_STEP][PASSED] - click: Object: 'Object Repository/retailer admin All Repo/Search Products Details/Page_AppCohesion/button_Settings_searchbutton' is clicked on

2018-10-24 15:16:01 - [MESSAGE][PASSED] - Object: 'Object Repository/retailer admin All Repo/Search Products Details/Page_AppCohesion/button_Settings_searchbutton' is clicked on

2018-10-24 15:16:01 - [TEST_STEP][PASSED] - waitForPageLoad: Wait for page load successfully

2018-10-24 15:16:01 - [MESSAGE][PASSED] - Wait for page load successfully

2018-10-24 15:16:01 - [TEST_STEP][PASSED] - verifyElementVisible: Object 'Object Repository/retailer admin All Repo/Search Products Details/Page_AppCohesion/td_Ruger LC LCP' is visible

2018-10-24 15:16:03 - [MESSAGE][PASSED] - Object 'Object Repository/retailer admin All Repo/Search Products Details/Page_AppCohesion/td_Ruger LC LCP' is visible

2018-10-24 15:16:03 - [TEST_STEP][PASSED] - click: Object: 'Object Repository/retailer admin All Repo/Search Products Details/Page_AppCohesion/td_Ruger LC LCP' is clicked on

2018-10-24 15:16:04 - [MESSAGE][PASSED] - Object: 'Object Repository/retailer admin All Repo/Search Products Details/Page_AppCohesion/td_Ruger LC LCP' is clicked on

2018-10-24 15:16:04 - [TEST_STEP][PASSED] - verifyElementVisible: Object 'Object Repository/retailer admin All Repo/Search Products Details/Page_AppCohesion/h2_Ruger LC LCP' is visible

2018-10-24 15:16:06 - [MESSAGE][PASSED] - Object 'Object Repository/retailer admin All Repo/Search Products Details/Page_AppCohesion/h2_Ruger LC LCP' is visible

2018-10-24 15:16:06 - [TEST_STEP][PASSED] - verifyElementText: Actual text and expected text of test object 'Object Repository/retailer admin All Repo/Search Products Details/Page_AppCohesion/h2_Ruger LC LCP' are matched.

2018-10-24 15:16:06 - [MESSAGE][PASSED] - Actual text and expected text of test object 'Object Repository/retailer admin All Repo/Search Products Details/Page_AppCohesion/h2_Ruger LC LCP' are matched.

2018-10-24 15:16:06 - [TEST_STEP][PASSED] - verifyElementVisible: Object 'Object Repository/retailer admin All Repo/Search Products Details/Page_AppCohesion/span_Manufacturer Part Number3' is visible

2018-10-24 15:16:06 - [MESSAGE][PASSED] - Object 'Object Repository/retailer admin All Repo/Search Products Details/Page_AppCohesion/span_Manufacturer Part Number3' is visible

2018-10-24 15:16:06 - [TEST_STEP][PASSED] - verifyElementVisible: Object 'Object Repository/retailer admin All Repo/Search Products Details/Page_AppCohesion/strong_3701' is visible

2018-10-24 15:16:06 - [MESSAGE][PASSED] - Object 'Object Repository/retailer admin All Repo/Search Products Details/Page_AppCohesion/strong_3701' is visible

2018-10-24 15:16:06 - [TEST_STEP][PASSED] - verifyElementText: Actual text and expected text of test object 'Object Repository/retailer admin All Repo/Search Products Details/Page_AppCohesion/strong_3701' are matched.

2018-10-24 15:16:06 - [MESSAGE][PASSED] - Actual text and expected text of test object 'Object Repository/retailer admin All Repo/Search Products Details/Page_AppCohesion/strong_3701' are matched.

2018-10-24 15:16:06 - [TEST_STEP][PASSED] - verifyElementVisible: Object 'Object Repository/retailer admin All Repo/Search Products Details/Page_AppCohesion/span_ManufacturerRuger' is visible

2018-10-24 15:16:06 - [MESSAGE][PASSED] - Object 'Object Repository/retailer admin All Repo/Search Products Details/Page_AppCohesion/span_ManufacturerRuger' is visible

2018-10-24 15:16:06 - [TEST_STEP][PASSED] - verifyElementVisible: Object 'Object Repository/retailer admin All Repo/Search Products Details/Page_AppCohesion/strong_Ruger' is visible

2018-10-24 15:16:06 - [MESSAGE][PASSED] - Object 'Object Repository/retailer admin All Repo/Search Products Details/Page_AppCohesion/strong_Ruger' is visible

2018-10-24 15:16:06 - [TEST_STEP][PASSED] - verifyElementText: Actual text and expected text of test object 'Object Repository/retailer admin All Repo/Search Products Details/Page_AppCohesion/strong_Ruger' are matched.

2018-10-24 15:16:06 - [MESSAGE][PASSED] - Actual text and expected text of test object 'Object Repository/retailer admin All Repo/Search Products Details/Page_AppCohesion/strong_Ruger' are matched.

2018-10-24 15:16:06 - [TEST_STEP][PASSED] - verifyElementVisible: Object 'Object Repository/retailer admin All Repo/Search Products Details/Page_AppCohesion/span_DistributorSS' is visible

2018-10-24 15:16:06 - [MESSAGE][PASSED] - Object 'Object Repository/retailer admin All Repo/Search Products Details/Page_AppCohesion/span_DistributorSS' is visible

2018-10-24 15:16:06 - [TEST_STEP][PASSED] - verifyElementVisible: Object 'Object Repository/retailer admin All Repo/Search Products Details/Page_AppCohesion/strong_SS' is visible

2018-10-24 15:16:06 - [MESSAGE][PASSED] - Object 'Object Repository/retailer admin All Repo/Search Products Details/Page_AppCohesion/strong_SS' is visible

2018-10-24 15:16:06 - [TEST_STEP][PASSED] - verifyElementText: Actual text and expected text of test object 'Object Repository/retailer admin All Repo/Search Products Details/Page_AppCohesion/strong_SS' are matched.

2018-10-24 15:16:06 - [MESSAGE][PASSED] - Actual text and expected text of test object 'Object Repository/retailer admin All Repo/Search Products Details/Page_AppCohesion/strong_SS' are matched.

2018-10-24 15:16:06 - [TEST_STEP][PASSED] - verifyElementVisible: Object 'Object Repository/retailer admin All Repo/Search Products Details/Page_AppCohesion/span_UPC736676037018' is visible

2018-10-24 15:16:06 - [MESSAGE][PASSED] - Object 'Object Repository/retailer admin All Repo/Search Products Details/Page_AppCohesion/span_UPC736676037018' is visible

2018-10-24 15:16:06 - [TEST_STEP][PASSED] - verifyElementVisible: Object 'Object Repository/retailer admin All Repo/Search Products Details/Page_AppCohesion/strong_736676037018' is visible

2018-10-24 15:16:06 - [MESSAGE][PASSED] - Object 'Object Repository/retailer admin All Repo/Search Products Details/Page_AppCohesion/strong_736676037018' is visible

2018-10-24 15:16:06 - [TEST_STEP][PASSED] - verifyElementText: Actual text and expected text of test object 'Object Repository/retailer admin All Repo/Search Products Details/Page_AppCohesion/strong_736676037018' are matched.

2018-10-24 15:16:06 - [MESSAGE][PASSED] - Actual text and expected text of test object 'Object Repository/retailer admin All Repo/Search Products Details/Page_AppCohesion/strong_736676037018' are matched.

2018-10-24 15:16:06 - [TEST_STEP][PASSED] - verifyElementVisible: Object 'Object Repository/retailer admin All Repo/Search Products Details/Page_AppCohesion/span_Base Price180.00' is visible

2018-10-24 15:16:06 - [MESSAGE][PASSED] - Object 'Object Repository/retailer admin All Repo/Search Products Details/Page_AppCohesion/span_Base Price180.00' is visible

2018-10-24 15:16:06 - [TEST_STEP][PASSED] - verifyElementVisible: Object 'Object Repository/retailer admin All Repo/Search Products Details/Page_AppCohesion/strong_180.00' is visible

2018-10-24 15:16:06 - [MESSAGE][PASSED] - Object 'Object Repository/retailer admin All Repo/Search Products Details/Page_AppCohesion/strong_180.00' is visible

2018-10-24 15:16:06 - [TEST_STEP][PASSED] - verifyElementText: Actual text and expected text of test object 'Object Repository/retailer admin All Repo/Search Products Details/Page_AppCohesion/strong_180.00' are matched.

2018-10-24 15:16:06 - [MESSAGE][PASSED] - Actual text and expected text of test object 'Object Repository/retailer admin All Repo/Search Products Details/Page_AppCohesion/strong_180.00' are matched.

2018-10-24 15:16:06 - [TEST_STEP][PASSED] - verifyElementVisible: Object 'Object Repository/retailer admin All Repo/Search Products Details/Page_AppCohesion/span_Retailer Markup0.00' is visible

2018-10-24 15:16:06 - [MESSAGE][PASSED] - Object 'Object Repository/retailer admin All Repo/Search Products Details/Page_AppCohesion/span_Retailer Markup0.00' is visible

2018-10-24 15:16:06 - [TEST_STEP][PASSED] - verifyElementVisible: Object 'Object Repository/retailer admin All Repo/Search Products Details/Page_AppCohesion/strong_0.00' is visible

2018-10-24 15:16:06 - [MESSAGE][PASSED] - Object 'Object Repository/retailer admin All Repo/Search Products Details/Page_AppCohesion/strong_0.00' is visible

2018-10-24 15:16:06 - [TEST_STEP][PASSED] - verifyElementText: Actual text and expected text of test object 'Object Repository/retailer admin All Repo/Search Products Details/Page_AppCohesion/strong_0.00' are matched.

2018-10-24 15:16:06 - [MESSAGE][PASSED] - Actual text and expected text of test object 'Object Repository/retailer admin All Repo/Search Products Details/Page_AppCohesion/strong_0.00' are matched.

2018-10-24 15:16:06 - [TEST_STEP][PASSED] - verifyElementVisible: Object 'Object Repository/retailer admin All Repo/Search Products Details/Page_AppCohesion/span_Amount Payable180.00' is visible

2018-10-24 15:16:06 - [MESSAGE][PASSED] - Object 'Object Repository/retailer admin All Repo/Search Products Details/Page_AppCohesion/span_Amount Payable180.00' is visible

2018-10-24 15:16:06 - [TEST_STEP][PASSED] - verifyElementVisible: Object 'Object Repository/retailer admin All Repo/inventory retailer markup repo/Page_AppCohesion/Page_AppCohesion/strong_203.04' is visible

2018-10-24 15:16:06 - [MESSAGE][PASSED] - Object 'Object Repository/retailer admin All Repo/inventory retailer markup repo/Page_AppCohesion/Page_AppCohesion/strong_203.04' is visible

2018-10-24 15:16:06 - [TEST_STEP][PASSED] - verifyElementText: Actual text and expected text of test object 'Object Repository/retailer admin All Repo/inventory retailer markup repo/Page_AppCohesion/Page_AppCohesion/strong_203.04' are matched.

2018-10-24 15:16:06 - [MESSAGE][PASSED] - Actual text and expected text of test object 'Object Repository/retailer admin All Repo/inventory retailer markup repo/Page_AppCohesion/Page_AppCohesion/strong_203.04' are matched.

2018-10-24 15:16:06 - [TEST_STEP][PASSED] - verifyElementVisible: Object 'Object Repository/retailer admin All Repo/Search Products Details/Page_AppCohesion/h4_Only 25 left in stock' is visible

2018-10-24 15:16:07 - [MESSAGE][PASSED] - Object 'Object Repository/retailer admin All Repo/Search Products Details/Page_AppCohesion/h4_Only 25 left in stock' is visible

2018-10-24 15:16:07 - [TEST_STEP][PASSED] - verifyElementText: Actual text and expected text of test object 'Object Repository/retailer admin All Repo/Search Products Details/Page_AppCohesion/h4_Only 25 left in stock' are matched.

2018-10-24 15:16:07 - [MESSAGE][PASSED] - Actual text and expected text of test object 'Object Repository/retailer admin All Repo/Search Products Details/Page_AppCohesion/h4_Only 25 left in stock' are matched.

2018-10-24 15:16:07 - [TEST_STEP][PASSED] - verifyElementVisible: Object 'Object Repository/retailer admin All Repo/Search Products Details/Page_AppCohesion/span_25' is visible

2018-10-24 15:16:07 - [MESSAGE][PASSED] - Object 'Object Repository/retailer admin All Repo/Search Products Details/Page_AppCohesion/span_25' is visible

2018-10-24 15:16:07 - [TEST_STEP][PASSED] - verifyElementText: Actual text and expected text of test object 'Object Repository/retailer admin All Repo/Search Products Details/Page_AppCohesion/span_25' are matched.

2018-10-24 15:16:07 - [MESSAGE][PASSED] - Actual text and expected text of test object 'Object Repository/retailer admin All Repo/Search Products Details/Page_AppCohesion/span_25' are matched.

2018-10-24 15:16:07 - [TEST_STEP][PASSED] - verifyElementVisible: Object 'Object Repository/retailer admin All Repo/Search Products Details/Page_AppCohesion/p_Manufacturer Part 3701UPC 73' is visible

2018-10-24 15:16:07 - [MESSAGE][PASSED] - Object 'Object Repository/retailer admin All Repo/Search Products Details/Page_AppCohesion/p_Manufacturer Part 3701UPC 73' is visible

2018-10-24 15:16:07 - [TEST_STEP][PASSED] - verifyElementVisible: Object 'Object Repository/retailer admin All Repo/Search Products Details/Page_AppCohesion/a_Back to Search' is visible

2018-10-24 15:16:07 - [MESSAGE][PASSED] - Object 'Object Repository/retailer admin All Repo/Search Products Details/Page_AppCohesion/a_Back to Search' is visible

2018-10-24 15:16:07 - [TEST_STEP][PASSED] - click: Object: 'Object Repository/retailer admin All Repo/Search Products Details/Page_AppCohesion/a_Back to Search' is clicked on

2018-10-24 15:16:07 - [MESSAGE][PASSED] - Object: 'Object Repository/retailer admin All Repo/Search Products Details/Page_AppCohesion/a_Back to Search' is clicked on]]></system-out>
         <system-err><![CDATA[]]></system-err>
      </testcase>
      <testcase name="Test Cases/RetailerAdmin_Login_All_Functionality/Retailer_Store_managment/Retailer_store_creation_edit_delete" classname="Test Cases/RetailerAdmin_Login_All_Functionality/Retailer_Store_managment/Retailer_store_creation_edit_delete" status="FAILED">
         <failure type="FAILED" message="(Stack trace: com.kms.katalon.core.exception.StepFailedException: Object 'Object Repository/retailer admin All Repo/store_object_repo/check_default_store' is not checked
	at com.kms.katalon.core.keyword.internal.KeywordMain.stepFailed(KeywordMain.groovy:32)
	at com.kms.katalon.core.webui.keyword.internal.WebUIKeywordMain.stepFailed(WebUIKeywordMain.groovy:65)
	at com.kms.katalon.core.webui.keyword.builtin.VerifyElementCheckedKeyword$_verifyElementChecked_closure1.doCall(VerifyElementCheckedKeyword.groovy:81)
	at com.kms.katalon.core.webui.keyword.builtin.VerifyElementCheckedKeyword$_verifyElementChecked_closure1.call(VerifyElementCheckedKeyword.groovy)
	at com.kms.katalon.core.webui.keyword.internal.WebUIKeywordMain.runKeyword(WebUIKeywordMain.groovy:21)
	at com.kms.katalon.core.webui.keyword.builtin.VerifyElementCheckedKeyword.verifyElementChecked(VerifyElementCheckedKeyword.groovy:92)
	at com.kms.katalon.core.webui.keyword.builtin.VerifyElementCheckedKeyword.execute(VerifyElementCheckedKeyword.groovy:68)
	at com.kms.katalon.core.keyword.internal.KeywordExecutor.executeKeywordForPlatform(KeywordExecutor.groovy:53)
	at com.kms.katalon.core.webui.keyword.WebUiBuiltInKeywords.verifyElementChecked(WebUiBuiltInKeywords.groovy:1352)
	at com.kms.katalon.core.webui.keyword.WebUiBuiltInKeywords$verifyElementChecked$14.call(Unknown Source)
	at org.codehaus.groovy.runtime.callsite.CallSiteArray.defaultCall(CallSiteArray.java:48)
	at org.codehaus.groovy.runtime.callsite.AbstractCallSite.call(AbstractCallSite.java:113)
	at org.codehaus.groovy.runtime.callsite.AbstractCallSite.call(AbstractCallSite.java:141)
	at Script1539707256021.run(Script1539707256021.groovy:46)
	at com.kms.katalon.core.main.ScriptEngine.run(ScriptEngine.java:183)
	at com.kms.katalon.core.main.ScriptEngine.runScriptAsRawText(ScriptEngine.java:108)
	at com.kms.katalon.core.main.TestCaseExecutor.runScript(TestCaseExecutor.java:294)
	at com.kms.katalon.core.main.TestCaseExecutor.doExecute(TestCaseExecutor.java:285)
	at com.kms.katalon.core.main.TestCaseExecutor.processExecutionPhase(TestCaseExecutor.java:264)
	at com.kms.katalon.core.main.TestCaseExecutor.accessMainPhase(TestCaseExecutor.java:256)
	at com.kms.katalon.core.main.TestCaseExecutor.execute(TestCaseExecutor.java:200)
	at com.kms.katalon.core.main.TestSuiteExecutor.accessTestCaseMainPhase(TestSuiteExecutor.java:129)
	at com.kms.katalon.core.main.TestSuiteExecutor.accessTestSuiteMainPhase(TestSuiteExecutor.java:112)
	at com.kms.katalon.core.main.TestSuiteExecutor.execute(TestSuiteExecutor.java:81)
	at com.kms.katalon.core.main.TestCaseMain.startTestSuite(TestCaseMain.java:142)
	at com.kms.katalon.core.main.TestCaseMain$startTestSuite$0.call(Unknown Source)
	at org.codehaus.groovy.runtime.callsite.CallSiteArray.defaultCall(CallSiteArray.java:48)
	at org.codehaus.groovy.runtime.callsite.AbstractCallSite.call(AbstractCallSite.java:113)
	at org.codehaus.groovy.runtime.callsite.AbstractCallSite.call(AbstractCallSite.java:141)
	at TempTestSuite1540374143533.run(TempTestSuite1540374143533.groovy:36)
	at groovy.lang.GroovyShell.runScriptOrMainOrTestOrRunnable(GroovyShell.java:263)
	at groovy.lang.GroovyShell.run(GroovyShell.java:518)
	at groovy.lang.GroovyShell.run(GroovyShell.java:507)
	at groovy.ui.GroovyMain.processOnce(GroovyMain.java:653)
	at groovy.ui.GroovyMain.run(GroovyMain.java:384)
	at groovy.ui.GroovyMain.process(GroovyMain.java:370)
	at groovy.ui.GroovyMain.processArgs(GroovyMain.java:129)
	at groovy.ui.GroovyMain.main(GroovyMain.java:109)
	at sun.reflect.NativeMethodAccessorImpl.invoke0(Native Method)
	at sun.reflect.NativeMethodAccessorImpl.invoke(NativeMethodAccessorImpl.java:62)
	at sun.reflect.DelegatingMethodAccessorImpl.invoke(DelegatingMethodAccessorImpl.java:43)
	at java.lang.reflect.Method.invoke(Method.java:498)
	at org.codehaus.groovy.tools.GroovyStarter.rootLoader(GroovyStarter.java:109)
	at org.codehaus.groovy.tools.GroovyStarter.main(GroovyStarter.java:131)
)"/>
         <system-out><![CDATA[2018-10-24 15:16:07 - [TEST_CASE][FAILED] - Test Cases/RetailerAdmin_Login_All_Functionality/Retailer_Store_managment/Retailer_store_creation_edit_delete: Test Cases/RetailerAdmin_Login_All_Functionality/Retailer_Store_managment/Retailer_store_creation_edit_delete FAILED because (of) (Stack trace: com.kms.katalon.core.exception.StepFailedException: Object 'Object Repository/retailer admin All Repo/store_object_repo/check_default_store' is not checked
	at com.kms.katalon.core.keyword.internal.KeywordMain.stepFailed(KeywordMain.groovy:32)
	at com.kms.katalon.core.webui.keyword.internal.WebUIKeywordMain.stepFailed(WebUIKeywordMain.groovy:65)
	at com.kms.katalon.core.webui.keyword.builtin.VerifyElementCheckedKeyword$_verifyElementChecked_closure1.doCall(VerifyElementCheckedKeyword.groovy:81)
	at com.kms.katalon.core.webui.keyword.builtin.VerifyElementCheckedKeyword$_verifyElementChecked_closure1.call(VerifyElementCheckedKeyword.groovy)
	at com.kms.katalon.core.webui.keyword.internal.WebUIKeywordMain.runKeyword(WebUIKeywordMain.groovy:21)
	at com.kms.katalon.core.webui.keyword.builtin.VerifyElementCheckedKeyword.verifyElementChecked(VerifyElementCheckedKeyword.groovy:92)
	at com.kms.katalon.core.webui.keyword.builtin.VerifyElementCheckedKeyword.execute(VerifyElementCheckedKeyword.groovy:68)
	at com.kms.katalon.core.keyword.internal.KeywordExecutor.executeKeywordForPlatform(KeywordExecutor.groovy:53)
	at com.kms.katalon.core.webui.keyword.WebUiBuiltInKeywords.verifyElementChecked(WebUiBuiltInKeywords.groovy:1352)
	at com.kms.katalon.core.webui.keyword.WebUiBuiltInKeywords$verifyElementChecked$14.call(Unknown Source)
	at org.codehaus.groovy.runtime.callsite.CallSiteArray.defaultCall(CallSiteArray.java:48)
	at org.codehaus.groovy.runtime.callsite.AbstractCallSite.call(AbstractCallSite.java:113)
	at org.codehaus.groovy.runtime.callsite.AbstractCallSite.call(AbstractCallSite.java:141)
	at Script1539707256021.run(Script1539707256021.groovy:46)
	at com.kms.katalon.core.main.ScriptEngine.run(ScriptEngine.java:183)
	at com.kms.katalon.core.main.ScriptEngine.runScriptAsRawText(ScriptEngine.java:108)
	at com.kms.katalon.core.main.TestCaseExecutor.runScript(TestCaseExecutor.java:294)
	at com.kms.katalon.core.main.TestCaseExecutor.doExecute(TestCaseExecutor.java:285)
	at com.kms.katalon.core.main.TestCaseExecutor.processExecutionPhase(TestCaseExecutor.java:264)
	at com.kms.katalon.core.main.TestCaseExecutor.accessMainPhase(TestCaseExecutor.java:256)
	at com.kms.katalon.core.main.TestCaseExecutor.execute(TestCaseExecutor.java:200)
	at com.kms.katalon.core.main.TestSuiteExecutor.accessTestCaseMainPhase(TestSuiteExecutor.java:129)
	at com.kms.katalon.core.main.TestSuiteExecutor.accessTestSuiteMainPhase(TestSuiteExecutor.java:112)
	at com.kms.katalon.core.main.TestSuiteExecutor.execute(TestSuiteExecutor.java:81)
	at com.kms.katalon.core.main.TestCaseMain.startTestSuite(TestCaseMain.java:142)
	at com.kms.katalon.core.main.TestCaseMain$startTestSuite$0.call(Unknown Source)
	at org.codehaus.groovy.runtime.callsite.CallSiteArray.defaultCall(CallSiteArray.java:48)
	at org.codehaus.groovy.runtime.callsite.AbstractCallSite.call(AbstractCallSite.java:113)
	at org.codehaus.groovy.runtime.callsite.AbstractCallSite.call(AbstractCallSite.java:141)
	at TempTestSuite1540374143533.run(TempTestSuite1540374143533.groovy:36)
	at groovy.lang.GroovyShell.runScriptOrMainOrTestOrRunnable(GroovyShell.java:263)
	at groovy.lang.GroovyShell.run(GroovyShell.java:518)
	at groovy.lang.GroovyShell.run(GroovyShell.java:507)
	at groovy.ui.GroovyMain.processOnce(GroovyMain.java:653)
	at groovy.ui.GroovyMain.run(GroovyMain.java:384)
	at groovy.ui.GroovyMain.process(GroovyMain.java:370)
	at groovy.ui.GroovyMain.processArgs(GroovyMain.java:129)
	at groovy.ui.GroovyMain.main(GroovyMain.java:109)
	at sun.reflect.NativeMethodAccessorImpl.invoke0(Native Method)
	at sun.reflect.NativeMethodAccessorImpl.invoke(NativeMethodAccessorImpl.java:62)
	at sun.reflect.DelegatingMethodAccessorImpl.invoke(DelegatingMethodAccessorImpl.java:43)
	at java.lang.reflect.Method.invoke(Method.java:498)
	at org.codehaus.groovy.tools.GroovyStarter.rootLoader(GroovyStarter.java:109)
	at org.codehaus.groovy.tools.GroovyStarter.main(GroovyStarter.java:131)
)

2018-10-24 15:16:07 - [TEST_STEP][PASSED] - callTestCase: Call Test Case 'Test Cases/Call Test Case/Login_retailer_testcase' successfully

2018-10-24 15:16:07 - [TEST_CASE][PASSED] - Test Cases/Call Test Case/Login_retailer_testcase: Test Cases/Call Test Case/Login_retailer_testcase

2018-10-24 15:16:07 - [TEST_STEP][PASSED] - openBrowser: Browser is opened with url: 'http://localhost:4200/'

2018-10-24 15:16:07 - [MESSAGE][WARNING] - A browser is already opened. Closing browser and opening a new one

2018-10-24 15:16:14 - [MESSAGE][PASSED] - Browser is opened with url: 'http://localhost:4200/'

2018-10-24 15:16:14 - [TEST_STEP][PASSED] - maximizeWindow: Current window maximized

2018-10-24 15:16:15 - [MESSAGE][PASSED] - Current window maximized

2018-10-24 15:16:15 - [TEST_STEP][PASSED] - setText: Text 'RACreation@10_9' is set on object 'Object Repository/Login_OR/Page_AppCohesion/input_User Name_ac_username'

2018-10-24 15:16:15 - [MESSAGE][PASSED] - Text 'RACreation@10_9' is set on object 'Object Repository/Login_OR/Page_AppCohesion/input_User Name_ac_username'

2018-10-24 15:16:15 - [TEST_STEP][PASSED] - setText: Text 'RACreation@10_9' is set on object 'Object Repository/Login_OR/Page_AppCohesion/input_Password_ac_password'

2018-10-24 15:16:15 - [MESSAGE][PASSED] - Text 'RACreation@10_9' is set on object 'Object Repository/Login_OR/Page_AppCohesion/input_Password_ac_password'

2018-10-24 15:16:15 - [TEST_STEP][PASSED] - click: Object: 'Object Repository/Login_OR/Page_AppCohesion/button_Login Now' is clicked on

2018-10-24 15:16:15 - [MESSAGE][PASSED] - Object: 'Object Repository/Login_OR/Page_AppCohesion/button_Login Now' is clicked on

2018-10-24 15:16:15 - [TEST_STEP][PASSED] - waitForPageLoad: Wait for page load successfully

2018-10-24 15:16:15 - [MESSAGE][PASSED] - Wait for page load successfully

2018-10-24 15:16:15 - [MESSAGE][PASSED] - Call Test Case 'Test Cases/Call Test Case/Login_retailer_testcase' successfully

2018-10-24 15:16:15 - [TEST_STEP][PASSED] - click: Object: 'Object Repository/retailer admin All Repo/store_object_repo/store_tab' is clicked on

2018-10-24 15:16:19 - [MESSAGE][PASSED] - Object: 'Object Repository/retailer admin All Repo/store_object_repo/store_tab' is clicked on

2018-10-24 15:16:19 - [TEST_STEP][PASSED] - click: Object: 'Object Repository/retailer admin All Repo/store_object_repo/store_new_button' is clicked on

2018-10-24 15:16:19 - [MESSAGE][PASSED] - Object: 'Object Repository/retailer admin All Repo/store_object_repo/store_new_button' is clicked on

2018-10-24 15:16:19 - [TEST_STEP][PASSED] - setText: Text 'Store Automation' is set on object 'Object Repository/retailer admin All Repo/store_object_repo/store_name'

2018-10-24 15:16:19 - [MESSAGE][PASSED] - Text 'Store Automation' is set on object 'Object Repository/retailer admin All Repo/store_object_repo/store_name'

2018-10-24 15:16:19 - [TEST_STEP][PASSED] - Statement - ts = java.lang.System.currentTimeMillis().toString(): null

2018-10-24 15:16:19 - [TEST_STEP][PASSED] - uploadFile: File 'D:\sample_doc\sample.pdf' sent to object: 'Object Repository/retailer admin All Repo/store_object_repo/FFL_doc'

2018-10-24 15:16:19 - [MESSAGE][PASSED] - File 'D:\sample_doc\sample.pdf' sent to object: 'Object Repository/retailer admin All Repo/store_object_repo/FFL_doc'

2018-10-24 15:16:19 - [TEST_STEP][PASSED] - setText: Text '3/10, New QA Build' is set on object 'Object Repository/retailer admin All Repo/store_object_repo/store_address'

2018-10-24 15:16:19 - [MESSAGE][PASSED] - Text '3/10, New QA Build' is set on object 'Object Repository/retailer admin All Repo/store_object_repo/store_address'

2018-10-24 15:16:19 - [TEST_STEP][PASSED] - setText: Text '24143' is set on object 'Object Repository/retailer admin All Repo/store_object_repo/zip_code'

2018-10-24 15:16:19 - [MESSAGE][PASSED] - Text '24143' is set on object 'Object Repository/retailer admin All Repo/store_object_repo/zip_code'

2018-10-24 15:16:19 - [TEST_STEP][PASSED] - setText: Text 'Newton Falls' is set on object 'Object Repository/retailer admin All Repo/store_object_repo/city_name'

2018-10-24 15:16:19 - [MESSAGE][PASSED] - Text 'Newton Falls' is set on object 'Object Repository/retailer admin All Repo/store_object_repo/city_name'

2018-10-24 15:16:19 - [TEST_STEP][PASSED] - setText: Text 'Ohio' is set on object 'Object Repository/retailer admin All Repo/store_object_repo/state_name'

2018-10-24 15:16:19 - [MESSAGE][PASSED] - Text 'Ohio' is set on object 'Object Repository/retailer admin All Repo/store_object_repo/state_name'

2018-10-24 15:16:19 - [TEST_STEP][PASSED] - setText: Text '1540374379508' is set on object 'Object Repository/retailer admin All Repo/store_object_repo/FFL_no'

2018-10-24 15:16:20 - [MESSAGE][PASSED] - Text '1540374379508' is set on object 'Object Repository/retailer admin All Repo/store_object_repo/FFL_no'

2018-10-24 15:16:20 - [TEST_STEP][PASSED] - waitForPageLoad: Wait for page load successfully

2018-10-24 15:16:20 - [MESSAGE][PASSED] - Wait for page load successfully

2018-10-24 15:16:20 - [TEST_STEP][PASSED] - verifyElementVisible: Object 'Object Repository/retailer admin All Repo/store_object_repo/check_default_store' is visible

2018-10-24 15:16:20 - [MESSAGE][PASSED] - Object 'Object Repository/retailer admin All Repo/store_object_repo/check_default_store' is visible

2018-10-24 15:16:20 - [TEST_STEP][PASSED] - check: Object 'Object Repository/retailer admin All Repo/store_object_repo/check_default_store' is checked

2018-10-24 15:16:20 - [MESSAGE][PASSED] - Object 'Object Repository/retailer admin All Repo/store_object_repo/check_default_store' is checked

2018-10-24 15:16:20 - [TEST_STEP][FAILED] - verifyElementChecked: Object 'Object Repository/retailer admin All Repo/store_object_repo/check_default_store' is not checked

2018-10-24 15:16:20 - [MESSAGE][FAILED] - Object 'Object Repository/retailer admin All Repo/store_object_repo/check_default_store' is not checked
[[ATTACHMENT|C:\\Users\\Snekalatha R\\git\\qa-automation-katolon-1\\Reports\\Retailer_test_suite\\20181024_151223\\1540374380230.png]]

2018-10-24 15:16:20 - [TEST_STEP][PASSED] - waitForElementPresent: Object 'Object Repository/retailer admin All Repo/store_object_repo/add_store_button' is present

2018-10-24 15:16:20 - [MESSAGE][PASSED] - Object 'Object Repository/retailer admin All Repo/store_object_repo/add_store_button' is present

2018-10-24 15:16:20 - [TEST_STEP][PASSED] - verifyElementVisible: Object 'Object Repository/retailer admin All Repo/store_object_repo/add_store_button' is visible

2018-10-24 15:16:20 - [MESSAGE][PASSED] - Object 'Object Repository/retailer admin All Repo/store_object_repo/add_store_button' is visible

2018-10-24 15:16:20 - [TEST_STEP][PASSED] - click: Object: 'Object Repository/retailer admin All Repo/store_object_repo/add_store_button' is clicked on

2018-10-24 15:16:20 - [MESSAGE][PASSED] - Object: 'Object Repository/retailer admin All Repo/store_object_repo/add_store_button' is clicked on

2018-10-24 15:16:20 - [TEST_STEP][PASSED] - verifyElementVisible: Object 'Object Repository/retailer admin All Repo/store_object_repo/h5_Success  Store created succ' is visible

2018-10-24 15:16:37 - [MESSAGE][PASSED] - Object 'Object Repository/retailer admin All Repo/store_object_repo/h5_Success  Store created succ' is visible

2018-10-24 15:16:37 - [TEST_STEP][PASSED] - verifyElementText: Actual text and expected text of test object 'Object Repository/retailer admin All Repo/store_object_repo/h5_Success  Store created succ' are matched.

2018-10-24 15:16:37 - [MESSAGE][PASSED] - Actual text and expected text of test object 'Object Repository/retailer admin All Repo/store_object_repo/h5_Success  Store created succ' are matched.

2018-10-24 15:16:37 - [TEST_STEP][PASSED] - waitForPageLoad: Wait for page load successfully

2018-10-24 15:16:37 - [MESSAGE][PASSED] - Wait for page load successfully

2018-10-24 15:16:37 - [TEST_STEP][NOT_RUN] - verifyElementText: NOT_RUN: verifyElementText

2018-10-24 15:16:37 - [MESSAGE][NOT_RUN] - NOT_RUN: verifyElementText

2018-10-24 15:16:37 - [TEST_STEP][NOT_RUN] - verifyElementText: NOT_RUN: verifyElementText

2018-10-24 15:16:37 - [MESSAGE][NOT_RUN] - NOT_RUN: verifyElementText

2018-10-24 15:16:37 - [TEST_STEP][NOT_RUN] - click: NOT_RUN: click

2018-10-24 15:16:37 - [MESSAGE][NOT_RUN] - NOT_RUN: click

2018-10-24 15:16:37 - [TEST_STEP][PASSED] - waitForPageLoad: Wait for page load successfully

2018-10-24 15:16:37 - [MESSAGE][PASSED] - Wait for page load successfully

2018-10-24 15:16:37 - [TEST_STEP][PASSED] - verifyElementVisible: Object 'Object Repository/retailer admin All Repo/store_object_repo/default store container' is visible

2018-10-24 15:16:38 - [MESSAGE][PASSED] - Object 'Object Repository/retailer admin All Repo/store_object_repo/default store container' is visible

2018-10-24 15:16:38 - [TEST_STEP][PASSED] - verifyElementVisible: Object 'Object Repository/retailer admin All Repo/store_object_repo/store_container0' is visible

2018-10-24 15:16:38 - [MESSAGE][PASSED] - Object 'Object Repository/retailer admin All Repo/store_object_repo/store_container0' is visible

2018-10-24 15:16:38 - [TEST_STEP][PASSED] - click: Object: 'Object Repository/retailer admin All Repo/store_object_repo/store_container0' is clicked on

2018-10-24 15:16:38 - [MESSAGE][PASSED] - Object: 'Object Repository/retailer admin All Repo/store_object_repo/store_container0' is clicked on

2018-10-24 15:16:38 - [TEST_STEP][PASSED] - waitForElementVisible: Object 'Object Repository/retailer admin All Repo/store_object_repo/storeeditbutton' is visible

2018-10-24 15:16:38 - [MESSAGE][PASSED] - Object 'Object Repository/retailer admin All Repo/store_object_repo/storeeditbutton' is visible

2018-10-24 15:16:38 - [TEST_STEP][PASSED] - click: Object: 'Object Repository/retailer admin All Repo/store_object_repo/storeeditbutton' is clicked on

2018-10-24 15:16:38 - [MESSAGE][PASSED] - Object: 'Object Repository/retailer admin All Repo/store_object_repo/storeeditbutton' is clicked on

2018-10-24 15:16:38 - [TEST_STEP][PASSED] - setText: Text 'edit Store automation' is set on object 'Object Repository/retailer admin All Repo/store_object_repo/store_name'

2018-10-24 15:16:39 - [MESSAGE][PASSED] - Text 'edit Store automation' is set on object 'Object Repository/retailer admin All Repo/store_object_repo/store_name'

2018-10-24 15:16:39 - [TEST_STEP][PASSED] - Statement - ts1 = java.lang.System.currentTimeMillis().toString(): null

2018-10-24 15:16:39 - [TEST_STEP][PASSED] - setText: Text '1540374399076' is set on object 'Object Repository/retailer admin All Repo/store_object_repo/FFL_no'

2018-10-24 15:16:39 - [MESSAGE][PASSED] - Text '1540374399076' is set on object 'Object Repository/retailer admin All Repo/store_object_repo/FFL_no'

2018-10-24 15:16:39 - [TEST_STEP][NOT_RUN] - uploadFile: NOT_RUN: uploadFile

2018-10-24 15:16:39 - [MESSAGE][NOT_RUN] - NOT_RUN: uploadFile

2018-10-24 15:16:39 - [TEST_STEP][PASSED] - setText: Text '3/10, New QA Build' is set on object 'Object Repository/retailer admin All Repo/store_object_repo/store_address'

2018-10-24 15:16:39 - [MESSAGE][PASSED] - Text '3/10, New QA Build' is set on object 'Object Repository/retailer admin All Repo/store_object_repo/store_address'

2018-10-24 15:16:39 - [TEST_STEP][PASSED] - setText: Text '24143' is set on object 'Object Repository/retailer admin All Repo/store_object_repo/zip_code'

2018-10-24 15:16:39 - [MESSAGE][PASSED] - Text '24143' is set on object 'Object Repository/retailer admin All Repo/store_object_repo/zip_code'

2018-10-24 15:16:39 - [TEST_STEP][PASSED] - setText: Text 'Newton Falls' is set on object 'Object Repository/retailer admin All Repo/store_object_repo/city_name'

2018-10-24 15:16:39 - [MESSAGE][PASSED] - Text 'Newton Falls' is set on object 'Object Repository/retailer admin All Repo/store_object_repo/city_name'

2018-10-24 15:16:39 - [TEST_STEP][PASSED] - setText: Text 'Ohio' is set on object 'Object Repository/retailer admin All Repo/store_object_repo/state_name'

2018-10-24 15:16:39 - [MESSAGE][PASSED] - Text 'Ohio' is set on object 'Object Repository/retailer admin All Repo/store_object_repo/state_name'

2018-10-24 15:16:39 - [TEST_STEP][PASSED] - waitForElementVisible: Object 'Object Repository/retailer admin All Repo/store_object_repo/store_update_button' is visible

2018-10-24 15:16:39 - [MESSAGE][PASSED] - Object 'Object Repository/retailer admin All Repo/store_object_repo/store_update_button' is visible

2018-10-24 15:16:39 - [TEST_STEP][PASSED] - verifyElementVisible: Object 'Object Repository/retailer admin All Repo/store_object_repo/store_update_button' is visible

2018-10-24 15:16:39 - [MESSAGE][PASSED] - Object 'Object Repository/retailer admin All Repo/store_object_repo/store_update_button' is visible

2018-10-24 15:16:39 - [TEST_STEP][PASSED] - click: Object: 'Object Repository/retailer admin All Repo/store_object_repo/store_update_button' is clicked on

2018-10-24 15:16:39 - [MESSAGE][PASSED] - Object: 'Object Repository/retailer admin All Repo/store_object_repo/store_update_button' is clicked on

2018-10-24 15:16:39 - [TEST_STEP][PASSED] - verifyElementVisible: Object 'Object Repository/retailer admin All Repo/store_object_repo/alert_proceed' is visible

2018-10-24 15:16:39 - [MESSAGE][PASSED] - Object 'Object Repository/retailer admin All Repo/store_object_repo/alert_proceed' is visible

2018-10-24 15:16:39 - [TEST_STEP][PASSED] - click: Object: 'Object Repository/retailer admin All Repo/store_object_repo/alert_proceed' is clicked on

2018-10-24 15:16:39 - [MESSAGE][PASSED] - Object: 'Object Repository/retailer admin All Repo/store_object_repo/alert_proceed' is clicked on

2018-10-24 15:16:39 - [TEST_STEP][PASSED] - verifyElementVisible: Object 'Object Repository/retailer admin All Repo/store_object_repo/h5_Success  Store details upda' is visible

2018-10-24 15:16:53 - [MESSAGE][PASSED] - Object 'Object Repository/retailer admin All Repo/store_object_repo/h5_Success  Store details upda' is visible

2018-10-24 15:16:53 - [TEST_STEP][PASSED] - verifyElementText: Actual text and expected text of test object 'Object Repository/retailer admin All Repo/store_object_repo/h5_Success  Store details upda' are matched.

2018-10-24 15:16:53 - [MESSAGE][PASSED] - Actual text and expected text of test object 'Object Repository/retailer admin All Repo/store_object_repo/h5_Success  Store details upda' are matched.

2018-10-24 15:16:53 - [TEST_STEP][PASSED] - waitForPageLoad: Wait for page load successfully

2018-10-24 15:16:53 - [MESSAGE][WARNING] - Timeout '0' is invalid. Using default page load timeout: '30'

2018-10-24 15:16:53 - [MESSAGE][PASSED] - Wait for page load successfully

2018-10-24 15:16:53 - [TEST_STEP][PASSED] - verifyElementVisible: Object 'Object Repository/retailer admin All Repo/store_object_repo/store_container0' is visible

2018-10-24 15:16:53 - [MESSAGE][PASSED] - Object 'Object Repository/retailer admin All Repo/store_object_repo/store_container0' is visible

2018-10-24 15:16:53 - [TEST_STEP][PASSED] - verifyElementVisible: Object 'Object Repository/retailer admin All Repo/store_object_repo/default store container' is visible

2018-10-24 15:16:53 - [MESSAGE][PASSED] - Object 'Object Repository/retailer admin All Repo/store_object_repo/default store container' is visible

2018-10-24 15:16:53 - [TEST_STEP][PASSED] - verifyElementVisible: Object 'Object Repository/retailer admin All Repo/store_object_repo/store_container1' is visible

2018-10-24 15:16:53 - [MESSAGE][PASSED] - Object 'Object Repository/retailer admin All Repo/store_object_repo/store_container1' is visible

2018-10-24 15:16:53 - [TEST_STEP][PASSED] - check: Object 'Object Repository/retailer admin All Repo/store_object_repo/change_default_store' is checked

2018-10-24 15:16:53 - [MESSAGE][PASSED] - Object 'Object Repository/retailer admin All Repo/store_object_repo/change_default_store' is checked

2018-10-24 15:16:53 - [TEST_STEP][FAILED] - verifyElementVisible: Unable to verify object 'Object Repository/retailer admin All Repo/store_object_repo/h5_Success  Your default store' is visible (Root cause: Web element with id: 'Object Repository/retailer admin All Repo/store_object_repo/h5_Success  Your default store' located by 'By.xpath: //h5[@id = 'exactmsg' and (text() = 'Success:  Your default store option changed' or . = 'Success:  Your default store option changed')]' not found)

2018-10-24 15:17:25 - [MESSAGE][FAILED] - Web element with id: 'Object Repository/retailer admin All Repo/store_object_repo/h5_Success  Your default store' located by 'By.xpath: //h5[@id = 'exactmsg' and (text() = 'Success:  Your default store option changed' or . = 'Success:  Your default store option changed')]' not found
[[ATTACHMENT|C:\\Users\\Snekalatha R\\git\\qa-automation-katolon-1\\Reports\\Retailer_test_suite\\20181024_151223\\1540374445125.png]]

2018-10-24 15:17:25 - [MESSAGE][FAILED] - Unable to verify object 'Object Repository/retailer admin All Repo/store_object_repo/h5_Success  Your default store' is visible (Root cause: Web element with id: 'Object Repository/retailer admin All Repo/store_object_repo/h5_Success  Your default store' located by 'By.xpath: //h5[@id = 'exactmsg' and (text() = 'Success:  Your default store option changed' or . = 'Success:  Your default store option changed')]' not found)
[[ATTACHMENT|C:\\Users\\Snekalatha R\\git\\qa-automation-katolon-1\\Reports\\Retailer_test_suite\\20181024_151223\\1540374445433.png]]]]></system-out>
         <system-err><![CDATA[2018-10-24 15:16:07 - [TEST_CASE][FAILED] - Test Cases/RetailerAdmin_Login_All_Functionality/Retailer_Store_managment/Retailer_store_creation_edit_delete: Test Cases/RetailerAdmin_Login_All_Functionality/Retailer_Store_managment/Retailer_store_creation_edit_delete FAILED because (of) (Stack trace: com.kms.katalon.core.exception.StepFailedException: Object 'Object Repository/retailer admin All Repo/store_object_repo/check_default_store' is not checked
	at com.kms.katalon.core.keyword.internal.KeywordMain.stepFailed(KeywordMain.groovy:32)
	at com.kms.katalon.core.webui.keyword.internal.WebUIKeywordMain.stepFailed(WebUIKeywordMain.groovy:65)
	at com.kms.katalon.core.webui.keyword.builtin.VerifyElementCheckedKeyword$_verifyElementChecked_closure1.doCall(VerifyElementCheckedKeyword.groovy:81)
	at com.kms.katalon.core.webui.keyword.builtin.VerifyElementCheckedKeyword$_verifyElementChecked_closure1.call(VerifyElementCheckedKeyword.groovy)
	at com.kms.katalon.core.webui.keyword.internal.WebUIKeywordMain.runKeyword(WebUIKeywordMain.groovy:21)
	at com.kms.katalon.core.webui.keyword.builtin.VerifyElementCheckedKeyword.verifyElementChecked(VerifyElementCheckedKeyword.groovy:92)
	at com.kms.katalon.core.webui.keyword.builtin.VerifyElementCheckedKeyword.execute(VerifyElementCheckedKeyword.groovy:68)
	at com.kms.katalon.core.keyword.internal.KeywordExecutor.executeKeywordForPlatform(KeywordExecutor.groovy:53)
	at com.kms.katalon.core.webui.keyword.WebUiBuiltInKeywords.verifyElementChecked(WebUiBuiltInKeywords.groovy:1352)
	at com.kms.katalon.core.webui.keyword.WebUiBuiltInKeywords$verifyElementChecked$14.call(Unknown Source)
	at org.codehaus.groovy.runtime.callsite.CallSiteArray.defaultCall(CallSiteArray.java:48)
	at org.codehaus.groovy.runtime.callsite.AbstractCallSite.call(AbstractCallSite.java:113)
	at org.codehaus.groovy.runtime.callsite.AbstractCallSite.call(AbstractCallSite.java:141)
	at Script1539707256021.run(Script1539707256021.groovy:46)
	at com.kms.katalon.core.main.ScriptEngine.run(ScriptEngine.java:183)
	at com.kms.katalon.core.main.ScriptEngine.runScriptAsRawText(ScriptEngine.java:108)
	at com.kms.katalon.core.main.TestCaseExecutor.runScript(TestCaseExecutor.java:294)
	at com.kms.katalon.core.main.TestCaseExecutor.doExecute(TestCaseExecutor.java:285)
	at com.kms.katalon.core.main.TestCaseExecutor.processExecutionPhase(TestCaseExecutor.java:264)
	at com.kms.katalon.core.main.TestCaseExecutor.accessMainPhase(TestCaseExecutor.java:256)
	at com.kms.katalon.core.main.TestCaseExecutor.execute(TestCaseExecutor.java:200)
	at com.kms.katalon.core.main.TestSuiteExecutor.accessTestCaseMainPhase(TestSuiteExecutor.java:129)
	at com.kms.katalon.core.main.TestSuiteExecutor.accessTestSuiteMainPhase(TestSuiteExecutor.java:112)
	at com.kms.katalon.core.main.TestSuiteExecutor.execute(TestSuiteExecutor.java:81)
	at com.kms.katalon.core.main.TestCaseMain.startTestSuite(TestCaseMain.java:142)
	at com.kms.katalon.core.main.TestCaseMain$startTestSuite$0.call(Unknown Source)
	at org.codehaus.groovy.runtime.callsite.CallSiteArray.defaultCall(CallSiteArray.java:48)
	at org.codehaus.groovy.runtime.callsite.AbstractCallSite.call(AbstractCallSite.java:113)
	at org.codehaus.groovy.runtime.callsite.AbstractCallSite.call(AbstractCallSite.java:141)
	at TempTestSuite1540374143533.run(TempTestSuite1540374143533.groovy:36)
	at groovy.lang.GroovyShell.runScriptOrMainOrTestOrRunnable(GroovyShell.java:263)
	at groovy.lang.GroovyShell.run(GroovyShell.java:518)
	at groovy.lang.GroovyShell.run(GroovyShell.java:507)
	at groovy.ui.GroovyMain.processOnce(GroovyMain.java:653)
	at groovy.ui.GroovyMain.run(GroovyMain.java:384)
	at groovy.ui.GroovyMain.process(GroovyMain.java:370)
	at groovy.ui.GroovyMain.processArgs(GroovyMain.java:129)
	at groovy.ui.GroovyMain.main(GroovyMain.java:109)
	at sun.reflect.NativeMethodAccessorImpl.invoke0(Native Method)
	at sun.reflect.NativeMethodAccessorImpl.invoke(NativeMethodAccessorImpl.java:62)
	at sun.reflect.DelegatingMethodAccessorImpl.invoke(DelegatingMethodAccessorImpl.java:43)
	at java.lang.reflect.Method.invoke(Method.java:498)
	at org.codehaus.groovy.tools.GroovyStarter.rootLoader(GroovyStarter.java:109)
	at org.codehaus.groovy.tools.GroovyStarter.main(GroovyStarter.java:131)
)]]></system-err>
      </testcase>
      <testcase name="Test Cases/RetailerAdmin_Login_All_Functionality/order_placement_order_details/Retailer Markup" classname="Test Cases/RetailerAdmin_Login_All_Functionality/order_placement_order_details/Retailer Markup" status="PASSED">
         <system-out><![CDATA[2018-10-24 15:17:25 - [TEST_CASE][PASSED] - Test Cases/RetailerAdmin_Login_All_Functionality/order_placement_order_details/Retailer Markup: Test Cases/RetailerAdmin_Login_All_Functionality/order_placement_order_details/Retailer Markup

2018-10-24 15:17:25 - [TEST_STEP][NOT_RUN] - callTestCase: NOT_RUN: callTestCase

2018-10-24 15:17:25 - [MESSAGE][NOT_RUN] - NOT_RUN: callTestCase

2018-10-24 15:17:25 - [TEST_STEP][PASSED] - waitForPageLoad: Wait for page load successfully

2018-10-24 15:17:25 - [MESSAGE][PASSED] - Wait for page load successfully

2018-10-24 15:17:25 - [TEST_STEP][PASSED] - verifyElementVisible: Object 'Object Repository/retailer admin All Repo/inventory retailer markup repo/Inventory_tab' is visible

2018-10-24 15:17:25 - [MESSAGE][PASSED] - Object 'Object Repository/retailer admin All Repo/inventory retailer markup repo/Inventory_tab' is visible

2018-10-24 15:17:25 - [TEST_STEP][PASSED] - click: Object: 'Object Repository/retailer admin All Repo/inventory retailer markup repo/Inventory_tab' is clicked on

2018-10-24 15:17:26 - [MESSAGE][PASSED] - Object: 'Object Repository/retailer admin All Repo/inventory retailer markup repo/Inventory_tab' is clicked on

2018-10-24 15:17:26 - [TEST_STEP][PASSED] - verifyElementVisible: Object 'Object Repository/retailer admin All Repo/inventory retailer markup repo/choose options' is visible

2018-10-24 15:17:27 - [MESSAGE][PASSED] - Object 'Object Repository/retailer admin All Repo/inventory retailer markup repo/choose options' is visible

2018-10-24 15:17:27 - [TEST_STEP][PASSED] - click: Object: 'Object Repository/retailer admin All Repo/inventory retailer markup repo/choose options' is clicked on

2018-10-24 15:17:27 - [MESSAGE][PASSED] - Object: 'Object Repository/retailer admin All Repo/inventory retailer markup repo/choose options' is clicked on

2018-10-24 15:17:27 - [TEST_STEP][NOT_RUN] - verifyElementVisible: NOT_RUN: verifyElementVisible

2018-10-24 15:17:27 - [MESSAGE][NOT_RUN] - NOT_RUN: verifyElementVisible

2018-10-24 15:17:27 - [TEST_STEP][NOT_RUN] - click: NOT_RUN: click

2018-10-24 15:17:27 - [MESSAGE][NOT_RUN] - NOT_RUN: click

2018-10-24 15:17:27 - [TEST_STEP][NOT_RUN] - verifyElementVisible: NOT_RUN: verifyElementVisible

2018-10-24 15:17:27 - [MESSAGE][NOT_RUN] - NOT_RUN: verifyElementVisible

2018-10-24 15:17:27 - [TEST_STEP][NOT_RUN] - click: NOT_RUN: click

2018-10-24 15:17:27 - [MESSAGE][NOT_RUN] - NOT_RUN: click

2018-10-24 15:17:27 - [TEST_STEP][PASSED] - waitForPageLoad: Wait for page load successfully

2018-10-24 15:17:27 - [MESSAGE][PASSED] - Wait for page load successfully

2018-10-24 15:17:27 - [TEST_STEP][PASSED] - setText: Text 'RUGER-UCSR7GCZ' is set on object 'Object Repository/retailer admin All Repo/inventory retailer markup repo/searchProduct markup'

2018-10-24 15:17:28 - [MESSAGE][PASSED] - Text 'RUGER-UCSR7GCZ' is set on object 'Object Repository/retailer admin All Repo/inventory retailer markup repo/searchProduct markup'

2018-10-24 15:17:28 - [TEST_STEP][PASSED] - verifyElementVisible: Object 'Object Repository/retailer admin All Repo/inventory retailer markup repo/search markup icon' is visible

2018-10-24 15:17:28 - [MESSAGE][PASSED] - Object 'Object Repository/retailer admin All Repo/inventory retailer markup repo/search markup icon' is visible

2018-10-24 15:17:28 - [TEST_STEP][PASSED] - click: Object: 'Object Repository/retailer admin All Repo/inventory retailer markup repo/search markup icon' is clicked on

2018-10-24 15:17:28 - [MESSAGE][PASSED] - Object: 'Object Repository/retailer admin All Repo/inventory retailer markup repo/search markup icon' is clicked on

2018-10-24 15:17:28 - [TEST_STEP][PASSED] - verifyElementVisible: Object 'Object Repository/retailer admin All Repo/inventory retailer markup repo/product listed' is visible

2018-10-24 15:17:32 - [MESSAGE][PASSED] - Object 'Object Repository/retailer admin All Repo/inventory retailer markup repo/product listed' is visible

2018-10-24 15:17:32 - [TEST_STEP][PASSED] - verifyElementVisible: Object 'Object Repository/retailer admin All Repo/inventory retailer markup repo/add_markupvalue_input' is visible

2018-10-24 15:17:32 - [MESSAGE][PASSED] - Object 'Object Repository/retailer admin All Repo/inventory retailer markup repo/add_markupvalue_input' is visible

2018-10-24 15:17:32 - [TEST_STEP][PASSED] - setText: Text '12.8' is set on object 'Object Repository/retailer admin All Repo/inventory retailer markup repo/add_markupvalue_input'

2018-10-24 15:17:32 - [MESSAGE][PASSED] - Text '12.8' is set on object 'Object Repository/retailer admin All Repo/inventory retailer markup repo/add_markupvalue_input'

2018-10-24 15:17:32 - [TEST_STEP][PASSED] - verifyElementVisible: Object 'Object Repository/retailer admin All Repo/inventory retailer markup repo/add_markup button' is visible

2018-10-24 15:17:32 - [MESSAGE][PASSED] - Object 'Object Repository/retailer admin All Repo/inventory retailer markup repo/add_markup button' is visible

2018-10-24 15:17:32 - [TEST_STEP][PASSED] - click: Object: 'Object Repository/retailer admin All Repo/inventory retailer markup repo/add_markup button' is clicked on

2018-10-24 15:17:32 - [MESSAGE][PASSED] - Object: 'Object Repository/retailer admin All Repo/inventory retailer markup repo/add_markup button' is clicked on

2018-10-24 15:17:32 - [TEST_STEP][PASSED] - verifyElementText: Actual text and expected text of test object 'Object Repository/retailer admin All Repo/retailer_order_placement/order_placement_verifymarkup/Page_AppCohesion/h5_Success  Markup updated suc' are matched.

2018-10-24 15:17:34 - [MESSAGE][PASSED] - Actual text and expected text of test object 'Object Repository/retailer admin All Repo/retailer_order_placement/order_placement_verifymarkup/Page_AppCohesion/h5_Success  Markup updated suc' are matched.

2018-10-24 15:17:34 - [TEST_STEP][PASSED] - verifyElementVisible: Object 'Object Repository/retailer admin All Repo/inventory retailer markup repo/common search product' is visible

2018-10-24 15:17:34 - [MESSAGE][PASSED] - Object 'Object Repository/retailer admin All Repo/inventory retailer markup repo/common search product' is visible

2018-10-24 15:17:34 - [TEST_STEP][PASSED] - setText: Text 'RUGER-UCSR7GCZ' is set on object 'Object Repository/retailer admin All Repo/inventory retailer markup repo/common search product'

2018-10-24 15:17:34 - [MESSAGE][PASSED] - Text 'RUGER-UCSR7GCZ' is set on object 'Object Repository/retailer admin All Repo/inventory retailer markup repo/common search product'

2018-10-24 15:17:34 - [TEST_STEP][PASSED] - verifyElementVisible: Object 'Object Repository/retailer admin All Repo/Search Products Details/Page_AppCohesion/button_Settings_searchbutton' is visible

2018-10-24 15:17:34 - [MESSAGE][PASSED] - Object 'Object Repository/retailer admin All Repo/Search Products Details/Page_AppCohesion/button_Settings_searchbutton' is visible

2018-10-24 15:17:34 - [TEST_STEP][PASSED] - click: Object: 'Object Repository/retailer admin All Repo/Search Products Details/Page_AppCohesion/button_Settings_searchbutton' is clicked on

2018-10-24 15:17:34 - [MESSAGE][PASSED] - Object: 'Object Repository/retailer admin All Repo/Search Products Details/Page_AppCohesion/button_Settings_searchbutton' is clicked on

2018-10-24 15:17:34 - [TEST_STEP][PASSED] - verifyElementVisible: Object 'Object Repository/retailer admin All Repo/Search Products Details/Page_AppCohesion/td_Ruger LC LCP' is visible

2018-10-24 15:17:36 - [MESSAGE][PASSED] - Object 'Object Repository/retailer admin All Repo/Search Products Details/Page_AppCohesion/td_Ruger LC LCP' is visible

2018-10-24 15:17:36 - [TEST_STEP][PASSED] - click: Object: 'Object Repository/retailer admin All Repo/Search Products Details/Page_AppCohesion/td_Ruger LC LCP' is clicked on

2018-10-24 15:17:36 - [MESSAGE][PASSED] - Object: 'Object Repository/retailer admin All Repo/Search Products Details/Page_AppCohesion/td_Ruger LC LCP' is clicked on

2018-10-24 15:17:36 - [TEST_STEP][PASSED] - verifyElementVisible: Object 'Object Repository/retailer admin All Repo/Search Products Details/Page_AppCohesion/h2_Ruger LC LCP' is visible

2018-10-24 15:17:39 - [MESSAGE][PASSED] - Object 'Object Repository/retailer admin All Repo/Search Products Details/Page_AppCohesion/h2_Ruger LC LCP' is visible

2018-10-24 15:17:39 - [TEST_STEP][PASSED] - verifyElementText: Actual text and expected text of test object 'Object Repository/retailer admin All Repo/Search Products Details/Page_AppCohesion/h2_Ruger LC LCP' are matched.

2018-10-24 15:17:39 - [MESSAGE][PASSED] - Actual text and expected text of test object 'Object Repository/retailer admin All Repo/Search Products Details/Page_AppCohesion/h2_Ruger LC LCP' are matched.

2018-10-24 15:17:39 - [TEST_STEP][PASSED] - verifyElementVisible: Object 'Object Repository/retailer admin All Repo/inventory retailer markup repo/Page_AppCohesion/Page_AppCohesion/span_Base Price180.00' is visible

2018-10-24 15:17:39 - [MESSAGE][PASSED] - Object 'Object Repository/retailer admin All Repo/inventory retailer markup repo/Page_AppCohesion/Page_AppCohesion/span_Base Price180.00' is visible

2018-10-24 15:17:39 - [TEST_STEP][PASSED] - verifyElementText: Actual text and expected text of test object 'Object Repository/retailer admin All Repo/inventory retailer markup repo/Page_AppCohesion/Page_AppCohesion/strong_180.00' are matched.

2018-10-24 15:17:39 - [MESSAGE][PASSED] - Actual text and expected text of test object 'Object Repository/retailer admin All Repo/inventory retailer markup repo/Page_AppCohesion/Page_AppCohesion/strong_180.00' are matched.

2018-10-24 15:17:39 - [TEST_STEP][PASSED] - verifyElementVisible: Object 'Object Repository/retailer admin All Repo/inventory retailer markup repo/Page_AppCohesion/Page_AppCohesion/strong_12.80' is visible

2018-10-24 15:17:39 - [MESSAGE][PASSED] - Object 'Object Repository/retailer admin All Repo/inventory retailer markup repo/Page_AppCohesion/Page_AppCohesion/strong_12.80' is visible

2018-10-24 15:17:39 - [TEST_STEP][PASSED] - verifyElementText: Actual text and expected text of test object 'Object Repository/retailer admin All Repo/inventory retailer markup repo/Page_AppCohesion/Page_AppCohesion/strong_12.80' are matched.

2018-10-24 15:17:39 - [MESSAGE][PASSED] - Actual text and expected text of test object 'Object Repository/retailer admin All Repo/inventory retailer markup repo/Page_AppCohesion/Page_AppCohesion/strong_12.80' are matched.

2018-10-24 15:17:39 - [TEST_STEP][PASSED] - verifyElementVisible: Object 'Object Repository/retailer admin All Repo/inventory retailer markup repo/Page_AppCohesion/Page_AppCohesion/span_Amount Payable203.04' is visible

2018-10-24 15:17:39 - [MESSAGE][PASSED] - Object 'Object Repository/retailer admin All Repo/inventory retailer markup repo/Page_AppCohesion/Page_AppCohesion/span_Amount Payable203.04' is visible

2018-10-24 15:17:39 - [TEST_STEP][PASSED] - verifyElementVisible: Object 'Object Repository/retailer admin All Repo/inventory retailer markup repo/Page_AppCohesion/Page_AppCohesion/strong_203.04' is visible

2018-10-24 15:17:39 - [MESSAGE][PASSED] - Object 'Object Repository/retailer admin All Repo/inventory retailer markup repo/Page_AppCohesion/Page_AppCohesion/strong_203.04' is visible

2018-10-24 15:17:39 - [TEST_STEP][PASSED] - verifyElementText: Actual text and expected text of test object 'Object Repository/retailer admin All Repo/inventory retailer markup repo/Page_AppCohesion/Page_AppCohesion/strong_203.04' are matched.

2018-10-24 15:17:39 - [MESSAGE][PASSED] - Actual text and expected text of test object 'Object Repository/retailer admin All Repo/inventory retailer markup repo/Page_AppCohesion/Page_AppCohesion/strong_203.04' are matched.

2018-10-24 15:17:39 - [TEST_STEP][PASSED] - click: Object: 'Object Repository/retailer admin All Repo/inventory retailer markup repo/Page_AppCohesion/Page_AppCohesion/h4_Only 25 left in stock' is clicked on

2018-10-24 15:17:39 - [MESSAGE][PASSED] - Object: 'Object Repository/retailer admin All Repo/inventory retailer markup repo/Page_AppCohesion/Page_AppCohesion/h4_Only 25 left in stock' is clicked on

2018-10-24 15:17:39 - [TEST_STEP][PASSED] - verifyElementVisible: Object 'Object Repository/retailer admin All Repo/inventory retailer markup repo/Page_AppCohesion/Page_AppCohesion/span_25' is visible

2018-10-24 15:17:39 - [MESSAGE][PASSED] - Object 'Object Repository/retailer admin All Repo/inventory retailer markup repo/Page_AppCohesion/Page_AppCohesion/span_25' is visible

2018-10-24 15:17:39 - [TEST_STEP][PASSED] - verifyElementText: Actual text and expected text of test object 'Object Repository/retailer admin All Repo/inventory retailer markup repo/Page_AppCohesion/Page_AppCohesion/span_25' are matched.

2018-10-24 15:17:39 - [MESSAGE][PASSED] - Actual text and expected text of test object 'Object Repository/retailer admin All Repo/inventory retailer markup repo/Page_AppCohesion/Page_AppCohesion/span_25' are matched.

2018-10-24 15:17:39 - [TEST_STEP][PASSED] - verifyElementVisible: Object 'Object Repository/retailer admin All Repo/inventory retailer markup repo/Page_AppCohesion/a_Back to Search' is visible

2018-10-24 15:17:39 - [MESSAGE][PASSED] - Object 'Object Repository/retailer admin All Repo/inventory retailer markup repo/Page_AppCohesion/a_Back to Search' is visible

2018-10-24 15:17:39 - [TEST_STEP][PASSED] - click: Object: 'Object Repository/retailer admin All Repo/inventory retailer markup repo/Page_AppCohesion/a_Back to Search' is clicked on

2018-10-24 15:17:39 - [MESSAGE][PASSED] - Object: 'Object Repository/retailer admin All Repo/inventory retailer markup repo/Page_AppCohesion/a_Back to Search' is clicked on

2018-10-24 15:17:39 - [TEST_STEP][PASSED] - waitForElementVisible: Object 'Object Repository/retailer admin All Repo/inventory retailer markup repo/Page_AppCohesion/a_Dashboard              Dashb' is visible

2018-10-24 15:17:39 - [MESSAGE][PASSED] - Object 'Object Repository/retailer admin All Repo/inventory retailer markup repo/Page_AppCohesion/a_Dashboard              Dashb' is visible

2018-10-24 15:17:39 - [TEST_STEP][PASSED] - click: Object: 'Object Repository/retailer admin All Repo/inventory retailer markup repo/Page_AppCohesion/a_Dashboard              Dashb' is clicked on

2018-10-24 15:17:39 - [MESSAGE][PASSED] - Object: 'Object Repository/retailer admin All Repo/inventory retailer markup repo/Page_AppCohesion/a_Dashboard              Dashb' is clicked on]]></system-out>
         <system-err><![CDATA[]]></system-err>
      </testcase>
      <testcase name="Test Cases/RetailerAdmin_Login_All_Functionality/Retailer_Employee_management/employee_Creation_edit_delete" classname="Test Cases/RetailerAdmin_Login_All_Functionality/Retailer_Employee_management/employee_Creation_edit_delete" status="FAILED">
         <failure type="FAILED" message="(Stack trace: com.kms.katalon.core.exception.StepFailedException: com.kms.katalon.core.webui.exception.WebElementNotFoundException: Web element with id: 'Object Repository/employee_obj_repo/Page_AppCohesion/h5_snekalatha.r340iinerds.com' located by 'By.xpath: //h5[(text() = 'snekalatha.r340@iinerds.com' or . = 'snekalatha.r340@iinerds.com')]' not found
	at com.kms.katalon.core.keyword.internal.KeywordMain.stepFailed(KeywordMain.groovy:32)
	at com.kms.katalon.core.webui.keyword.internal.WebUIKeywordMain.stepFailed(WebUIKeywordMain.groovy:65)
	at com.kms.katalon.core.webui.keyword.builtin.VerifyElementTextKeyword$_verifyElementText_closure1.doCall(VerifyElementTextKeyword.groovy:64)
	at com.kms.katalon.core.webui.keyword.builtin.VerifyElementTextKeyword$_verifyElementText_closure1.call(VerifyElementTextKeyword.groovy)
	at com.kms.katalon.core.webui.keyword.internal.WebUIKeywordMain.runKeyword(WebUIKeywordMain.groovy:21)
	at com.kms.katalon.core.webui.keyword.builtin.VerifyElementTextKeyword.verifyElementText(VerifyElementTextKeyword.groovy:72)
	at com.kms.katalon.core.webui.keyword.builtin.VerifyElementTextKeyword.execute(VerifyElementTextKeyword.groovy:40)
	at com.kms.katalon.core.keyword.internal.KeywordExecutor.executeKeywordForPlatform(KeywordExecutor.groovy:53)
	at com.kms.katalon.core.webui.keyword.WebUiBuiltInKeywords.verifyElementText(WebUiBuiltInKeywords.groovy:3647)
	at com.kms.katalon.core.webui.keyword.WebUiBuiltInKeywords$verifyElementText$16.call(Unknown Source)
	at org.codehaus.groovy.runtime.callsite.CallSiteArray.defaultCall(CallSiteArray.java:48)
	at org.codehaus.groovy.runtime.callsite.AbstractCallSite.call(AbstractCallSite.java:113)
	at org.codehaus.groovy.runtime.callsite.AbstractCallSite.call(AbstractCallSite.java:141)
	at Script1539777017878.run(Script1539777017878.groovy:71)
	at com.kms.katalon.core.main.ScriptEngine.run(ScriptEngine.java:183)
	at com.kms.katalon.core.main.ScriptEngine.runScriptAsRawText(ScriptEngine.java:108)
	at com.kms.katalon.core.main.TestCaseExecutor.runScript(TestCaseExecutor.java:294)
	at com.kms.katalon.core.main.TestCaseExecutor.doExecute(TestCaseExecutor.java:285)
	at com.kms.katalon.core.main.TestCaseExecutor.processExecutionPhase(TestCaseExecutor.java:264)
	at com.kms.katalon.core.main.TestCaseExecutor.accessMainPhase(TestCaseExecutor.java:256)
	at com.kms.katalon.core.main.TestCaseExecutor.execute(TestCaseExecutor.java:200)
	at com.kms.katalon.core.main.TestSuiteExecutor.accessTestCaseMainPhase(TestSuiteExecutor.java:129)
	at com.kms.katalon.core.main.TestSuiteExecutor.accessTestSuiteMainPhase(TestSuiteExecutor.java:112)
	at com.kms.katalon.core.main.TestSuiteExecutor.execute(TestSuiteExecutor.java:81)
	at com.kms.katalon.core.main.TestCaseMain.startTestSuite(TestCaseMain.java:142)
	at com.kms.katalon.core.main.TestCaseMain$startTestSuite$0.call(Unknown Source)
	at org.codehaus.groovy.runtime.callsite.CallSiteArray.defaultCall(CallSiteArray.java:48)
	at org.codehaus.groovy.runtime.callsite.AbstractCallSite.call(AbstractCallSite.java:113)
	at org.codehaus.groovy.runtime.callsite.AbstractCallSite.call(AbstractCallSite.java:141)
	at TempTestSuite1540374143533.run(TempTestSuite1540374143533.groovy:36)
	at groovy.lang.GroovyShell.runScriptOrMainOrTestOrRunnable(GroovyShell.java:263)
	at groovy.lang.GroovyShell.run(GroovyShell.java:518)
	at groovy.lang.GroovyShell.run(GroovyShell.java:507)
	at groovy.ui.GroovyMain.processOnce(GroovyMain.java:653)
	at groovy.ui.GroovyMain.run(GroovyMain.java:384)
	at groovy.ui.GroovyMain.process(GroovyMain.java:370)
	at groovy.ui.GroovyMain.processArgs(GroovyMain.java:129)
	at groovy.ui.GroovyMain.main(GroovyMain.java:109)
	at sun.reflect.NativeMethodAccessorImpl.invoke0(Native Method)
	at sun.reflect.NativeMethodAccessorImpl.invoke(NativeMethodAccessorImpl.java:62)
	at sun.reflect.DelegatingMethodAccessorImpl.invoke(DelegatingMethodAccessorImpl.java:43)
	at java.lang.reflect.Method.invoke(Method.java:498)
	at org.codehaus.groovy.tools.GroovyStarter.rootLoader(GroovyStarter.java:109)
	at org.codehaus.groovy.tools.GroovyStarter.main(GroovyStarter.java:131)
)"/>
         <system-out><![CDATA[2018-10-24 15:17:39 - [TEST_CASE][FAILED] - Test Cases/RetailerAdmin_Login_All_Functionality/Retailer_Employee_management/employee_Creation_edit_delete: Test Cases/RetailerAdmin_Login_All_Functionality/Retailer_Employee_management/employee_Creation_edit_delete FAILED because (of) (Stack trace: com.kms.katalon.core.exception.StepFailedException: com.kms.katalon.core.webui.exception.WebElementNotFoundException: Web element with id: 'Object Repository/employee_obj_repo/Page_AppCohesion/h5_snekalatha.r340iinerds.com' located by 'By.xpath: //h5[(text() = 'snekalatha.r340@iinerds.com' or . = 'snekalatha.r340@iinerds.com')]' not found
	at com.kms.katalon.core.keyword.internal.KeywordMain.stepFailed(KeywordMain.groovy:32)
	at com.kms.katalon.core.webui.keyword.internal.WebUIKeywordMain.stepFailed(WebUIKeywordMain.groovy:65)
	at com.kms.katalon.core.webui.keyword.builtin.VerifyElementTextKeyword$_verifyElementText_closure1.doCall(VerifyElementTextKeyword.groovy:64)
	at com.kms.katalon.core.webui.keyword.builtin.VerifyElementTextKeyword$_verifyElementText_closure1.call(VerifyElementTextKeyword.groovy)
	at com.kms.katalon.core.webui.keyword.internal.WebUIKeywordMain.runKeyword(WebUIKeywordMain.groovy:21)
	at com.kms.katalon.core.webui.keyword.builtin.VerifyElementTextKeyword.verifyElementText(VerifyElementTextKeyword.groovy:72)
	at com.kms.katalon.core.webui.keyword.builtin.VerifyElementTextKeyword.execute(VerifyElementTextKeyword.groovy:40)
	at com.kms.katalon.core.keyword.internal.KeywordExecutor.executeKeywordForPlatform(KeywordExecutor.groovy:53)
	at com.kms.katalon.core.webui.keyword.WebUiBuiltInKeywords.verifyElementText(WebUiBuiltInKeywords.groovy:3647)
	at com.kms.katalon.core.webui.keyword.WebUiBuiltInKeywords$verifyElementText$16.call(Unknown Source)
	at org.codehaus.groovy.runtime.callsite.CallSiteArray.defaultCall(CallSiteArray.java:48)
	at org.codehaus.groovy.runtime.callsite.AbstractCallSite.call(AbstractCallSite.java:113)
	at org.codehaus.groovy.runtime.callsite.AbstractCallSite.call(AbstractCallSite.java:141)
	at Script1539777017878.run(Script1539777017878.groovy:71)
	at com.kms.katalon.core.main.ScriptEngine.run(ScriptEngine.java:183)
	at com.kms.katalon.core.main.ScriptEngine.runScriptAsRawText(ScriptEngine.java:108)
	at com.kms.katalon.core.main.TestCaseExecutor.runScript(TestCaseExecutor.java:294)
	at com.kms.katalon.core.main.TestCaseExecutor.doExecute(TestCaseExecutor.java:285)
	at com.kms.katalon.core.main.TestCaseExecutor.processExecutionPhase(TestCaseExecutor.java:264)
	at com.kms.katalon.core.main.TestCaseExecutor.accessMainPhase(TestCaseExecutor.java:256)
	at com.kms.katalon.core.main.TestCaseExecutor.execute(TestCaseExecutor.java:200)
	at com.kms.katalon.core.main.TestSuiteExecutor.accessTestCaseMainPhase(TestSuiteExecutor.java:129)
	at com.kms.katalon.core.main.TestSuiteExecutor.accessTestSuiteMainPhase(TestSuiteExecutor.java:112)
	at com.kms.katalon.core.main.TestSuiteExecutor.execute(TestSuiteExecutor.java:81)
	at com.kms.katalon.core.main.TestCaseMain.startTestSuite(TestCaseMain.java:142)
	at com.kms.katalon.core.main.TestCaseMain$startTestSuite$0.call(Unknown Source)
	at org.codehaus.groovy.runtime.callsite.CallSiteArray.defaultCall(CallSiteArray.java:48)
	at org.codehaus.groovy.runtime.callsite.AbstractCallSite.call(AbstractCallSite.java:113)
	at org.codehaus.groovy.runtime.callsite.AbstractCallSite.call(AbstractCallSite.java:141)
	at TempTestSuite1540374143533.run(TempTestSuite1540374143533.groovy:36)
	at groovy.lang.GroovyShell.runScriptOrMainOrTestOrRunnable(GroovyShell.java:263)
	at groovy.lang.GroovyShell.run(GroovyShell.java:518)
	at groovy.lang.GroovyShell.run(GroovyShell.java:507)
	at groovy.ui.GroovyMain.processOnce(GroovyMain.java:653)
	at groovy.ui.GroovyMain.run(GroovyMain.java:384)
	at groovy.ui.GroovyMain.process(GroovyMain.java:370)
	at groovy.ui.GroovyMain.processArgs(GroovyMain.java:129)
	at groovy.ui.GroovyMain.main(GroovyMain.java:109)
	at sun.reflect.NativeMethodAccessorImpl.invoke0(Native Method)
	at sun.reflect.NativeMethodAccessorImpl.invoke(NativeMethodAccessorImpl.java:62)
	at sun.reflect.DelegatingMethodAccessorImpl.invoke(DelegatingMethodAccessorImpl.java:43)
	at java.lang.reflect.Method.invoke(Method.java:498)
	at org.codehaus.groovy.tools.GroovyStarter.rootLoader(GroovyStarter.java:109)
	at org.codehaus.groovy.tools.GroovyStarter.main(GroovyStarter.java:131)
)

2018-10-24 15:17:39 - [TEST_STEP][NOT_RUN] - callTestCase: NOT_RUN: callTestCase

2018-10-24 15:17:39 - [MESSAGE][NOT_RUN] - NOT_RUN: callTestCase

2018-10-24 15:17:39 - [TEST_STEP][PASSED] - verifyElementVisible: Object 'Object Repository/employee_obj_repo/emp_tab' is visible

2018-10-24 15:17:39 - [MESSAGE][PASSED] - Object 'Object Repository/employee_obj_repo/emp_tab' is visible

2018-10-24 15:17:39 - [TEST_STEP][PASSED] - click: Object: 'Object Repository/employee_obj_repo/emp_tab' is clicked on

2018-10-24 15:17:39 - [MESSAGE][PASSED] - Object: 'Object Repository/employee_obj_repo/emp_tab' is clicked on

2018-10-24 15:17:39 - [TEST_STEP][PASSED] - verifyElementVisible: Object 'Object Repository/employee_obj_repo/emp_new_button' is visible

2018-10-24 15:17:40 - [MESSAGE][PASSED] - Object 'Object Repository/employee_obj_repo/emp_new_button' is visible

2018-10-24 15:17:40 - [TEST_STEP][PASSED] - click: Object: 'Object Repository/employee_obj_repo/emp_new_button' is clicked on

2018-10-24 15:17:40 - [MESSAGE][PASSED] - Object: 'Object Repository/employee_obj_repo/emp_new_button' is clicked on

2018-10-24 15:17:40 - [TEST_STEP][PASSED] - verifyElementVisible: Object 'Object Repository/employee_obj_repo/Page_AppCohesion/label_Retailer Admin' is visible

2018-10-24 15:17:41 - [MESSAGE][PASSED] - Object 'Object Repository/employee_obj_repo/Page_AppCohesion/label_Retailer Admin' is visible

2018-10-24 15:17:41 - [TEST_STEP][PASSED] - verifyElementText: Actual text and expected text of test object 'Object Repository/employee_obj_repo/Page_AppCohesion/label_Retailer Admin' are matched.

2018-10-24 15:17:41 - [MESSAGE][PASSED] - Actual text and expected text of test object 'Object Repository/employee_obj_repo/Page_AppCohesion/label_Retailer Admin' are matched.

2018-10-24 15:17:41 - [TEST_STEP][PASSED] - click: Object: 'Object Repository/employee_obj_repo/Page_AppCohesion/label_Retailer Admin' is clicked on

2018-10-24 15:17:41 - [MESSAGE][PASSED] - Object: 'Object Repository/employee_obj_repo/Page_AppCohesion/label_Retailer Admin' is clicked on

2018-10-24 15:17:41 - [TEST_STEP][PASSED] - setText: Text 'NewRetailerKatalon' is set on object 'Object Repository/employee_obj_repo/Emp_firstname'

2018-10-24 15:17:41 - [MESSAGE][PASSED] - Text 'NewRetailerKatalon' is set on object 'Object Repository/employee_obj_repo/Emp_firstname'

2018-10-24 15:17:41 - [TEST_STEP][PASSED] - setText: Text 'NewRetailerKatalon' is set on object 'Object Repository/employee_obj_repo/emp_lastname'

2018-10-24 15:17:41 - [MESSAGE][PASSED] - Text 'NewRetailerKatalon' is set on object 'Object Repository/employee_obj_repo/emp_lastname'

2018-10-24 15:17:41 - [TEST_STEP][PASSED] - Statement - rn_uname = <not implemented yet for class: org.codehaus.groovy.ast.expr.EmptyExpression>: null

2018-10-24 15:17:41 - [TEST_STEP][PASSED] - Statement - rn_uname = java.lang.Math.random() * 500: null

2018-10-24 15:17:41 - [TEST_STEP][PASSED] - setText: Text 'NewRetailerKatalon263' is set on object 'Object Repository/employee_obj_repo/emp_username'

2018-10-24 15:17:41 - [MESSAGE][PASSED] - Text 'NewRetailerKatalon263' is set on object 'Object Repository/employee_obj_repo/emp_username'

2018-10-24 15:17:41 - [TEST_STEP][PASSED] - Statement - rn_email = <not implemented yet for class: org.codehaus.groovy.ast.expr.EmptyExpression>: null

2018-10-24 15:17:41 - [TEST_STEP][PASSED] - Statement - rn_email = java.lang.Math.random() * 500: null

2018-10-24 15:17:41 - [TEST_STEP][PASSED] - setText: Text 'snekalatha.r260@iinerds.com' is set on object 'Object Repository/employee_obj_repo/emp_email'

2018-10-24 15:17:41 - [MESSAGE][PASSED] - Text 'snekalatha.r260@iinerds.com' is set on object 'Object Repository/employee_obj_repo/emp_email'

2018-10-24 15:17:41 - [TEST_STEP][PASSED] - comment: Valid email

2018-10-24 15:17:41 - [TEST_STEP][PASSED] - setText: Text '9894591635' is set on object 'Object Repository/employee_obj_repo/emp_phonenumber'

2018-10-24 15:17:41 - [MESSAGE][PASSED] - Text '9894591635' is set on object 'Object Repository/employee_obj_repo/emp_phonenumber'

2018-10-24 15:17:41 - [TEST_STEP][PASSED] - click: Object: 'Object Repository/employee_obj_repo/add_emp_button' is clicked on

2018-10-24 15:17:41 - [MESSAGE][PASSED] - Object: 'Object Repository/employee_obj_repo/add_emp_button' is clicked on

2018-10-24 15:17:41 - [TEST_STEP][PASSED] - verifyElementVisible: Object 'Object Repository/retailer admin All Repo/employee_obj_repo/pop up emp object/h5_Success  Congratulations Yo' is visible

2018-10-24 15:17:53 - [MESSAGE][PASSED] - Object 'Object Repository/retailer admin All Repo/employee_obj_repo/pop up emp object/h5_Success  Congratulations Yo' is visible

2018-10-24 15:17:53 - [TEST_STEP][PASSED] - verifyElementText: Actual text and expected text of test object 'Object Repository/retailer admin All Repo/employee_obj_repo/pop up emp object/h5_Success  Congratulations Yo' are matched.

2018-10-24 15:17:53 - [MESSAGE][PASSED] - Actual text and expected text of test object 'Object Repository/retailer admin All Repo/employee_obj_repo/pop up emp object/h5_Success  Congratulations Yo' are matched.

2018-10-24 15:17:53 - [TEST_STEP][PASSED] - waitForPageLoad: Wait for page load successfully

2018-10-24 15:17:53 - [MESSAGE][PASSED] - Wait for page load successfully

2018-10-24 15:17:53 - [TEST_STEP][PASSED] - click: Object: 'Object Repository/employee_obj_repo/retailer_employeeview/Page_AppCohesion/collapsible-header_Retailer Ad' is clicked on

2018-10-24 15:17:54 - [MESSAGE][PASSED] - Object: 'Object Repository/employee_obj_repo/retailer_employeeview/Page_AppCohesion/collapsible-header_Retailer Ad' is clicked on

2018-10-24 15:17:54 - [TEST_STEP][PASSED] - verifyElementVisible: Object 'Object Repository/employee_obj_repo/retailer_first_list' is visible

2018-10-24 15:17:54 - [MESSAGE][PASSED] - Object 'Object Repository/employee_obj_repo/retailer_first_list' is visible

2018-10-24 15:17:54 - [TEST_STEP][PASSED] - verifyElementText: Actual text and expected text of test object 'Object Repository/employee_obj_repo/Page_AppCohesion/h4_NewRetailerKatalonNewRetail' are matched.

2018-10-24 15:17:54 - [MESSAGE][PASSED] - Actual text and expected text of test object 'Object Repository/employee_obj_repo/Page_AppCohesion/h4_NewRetailerKatalonNewRetail' are matched.

2018-10-24 15:17:54 - [TEST_STEP][PASSED] - verifyElementText: Actual text and expected text of test object 'Object Repository/retailer admin All Repo/employee_obj_repo/Page_AppCohesion/h5_RetailerAdmin' are matched.

2018-10-24 15:17:54 - [MESSAGE][PASSED] - Actual text and expected text of test object 'Object Repository/retailer admin All Repo/employee_obj_repo/Page_AppCohesion/h5_RetailerAdmin' are matched.

2018-10-24 15:17:54 - [TEST_STEP][FAILED] - verifyElementText: com.kms.katalon.core.webui.exception.WebElementNotFoundException: Web element with id: 'Object Repository/employee_obj_repo/Page_AppCohesion/h5_snekalatha.r340iinerds.com' located by 'By.xpath: //h5[(text() = 'snekalatha.r340@iinerds.com' or . = 'snekalatha.r340@iinerds.com')]' not found

2018-10-24 15:18:26 - [MESSAGE][FAILED] - com.kms.katalon.core.webui.exception.WebElementNotFoundException: Web element with id: 'Object Repository/employee_obj_repo/Page_AppCohesion/h5_snekalatha.r340iinerds.com' located by 'By.xpath: //h5[(text() = 'snekalatha.r340@iinerds.com' or . = 'snekalatha.r340@iinerds.com')]' not found
[[ATTACHMENT|C:\\Users\\Snekalatha R\\git\\qa-automation-katolon-1\\Reports\\Retailer_test_suite\\20181024_151223\\1540374506129.png]]

2018-10-24 15:18:26 - [TEST_STEP][PASSED] - verifyElementText: Actual text and expected text of test object 'Object Repository/employee_obj_repo/Page_AppCohesion/h5_9894591635' are matched.

2018-10-24 15:18:26 - [MESSAGE][PASSED] - Actual text and expected text of test object 'Object Repository/employee_obj_repo/Page_AppCohesion/h5_9894591635' are matched.

2018-10-24 15:18:26 - [TEST_STEP][PASSED] - waitForElementVisible: Object 'Object Repository/employee_obj_repo/retailer_first_list' is visible

2018-10-24 15:18:26 - [MESSAGE][PASSED] - Object 'Object Repository/employee_obj_repo/retailer_first_list' is visible

2018-10-24 15:18:26 - [TEST_STEP][PASSED] - click: Object: 'Object Repository/employee_obj_repo/retailer_first_list' is clicked on

2018-10-24 15:18:26 - [MESSAGE][PASSED] - Object: 'Object Repository/employee_obj_repo/retailer_first_list' is clicked on

2018-10-24 15:18:26 - [TEST_STEP][FAILED] - verifyElementVisible: Object 'Object Repository/employee_obj_repo/emp_edit_button' is NOT visible

2018-10-24 15:18:26 - [MESSAGE][FAILED] - Object 'Object Repository/employee_obj_repo/emp_edit_button' is NOT visible
[[ATTACHMENT|C:\\Users\\Snekalatha R\\git\\qa-automation-katolon-1\\Reports\\Retailer_test_suite\\20181024_151223\\1540374506626.png]]

2018-10-24 15:18:26 - [TEST_STEP][PASSED] - click: Object: 'Object Repository/employee_obj_repo/emp_edit_button' is clicked on

2018-10-24 15:18:27 - [MESSAGE][PASSED] - Object: 'Object Repository/employee_obj_repo/emp_edit_button' is clicked on

2018-10-24 15:18:27 - [TEST_STEP][PASSED] - verifyElementVisible: Object 'Object Repository/employee_obj_repo/Page_AppCohesion/label_Store Admin' is visible

2018-10-24 15:18:27 - [MESSAGE][PASSED] - Object 'Object Repository/employee_obj_repo/Page_AppCohesion/label_Store Admin' is visible

2018-10-24 15:18:27 - [TEST_STEP][PASSED] - verifyElementText: Actual text and expected text of test object 'Object Repository/retailer admin All Repo/employee_obj_repo/Page_AppCohesion/label_Store Admin' are matched.

2018-10-24 15:18:27 - [MESSAGE][PASSED] - Actual text and expected text of test object 'Object Repository/retailer admin All Repo/employee_obj_repo/Page_AppCohesion/label_Store Admin' are matched.

2018-10-24 15:18:27 - [TEST_STEP][PASSED] - click: Object: 'Object Repository/employee_obj_repo/Page_AppCohesion/label_Store Admin' is clicked on

2018-10-24 15:18:27 - [MESSAGE][PASSED] - Object: 'Object Repository/employee_obj_repo/Page_AppCohesion/label_Store Admin' is clicked on

2018-10-24 15:18:27 - [TEST_STEP][PASSED] - setText: Text 'EditRetailerKatalon' is set on object 'Object Repository/employee_obj_repo/Emp_firstname'

2018-10-24 15:18:27 - [MESSAGE][PASSED] - Text 'EditRetailerKatalon' is set on object 'Object Repository/employee_obj_repo/Emp_firstname'

2018-10-24 15:18:27 - [TEST_STEP][PASSED] - setText: Text 'EditRetailerKatalon' is set on object 'Object Repository/employee_obj_repo/emp_lastname'

2018-10-24 15:18:27 - [MESSAGE][PASSED] - Text 'EditRetailerKatalon' is set on object 'Object Repository/employee_obj_repo/emp_lastname'

2018-10-24 15:18:27 - [TEST_STEP][PASSED] - setText: Text '9443225554' is set on object 'Object Repository/employee_obj_repo/emp_phonenumber'

2018-10-24 15:18:27 - [MESSAGE][PASSED] - Text '9443225554' is set on object 'Object Repository/employee_obj_repo/emp_phonenumber'

2018-10-24 15:18:27 - [TEST_STEP][NOT_RUN] - verifyElementVisible: NOT_RUN: verifyElementVisible

2018-10-24 15:18:27 - [MESSAGE][NOT_RUN] - NOT_RUN: verifyElementVisible

2018-10-24 15:18:27 - [TEST_STEP][NOT_RUN] - selectOptionByIndex: NOT_RUN: selectOptionByIndex

2018-10-24 15:18:27 - [MESSAGE][NOT_RUN] - NOT_RUN: selectOptionByIndex

2018-10-24 15:18:27 - [TEST_STEP][PASSED] - dragAndDropToObject: Dragged object with id 'Object Repository/retailer admin All Repo/employee_obj_repo/Page_AppCohesion/select_Store Automation (24143' to object with id 'TestObject - 'Object Repository/retailer admin All Repo/employee_obj_repo/Page_AppCohesion/select_Store Automation (24143'' successfully

2018-10-24 15:18:28 - [MESSAGE][PASSED] - Dragged object with id 'Object Repository/retailer admin All Repo/employee_obj_repo/Page_AppCohesion/select_Store Automation (24143' to object with id 'TestObject - 'Object Repository/retailer admin All Repo/employee_obj_repo/Page_AppCohesion/select_Store Automation (24143'' successfully

2018-10-24 15:18:28 - [TEST_STEP][PASSED] - waitForElementVisible: Object 'Object Repository/retailer admin All Repo/employee_obj_repo/Page_AppCohesion/select_Store Automation (24143' is visible

2018-10-24 15:18:28 - [MESSAGE][PASSED] - Object 'Object Repository/retailer admin All Repo/employee_obj_repo/Page_AppCohesion/select_Store Automation (24143' is visible

2018-10-24 15:18:28 - [TEST_STEP][FAILED] - selectOptionByIndex: Unable to select option by index '0' of object 'Object Repository/retailer admin All Repo/employee_obj_repo/Page_AppCohesion/select_Store Automation (24143' (Root cause: org.openqa.selenium.NoSuchElementException: Cannot locate option with index: 0
For documentation on this error, please visit: http://seleniumhq.org/exceptions/no_such_element.html
Build info: version: '3.7.1', revision: '8a0099a', time: '2017-11-06T21:07:36.161Z'
System info: host: 'IIA-DES-021', ip: '192.168.1.86', os.name: 'Windows 8.1', os.arch: 'amd64', os.version: '6.3', java.version: '1.8.0_181'
Driver info: driver.version: unknown)

2018-10-24 15:18:28 - [MESSAGE][FAILED] - Unable to select option by index '0' of object 'Object Repository/retailer admin All Repo/employee_obj_repo/Page_AppCohesion/select_Store Automation (24143' (Root cause: org.openqa.selenium.NoSuchElementException: Cannot locate option with index: 0
For documentation on this error, please visit: http://seleniumhq.org/exceptions/no_such_element.html
Build info: version: '3.7.1', revision: '8a0099a', time: '2017-11-06T21:07:36.161Z'
System info: host: 'IIA-DES-021', ip: '192.168.1.86', os.name: 'Windows 8.1', os.arch: 'amd64', os.version: '6.3', java.version: '1.8.0_181'
Driver info: driver.version: unknown)
[[ATTACHMENT|C:\\Users\\Snekalatha R\\git\\qa-automation-katolon-1\\Reports\\Retailer_test_suite\\20181024_151223\\1540374508371.png]]]]></system-out>
         <system-err><![CDATA[2018-10-24 15:17:39 - [TEST_CASE][FAILED] - Test Cases/RetailerAdmin_Login_All_Functionality/Retailer_Employee_management/employee_Creation_edit_delete: Test Cases/RetailerAdmin_Login_All_Functionality/Retailer_Employee_management/employee_Creation_edit_delete FAILED because (of) (Stack trace: com.kms.katalon.core.exception.StepFailedException: com.kms.katalon.core.webui.exception.WebElementNotFoundException: Web element with id: 'Object Repository/employee_obj_repo/Page_AppCohesion/h5_snekalatha.r340iinerds.com' located by 'By.xpath: //h5[(text() = 'snekalatha.r340@iinerds.com' or . = 'snekalatha.r340@iinerds.com')]' not found
	at com.kms.katalon.core.keyword.internal.KeywordMain.stepFailed(KeywordMain.groovy:32)
	at com.kms.katalon.core.webui.keyword.internal.WebUIKeywordMain.stepFailed(WebUIKeywordMain.groovy:65)
	at com.kms.katalon.core.webui.keyword.builtin.VerifyElementTextKeyword$_verifyElementText_closure1.doCall(VerifyElementTextKeyword.groovy:64)
	at com.kms.katalon.core.webui.keyword.builtin.VerifyElementTextKeyword$_verifyElementText_closure1.call(VerifyElementTextKeyword.groovy)
	at com.kms.katalon.core.webui.keyword.internal.WebUIKeywordMain.runKeyword(WebUIKeywordMain.groovy:21)
	at com.kms.katalon.core.webui.keyword.builtin.VerifyElementTextKeyword.verifyElementText(VerifyElementTextKeyword.groovy:72)
	at com.kms.katalon.core.webui.keyword.builtin.VerifyElementTextKeyword.execute(VerifyElementTextKeyword.groovy:40)
	at com.kms.katalon.core.keyword.internal.KeywordExecutor.executeKeywordForPlatform(KeywordExecutor.groovy:53)
	at com.kms.katalon.core.webui.keyword.WebUiBuiltInKeywords.verifyElementText(WebUiBuiltInKeywords.groovy:3647)
	at com.kms.katalon.core.webui.keyword.WebUiBuiltInKeywords$verifyElementText$16.call(Unknown Source)
	at org.codehaus.groovy.runtime.callsite.CallSiteArray.defaultCall(CallSiteArray.java:48)
	at org.codehaus.groovy.runtime.callsite.AbstractCallSite.call(AbstractCallSite.java:113)
	at org.codehaus.groovy.runtime.callsite.AbstractCallSite.call(AbstractCallSite.java:141)
	at Script1539777017878.run(Script1539777017878.groovy:71)
	at com.kms.katalon.core.main.ScriptEngine.run(ScriptEngine.java:183)
	at com.kms.katalon.core.main.ScriptEngine.runScriptAsRawText(ScriptEngine.java:108)
	at com.kms.katalon.core.main.TestCaseExecutor.runScript(TestCaseExecutor.java:294)
	at com.kms.katalon.core.main.TestCaseExecutor.doExecute(TestCaseExecutor.java:285)
	at com.kms.katalon.core.main.TestCaseExecutor.processExecutionPhase(TestCaseExecutor.java:264)
	at com.kms.katalon.core.main.TestCaseExecutor.accessMainPhase(TestCaseExecutor.java:256)
	at com.kms.katalon.core.main.TestCaseExecutor.execute(TestCaseExecutor.java:200)
	at com.kms.katalon.core.main.TestSuiteExecutor.accessTestCaseMainPhase(TestSuiteExecutor.java:129)
	at com.kms.katalon.core.main.TestSuiteExecutor.accessTestSuiteMainPhase(TestSuiteExecutor.java:112)
	at com.kms.katalon.core.main.TestSuiteExecutor.execute(TestSuiteExecutor.java:81)
	at com.kms.katalon.core.main.TestCaseMain.startTestSuite(TestCaseMain.java:142)
	at com.kms.katalon.core.main.TestCaseMain$startTestSuite$0.call(Unknown Source)
	at org.codehaus.groovy.runtime.callsite.CallSiteArray.defaultCall(CallSiteArray.java:48)
	at org.codehaus.groovy.runtime.callsite.AbstractCallSite.call(AbstractCallSite.java:113)
	at org.codehaus.groovy.runtime.callsite.AbstractCallSite.call(AbstractCallSite.java:141)
	at TempTestSuite1540374143533.run(TempTestSuite1540374143533.groovy:36)
	at groovy.lang.GroovyShell.runScriptOrMainOrTestOrRunnable(GroovyShell.java:263)
	at groovy.lang.GroovyShell.run(GroovyShell.java:518)
	at groovy.lang.GroovyShell.run(GroovyShell.java:507)
	at groovy.ui.GroovyMain.processOnce(GroovyMain.java:653)
	at groovy.ui.GroovyMain.run(GroovyMain.java:384)
	at groovy.ui.GroovyMain.process(GroovyMain.java:370)
	at groovy.ui.GroovyMain.processArgs(GroovyMain.java:129)
	at groovy.ui.GroovyMain.main(GroovyMain.java:109)
	at sun.reflect.NativeMethodAccessorImpl.invoke0(Native Method)
	at sun.reflect.NativeMethodAccessorImpl.invoke(NativeMethodAccessorImpl.java:62)
	at sun.reflect.DelegatingMethodAccessorImpl.invoke(DelegatingMethodAccessorImpl.java:43)
	at java.lang.reflect.Method.invoke(Method.java:498)
	at org.codehaus.groovy.tools.GroovyStarter.rootLoader(GroovyStarter.java:109)
	at org.codehaus.groovy.tools.GroovyStarter.main(GroovyStarter.java:131)
)]]></system-err>
      </testcase>
      <system-out><![CDATA[2018-10-24 15:12:24 - [TEST_SUITE][FAILED] - Retailer_test_suite: Test Cases/RetailerAdmin_Login_All_Functionality/order_placement_order_details/retaileradmin_order_placement FAILED because (of) (Stack trace: com.kms.katalon.core.exception.StepFailedException: Unable to select option by index '1' of object 'Object Repository/retailer admin All Repo/retailer_order_placement/key_press_orderList/Page_AppCohesion/select store' (Root cause: java.lang.IllegalArgumentException: Index '1' is invalid (valid indexes are: [0..0]))
	at com.kms.katalon.core.keyword.internal.KeywordMain.stepFailed(KeywordMain.groovy:36)
	at com.kms.katalon.core.webui.keyword.internal.WebUIKeywordMain.stepFailed(WebUIKeywordMain.groovy:65)
	at com.kms.katalon.core.webui.keyword.internal.WebUIKeywordMain.runKeyword(WebUIKeywordMain.groovy:27)
	at com.kms.katalon.core.webui.keyword.builtin.SelectOptionByIndexKeyword.selectOptionByIndex(SelectOptionByIndexKeyword.groovy:93)
	at com.kms.katalon.core.webui.keyword.builtin.SelectOptionByIndexKeyword.execute(SelectOptionByIndexKeyword.groovy:68)
	at com.kms.katalon.core.keyword.internal.KeywordExecutor.executeKeywordForPlatform(KeywordExecutor.groovy:53)
	at com.kms.katalon.core.webui.keyword.WebUiBuiltInKeywords.selectOptionByIndex(WebUiBuiltInKeywords.groovy:1084)
	at com.kms.katalon.core.webui.keyword.WebUiBuiltInKeywords$selectOptionByIndex$10.call(Unknown Source)
	at org.codehaus.groovy.runtime.callsite.CallSiteArray.defaultCall(CallSiteArray.java:48)
	at org.codehaus.groovy.runtime.callsite.AbstractCallSite.call(AbstractCallSite.java:113)
	at org.codehaus.groovy.runtime.callsite.AbstractCallSite.call(AbstractCallSite.java:141)
	at Script1539598411543.run(Script1539598411543.groovy:127)
	at com.kms.katalon.core.main.ScriptEngine.run(ScriptEngine.java:183)
	at com.kms.katalon.core.main.ScriptEngine.runScriptAsRawText(ScriptEngine.java:108)
	at com.kms.katalon.core.main.TestCaseExecutor.runScript(TestCaseExecutor.java:294)
	at com.kms.katalon.core.main.TestCaseExecutor.doExecute(TestCaseExecutor.java:285)
	at com.kms.katalon.core.main.TestCaseExecutor.processExecutionPhase(TestCaseExecutor.java:264)
	at com.kms.katalon.core.main.TestCaseExecutor.accessMainPhase(TestCaseExecutor.java:256)
	at com.kms.katalon.core.main.TestCaseExecutor.execute(TestCaseExecutor.java:200)
	at com.kms.katalon.core.main.TestSuiteExecutor.accessTestCaseMainPhase(TestSuiteExecutor.java:129)
	at com.kms.katalon.core.main.TestSuiteExecutor.accessTestSuiteMainPhase(TestSuiteExecutor.java:112)
	at com.kms.katalon.core.main.TestSuiteExecutor.execute(TestSuiteExecutor.java:81)
	at com.kms.katalon.core.main.TestCaseMain.startTestSuite(TestCaseMain.java:142)
	at com.kms.katalon.core.main.TestCaseMain$startTestSuite$0.call(Unknown Source)
	at org.codehaus.groovy.runtime.callsite.CallSiteArray.defaultCall(CallSiteArray.java:48)
	at org.codehaus.groovy.runtime.callsite.AbstractCallSite.call(AbstractCallSite.java:113)
	at org.codehaus.groovy.runtime.callsite.AbstractCallSite.call(AbstractCallSite.java:141)
	at TempTestSuite1540374143533.run(TempTestSuite1540374143533.groovy:36)
	at groovy.lang.GroovyShell.runScriptOrMainOrTestOrRunnable(GroovyShell.java:263)
	at groovy.lang.GroovyShell.run(GroovyShell.java:518)
	at groovy.lang.GroovyShell.run(GroovyShell.java:507)
	at groovy.ui.GroovyMain.processOnce(GroovyMain.java:653)
	at groovy.ui.GroovyMain.run(GroovyMain.java:384)
	at groovy.ui.GroovyMain.process(GroovyMain.java:370)
	at groovy.ui.GroovyMain.processArgs(GroovyMain.java:129)
	at groovy.ui.GroovyMain.main(GroovyMain.java:109)
	at sun.reflect.NativeMethodAccessorImpl.invoke0(Native Method)
	at sun.reflect.NativeMethodAccessorImpl.invoke(NativeMethodAccessorImpl.java:62)
	at sun.reflect.DelegatingMethodAccessorImpl.invoke(DelegatingMethodAccessorImpl.java:43)
	at java.lang.reflect.Method.invoke(Method.java:498)
	at org.codehaus.groovy.tools.GroovyStarter.rootLoader(GroovyStarter.java:109)
	at org.codehaus.groovy.tools.GroovyStarter.main(GroovyStarter.java:131)
)]]></system-out>
      <system-err><![CDATA[2018-10-24 15:12:24 - [TEST_SUITE][FAILED] - Retailer_test_suite: Test Cases/RetailerAdmin_Login_All_Functionality/order_placement_order_details/retaileradmin_order_placement FAILED because (of) (Stack trace: com.kms.katalon.core.exception.StepFailedException: Unable to select option by index '1' of object 'Object Repository/retailer admin All Repo/retailer_order_placement/key_press_orderList/Page_AppCohesion/select store' (Root cause: java.lang.IllegalArgumentException: Index '1' is invalid (valid indexes are: [0..0]))
	at com.kms.katalon.core.keyword.internal.KeywordMain.stepFailed(KeywordMain.groovy:36)
	at com.kms.katalon.core.webui.keyword.internal.WebUIKeywordMain.stepFailed(WebUIKeywordMain.groovy:65)
	at com.kms.katalon.core.webui.keyword.internal.WebUIKeywordMain.runKeyword(WebUIKeywordMain.groovy:27)
	at com.kms.katalon.core.webui.keyword.builtin.SelectOptionByIndexKeyword.selectOptionByIndex(SelectOptionByIndexKeyword.groovy:93)
	at com.kms.katalon.core.webui.keyword.builtin.SelectOptionByIndexKeyword.execute(SelectOptionByIndexKeyword.groovy:68)
	at com.kms.katalon.core.keyword.internal.KeywordExecutor.executeKeywordForPlatform(KeywordExecutor.groovy:53)
	at com.kms.katalon.core.webui.keyword.WebUiBuiltInKeywords.selectOptionByIndex(WebUiBuiltInKeywords.groovy:1084)
	at com.kms.katalon.core.webui.keyword.WebUiBuiltInKeywords$selectOptionByIndex$10.call(Unknown Source)
	at org.codehaus.groovy.runtime.callsite.CallSiteArray.defaultCall(CallSiteArray.java:48)
	at org.codehaus.groovy.runtime.callsite.AbstractCallSite.call(AbstractCallSite.java:113)
	at org.codehaus.groovy.runtime.callsite.AbstractCallSite.call(AbstractCallSite.java:141)
	at Script1539598411543.run(Script1539598411543.groovy:127)
	at com.kms.katalon.core.main.ScriptEngine.run(ScriptEngine.java:183)
	at com.kms.katalon.core.main.ScriptEngine.runScriptAsRawText(ScriptEngine.java:108)
	at com.kms.katalon.core.main.TestCaseExecutor.runScript(TestCaseExecutor.java:294)
	at com.kms.katalon.core.main.TestCaseExecutor.doExecute(TestCaseExecutor.java:285)
	at com.kms.katalon.core.main.TestCaseExecutor.processExecutionPhase(TestCaseExecutor.java:264)
	at com.kms.katalon.core.main.TestCaseExecutor.accessMainPhase(TestCaseExecutor.java:256)
	at com.kms.katalon.core.main.TestCaseExecutor.execute(TestCaseExecutor.java:200)
	at com.kms.katalon.core.main.TestSuiteExecutor.accessTestCaseMainPhase(TestSuiteExecutor.java:129)
	at com.kms.katalon.core.main.TestSuiteExecutor.accessTestSuiteMainPhase(TestSuiteExecutor.java:112)
	at com.kms.katalon.core.main.TestSuiteExecutor.execute(TestSuiteExecutor.java:81)
	at com.kms.katalon.core.main.TestCaseMain.startTestSuite(TestCaseMain.java:142)
	at com.kms.katalon.core.main.TestCaseMain$startTestSuite$0.call(Unknown Source)
	at org.codehaus.groovy.runtime.callsite.CallSiteArray.defaultCall(CallSiteArray.java:48)
	at org.codehaus.groovy.runtime.callsite.AbstractCallSite.call(AbstractCallSite.java:113)
	at org.codehaus.groovy.runtime.callsite.AbstractCallSite.call(AbstractCallSite.java:141)
	at TempTestSuite1540374143533.run(TempTestSuite1540374143533.groovy:36)
	at groovy.lang.GroovyShell.runScriptOrMainOrTestOrRunnable(GroovyShell.java:263)
	at groovy.lang.GroovyShell.run(GroovyShell.java:518)
	at groovy.lang.GroovyShell.run(GroovyShell.java:507)
	at groovy.ui.GroovyMain.processOnce(GroovyMain.java:653)
	at groovy.ui.GroovyMain.run(GroovyMain.java:384)
	at groovy.ui.GroovyMain.process(GroovyMain.java:370)
	at groovy.ui.GroovyMain.processArgs(GroovyMain.java:129)
	at groovy.ui.GroovyMain.main(GroovyMain.java:109)
	at sun.reflect.NativeMethodAccessorImpl.invoke0(Native Method)
	at sun.reflect.NativeMethodAccessorImpl.invoke(NativeMethodAccessorImpl.java:62)
	at sun.reflect.DelegatingMethodAccessorImpl.invoke(DelegatingMethodAccessorImpl.java:43)
	at java.lang.reflect.Method.invoke(Method.java:498)
	at org.codehaus.groovy.tools.GroovyStarter.rootLoader(GroovyStarter.java:109)
	at org.codehaus.groovy.tools.GroovyStarter.main(GroovyStarter.java:131)
)]]></system-err>
   </testsuite>
</testsuites>
